# lattice-scale --inv-acoustic-scale=17 "ark:gunzip -c exp/tri1/decode/lat.*.gz|" ark:- | lattice-add-penalty --word-ins-penalty=0.0 ark:- ark:- | lattice-best-path --word-symbol-table=exp/tri1/graph/words.txt ark:- ark,t:exp/tri1/decode/scoring/17.0.0.tra 
# Started at Sun Jul  4 03:14:58 CEST 2021
#
lattice-best-path --word-symbol-table=exp/tri1/graph/words.txt ark:- ark,t:exp/tri1/decode/scoring/17.0.0.tra 
lattice-scale --inv-acoustic-scale=17 'ark:gunzip -c exp/tri1/decode/lat.*.gz|' ark:- 
lattice-add-penalty --word-ins-penalty=0.0 ark:- ark:- 
LOG (lattice-best-path[5.5.931~1-0c51c]:main():lattice-best-path.cc:99) For utterance a_1_0_00_3_10, best cost 41.1964 + 1705.92 = 1747.11 over 308 frames.
a_1_0_00_3_10 EVERYONE MALLEABLE 
LOG (lattice-best-path[5.5.931~1-0c51c]:main():lattice-best-path.cc:99) For utterance a_1_100_57_108_91, best cost 140.663 + 4365.16 = 4505.82 over 832 frames.
a_1_100_57_108_91 OR THE WHITE SEARCH YOU SHOULD CHANGE YOU ARE DIRECTORY TO DO TO ONE PROJECT DIRECTORY 
LOG (lattice-best-path[5.5.931~1-0c51c]:main():lattice-best-path.cc:99) For utterance a_1_11_88_15_85, best cost 78.9461 + 2209.58 = 2288.53 over 395 frames.
a_1_11_88_15_85 ALRIGHT SITE LEAST CLICK RECOMMENDATION 
LOG (lattice-best-path[5.5.931~1-0c51c]:main():lattice-best-path.cc:99) For utterance a_1_120_08_126_30, best cost 136.085 + 3482.08 = 3618.16 over 620 frames.
a_1_120_08_126_30 DON'T I ACTS ID THE SAME LIKE TYPED IT MY DIRECTORY SHOULD USE TO ALL 
LOG (lattice-best-path[5.5.931~1-0c51c]:main():lattice-best-path.cc:99) For utterance a_1_130_61_132_11, best cost 4.09592 + 664.581 = 668.677 over 148 frames.
a_1_130_61_132_11 
LOG (lattice-best-path[5.5.931~1-0c51c]:main():lattice-best-path.cc:99) For utterance a_1_132_12_134_00, best cost 50.3009 + 1075.74 = 1126.04 over 186 frames.
a_1_132_12_134_00 NOW WHEN TO NORMAL COUNTRY 
LOG (lattice-best-path[5.5.931~1-0c51c]:main():lattice-best-path.cc:99) For utterance a_1_142_25_147_84, best cost 98.5855 + 2964.72 = 3063.31 over 557 frames.
a_1_142_25_147_84 TO IS OPEN SOURCE AND IT'S COST IT OF GET UP 
LOG (lattice-best-path[5.5.931~1-0c51c]:main():lattice-best-path.cc:99) For utterance a_1_147_85_154_10, best cost 144.038 + 3442.37 = 3586.41 over 623 frames.
a_1_147_85_154_10 WE JUST TO TO RUN GET CRAWL TO TO TO COPY OF THE WHOLE PROCESSES CALLED 
LOG (lattice-best-path[5.5.931~1-0c51c]:main():lattice-best-path.cc:99) For utterance a_1_18_07_24_79, best cost 152.976 + 3788.59 = 3941.56 over 670 frames.
a_1_18_07_24_79 BUT IS A TO IT FOR SPEECH RECOGNITION IT IS AND AND FOR SPEECH CREATION RESEARCHERS AND PROFESSIONALS 
LOG (lattice-best-path[5.5.931~1-0c51c]:main():lattice-best-path.cc:99) For utterance a_1_224_41_227_54, best cost 37.7966 + 1697.3 = 1735.1 over 311 frames.
a_1_224_41_227_54 OKAY PEOPLE FINISHED 
LOG (lattice-best-path[5.5.931~1-0c51c]:main():lattice-best-path.cc:99) For utterance a_1_228_65_235_92, best cost 68.6837 + 3705.76 = 3774.45 over 725 frames.
a_1_228_65_235_92 NOW WE HAVE CUT DIRECTORY RECOVERY 
LOG (lattice-best-path[5.5.931~1-0c51c]:main():lattice-best-path.cc:99) For utterance a_1_237_94_245_41, best cost 103.549 + 3890.52 = 3994.07 over 745 frames.
a_1_237_94_245_41 YOU CAN SEE THE FILES THERE THE TOP LEVEL OF COUNTRY 
LOG (lattice-best-path[5.5.931~1-0c51c]:main():lattice-best-path.cc:99) For utterance a_1_246_63_250_17, best cost 57.6842 + 1889.74 = 1947.43 over 352 frames.
a_1_246_63_250_17 NO CAN GO TO INSTALLATION STEP 
LOG (lattice-best-path[5.5.931~1-0c51c]:main():lattice-best-path.cc:99) For utterance a_1_24_80_32_22, best cost 167.866 + 4313.1 = 4480.97 over 740 frames.
a_1_24_80_32_22 ROUGHLY TO GET ENTIRE CLEANERS RATHER RESEARCH HOW WHY VERY TO STILL READ OF TO IN THE INDUSTRY 
LOG (lattice-best-path[5.5.931~1-0c51c]:main():lattice-best-path.cc:99) For utterance a_1_251_67_255_43, best cost 66.4013 + 1968.21 = 2034.61 over 374 frames.
a_1_251_67_255_43 IT THAT DON'T LEVEL ARE OCCUR 
LOG (lattice-best-path[5.5.931~1-0c51c]:main():lattice-best-path.cc:99) For utterance a_1_255_79_259_74, best cost 79.916 + 2245.72 = 2325.64 over 393 frames.
a_1_255_79_259_74 APOLLO SECTION STARTED IN THE INSTALLED FILE 
LOG (lattice-best-path[5.5.931~1-0c51c]:main():lattice-best-path.cc:99) For utterance a_1_259_82_261_02, best cost 28.1489 + 649.065 = 677.214 over 118 frames.
a_1_259_82_261_02 THAT'S CHECKED 
LOG (lattice-best-path[5.5.931~1-0c51c]:main():lattice-best-path.cc:99) For utterance a_1_264_37_273_53, best cost 192.58 + 4989.56 = 5182.14 over 914 frames.
a_1_264_37_273_53 TELLS AND TO GO TO TO LOS PHONES OF STRUCTURE THERE'RE THE GO TO SEE SEE AND WAS ALL INSTRUCTIONS THEN 
LOG (lattice-best-path[5.5.931~1-0c51c]:main():lattice-best-path.cc:99) For utterance a_1_274_88_279_23, best cost 42.0943 + 2253 = 2295.09 over 433 frames.
a_1_274_88_279_23 LET'S CUT ALONE 
LOG (lattice-best-path[5.5.931~1-0c51c]:main():lattice-best-path.cc:99) For utterance a_1_279_96_290_47, best cost 184.435 + 5818.9 = 6003.33 over 1049 frames.
a_1_279_96_290_47 IT IS A DIRECTORY CONTAINS SCRIPTS TO INSTALL ADDITIONAL THIRD PARTICLES IT FOR COPY OR THE COUNTRIES IS 
LOG (lattice-best-path[5.5.931~1-0c51c]:main():lattice-best-path.cc:99) For utterance a_1_290_97_292_22, best cost 37.8937 + 735.68 = 773.574 over 123 frames.
a_1_290_97_292_22 PORTABLE THE LATER 
LOG (lattice-best-path[5.5.931~1-0c51c]:main():lattice-best-path.cc:99) For utterance a_1_306_34_313_46, best cost 142.463 + 3905.54 = 4048 over 710 frames.
a_1_306_34_313_46 SO FIRST THING THAT WHEN TO TO WE STORY SCRIPT TO CHECKED INDEPENDENCE IT'S 
LOG (lattice-best-path[5.5.931~1-0c51c]:main():lattice-best-path.cc:99) For utterance a_1_319_69_324_25, best cost 66.6941 + 2506.19 = 2572.88 over 454 frames.
a_1_319_69_324_25 IT DIFFICULT OF FOR THINGS WE CAN 
LOG (lattice-best-path[5.5.931~1-0c51c]:main():lattice-best-path.cc:99) For utterance a_1_32_28_39_15, best cost 189.537 + 3949.46 = 4139 over 685 frames.
a_1_32_28_39_15 IF HE WE JERRY CONTOUR YOU AND WOULD WORK ON SPEECH INITIAL THERE MOST ID DEAL DATA USE COUNTY 
LOG (lattice-best-path[5.5.931~1-0c51c]:main():lattice-best-path.cc:99) For utterance a_1_346_07_355_21, best cost 154.436 + 4793.7 = 4948.14 over 912 frames.
a_1_346_07_355_21 NOW WE CAN RUN MAKE IT WILL INSTALL NECESSARY TOOLS IT ONE OF CAN PRESSURE 
LOG (lattice-best-path[5.5.931~1-0c51c]:main():lattice-best-path.cc:99) For utterance a_1_355_22_362_53, best cost 140.531 + 3849.17 = 3989.71 over 729 frames.
a_1_355_22_362_53 IT I WAS WE HAVE I COMPILER CREATION BY DEFAULT IT'S CODE SEE CRASH 
LOG (lattice-best-path[5.5.931~1-0c51c]:main():lattice-best-path.cc:99) For utterance a_1_364_38_380_40, best cost 289.709 + 8375.24 = 8664.95 over 1600 frames.
a_1_364_38_380_40 AND IT WOULD BE PROPER TO JUST ABLE IT SPEAKER US IN CUDDY WE YOU WILL COMPILE I'LL TO FILES AND WILL QUICKLY AMOUNT OF SPLIT IS SPACE FOR CRASH 
LOG (lattice-best-path[5.5.931~1-0c51c]:main():lattice-best-path.cc:99) For utterance a_1_392_69_400_08, best cost 123.603 + 3892.99 = 4016.59 over 737 frames.
a_1_392_69_400_08 ONLY STABLE THERE COMBINE A CASH BY EXTORTING VARIABLE 
LOG (lattice-best-path[5.5.931~1-0c51c]:main():lattice-best-path.cc:99) For utterance a_1_3_11_6_08, best cost 87.9222 + 1747.71 = 1835.63 over 295 frames.
a_1_3_11_6_08 I'LL GET YOU FAMILY WHAT CAPITAL DID THIS MOBILE 
LOG (lattice-best-path[5.5.931~1-0c51c]:main():lattice-best-path.cc:99) For utterance a_1_400_97_403_16, best cost 67.1828 + 1215.85 = 1283.04 over 217 frames.
a_1_400_97_403_16 SICKER TO SAVE TO WE CALLS ONE 
LOG (lattice-best-path[5.5.931~1-0c51c]:main():lattice-best-path.cc:99) For utterance a_1_403_81_408_78, best cost 101.911 + 2620.89 = 2722.8 over 495 frames.
a_1_403_81_408_78 NOW WE CAN AND MADE TOP COMPILED THE A TO IT'S 
LOG (lattice-best-path[5.5.931~1-0c51c]:main():lattice-best-path.cc:99) For utterance a_1_409_66_419_30, best cost 173.109 + 5101.71 = 5274.82 over 962 frames.
a_1_409_66_419_30 AND WE WELL USE TRAIN OPTION WHICH TELLS MAKE TO RUN SEVERAL COMPRESSION ADULTS AND PILE 
LOG (lattice-best-path[5.5.931~1-0c51c]:main():lattice-best-path.cc:99) For utterance a_1_40_83_46_72, best cost 119.989 + 3181.3 = 3301.29 over 587 frames.
a_1_40_83_46_72 IN THE NEXT REALLY WAS I WILL OK THE ALL COME BEFORE COMES TUTORIAL 
LOG (lattice-best-path[5.5.931~1-0c51c]:main():lattice-best-path.cc:99) For utterance a_1_420_28_426_62, best cost 94.9758 + 3371.59 = 3466.57 over 632 frames.
a_1_420_28_426_62 IT IS YOU DID FOR FOSTER INSTALLATION AND FOSTER 
LOG (lattice-best-path[5.5.931~1-0c51c]:main():lattice-best-path.cc:99) For utterance a_1_426_89_440_27, best cost 207.002 + 6855.95 = 7062.95 over 1336 frames.
a_1_426_89_440_27 SINCE WEEK HAVE IT'S WE HAVE FORTY CITY YOU COURSE OF THE SERVER WE CAN RUN MAKE WITH FOR TO WHILE SHOPS 
LOG (lattice-best-path[5.5.931~1-0c51c]:main():lattice-best-path.cc:99) For utterance a_1_471_46_476_70, best cost 77.2895 + 2799.77 = 2877.06 over 522 frames.
a_1_471_46_476_70 ALL KING WE SEE EVERYTHING WENT WELL 
LOG (lattice-best-path[5.5.931~1-0c51c]:main():lattice-best-path.cc:99) For utterance a_1_477_89_480_55, best cost 33.9575 + 1444.4 = 1478.36 over 264 frames.
a_1_477_89_480_55 TO SUPPRESSION 
LOG (lattice-best-path[5.5.931~1-0c51c]:main():lattice-best-path.cc:99) For utterance a_1_480_56_483_47, best cost 45.8425 + 1587.9 = 1633.74 over 289 frames.
a_1_480_56_483_47 NOW LET'S CODE AN 
LOG (lattice-best-path[5.5.931~1-0c51c]:main():lattice-best-path.cc:99) For utterance a_1_483_48_485_74, best cost 61.5211 + 1301 = 1362.52 over 224 frames.
a_1_483_48_485_74 TO ASSISTANCE FOR SOURCE CODE 
LOG (lattice-best-path[5.5.931~1-0c51c]:main():lattice-best-path.cc:99) For utterance a_1_485_99_488_85, best cost 53.1064 + 1513.78 = 1566.89 over 284 frames.
a_1_485_99_488_85 IS THE ACTUAL PROTOCOL THE 
LOG (lattice-best-path[5.5.931~1-0c51c]:main():lattice-best-path.cc:99) For utterance a_1_491_86_495_38, best cost 51.9022 + 1920.77 = 1972.68 over 350 frames.
a_1_491_86_495_38 CITY INSTALLATION STARTED 
LOG (lattice-best-path[5.5.931~1-0c51c]:main():lattice-best-path.cc:99) For utterance a_1_497_01_504_46, best cost 83.9576 + 3827.99 = 3911.95 over 743 frames.
a_1_497_01_504_46 IT DURATION FRACTIONS OTHER FIGURE SCRIPT 
LOG (lattice-best-path[5.5.931~1-0c51c]:main():lattice-best-path.cc:99) For utterance a_1_50_04_61_06, best cost 176.592 + 5888.12 = 6064.71 over 1100 frames.
a_1_50_04_61_06 OFTEN IF INTRODUCTION TUTORIAL LISTS ENVIRONMENT RECORD IN IT'S FOR INSTALLATION USE ACHIEVE COUNTY 
LOG (lattice-best-path[5.5.931~1-0c51c]:main():lattice-best-path.cc:99) For utterance a_1_515_64_525_58, best cost 183.907 + 5294.83 = 5478.74 over 992 frames.
a_1_515_64_525_58 AND FEVER SEVERAL FOUND AROUND I TIME AS WE HAVE AFTER TO FIVE RECALL UNDER SWEEPING USE IT 
LOG (lattice-best-path[5.5.931~1-0c51c]:main():lattice-best-path.cc:99) For utterance a_1_540_66_545_01, best cost 65.2268 + 2249.48 = 2314.71 over 433 frames.
a_1_540_66_545_01 NOW WE SEE UPON WITH CONVERTS 
LOG (lattice-best-path[5.5.931~1-0c51c]:main():lattice-best-path.cc:99) For utterance a_1_545_02_553_17, best cost 161.024 + 4308.06 = 4469.09 over 813 frames.
a_1_545_02_553_17 WE ACTUALLY SHOULD IS TO WILL COLOR BECAUSE IT'S ON EMITTED RADIO NETWORKS SO FAR TO NEED 
LOG (lattice-best-path[5.5.931~1-0c51c]:main():lattice-best-path.cc:99) For utterance a_1_555_76_560_72, best cost 107.8 + 2716.01 = 2823.81 over 494 frames.
a_1_555_76_560_72 ARE TO TO IT WE OF CALL COPY SCRIPT WITH HELP OPTION 
LOG (lattice-best-path[5.5.931~1-0c51c]:main():lattice-best-path.cc:99) For utterance a_1_564_61_568_28, best cost 69.4291 + 1951.8 = 2021.23 over 365 frames.
a_1_564_61_568_28 WE WOULD WAS COLOR DEFAULTED GETS 
LOG (lattice-best-path[5.5.931~1-0c51c]:main():lattice-best-path.cc:99) For utterance a_1_568_46_572_69, best cost 67.4958 + 2217 = 2284.49 over 421 frames.
a_1_568_46_572_69 WILL CHANGE LEAST OPTION TO KNOW 
LOG (lattice-best-path[5.5.931~1-0c51c]:main():lattice-best-path.cc:99) For utterance a_1_587_19_597_74, best cost 155.178 + 5599.31 = 5754.48 over 1053 frames.
a_1_587_19_597_74 TO HAVE TO SUCCESSFULLY FIGURED NOW LOOKING COMPILE COME IT TO THIS TO MAKE COMMANDS 
LOG (lattice-best-path[5.5.931~1-0c51c]:main():lattice-best-path.cc:99) For utterance a_1_601_31_607_60, best cost 110.662 + 3435.55 = 3546.22 over 627 frames.
a_1_601_31_607_60 AND WE SPECIFY CAME FOR TO PURPLE SHOPS FOR THE CONDITION 
LOG (lattice-best-path[5.5.931~1-0c51c]:main():lattice-best-path.cc:99) For utterance a_1_62_14_72_77, best cost 197.239 + 5872.67 = 6069.91 over 1061 frames.
a_1_62_14_72_77 WILL USE I MASTER TO IN STOP USE CLOUDY THERE FOR WHICH RECORDING BOUGHT THE RECORD AND PROTECTION BE THERE 
LOG (lattice-best-path[5.5.931~1-0c51c]:main():lattice-best-path.cc:99) For utterance a_1_638_18_641_05, best cost 44.6541 + 1500.48 = 1545.13 over 285 frames.
a_1_638_18_641_05 ALL CASE IT'S AS ONE 
LOG (lattice-best-path[5.5.931~1-0c51c]:main():lattice-best-path.cc:99) For utterance a_1_641_06_643_95, best cost 65.8754 + 1590.48 = 1656.36 over 287 frames.
a_1_641_06_643_95 IT MEANS REALLY WENT WELL AGAIN 
LOG (lattice-best-path[5.5.931~1-0c51c]:main():lattice-best-path.cc:99) For utterance a_1_643_96_648_87, best cost 108.654 + 2695.16 = 2803.82 over 489 frames.
a_1_643_96_648_87 WE HAVE CAN THRUST FOR ABOUT LOADED AND COMPILED COUNTY 
LOG (lattice-best-path[5.5.931~1-0c51c]:main():lattice-best-path.cc:99) For utterance a_1_648_88_651_77, best cost 46.9931 + 1550.85 = 1597.84 over 287 frames.
a_1_648_88_651_77 WATER IT FOR YES 
LOG (lattice-best-path[5.5.931~1-0c51c]:main():lattice-best-path.cc:99) For utterance a_1_651_86_659_83, best cost 132.437 + 4230.55 = 4362.98 over 795 frames.
a_1_651_86_659_83 AND WE CAN GO TO TO TEXT PART OF CUTTING TUTORIAL HOW DIRECTORIES DIRECTORY 
LOG (lattice-best-path[5.5.931~1-0c51c]:main():lattice-best-path.cc:99) For utterance a_1_659_84_662_30, best cost 51.0011 + 1256.83 = 1307.83 over 244 frames.
a_1_659_84_662_30 SAYED THE NEXT VIDEO 
LOG (lattice-best-path[5.5.931~1-0c51c]:main():lattice-best-path.cc:99) For utterance a_1_6_98_11_87, best cost 139.774 + 2820.63 = 2960.4 over 487 frames.
a_1_6_98_11_87 READ GO TO THE FISH WHAT SIGHTED COUNTY HUNDRED THE SHE SUDDEN PARK 
LOG (lattice-best-path[5.5.931~1-0c51c]:main():lattice-best-path.cc:99) For utterance a_1_72_78_77_55, best cost 110.518 + 2734.84 = 2845.36 over 475 frames.
a_1_72_78_77_55 TO CONNECT OFFICER WE USE DEMOLITION AND IS STAGE COMMAND 
LOG (lattice-best-path[5.5.931~1-0c51c]:main():lattice-best-path.cc:99) For utterance a_1_80_11_86_02, best cost 82.5628 + 3124.23 = 3206.8 over 589 frames.
a_1_80_11_86_02 LEAST I PIECES I ACTUALLY WERE AGAIN 
LOG (lattice-best-path[5.5.931~1-0c51c]:main():lattice-best-path.cc:99) For utterance a_1_86_03_93_49, best cost 108.605 + 4042.61 = 4151.22 over 744 frames.
a_1_86_03_93_49 THEN THE NAME OF THIS EVERYTHING NEXT I MEN'S YOU MISSION 
LOG (lattice-best-path[5.5.931~1-0c51c]:main():lattice-best-path.cc:99) For utterance b_2_0_03_4_44, best cost 79.2784 + 2502.34 = 2581.62 over 439 frames.
b_2_0_03_4_44 IN THIS VIDEO WILL TO REALLY ABOUT TO DIRECTORIES 
LOG (lattice-best-path[5.5.931~1-0c51c]:main():lattice-best-path.cc:99) For utterance b_2_105_03_114_90, best cost 173.603 + 5269.44 = 5443.05 over 985 frames.
b_2_105_03_114_90 AND ANOTHER ONE IS MINI REALLY SPEECH WHICH CENTERS TELLS THE NINE EXAMPLE OF BUILDING AS THIS ENCOUNTER 
LOG (lattice-best-path[5.5.931~1-0c51c]:main():lattice-best-path.cc:99) For utterance b_2_115_20_127_49, best cost 190.821 + 6380.62 = 6571.44 over 1227 frames.
b_2_115_20_127_49 DONE WILL TALKED ABOUT MIRROR SPEECHES TO THE NEXT MODEL WE TO MEDICAL IN ALL STREET JOURNAL AS BE 
LOG (lattice-best-path[5.5.931~1-0c51c]:main():lattice-best-path.cc:99) For utterance b_2_129_48_136_95, best cost 124.335 + 4046.24 = 4170.57 over 745 frames.
b_2_129_48_136_95 SO IS YOU CAN SAY THE RECENT AS FIVE DIRECTORY EACH OF THE RECIPE 
LOG (lattice-best-path[5.5.931~1-0c51c]:main():lattice-best-path.cc:99) For utterance b_2_136_96_148_79, best cost 199.458 + 6170.45 = 6369.9 over 1181 frames.
b_2_136_96_148_79 TIME TO DOESN'T IN ANYTHING MOST LIKELY IF YOU LOOK FOR ANY OTHER RECIPE AND IT SO BE ALSO AND AS FIVE 
LOG (lattice-best-path[5.5.931~1-0c51c]:main():lattice-best-path.cc:99) For utterance b_2_151_10_159_65, best cost 99.5536 + 4241.6 = 4341.15 over 853 frames.
b_2_151_10_159_65 SUMMERS IS TO EXAMPLE DEAL HAVE SEVERAL DIRECTORIES 
LOG (lattice-best-path[5.5.931~1-0c51c]:main():lattice-best-path.cc:99) For utterance b_2_159_66_169_80, best cost 182.683 + 5209 = 5391.69 over 1012 frames.
b_2_159_66_169_80 TO CAN IT SEE THAT WEEK RESPOND TO DIFFERENT REAGENTS OF THE REST ONE DIFFERENT OPTIONS OF RECENTLY 
LOG (lattice-best-path[5.5.931~1-0c51c]:main():lattice-best-path.cc:99) For utterance b_2_171_54_176_67, best cost 79.3305 + 2707.76 = 2787.09 over 511 frames.
b_2_171_54_176_67 I THINK THAT IS ENOUGH INFORMATION ABOUT EXAMPLES 
LOG (lattice-best-path[5.5.931~1-0c51c]:main():lattice-best-path.cc:99) For utterance b_2_178_55_185_67, best cost 123.036 + 3669.71 = 3792.74 over 710 frames.
b_2_178_55_185_67 IT CAN GO TO THE SOURCE CALLED AND ACRE LOOK AND WE IT'S CONTENTS 
LOG (lattice-best-path[5.5.931~1-0c51c]:main():lattice-best-path.cc:99) For utterance b_2_185_96_200_94, best cost 224.92 + 7504.22 = 7729.13 over 1496 frames.
b_2_185_96_200_94 SO WE SEE ALREADY THE CAN SPEAKERS SCRIPT WHICH CAN FIGURES THE CLOUDY TO BE ARE ON WE CERTAIN SYSTEM ON ARTIST FOR EXAMPLE 
LOG (lattice-best-path[5.5.931~1-0c51c]:main():lattice-best-path.cc:99) For utterance b_2_200_95_218_31, best cost 212.768 + 8752.76 = 8965.53 over 1734 frames.
b_2_200_95_218_31 IT ALSO HIGHEST DOCUMENTATION DIRECTORY IT M AND MANY MORE DIRECTORIES WHICH CAN BE BE EVIL IT TO TO TO PUTS 
LOG (lattice-best-path[5.5.931~1-0c51c]:main():lattice-best-path.cc:99) For utterance b_2_218_32_234_63, best cost 240.291 + 8334.48 = 8574.77 over 1629 frames.
b_2_218_32_234_63 ONE OF THEM NEVER LIVELY DIRECTORIES TO EXAMPLE OTHER EACH MEN IS UNLIKELY WITH LIBRARIES FOR HIDDEN OF MODEL I'M CONSCIENCE 
LOG (lattice-best-path[5.5.931~1-0c51c]:main():lattice-best-path.cc:99) For utterance b_2_21_49_25_06, best cost 74.9888 + 1927.15 = 2002.14 over 355 frames.
b_2_21_49_25_06 SEE SEE WITH ACTUALLY LOCAL TO SOURCE CALLED 
LOG (lattice-best-path[5.5.931~1-0c51c]:main():lattice-best-path.cc:99) For utterance b_2_236_00_247_45, best cost 212.646 + 6182.74 = 6395.38 over 1143 frames.
b_2_236_00_247_45 END THE THESE OUT OF COMPRESSION IS THIS LINK OUT WHICH MENTAL TO SO FILE WHICH IS BY WE LIKELY FILE IN LINKS 
LOG (lattice-best-path[5.5.931~1-0c51c]:main():lattice-best-path.cc:99) For utterance b_2_247_46_264_98, best cost 289.306 + 9186.4 = 9475.71 over 1750 frames.
b_2_247_46_264_98 AS ALL STANDS FOR SHELTER IT'S IT'S IT JUST LIKE SMALL THE END FUNCTIONS AND ONLY IT'S FROM THIS SEE DOES WAS AND HANGERS FILES AS A BINARY FILE 
LOG (lattice-best-path[5.5.931~1-0c51c]:main():lattice-best-path.cc:99) For utterance b_2_25_07_35_00, best cost 127.134 + 5116.42 = 5243.55 over 991 frames.
b_2_25_07_35_00 AND TOOLS WITH ADDITIONAL TOOLS AND CONTINENTS NEEDED TO ONE THERE 
LOG (lattice-best-path[5.5.931~1-0c51c]:main():lattice-best-path.cc:99) For utterance b_2_266_21_273_05, best cost 89.8176 + 3551.79 = 3641.6 over 682 frames.
b_2_266_21_273_05 IN WROTE USE THIS BACTERIA IS WE DID PROBLEMS 
LOG (lattice-best-path[5.5.931~1-0c51c]:main():lattice-best-path.cc:99) For utterance b_2_273_06_285_50, best cost 200.041 + 6547.76 = 6747.8 over 1242 frames.
b_2_273_06_285_50 DOLLARS TO ARE ALL CIRCLE BINARY IS IN LINKS AND THE TO ARE STORED IN DEAN DIRECTORIES ENCOUNTER 
LOG (lattice-best-path[5.5.931~1-0c51c]:main():lattice-best-path.cc:99) For utterance b_2_285_51_300_59, best cost 226.744 + 7709.04 = 7935.79 over 1506 frames.
b_2_285_51_300_59 EXAMPLE WE CAN WE WILL USE IT REMEMBERING PROGRAMS WHICH ARE PROBLEMS ON BINARY IS WORKING WITH CLOSE AND ACTUALLY MODEL 
LOG (lattice-best-path[5.5.931~1-0c51c]:main():lattice-best-path.cc:99) For utterance b_2_306_90_317_17, best cost 192.035 + 5303.83 = 5495.86 over 1025 frames.
b_2_306_90_317_17 SO EASIER YOU CAN SEE SEE SAY FILES WHICH ARE CITIZENS CODE OR IS IT WAS TO ASKED SOURCE CODE FILES 
LOG (lattice-best-path[5.5.931~1-0c51c]:main():lattice-best-path.cc:99) For utterance b_2_317_18_324_52, best cost 97.0035 + 3639.57 = 3736.57 over 732 frames.
b_2_317_18_324_52 SOME DIRECTION BE SOME TO FILES TO DIDN'T SEE THEN 
LOG (lattice-best-path[5.5.931~1-0c51c]:main():lattice-best-path.cc:99) For utterance b_2_325_28_334_10, best cost 131.391 + 4678.57 = 4809.97 over 880 frames.
b_2_325_28_334_10 OK I THINK WHICH FILES ONLY USE TO THE LIBRARIES WASN'T WOMEN DIRECTORY 
LOG (lattice-best-path[5.5.931~1-0c51c]:main():lattice-best-path.cc:99) For utterance b_2_336_29_338_85, best cost 25.296 + 1212.08 = 1237.37 over 254 frames.
b_2_336_29_338_85 I THIS ONE 
LOG (lattice-best-path[5.5.931~1-0c51c]:main():lattice-best-path.cc:99) For utterance b_2_339_20_353_95, best cost 244.744 + 7649.88 = 7894.62 over 1473 frames.
b_2_339_20_353_95 AND THESE USUALLY MAKE FILE WHICH DESCRIBES I THAT AUDIENCE WHICH CAN BE PRACTICE WASTE THE FILES THESE DIRECTORY AND HOW LAYING SHOULD BE PER USED 
LOG (lattice-best-path[5.5.931~1-0c51c]:main():lattice-best-path.cc:99) For utterance b_2_358_53_365_51, best cost 117.777 + 3635.97 = 3753.74 over 696 frames.
b_2_358_53_365_51 THE DON'T WE FILES OTHER SOMETHING TO MORE DIDN'T NEED TO MOBILE THEM 
LOG (lattice-best-path[5.5.931~1-0c51c]:main():lattice-best-path.cc:99) For utterance b_2_365_52_370_79, best cost 123.614 + 2900.34 = 3023.96 over 525 frames.
b_2_365_52_370_79 DON'T OR IS ALSO SOMETHING TO MORE IT SAW PUT ONLY FROM LIKE ENTIRE 
LOG (lattice-best-path[5.5.931~1-0c51c]:main():lattice-best-path.cc:99) For utterance b_2_370_80_378_44, best cost 110.969 + 3931.2 = 4042.17 over 762 frames.
b_2_370_80_378_44 MOSTLY WHAT WE WILL BE YOU WORKING WITH IS BINARY FILES 
LOG (lattice-best-path[5.5.931~1-0c51c]:main():lattice-best-path.cc:99) For utterance b_2_379_78_383_53, best cost 52.5055 + 1925.23 = 1977.74 over 373 frames.
b_2_379_78_383_53 SOMETHING ACTUALLY MEDICAL SINGLE 
LOG (lattice-best-path[5.5.931~1-0c51c]:main():lattice-best-path.cc:99) For utterance b_2_385_03_394_02, best cost 174.497 + 4809.65 = 4984.15 over 897 frames.
b_2_385_03_394_02 WE KNOW THAT TALKS WITH COWS IN ACTUALLY MODEL BECAUSE IS DOES TO OF WE KNOW WHAT IT IS ALL TO 
LOG (lattice-best-path[5.5.931~1-0c51c]:main():lattice-best-path.cc:99) For utterance b_2_394_03_397_81, best cost 62.4318 + 1990.22 = 2052.65 over 376 frames.
b_2_394_03_397_81 IT IS WAS OF THE DECODING CURTAINS 
LOG (lattice-best-path[5.5.931~1-0c51c]:main():lattice-best-path.cc:99) For utterance b_2_397_82_423_89, best cost 365.03 + 13201.4 = 13566.5 over 2605 frames.
b_2_397_82_423_89 AND THE ARREST IS JUST THE ADDITIONAL INFORMATION ABOUT HOW EXACTLY IN WERE IT IS IT OVER WHAT IS OLDER I'M REAL AND FROM ACTUALLY CAN YET YOU MIGHT NEED WONDERING THIS EVER SEARCHING FOR BINARY 
LOG (lattice-best-path[5.5.931~1-0c51c]:main():lattice-best-path.cc:99) For utterance b_2_40_13_47_96, best cost 123.643 + 4086.45 = 4210.09 over 781 frames.
b_2_40_13_47_96 THE ROUGHLY MORE THE RIGHT ALL PSYCHE YOU WHEN NOT IN THEM THIS COURSE 
LOG (lattice-best-path[5.5.931~1-0c51c]:main():lattice-best-path.cc:99) For utterance b_2_423_90_446_33, best cost 387.907 + 11930.2 = 12318.1 over 2241 frames.
b_2_423_90_446_33 WHY A SET ACTUALLY OF WHITE IS ACTUALLY IMPORTANT SO NOWHERE IS GOD WE SPEAKER AS WHEN YOU DEVELOPED THAT YOU SCRIPTS FOR COUNTED MOST LIKELY NEED TO USE EXISTING BATTERIES TWO INDIRECT WITH COUNTRY FILES AND IN READY 
LOG (lattice-best-path[5.5.931~1-0c51c]:main():lattice-best-path.cc:99) For utterance b_2_446_34_458_29, best cost 216.887 + 6232.79 = 6449.67 over 1193 frames.
b_2_446_34_458_29 CHECK FIFTH WHAT PURPOSE EVERY TISSUE WOULD NEED TO GO TO THESE BEEN DIRECTORIES AND SEE FREEZING WOULD YOU'LL CAME USE 
LOG (lattice-best-path[5.5.931~1-0c51c]:main():lattice-best-path.cc:99) For utterance b_2_459_55_472_46, best cost 221.911 + 6890.33 = 7112.25 over 1289 frames.
b_2_459_55_472_46 IF IT THINK THAT SOME PROBLEM ONLY DOES WOULD IT IN CAN AROUND THIS PROBLEM WITHOUT ANY AN FRIENDS AND SEE THE HELPS 
LOG (lattice-best-path[5.5.931~1-0c51c]:main():lattice-best-path.cc:99) For utterance b_2_473_82_488_02, best cost 213.031 + 7200.64 = 7413.67 over 1418 frames.
b_2_473_82_488_02 IT TOTAL WE WOULD ACTUALLY LINES DECODE FEATURES IS JANE AMAZED MODEL THEN AND IT'LL TO YOU HOW TO BRAND 
LOG (lattice-best-path[5.5.931~1-0c51c]:main():lattice-best-path.cc:99) For utterance b_2_488_35_499_75, best cost 157.143 + 5704.55 = 5861.7 over 1138 frames.
b_2_488_35_499_75 SO USED SAY THAT HE IN THIS CASE YOU CAN SPECIFY SOLUTIONS FIGURE AND FROM HERE 
LOG (lattice-best-path[5.5.931~1-0c51c]:main():lattice-best-path.cc:99) For utterance b_2_48_81_57_00, best cost 102.393 + 4214.13 = 4316.52 over 817 frames.
b_2_48_81_57_00 UN GETS JACK WHAT NICOLAS IN THE EXAMPLES DIRECTORY 
LOG (lattice-best-path[5.5.931~1-0c51c]:main():lattice-best-path.cc:99) For utterance b_2_499_76_505_12, best cost 105.785 + 2950.44 = 3056.22 over 534 frames.
b_2_499_76_505_12 YONI TO SPECIFYING THE MODEL INTEREST SEE FROM AND 
LOG (lattice-best-path[5.5.931~1-0c51c]:main():lattice-best-path.cc:99) For utterance b_2_4_47_8_89, best cost 88.7852 + 2421.59 = 2510.37 over 440 frames.
b_2_4_47_8_89 AS YOU CONSIDER SEVERAL DIRECTORIES ABOUT OF LOCAL SEE 
LOG (lattice-best-path[5.5.931~1-0c51c]:main():lattice-best-path.cc:99) For utterance b_2_506_42_516_32, best cost 114.804 + 4942.29 = 5057.09 over 988 frames.
b_2_506_42_516_32 AND SEVERAL ACTUALLY SOLLY ONE ARE SPECIFY I SPECIFY 
LOG (lattice-best-path[5.5.931~1-0c51c]:main():lattice-best-path.cc:99) For utterance b_2_516_33_534_34, best cost 251.928 + 9327.18 = 9579.11 over 1799 frames.
b_2_516_33_534_34 TRANSFER REALLY SPECIFYING IS THAT IT IT'S SOME STRING WHICH WOULD DESCRIBED HOW TO INFORMATION HOW TO THE THE INPUT INFORMATION FOR THIS ARM 
LOG (lattice-best-path[5.5.931~1-0c51c]:main():lattice-best-path.cc:99) For utterance b_2_534_35_546_40, best cost 222.525 + 6427.97 = 6650.49 over 1203 frames.
b_2_534_35_546_40 DOWN WE SPECIFY IS RIGHT IS IT'S FIRE MEANS THE SOMETHING WHICH DESCRIBES WHERE AND HOW TO RIGHT THE OUTPUT OF AS COMMON 
LOG (lattice-best-path[5.5.931~1-0c51c]:main():lattice-best-path.cc:99) For utterance b_2_546_41_555_60, best cost 191.813 + 4914.12 = 5105.93 over 917 frames.
b_2_546_41_555_60 IN THIS CASE IT COULD BE WORST MADE IS FIRE WHICH DISCUSS WHERE TO LIKE THE DECODE WORDS FROM THE FEATURES 
LOG (lattice-best-path[5.5.931~1-0c51c]:main():lattice-best-path.cc:99) For utterance b_2_555_61_567_88, best cost 194.584 + 6158.75 = 6353.34 over 1225 frames.
b_2_555_61_567_88 AND ALSO DO ALLIANCE AND IT'S WHERE ARE WHERE LINES OF BE WAIT AND WERE THAT SPECIFY WERE I TO BRITAIN 
LOG (lattice-best-path[5.5.931~1-0c51c]:main():lattice-best-path.cc:99) For utterance b_2_567_90_583_31, best cost 268.096 + 8190.49 = 8458.59 over 1539 frames.
b_2_567_90_583_31 THIS QUEERER KIDS IN OLD NON ESSENTIAL NON REQUIRED PERIMETER SO IF YOU DON'T SPECIFY IT I WHEN SO WRITERS THE THE WITH WANTING WRITTEN 
LOG (lattice-best-path[5.5.931~1-0c51c]:main():lattice-best-path.cc:99) For utterance b_2_583_32_592_59, best cost 162.493 + 4855 = 5017.5 over 925 frames.
b_2_583_32_592_59 IF DIDN'T SPECIFYING WORDS SPECIFY ERROR THAT WILL FEEL BECAUSE THIS DIAMETER IS TO QUITE 
LOG (lattice-best-path[5.5.931~1-0c51c]:main():lattice-best-path.cc:99) For utterance b_2_595_06_605_03, best cost 147.567 + 5192.34 = 5339.91 over 995 frames.
b_2_595_06_605_03 AND YOU KEY SEE SIMILAR ARE STRUCTURE MEAN PROBLEMS MADE OTHER IN DIRECTORY IS 
LOG (lattice-best-path[5.5.931~1-0c51c]:main():lattice-best-path.cc:99) For utterance b_2_59_50_64_29, best cost 57.5694 + 2390.99 = 2448.56 over 477 frames.
b_2_59_50_64_29 THE ARE NOT OF OTHER DIRECTORIES 
LOG (lattice-best-path[5.5.931~1-0c51c]:main():lattice-best-path.cc:99) For utterance b_2_614_15_632_14, best cost 298.724 + 9377.73 = 9676.45 over 1797 frames.
b_2_614_15_632_14 AND THIS BEEN DIRECTORY DOESN'T RESPOND MANY PARTICULAR I GREAT BUT IT CONTAINS MANY USE AN PROBLEMS SUCH IS CONCRETE ORDER RATE DEFINE THE DIMENSIONAL BUT TEXT AND SO ON 
LOG (lattice-best-path[5.5.931~1-0c51c]:main():lattice-best-path.cc:99) For utterance b_2_637_81_642_27, best cost 52.7515 + 2269.56 = 2322.31 over 444 frames.
b_2_637_81_642_27 CREEPY THINK THAT STATES 
LOG (lattice-best-path[5.5.931~1-0c51c]:main():lattice-best-path.cc:99) For utterance b_2_643_37_649_65, best cost 133.744 + 3318.76 = 3452.51 over 626 frames.
b_2_643_37_649_65 THE NEXT VIDEO WILL START TO WORK OF NOW WERE FIRST SPEECH RECOGNITION SYSTEM 
LOG (lattice-best-path[5.5.931~1-0c51c]:main():lattice-best-path.cc:99) For utterance b_2_649_80_652_86, best cost 44.1529 + 1513.45 = 1557.6 over 304 frames.
b_2_649_80_652_86 SEEMS THE NEXT VIDEO 
LOG (lattice-best-path[5.5.931~1-0c51c]:main():lattice-best-path.cc:99) For utterance b_2_65_58_69_11, best cost 53.498 + 1818.95 = 1872.45 over 351 frames.
b_2_65_58_69_11 THIS DIRECTORY CIRCLE DOESN'T IS 
LOG (lattice-best-path[5.5.931~1-0c51c]:main():lattice-best-path.cc:99) For utterance b_2_69_20_83_11, best cost 217.635 + 7248.65 = 7466.28 over 1389 frames.
b_2_69_20_83_11 IF THEN CONTAINS THE DESCRIPTION OFF THE PROCESS TO BUILT I IS ARE SYSTEM USING ONE CORPUS OR SEVERAL CORPORA TOGETHER 
LOG (lattice-scale[5.5.931~1-0c51c]:main():lattice-scale.cc:107) Done 119 lattices.
LOG (lattice-best-path[5.5.931~1-0c51c]:main():lattice-best-path.cc:99) For utterance b_2_83_12_105_02, best cost 413.63 + 11554.6 = 11968.2 over 2188 frames.
b_2_83_12_105_02 ANIMAL SO IMPORTANT OF THE ONE ARE THE DA WITH AS J WHICH DESCRIBES THE ALL STREET JOURNAL LASER SYSTEM OR THEY START PASTE OF THE ALL STREET JOURNAL CORPUS WHICH IS WAY COPIER WHICH MARK DATA SAID FOR SPEECH RECOGNITION 
LOG (lattice-add-penalty[5.5.931~1-0c51c]:main():lattice-add-penalty.cc:62) Done adding word insertion penalty to 119 lattices.
LOG (lattice-best-path[5.5.931~1-0c51c]:main():lattice-best-path.cc:99) For utterance b_2_8_90_21_48, best cost 202.174 + 6681.89 = 6884.06 over 1256 frames.
b_2_8_90_21_48 MOST IMPORTANT OF THEN ARE TO X WE TO EXAMPLE SCRIPTS FOR DON'T IT OF DESIRES SYSTEMS USING VARIOUS COPPER 
LOG (lattice-best-path[5.5.931~1-0c51c]:main():lattice-best-path.cc:124) Overall cost per frame is 5.44987 = 0.168443 [graph] + 5.28143 [acoustic] over 94747 frames.
LOG (lattice-best-path[5.5.931~1-0c51c]:main():lattice-best-path.cc:128) Done 119 lattices, failed for 0
# Accounting: time=0 threads=1
# Ended (code 0) at Sun Jul  4 03:14:58 CEST 2021, elapsed time 0 seconds
