# lattice-scale --inv-acoustic-scale=15 "ark:gunzip -c exp/tri1/decode/lat.*.gz|" ark:- | lattice-add-penalty --word-ins-penalty=0.0 ark:- ark:- | lattice-best-path --word-symbol-table=exp/tri1/graph/words.txt ark:- ark,t:exp/tri1/decode/scoring/15.0.0.tra 
# Started at Tue Jul 13 13:24:17 CEST 2021
#
lattice-best-path --word-symbol-table=exp/tri1/graph/words.txt ark:- ark,t:exp/tri1/decode/scoring/15.0.0.tra 
lattice-scale --inv-acoustic-scale=15 'ark:gunzip -c exp/tri1/decode/lat.*.gz|' ark:- 
lattice-add-penalty --word-ins-penalty=0.0 ark:- ark:- 
LOG (lattice-best-path[5.5.925~1-ded7b]:main():lattice-best-path.cc:99) For utterance a_1_0_00_3_10, best cost 45.1604 + 1937.77 = 1982.93 over 308 frames.
a_1_0_00_3_10 EVERY ONE MAPPING TO ALL 
LOG (lattice-best-path[5.5.925~1-ded7b]:main():lattice-best-path.cc:99) For utterance a_1_100_57_108_91, best cost 128.711 + 4963.61 = 5092.32 over 832 frames.
a_1_100_57_108_91 ALRIGHT SEARCH YOU SHOULD CHANGE EITHER DIRECTORY TRUE CAN ONE PER AND IT DIRECTORY 
LOG (lattice-best-path[5.5.925~1-ded7b]:main():lattice-best-path.cc:99) For utterance a_1_11_88_15_85, best cost 69.3023 + 2527.16 = 2596.46 over 395 frames.
a_1_11_88_15_85 ALRIGHT DIRECTORIES CREATE DECODE INTENTION LINK 
LOG (lattice-best-path[5.5.925~1-ded7b]:main():lattice-best-path.cc:99) For utterance a_1_120_08_126_30, best cost 125.648 + 3955.44 = 4081.09 over 620 frames.
a_1_120_08_126_30 DON'T I TAKES ID THE SAME ALRIGHT WRITE IT'S I DIRECTORY TO SHOULD USE TO ALL 
LOG (lattice-best-path[5.5.925~1-ded7b]:main():lattice-best-path.cc:99) For utterance a_1_130_61_132_11, best cost 4.21213 + 753.192 = 757.404 over 148 frames.
a_1_130_61_132_11 
LOG (lattice-best-path[5.5.925~1-ded7b]:main():lattice-best-path.cc:99) For utterance a_1_132_12_134_00, best cost 49.7842 + 1223.35 = 1273.13 over 186 frames.
a_1_132_12_134_00 NOW WHEN TO NORMAL CONF 
LOG (lattice-best-path[5.5.925~1-ded7b]:main():lattice-best-path.cc:99) For utterance a_1_142_25_147_84, best cost 88.0289 + 3378.14 = 3466.17 over 557 frames.
a_1_142_25_147_84 TO BASED ALL PER SOURCE AND IT'S ALSO TO DATA 
LOG (lattice-best-path[5.5.925~1-ded7b]:main():lattice-best-path.cc:99) For utterance a_1_147_85_154_10, best cost 150.907 + 3891.98 = 4042.88 over 623 frames.
a_1_147_85_154_10 WE JUST NEED TO RUN GET CLONE TO GIT IT COPY OF THE AHA LOCAL TO SOURCE CALLED 
LOG (lattice-best-path[5.5.925~1-ded7b]:main():lattice-best-path.cc:99) For utterance a_1_18_07_24_79, best cost 155.193 + 4292.99 = 4448.18 over 670 frames.
a_1_18_07_24_79 CUT IS A TO IT FOR SPEECH RECOGNITION IT IS AND AND FOR SPEECH RECOGNITION TO SERVERS AND BASH MOST 
LOG (lattice-best-path[5.5.925~1-ded7b]:main():lattice-best-path.cc:99) For utterance a_1_224_41_227_54, best cost 45.5371 + 1917.83 = 1963.37 over 311 frames.
a_1_224_41_227_54 OKAY IT LINK OF FINISHED 
LOG (lattice-best-path[5.5.925~1-ded7b]:main():lattice-best-path.cc:99) For utterance a_1_228_65_235_92, best cost 73.4942 + 4193.6 = 4267.09 over 725 frames.
a_1_228_65_235_92 NOW WE HAVE CUT DIRECTORY BECAUSE ALL THIRD 
LOG (lattice-best-path[5.5.925~1-ded7b]:main():lattice-best-path.cc:99) For utterance a_1_237_94_245_41, best cost 94.1461 + 4424.24 = 4518.39 over 745 frames.
a_1_237_94_245_41 YOU CAN SEE THE FILES THERE THE TOTAL LOCAL THREE 
LOG (lattice-best-path[5.5.925~1-ded7b]:main():lattice-best-path.cc:99) For utterance a_1_246_63_250_17, best cost 55.2633 + 2141.71 = 2196.97 over 352 frames.
a_1_246_63_250_17 NO CAN GO TO INSTALLATION STEP 
LOG (lattice-best-path[5.5.925~1-ded7b]:main():lattice-best-path.cc:99) For utterance a_1_24_80_32_22, best cost 175.032 + 4890.56 = 5065.59 over 740 frames.
a_1_24_80_32_22 ROUGHLY TO GET INSIDE PREVIOUS THREE WHAT FOR THE SUCH HOW WHY VERY TO STILL VARIABLE TO IN THE IN TESTING 
LOG (lattice-best-path[5.5.925~1-ded7b]:main():lattice-best-path.cc:99) For utterance a_1_251_67_255_43, best cost 60.0446 + 2241.8 = 2301.85 over 374 frames.
a_1_251_67_255_43 THE TOTAL I WILL ARE OKAY 
LOG (lattice-best-path[5.5.925~1-ded7b]:main():lattice-best-path.cc:99) For utterance a_1_255_79_259_74, best cost 87.1931 + 2540 = 2627.19 over 393 frames.
a_1_255_79_259_74 DOT ALL STRUCTURE SERVER TO TO IN THE INSTALLED FILE 
LOG (lattice-best-path[5.5.925~1-ded7b]:main():lattice-best-path.cc:99) For utterance a_1_259_82_261_02, best cost 32.3677 + 730.879 = 763.247 over 118 frames.
a_1_259_82_261_02 LET'S CHECK IT 
LOG (lattice-best-path[5.5.925~1-ded7b]:main():lattice-best-path.cc:99) For utterance a_1_264_37_273_53, best cost 193.429 + 5656.43 = 5849.86 over 914 frames.
a_1_264_37_273_53 TELLS DOES TO GO TO TO US PHONES OF STRUCTURE THERE ARE THE GO TO SEE SEE AND PHONES ALL AND STRUCTURE THEN 
LOG (lattice-best-path[5.5.925~1-ded7b]:main():lattice-best-path.cc:99) For utterance a_1_274_88_279_23, best cost 53.2749 + 2541.02 = 2594.3 over 433 frames.
a_1_274_88_279_23 LET'S CLONE TO LOOP LET'S 
LOG (lattice-best-path[5.5.925~1-ded7b]:main():lattice-best-path.cc:99) For utterance a_1_279_96_290_47, best cost 194.432 + 6579.55 = 6773.98 over 1049 frames.
a_1_279_96_290_47 IT IS A DIRECTORY CONTAINS SCRIPTS TO INSTALLED ADDITIONAL THIRD PART TO TELLS NEED IT FOR COPY OR THE CUT AS IS 
LOG (lattice-best-path[5.5.925~1-ded7b]:main():lattice-best-path.cc:99) For utterance a_1_290_97_292_22, best cost 41.9969 + 837.523 = 879.52 over 123 frames.
a_1_290_97_292_22 TOTAL THE MADE ARE 
LOG (lattice-best-path[5.5.925~1-ded7b]:main():lattice-best-path.cc:99) For utterance a_1_306_34_313_46, best cost 155.764 + 4412.56 = 4568.32 over 710 frames.
a_1_306_34_313_46 SO ALL FIRST THING KEPT WHEN TO TO WE STORE IN THIS SCRIPT TO CHECK DATA AND LET'S IT'S 
LOG (lattice-best-path[5.5.925~1-ded7b]:main():lattice-best-path.cc:99) For utterance a_1_319_69_324_25, best cost 71.7947 + 2833.42 = 2905.21 over 454 frames.
a_1_319_69_324_25 LISTED CUT OF FOR PRINTS WE CAN 
LOG (lattice-best-path[5.5.925~1-ded7b]:main():lattice-best-path.cc:99) For utterance a_1_32_28_39_15, best cost 170.377 + 4492.82 = 4663.19 over 685 frames.
a_1_32_28_39_15 IF D WE G WE COMMON YEAH AND WOULD WORK ONE SPEECH TRADITION THERE MOST ID FILL DATA USE COPY 
LOG (lattice-best-path[5.5.925~1-ded7b]:main():lattice-best-path.cc:99) For utterance a_1_346_07_355_21, best cost 157.182 + 5434.49 = 5591.67 over 912 frames.
a_1_346_07_355_21 NOW WE CAN RUN MAKE IT ONE STAR ALL NOT STREET TOOLS IT ONE OF CAN TO EACH 
LOG (lattice-best-path[5.5.925~1-ded7b]:main():lattice-best-path.cc:99) For utterance a_1_355_22_362_53, best cost 139.471 + 4382.39 = 4521.86 over 729 frames.
a_1_355_22_362_53 IT I'M AS WE HAVE I CAN DIRECTORY SHOULD ID FOR LOOK IT'S CODE SEE PER SHOULD 
LOG (lattice-best-path[5.5.925~1-ded7b]:main():lattice-best-path.cc:99) For utterance a_1_364_38_380_40, best cost 273.822 + 9501.33 = 9775.15 over 1600 frames.
a_1_364_38_380_40 AND IT WOULD BE PROPER TO JUST ABLE IT SPEAKER US IN CUT D WE YOU WILL CAN FILE WELL TO FILES AND WILL QUICKLY AN OUT OF SPLIT IS SPACE FOR BASH 
LOG (lattice-best-path[5.5.925~1-ded7b]:main():lattice-best-path.cc:99) For utterance a_1_392_69_400_08, best cost 120.424 + 4416.98 = 4537.4 over 737 frames.
a_1_392_69_400_08 WILL THIS TO ABLE THERE CAN BY BACK ARE SHOULD BY RECORDING VARIABLE 
LOG (lattice-best-path[5.5.925~1-ded7b]:main():lattice-best-path.cc:99) For utterance a_1_3_11_6_08, best cost 79.7783 + 1990.97 = 2070.75 over 295 frames.
a_1_3_11_6_08 I WILL TO DIFFERENT I WHAT CAPITAL DID THIS WALL 
LOG (lattice-best-path[5.5.925~1-ded7b]:main():lattice-best-path.cc:99) For utterance a_1_400_97_403_16, best cost 61.9118 + 1387.24 = 1449.15 over 217 frames.
a_1_400_97_403_16 SECOND TO SAVE TO WE GO ALSO ONE 
LOG (lattice-best-path[5.5.925~1-ded7b]:main():lattice-best-path.cc:99) For utterance a_1_403_81_408_78, best cost 102.331 + 2970.01 = 3072.34 over 495 frames.
a_1_403_81_408_78 NOW WE CAN AND MADE TO GOOD CUT FILE THE A TO IT'S 
LOG (lattice-best-path[5.5.925~1-ded7b]:main():lattice-best-path.cc:99) For utterance a_1_409_66_419_30, best cost 155.829 + 5805.42 = 5961.25 over 962 frames.
a_1_409_66_419_30 AND WE WELL USE TRAIN OPTION WHICH TELLS MAKE TO RUN SERVER ALL CAN TO SHOULD POSSIBLE 
LOG (lattice-best-path[5.5.925~1-ded7b]:main():lattice-best-path.cc:99) For utterance a_1_40_83_46_72, best cost 113.596 + 3612.25 = 3725.85 over 587 frames.
a_1_40_83_46_72 IN THE NEXT LINK USE I WILL ONLY TO WILL CUT BEFORE TIMES TUTORIAL 
LOG (lattice-best-path[5.5.925~1-ded7b]:main():lattice-best-path.cc:99) For utterance a_1_420_28_426_62, best cost 90.2762 + 3830.14 = 3920.42 over 632 frames.
a_1_420_28_426_62 IT IS YOU DID FOR FOR INSTALLATION AND FILES FOR 
LOG (lattice-best-path[5.5.925~1-ded7b]:main():lattice-best-path.cc:99) For utterance a_1_426_89_440_27, best cost 186.566 + 7797.98 = 7984.54 over 1336 frames.
a_1_426_89_440_27 SINCE WE TO HAVE IT'S WE HAVE FOR G SPEAKERS OF THE SERVER WE CAN RUN MAKE WITH FOR TO ID FILE JUMP SEE 
LOG (lattice-best-path[5.5.925~1-ded7b]:main():lattice-best-path.cc:99) For utterance a_1_471_46_476_70, best cost 81.6937 + 3169.56 = 3251.26 over 522 frames.
a_1_471_46_476_70 NOW OKAY YOU END WE SEE EVERYTHING END WELL 
LOG (lattice-best-path[5.5.925~1-ded7b]:main():lattice-best-path.cc:99) For utterance a_1_477_89_480_55, best cost 35.2836 + 1638.24 = 1673.53 over 264 frames.
a_1_477_89_480_55 TOOLS AND DURATION 
LOG (lattice-best-path[5.5.925~1-ded7b]:main():lattice-best-path.cc:99) For utterance a_1_480_56_483_47, best cost 53.6262 + 1789.72 = 1843.35 over 289 frames.
a_1_480_56_483_47 NOW LET'S CODE AN SEE 
LOG (lattice-best-path[5.5.925~1-ded7b]:main():lattice-best-path.cc:99) For utterance a_1_483_48_485_74, best cost 61.5139 + 1470.63 = 1532.14 over 224 frames.
a_1_483_48_485_74 EITHER SEE STANDS FOR SOURCE CODE 
LOG (lattice-best-path[5.5.925~1-ded7b]:main():lattice-best-path.cc:99) For utterance a_1_485_99_488_85, best cost 60.0531 + 1708.83 = 1768.88 over 284 frames.
a_1_485_99_488_85 IS THE ACTUAL CODE OF COOL THE 
LOG (lattice-best-path[5.5.925~1-ded7b]:main():lattice-best-path.cc:99) For utterance a_1_491_86_495_38, best cost 54.5398 + 2172.18 = 2226.72 over 350 frames.
a_1_491_86_495_38 READ IT INSTALLATION FROM SHOULD 
LOG (lattice-best-path[5.5.925~1-ded7b]:main():lattice-best-path.cc:99) For utterance a_1_497_01_504_46, best cost 83.0097 + 4348.49 = 4431.5 over 743 frames.
a_1_497_01_504_46 IT DURATION STAR SHOULD OTHER CURRENT YOUR SCRIPT 
LOG (lattice-best-path[5.5.925~1-ded7b]:main():lattice-best-path.cc:99) For utterance a_1_50_04_61_06, best cost 161.347 + 6699.14 = 6860.48 over 1100 frames.
a_1_50_04_61_06 OFTEN PRINT REDIRECTION TUTORIAL LISTS IN DIRECTORY CURRENT IT'S FOR INSTALLATION USE WHICH CUT SEE 
LOG (lattice-best-path[5.5.925~1-ded7b]:main():lattice-best-path.cc:99) For utterance a_1_515_64_525_58, best cost 190.48 + 5998.55 = 6189.03 over 992 frames.
a_1_515_64_525_58 AND HERE EVERY SERVER NOT FOUND AROUND I TIME AS WE HAVE AFTER TO FIVE READ CALLED OUT US WE TO USE IT 
LOG (lattice-best-path[5.5.925~1-ded7b]:main():lattice-best-path.cc:99) For utterance a_1_540_66_545_01, best cost 72.6377 + 2541.36 = 2614 over 433 frames.
a_1_540_66_545_01 NOW WE SEE IT CLONE WITH COPY OVER IS 
LOG (lattice-best-path[5.5.925~1-ded7b]:main():lattice-best-path.cc:99) For utterance a_1_545_02_553_17, best cost 155.559 + 4881.61 = 5037.17 over 813 frames.
a_1_545_02_553_17 WE ACTUALLY SHOULD IS TO WILL COMMON BECAUSE IT'S ONLY NEEDED TO TRAINING AND WORKS SO FOR IT'S NOT NEED 
LOG (lattice-best-path[5.5.925~1-ded7b]:main():lattice-best-path.cc:99) For utterance a_1_555_76_560_72, best cost 99.9601 + 3082.08 = 3182.04 over 494 frames.
a_1_555_76_560_72 ARE TO TO IT WE OF CODE COPY SCRIPT WITH FILE OPTION 
LOG (lattice-best-path[5.5.925~1-ded7b]:main():lattice-best-path.cc:99) For utterance a_1_564_61_568_28, best cost 65.3981 + 2219.73 = 2285.13 over 365 frames.
a_1_564_61_568_28 WE WOULD WAS COMMON IF ALL TO IT'S 
LOG (lattice-best-path[5.5.925~1-ded7b]:main():lattice-best-path.cc:99) For utterance a_1_568_46_572_69, best cost 62.6268 + 2515.88 = 2578.5 over 421 frames.
a_1_568_46_572_69 WILL CHANGE LET'S OPTION TO KNOW 
LOG (lattice-best-path[5.5.925~1-ded7b]:main():lattice-best-path.cc:99) For utterance a_1_587_19_597_74, best cost 146.37 + 6351.07 = 6497.44 over 1053 frames.
a_1_587_19_597_74 TO HAVE TO SUCCESSFULLY TO PART NOW LOOK IN COMPARE LOCAL IT TO THIS TO MAKE COMMANDS 
LOG (lattice-best-path[5.5.925~1-ded7b]:main():lattice-best-path.cc:99) For utterance a_1_601_31_607_60, best cost 106.119 + 3904.37 = 4010.49 over 627 frames.
a_1_601_31_607_60 AND WE SPECIFY THING FOR TO PER ALL G LET'S FOR THE RECOGNITION 
LOG (lattice-best-path[5.5.925~1-ded7b]:main():lattice-best-path.cc:99) For utterance a_1_62_14_72_77, best cost 195.504 + 6657.3 = 6852.81 over 1061 frames.
a_1_62_14_72_77 WILL USE I'M AS SERVER TO IN STOP USE CUT D THERE FOR WHICH RECORDING DOT THE REQUIREMENT EVERYTHING SHOULD BE ID THERE 
LOG (lattice-best-path[5.5.925~1-ded7b]:main():lattice-best-path.cc:99) For utterance a_1_638_18_641_05, best cost 42.2888 + 1700.54 = 1742.83 over 285 frames.
a_1_638_18_641_05 ALL CASE IT'S AS ONE 
LOG (lattice-best-path[5.5.925~1-ded7b]:main():lattice-best-path.cc:99) For utterance a_1_641_06_643_95, best cost 61.2042 + 1806.36 = 1867.56 over 287 frames.
a_1_641_06_643_95 IT MEANS EVERYTHING AND WELL AGAIN 
LOG (lattice-best-path[5.5.925~1-ded7b]:main():lattice-best-path.cc:99) For utterance a_1_643_96_648_87, best cost 100.214 + 3067.98 = 3168.2 over 489 frames.
a_1_643_96_648_87 WE HAVE CAN SUCCESSFULLY DOT OWN AND AND CAN CURRENT DOT THE 
LOG (lattice-best-path[5.5.925~1-ded7b]:main():lattice-best-path.cc:99) For utterance a_1_648_88_651_77, best cost 49.6075 + 1751.33 = 1800.94 over 287 frames.
a_1_648_88_651_77 NOW IT STREET FOR YES 
LOG (lattice-best-path[5.5.925~1-ded7b]:main():lattice-best-path.cc:99) For utterance a_1_651_86_659_83, best cost 129.51 + 4789.44 = 4918.95 over 795 frames.
a_1_651_86_659_83 AND WE CAN GO TO TO TEXT PART OF CUT IN TUTORIAL HOW TO DIRECTORIES DIRECTORY 
LOG (lattice-best-path[5.5.925~1-ded7b]:main():lattice-best-path.cc:99) For utterance a_1_659_84_662_30, best cost 40.3246 + 1433.3 = 1473.63 over 244 frames.
a_1_659_84_662_30 STILL THE NEXT VIDEO 
LOG (lattice-best-path[5.5.925~1-ded7b]:main():lattice-best-path.cc:99) For utterance a_1_6_98_11_87, best cost 126.066 + 3214.13 = 3340.19 over 487 frames.
a_1_6_98_11_87 DIRECTORIES GO TO THE SHOULD LET'S I TO COPY HUNDRED THE SHARED SOME NOT LOOK 
LOG (lattice-best-path[5.5.925~1-ded7b]:main():lattice-best-path.cc:99) For utterance a_1_72_78_77_55, best cost 104.939 + 3099.37 = 3204.31 over 475 frames.
a_1_72_78_77_55 TO CORRECTLY SERVER USE STILL NOW PREPARATION AND IS TO EACH COMMAND 
LOG (lattice-best-path[5.5.925~1-ded7b]:main():lattice-best-path.cc:99) For utterance a_1_80_11_86_02, best cost 87.5595 + 3535.43 = 3622.99 over 589 frames.
a_1_80_11_86_02 LIST I THIS IS I ACTUALLY WERE I'M AS AGAIN 
LOG (lattice-best-path[5.5.925~1-ded7b]:main():lattice-best-path.cc:99) For utterance a_1_86_03_93_49, best cost 101.944 + 4586.85 = 4688.79 over 744 frames.
a_1_86_03_93_49 THEN THE NAME OF THE SERVER IT'S PHOENIX TIMES YOU ACTUALLY 
LOG (lattice-best-path[5.5.925~1-ded7b]:main():lattice-best-path.cc:99) For utterance b_2_0_03_4_44, best cost 80.9787 + 2832.31 = 2913.29 over 439 frames.
b_2_0_03_4_44 IN THIS VIDEO WILL TO MAINLY NOT TO DIRECTORY IT'S 
LOG (lattice-best-path[5.5.925~1-ded7b]:main():lattice-best-path.cc:99) For utterance b_2_105_03_114_90, best cost 162.098 + 5982.93 = 6145.03 over 985 frames.
b_2_105_03_114_90 AND ANOTHER ONE IS MINI EVERY SPEECH WHICH SERVERS TELLS THE MADE EXAMPLE OF BORING PROCEED IS ANOTHER 
LOG (lattice-best-path[5.5.925~1-ded7b]:main():lattice-best-path.cc:99) For utterance b_2_115_20_127_49, best cost 178.727 + 7243.56 = 7422.29 over 1227 frames.
b_2_115_20_127_49 DONE WILL TO LOCAL OUT MINI SPEECH AS TO THE NEXT MODEL WE CAN IT ABLE IN ALL STREET JOURNAL RECIPE 
LOG (lattice-best-path[5.5.925~1-ded7b]:main():lattice-best-path.cc:99) For utterance b_2_129_48_136_95, best cost 117.807 + 4589.7 = 4707.51 over 745 frames.
b_2_129_48_136_95 SO IS YOU CAN SAY THE REASON AS FIVE DIRECTORY EACH OF THE RECIPE 
LOG (lattice-best-path[5.5.925~1-ded7b]:main():lattice-best-path.cc:99) For utterance b_2_136_96_148_79, best cost 195.021 + 6989.97 = 7184.99 over 1181 frames.
b_2_136_96_148_79 TIME TO DOESN'T IN ANYTHING MOST LIKELY IF YOU LOOP FOR TRAINING OTHER RECIPE AGAIN IT ALL BE ALSO AND TEST FIVE 
LOG (lattice-best-path[5.5.925~1-ded7b]:main():lattice-best-path.cc:99) For utterance b_2_151_10_159_65, best cost 98.0649 + 4820.96 = 4919.02 over 853 frames.
b_2_151_10_159_65 SOME RECIPE IS TO EXAMPLE THEO HAVE SEND ALL DIRECTORIES 
LOG (lattice-best-path[5.5.925~1-ded7b]:main():lattice-best-path.cc:99) For utterance b_2_159_66_169_80, best cost 171.671 + 5924.88 = 6096.55 over 1012 frames.
b_2_159_66_169_80 TO CAN IT SEE THAT DIRECTORIES DON'T TO DIFFERENT READ IT'S OF THE REST ONE DIFFERENT MENTIONS OF REST 
LOG (lattice-best-path[5.5.925~1-ded7b]:main():lattice-best-path.cc:99) For utterance b_2_171_54_176_67, best cost 87.8906 + 3077.39 = 3165.28 over 511 frames.
b_2_171_54_176_67 I THINK THAT IS IN AND FROM ACTUALLY DOT EXAMPLE IS 
LOG (lattice-best-path[5.5.925~1-ded7b]:main():lattice-best-path.cc:99) For utterance b_2_178_55_185_67, best cost 107.682 + 4172.37 = 4280.05 over 710 frames.
b_2_178_55_185_67 IT CAN GO TO THE SOURCE CALLED DATA LOOK AND WE IT'S CONTENTS 
LOG (lattice-best-path[5.5.925~1-ded7b]:main():lattice-best-path.cc:99) For utterance b_2_185_96_200_94, best cost 218.627 + 8516.56 = 8735.19 over 1496 frames.
b_2_185_96_200_94 SO WE SEE ALREADY THE CAN SPEAKERS SCRIPT WHICH TO IS THE HOW D TO BE ARE ON WE SERVER TO SYSTEM ON ARE SYSTEM FOR EXAMPLE 
LOG (lattice-best-path[5.5.925~1-ded7b]:main():lattice-best-path.cc:99) For utterance b_2_200_95_218_31, best cost 201.336 + 9927.06 = 10128.4 over 1734 frames.
b_2_200_95_218_31 IT ALSO HAS SED DOCUMENTATION DIRECTORY D AND I'M AND MANY MORE DIRECTORIES WHICH CAN BE ID EVALUATE TO TO TO LOOKS 
LOG (lattice-best-path[5.5.925~1-ded7b]:main():lattice-best-path.cc:99) For utterance b_2_218_32_234_63, best cost 230.823 + 9465.83 = 9696.65 over 1629 frames.
b_2_218_32_234_63 ONE OF THEM OVER LIKELY DIRECTORIES TO EXAMPLE OTHER EACH AGAIN IS THE LIKELY WITH DIRECTORIES FOR DIDN'T OF MODEL I'M FROM SHOULD IT'S 
LOG (lattice-best-path[5.5.925~1-ded7b]:main():lattice-best-path.cc:99) For utterance b_2_21_49_25_06, best cost 70.6334 + 2184.11 = 2254.74 over 355 frames.
b_2_21_49_25_06 SEE SEE WITH ACTUALLY LOCAL TO SOURCE CALLED 
LOG (lattice-best-path[5.5.925~1-ded7b]:main():lattice-best-path.cc:99) For utterance b_2_236_00_247_45, best cost 201.608 + 7013.14 = 7214.75 over 1143 frames.
b_2_236_00_247_45 END THE THESE OUT OF CAN TRADITION IS THIS LINK OUT WHICH AND DATA SO FILE WHICH IS BY WE LIKELY FILE IN LINKS 
LOG (lattice-best-path[5.5.925~1-ded7b]:main():lattice-best-path.cc:99) For utterance b_2_247_46_264_98, best cost 292.067 + 10411.1 = 10703.2 over 1750 frames.
b_2_247_46_264_98 AS ALL STANDS FOR SHARED ONLY IT'S IT'S ID JUST BREAKS ALL THE END FROM SHOULD IT'S AND ONLY IT'S FROM THIS SEE US TO SET HAVE INVERSE FILES AS A BY END FILE 
LOG (lattice-best-path[5.5.925~1-ded7b]:main():lattice-best-path.cc:99) For utterance b_2_25_07_35_00, best cost 140.166 + 5777.3 = 5917.47 over 991 frames.
b_2_25_07_35_00 AND TOOLS WITH ADDITIONAL TOOLS AND COMMON IN SEE NEED IT TO ONE THE RECIPE IS 
LOG (lattice-best-path[5.5.925~1-ded7b]:main():lattice-best-path.cc:99) For utterance b_2_266_21_273_05, best cost 90.4328 + 4034.73 = 4125.16 over 682 frames.
b_2_266_21_273_05 ENCOURAGE USE THIS BACK IT DIRECTORIES WE NEED FROM ITEMS 
LOG (lattice-best-path[5.5.925~1-ded7b]:main():lattice-best-path.cc:99) For utterance b_2_273_06_285_50, best cost 176.138 + 7446.08 = 7622.22 over 1242 frames.
b_2_273_06_285_50 DOT STAR ALSO CALLED DIRECTORIES IN LINKS AND THE TO ARE STORED IN BEGINNING DIRECTORIES IN COPY 
LOG (lattice-best-path[5.5.925~1-ded7b]:main():lattice-best-path.cc:99) For utterance b_2_285_51_300_59, best cost 217.345 + 8749.86 = 8967.21 over 1506 frames.
b_2_285_51_300_59 EXAMPLE WE CAN WE WILL USE D NAME BEGINNING ONE AS WHICH ARE COMMENTS OR LIKELY IS WORKING WITH TELLS AND ACTUALLY MODEL 
LOG (lattice-best-path[5.5.925~1-ded7b]:main():lattice-best-path.cc:99) For utterance b_2_306_90_317_17, best cost 184.698 + 6015.76 = 6200.46 over 1025 frames.
b_2_306_90_317_17 SO EASIER YOU CAN SEE SEE SEE FILES WHICH PROCEED DOES RUNS CODE OR SEE TELLS FILES TO SOURCE CODE FILES 
LOG (lattice-best-path[5.5.925~1-ded7b]:main():lattice-best-path.cc:99) For utterance b_2_317_18_324_52, best cost 94.2651 + 4128.9 = 4223.17 over 732 frames.
b_2_317_18_324_52 SOME THE SHOULD BE SOME TO FILES TO DIDN'T SEE THEN 
LOG (lattice-best-path[5.5.925~1-ded7b]:main():lattice-best-path.cc:99) For utterance b_2_325_28_334_10, best cost 137.143 + 5300.76 = 5437.91 over 880 frames.
b_2_325_28_334_10 ALL OKAY I THINK WHICH FILES ONLY USE TO THE LIKELY IS EXAMPLE IN G AGAIN DIRECTORY 
LOG (lattice-best-path[5.5.925~1-ded7b]:main():lattice-best-path.cc:99) For utterance b_2_336_29_338_85, best cost 24.9767 + 1373.69 = 1398.67 over 254 frames.
b_2_336_29_338_85 I THIS ONE 
LOG (lattice-best-path[5.5.925~1-ded7b]:main():lattice-best-path.cc:99) For utterance b_2_339_20_353_95, best cost 236.674 + 8674.87 = 8911.54 over 1473 frames.
b_2_339_20_353_95 AND THESE USUALLY MAKE FILE WHICH DESCRIBED US I THAT AWK CHECKS WHICH CAN BIT VALUES BASED THE FILES THESE DIRECTORY AND HOW THE SHOULD BE PER USED 
LOG (lattice-best-path[5.5.925~1-ded7b]:main():lattice-best-path.cc:99) For utterance b_2_358_53_365_51, best cost 120.104 + 4121.78 = 4241.88 over 696 frames.
b_2_358_53_365_51 THE DON'T WE FILES OTHER SINCE AND IN OR DIDN'T NEED TO KNOW OF THEM 
LOG (lattice-best-path[5.5.925~1-ded7b]:main():lattice-best-path.cc:99) For utterance b_2_365_52_370_79, best cost 120.108 + 3299.18 = 3419.29 over 525 frames.
b_2_365_52_370_79 DOT OR IS ALSO SOME DIDN'T MORE IT'S ALL TOTAL DIFFERENT CAN DIRECTORY 
LOG (lattice-best-path[5.5.925~1-ded7b]:main():lattice-best-path.cc:99) For utterance b_2_370_80_378_44, best cost 106.926 + 4460.69 = 4567.61 over 762 frames.
b_2_370_80_378_44 MOST WE WOULD WE WILL BE YOU WORKING WITH IS BY THE FILES 
LOG (lattice-best-path[5.5.925~1-ded7b]:main():lattice-best-path.cc:99) For utterance b_2_379_78_383_53, best cost 66.6959 + 2181.34 = 2248.04 over 373 frames.
b_2_379_78_383_53 SOME TO LIKELY MANY DECODE SEND ALL 
LOG (lattice-best-path[5.5.925~1-ded7b]:main():lattice-best-path.cc:99) For utterance b_2_385_03_394_02, best cost 168.073 + 5456.8 = 5624.87 over 897 frames.
b_2_385_03_394_02 WE KNOW THAT WORKS WITH DOES IN ACTUALLY MODEL BECAUSE IS TESTING G OF WE KNOW WOULD IT IS ALL TO 
LOG (lattice-best-path[5.5.925~1-ded7b]:main():lattice-best-path.cc:99) For utterance b_2_394_03_397_81, best cost 70.227 + 2246.84 = 2317.07 over 376 frames.
b_2_394_03_397_81 IT IS ALSO DO THE DECODING PARTS IS 
LOG (lattice-best-path[5.5.925~1-ded7b]:main():lattice-best-path.cc:99) For utterance b_2_397_82_423_89, best cost 373.333 + 14985.4 = 15358.7 over 2605 frames.
b_2_397_82_423_89 AND EITHER TEST IS JUST THE ADDITIONAL INSTALLATION WILL IT HOW WE DIRECT IT WERE IT IS IT OVER WHAT IS ALL ARE I'M THREE AND FROM ACTUALLY CAN NEED YOU MIGHT NEED ONE I IN THIS ID OR SEARCH IF LIKELY 
LOG (lattice-best-path[5.5.925~1-ded7b]:main():lattice-best-path.cc:99) For utterance b_2_40_13_47_96, best cost 135.63 + 4636.35 = 4771.98 over 781 frames.
b_2_40_13_47_96 THE ROUGHLY MORE THEM BY THAT ALL SED LIKELY YOU WE NOT NEED BETTER THIS CORPUS 
LOG (lattice-best-path[5.5.925~1-ded7b]:main():lattice-best-path.cc:99) For utterance b_2_423_90_446_33, best cost 430.909 + 13481.2 = 13912.1 over 2241 frames.
b_2_423_90_446_33 WHY A SET ACTUALLY A PER QUITE IS ACTUALLY IMPORTANT SO KNOW WE IS DOT WE SPEAKER AS WE NEW TO WILL END IN THE NEED YOU SCRIPTS FOR CALLED ID MOST LIKELY YOU IT NEED TO USE EXISTING BY VERY SET TWO IN DIRECT WITH TO OUT WE FILES AND IN READ WE 
LOG (lattice-best-path[5.5.925~1-ded7b]:main():lattice-best-path.cc:99) For utterance b_2_446_34_458_29, best cost 211.098 + 7075.62 = 7286.72 over 1193 frames.
b_2_446_34_458_29 CHECK IF THREE WHAT TO ARE IS THE TO SEE WOULD NEED TO GO TO THE IS BE DIRECTORIES AND SEE TO THIS ANYTHING WOULD YOU WALL IN USE 
LOG (lattice-best-path[5.5.925~1-ded7b]:main():lattice-best-path.cc:99) For utterance b_2_459_55_472_46, best cost 225.311 + 7811.8 = 8037.11 over 1289 frames.
b_2_459_55_472_46 IF USUALLY THINK THAT SOME PROBLEM ONLY DOES WOULD YET IN CAN AROUND THIS PROBLEM WITHOUT ANY AN TO WE MEANS AND SEE THE FILE 
LOG (lattice-best-path[5.5.925~1-ded7b]:main():lattice-best-path.cc:99) For utterance b_2_473_82_488_02, best cost 199.917 + 8168.08 = 8368 over 1418 frames.
b_2_473_82_488_02 IT TOTAL WE WOULD ACTUALLY LINES DECODE FEATURES IS G NUMBER IS MODEL THEN AND IT TOTAL YOU HOW TO RUN AND 
LOG (lattice-best-path[5.5.925~1-ded7b]:main():lattice-best-path.cc:99) For utterance b_2_488_35_499_75, best cost 170.348 + 6460.63 = 6630.97 over 1138 frames.
b_2_488_35_499_75 SO USED SEE THAT SEE IN THIS CASE YOU CAN SPECIFY ZERO OPTION IT'S AND YOU ARE AND FROM HERE 
LOG (lattice-best-path[5.5.925~1-ded7b]:main():lattice-best-path.cc:99) For utterance b_2_48_81_57_00, best cost 85.1359 + 4794.01 = 4879.15 over 817 frames.
b_2_48_81_57_00 ONE LET'S CHECK WOULD NICOLAS IN THE EXAMPLE DIRECTORY 
LOG (lattice-best-path[5.5.925~1-ded7b]:main():lattice-best-path.cc:99) For utterance b_2_499_76_505_12, best cost 100.957 + 3347.39 = 3448.34 over 534 frames.
b_2_499_76_505_12 IN ANY TO SPECIFY THAT MODEL IN F LIST SEE FROM AND 
LOG (lattice-best-path[5.5.925~1-ded7b]:main():lattice-best-path.cc:99) For utterance b_2_4_47_8_89, best cost 105.766 + 2730.9 = 2836.66 over 440 frames.
b_2_4_47_8_89 AS YOU CAN SEE INVERSE TO WILL DIRECTORY SET THE DOT OF LOCAL D 
LOG (lattice-best-path[5.5.925~1-ded7b]:main():lattice-best-path.cc:99) For utterance b_2_506_42_516_32, best cost 107.456 + 5610.24 = 5717.7 over 988 frames.
b_2_506_42_516_32 AND SERVER WILL ACTUALLY SORRY ONE ARE SPECIFY I SPECIFY 
LOG (lattice-best-path[5.5.925~1-ded7b]:main():lattice-best-path.cc:99) For utterance b_2_516_33_534_34, best cost 263.787 + 10570.1 = 10833.9 over 1799 frames.
b_2_516_33_534_34 RUNS FOR ARE BRING SPECIFY IN IS THAT IT IT'S SOME STRING WHICH WOULD DESCRIBED HOW TO READ INSTALLATION HOW TO EITHER INPUT RECOGNITION FOR THIS PROBLEM 
LOG (lattice-best-path[5.5.925~1-ded7b]:main():lattice-best-path.cc:99) For utterance b_2_534_35_546_40, best cost 214.891 + 7292.17 = 7507.06 over 1203 frames.
b_2_534_35_546_40 DONE WE SPECIFY USE WRITE IT SPECIFY ARE MEANS THE SOME STRING WHICH DESCRIBED SELECT HOW TO ALRIGHT THE OUTPUT WE AS COMMON 
LOG (lattice-best-path[5.5.925~1-ded7b]:main():lattice-best-path.cc:99) For utterance b_2_546_41_555_60, best cost 176.819 + 5585.41 = 5762.23 over 917 frames.
b_2_546_41_555_60 IN THIS CASE IT CODE BE WORDS MADE IS FILE WHICH DESCRIBED WHERE TO ALRIGHT THE DECODE WORDS FROM THE FEATURES 
LOG (lattice-best-path[5.5.925~1-ded7b]:main():lattice-best-path.cc:99) For utterance b_2_555_61_567_88, best cost 190.758 + 6985.17 = 7175.93 over 1225 frames.
b_2_555_61_567_88 AND ALSO DO LINES AND SPECIFY ARE ARE WHERE LINES TO BE WAY TEN WERE THAT SPECIFY VARIABLE BE WE TEN 
LOG (lattice-best-path[5.5.925~1-ded7b]:main():lattice-best-path.cc:99) For utterance b_2_567_90_583_31, best cost 263.507 + 9298.77 = 9562.27 over 1539 frames.
b_2_567_90_583_31 THIS CORRECT YES WE MODE IN ONLY STRANGE OWN OWN THREE QUITE DIRECTORY SO IF YOU DON'T SPECIFY IT I LINES ALRIGHT IS THE THE WE WILL NOT BE WE TEN 
LOG (lattice-best-path[5.5.925~1-ded7b]:main():lattice-best-path.cc:99) For utterance b_2_583_32_592_59, best cost 144.334 + 5517.05 = 5661.38 over 925 frames.
b_2_583_32_592_59 IF DIDN'T SPECIFY YOU WORDS SPECIFY ARE THE TO WILL FIELD BECAUSE THIS DIRECTORIES TO QUITE 
LOG (lattice-best-path[5.5.925~1-ded7b]:main():lattice-best-path.cc:99) For utterance b_2_595_06_605_03, best cost 144.324 + 5893.4 = 6037.73 over 995 frames.
b_2_595_06_605_03 AND YOU CAN SEE SIMPLER ARE STRUCTURE MEAN WILL ITEMS MADE OTHER IN DIRECTORY IS 
LOG (lattice-best-path[5.5.925~1-ded7b]:main():lattice-best-path.cc:99) For utterance b_2_59_50_64_29, best cost 56.6299 + 2709.79 = 2766.42 over 477 frames.
b_2_59_50_64_29 THE ARE NOT OF OTHER DIRECTORIES 
LOG (lattice-best-path[5.5.925~1-ded7b]:main():lattice-best-path.cc:99) For utterance b_2_614_15_632_14, best cost 309.552 + 10636.9 = 10946.4 over 1797 frames.
b_2_614_15_632_14 AND THIS BE IN DIRECT IT DOESN'T REASON TO ANY PART IN TO I THREE BUT IT CONTAINS MINI USE AN ONE IS SUCH IS CAN TO TO VERY IT D FIND THE MENTIONED WHAT TEXT AND SO ON 
LOG (lattice-best-path[5.5.925~1-ded7b]:main():lattice-best-path.cc:99) For utterance b_2_637_81_642_27, best cost 58.2897 + 2566.64 = 2624.93 over 444 frames.
b_2_637_81_642_27 OKAY D THINK THAT SED IT 
LOG (lattice-best-path[5.5.925~1-ded7b]:main():lattice-best-path.cc:99) For utterance b_2_643_37_649_65, best cost 127.493 + 3761.27 = 3888.76 over 626 frames.
b_2_643_37_649_65 THE NEXT VIDEO WILL START TO WORK OF NOW WERE FIRST SPEECH RECOGNITION SYSTEM 
LOG (lattice-best-path[5.5.925~1-ded7b]:main():lattice-best-path.cc:99) For utterance b_2_649_80_652_86, best cost 40.9222 + 1720.12 = 1761.05 over 304 frames.
b_2_649_80_652_86 SEE WITH NEXT VIDEO 
LOG (lattice-best-path[5.5.925~1-ded7b]:main():lattice-best-path.cc:99) For utterance b_2_65_58_69_11, best cost 57.879 + 2056.38 = 2114.26 over 351 frames.
b_2_65_58_69_11 THIS DIRECTORY SOME CALLED RECIPE IS 
LOG (lattice-best-path[5.5.925~1-ded7b]:main():lattice-best-path.cc:99) For utterance b_2_69_20_83_11, best cost 236.247 + 8217.68 = 8453.93 over 1389 frames.
b_2_69_20_83_11 FEATURE THEN CONTAINS THE DESCRIPTION OF THE PER AS US TO BE WILL IT I IS ARE SYSTEM USING ONE CORPUS OR SERVER ALL COPY IT AGAIN 
LOG (lattice-scale[5.5.925~1-ded7b]:main():lattice-scale.cc:107) Done 119 lattices.
LOG (lattice-best-path[5.5.925~1-ded7b]:main():lattice-best-path.cc:99) For utterance b_2_83_12_105_02, best cost 390.233 + 13105.6 = 13495.8 over 2188 frames.
b_2_83_12_105_02 AND MOST SO IMPORTANT OF THE ONE ARE EH DONE WILL WE AS G WHICH DESCRIBED IS THE ALL STREET JOURNAL PASTE ARE SYSTEM OR VERY START PASTE OF THE ALL STREET JOURNAL CORPUS WHICH IS WAY COPY ARE WE CHECK DATA SET FOR SPEECH RECOGNITION 
LOG (lattice-best-path[5.5.925~1-ded7b]:main():lattice-best-path.cc:99) For utterance b_2_8_90_21_48, best cost 200.107 + 7575.73 = 7775.84 over 1256 frames.
b_2_8_90_21_48 MOST IMPORTANT OF THEN ARE TO DIRECT WE TO EXAMPLE SCRIPTS FOR DON'T IT OF I IS I SYSTEMS USING VARIOUS COPY ARE 
LOG (lattice-add-penalty[5.5.925~1-ded7b]:main():lattice-add-penalty.cc:62) Done adding word insertion penalty to 119 lattices.
LOG (lattice-best-path[5.5.925~1-ded7b]:main():lattice-best-path.cc:124) Overall cost per frame is 6.15699 = 0.16594 [graph] + 5.99105 [acoustic] over 94747 frames.
LOG (lattice-best-path[5.5.925~1-ded7b]:main():lattice-best-path.cc:128) Done 119 lattices, failed for 0
# Accounting: time=0 threads=1
# Ended (code 0) at Tue Jul 13 13:24:17 CEST 2021, elapsed time 0 seconds
