# lattice-scale --inv-acoustic-scale=16 "ark:gunzip -c exp/tri1/decode/lat.*.gz|" ark:- | lattice-add-penalty --word-ins-penalty=0.5 ark:- ark:- | lattice-best-path --word-symbol-table=exp/tri1/graph/words.txt ark:- ark,t:exp/tri1/decode/scoring/16.0.5.tra 
# Started at Tue Jul 13 13:24:18 CEST 2021
#
lattice-best-path --word-symbol-table=exp/tri1/graph/words.txt ark:- ark,t:exp/tri1/decode/scoring/16.0.5.tra 
lattice-add-penalty --word-ins-penalty=0.5 ark:- ark:- 
lattice-scale --inv-acoustic-scale=16 'ark:gunzip -c exp/tri1/decode/lat.*.gz|' ark:- 
LOG (lattice-best-path[5.5.925~1-ded7b]:main():lattice-best-path.cc:99) For utterance a_1_0_00_3_10, best cost 42.8715 + 1820.71 = 1863.58 over 308 frames.
a_1_0_00_3_10 EVERY ONE MAPPING ALL 
LOG (lattice-best-path[5.5.925~1-ded7b]:main():lattice-best-path.cc:99) For utterance a_1_100_57_108_91, best cost 126.334 + 4661.41 = 4787.74 over 832 frames.
a_1_100_57_108_91 ALRIGHT SEARCH YOU SHOULD CHANGE EITHER DIRECTORY TRUE IT EXAMPLE SHARED DIRECTORY 
LOG (lattice-best-path[5.5.925~1-ded7b]:main():lattice-best-path.cc:99) For utterance a_1_11_88_15_85, best cost 72.3023 + 2369.21 = 2441.51 over 395 frames.
a_1_11_88_15_85 ALRIGHT DIRECTORIES CREATE DECODE INTENTION LINK 
LOG (lattice-best-path[5.5.925~1-ded7b]:main():lattice-best-path.cc:99) For utterance a_1_120_08_126_30, best cost 123.271 + 3717.57 = 3840.84 over 620 frames.
a_1_120_08_126_30 DON'T ITEMS ID THE SAME ALRIGHT WRITE IT'S I DIRECTORY SHOULD USE TO ALL 
LOG (lattice-best-path[5.5.925~1-ded7b]:main():lattice-best-path.cc:99) For utterance a_1_130_61_132_11, best cost 4.21213 + 706.117 = 710.329 over 148 frames.
a_1_130_61_132_11 
LOG (lattice-best-path[5.5.925~1-ded7b]:main():lattice-best-path.cc:99) For utterance a_1_132_12_134_00, best cost 52.2842 + 1146.89 = 1199.17 over 186 frames.
a_1_132_12_134_00 NOW WHEN TO NORMAL CONF 
LOG (lattice-best-path[5.5.925~1-ded7b]:main():lattice-best-path.cc:99) For utterance a_1_142_25_147_84, best cost 86.8123 + 3173.13 = 3259.94 over 557 frames.
a_1_142_25_147_84 TO IS ALL TO SOURCE AND IT'S ALSO TO DATA 
LOG (lattice-best-path[5.5.925~1-ded7b]:main():lattice-best-path.cc:99) For utterance a_1_147_85_154_10, best cost 156.597 + 3651.84 = 3808.44 over 623 frames.
a_1_147_85_154_10 WE JUST NEED TO RUN GET CLONE TO IT IT COPY OF THE AHA LOCAL TO SOURCE CALLED 
LOG (lattice-best-path[5.5.925~1-ded7b]:main():lattice-best-path.cc:99) For utterance a_1_18_07_24_79, best cost 165.193 + 4024.68 = 4189.87 over 670 frames.
a_1_18_07_24_79 CUT IS A TO IT FOR SPEECH RECOGNITION IT IS AND AND FOR SPEECH RECOGNITION TO SERVERS AND BASH MOST 
LOG (lattice-best-path[5.5.925~1-ded7b]:main():lattice-best-path.cc:99) For utterance a_1_224_41_227_54, best cost 42.2137 + 1803.68 = 1845.9 over 311 frames.
a_1_224_41_227_54 OKAY LINK OF FINISHED 
LOG (lattice-best-path[5.5.925~1-ded7b]:main():lattice-best-path.cc:99) For utterance a_1_228_65_235_92, best cost 71.8226 + 3936.76 = 4008.58 over 725 frames.
a_1_228_65_235_92 NOW WE HAVE CUT DIRECTORY BECAUSE THIRD 
LOG (lattice-best-path[5.5.925~1-ded7b]:main():lattice-best-path.cc:99) For utterance a_1_237_94_245_41, best cost 99.1461 + 4147.73 = 4246.87 over 745 frames.
a_1_237_94_245_41 YOU CAN SEE THE FILES THERE THE TOTAL LOCAL THREE 
LOG (lattice-best-path[5.5.925~1-ded7b]:main():lattice-best-path.cc:99) For utterance a_1_246_63_250_17, best cost 58.2633 + 2007.85 = 2066.12 over 352 frames.
a_1_246_63_250_17 NO CAN GO TO INSTALLATION STEP 
LOG (lattice-best-path[5.5.925~1-ded7b]:main():lattice-best-path.cc:99) For utterance a_1_24_80_32_22, best cost 169.076 + 4600.87 = 4769.95 over 740 frames.
a_1_24_80_32_22 ROUGHLY TO GET INSIDE DIFFERENT FOR THE SUCH HOW WHY VERY TO STILL VARIABLE TO IN THE IN TESTING 
LOG (lattice-best-path[5.5.925~1-ded7b]:main():lattice-best-path.cc:99) For utterance a_1_251_67_255_43, best cost 51.5588 + 2112.58 = 2164.14 over 374 frames.
a_1_251_67_255_43 THE TOTAL ARE OKAY 
LOG (lattice-best-path[5.5.925~1-ded7b]:main():lattice-best-path.cc:99) For utterance a_1_255_79_259_74, best cost 83.6129 + 2388.52 = 2472.13 over 393 frames.
a_1_255_79_259_74 DOT ALL STRUCTURE SURROUNDED IN THE INSTALLED FILE 
LOG (lattice-best-path[5.5.925~1-ded7b]:main():lattice-best-path.cc:99) For utterance a_1_259_82_261_02, best cost 33.8677 + 685.199 = 719.067 over 118 frames.
a_1_259_82_261_02 LET'S CHECK IT 
LOG (lattice-best-path[5.5.925~1-ded7b]:main():lattice-best-path.cc:99) For utterance a_1_264_37_273_53, best cost 192.449 + 5314.46 = 5506.91 over 914 frames.
a_1_264_37_273_53 TELLS DOES TO GO TO TOOLS PHONES OF STRUCTURE THERE ARE THE GO TO SEE SEE AND PHONES ALL AND STRUCTURE 
LOG (lattice-best-path[5.5.925~1-ded7b]:main():lattice-best-path.cc:99) For utterance a_1_274_88_279_23, best cost 55.7749 + 2382.21 = 2437.98 over 433 frames.
a_1_274_88_279_23 LET'S CLONE TO LOOP LET'S 
LOG (lattice-best-path[5.5.925~1-ded7b]:main():lattice-best-path.cc:99) For utterance a_1_279_96_290_47, best cost 205.432 + 6168.33 = 6373.76 over 1049 frames.
a_1_279_96_290_47 IT IS A DIRECTORY CONTAINS SCRIPTS TO INSTALLED ADDITIONAL THIRD PART TO TELLS NEED IT FOR COPY OR THE CUT AS IS 
LOG (lattice-best-path[5.5.925~1-ded7b]:main():lattice-best-path.cc:99) For utterance a_1_290_97_292_22, best cost 43.9969 + 785.177 = 829.174 over 123 frames.
a_1_290_97_292_22 TOTAL THE MADE ARE 
LOG (lattice-best-path[5.5.925~1-ded7b]:main():lattice-best-path.cc:99) For utterance a_1_306_34_313_46, best cost 153.523 + 4147.39 = 4300.91 over 710 frames.
a_1_306_34_313_46 SO FIRST THING KEPT WHEN TO TO WE STORED THIS SCRIPT TO CHECK DATA AND IT'S IT'S 
LOG (lattice-best-path[5.5.925~1-ded7b]:main():lattice-best-path.cc:99) For utterance a_1_319_69_324_25, best cost 75.2947 + 2656.33 = 2731.62 over 454 frames.
a_1_319_69_324_25 LISTED CUT OF FOR PRINTS WE CAN 
LOG (lattice-best-path[5.5.925~1-ded7b]:main():lattice-best-path.cc:99) For utterance a_1_32_28_39_15, best cost 178.883 + 4213.45 = 4392.33 over 685 frames.
a_1_32_28_39_15 IF D WE G WE COMMON YEAH AND WOULD WORK ONE SPEECH TRADITION THERE MOST ID THEO DATA USE COPY 
LOG (lattice-best-path[5.5.925~1-ded7b]:main():lattice-best-path.cc:99) For utterance a_1_346_07_355_21, best cost 166.182 + 5094.83 = 5261.01 over 912 frames.
a_1_346_07_355_21 NOW WE CAN RUN MAKE IT ONE STAR ALL NOT STREET TOOLS IT ONE OF CAN TO EACH 
LOG (lattice-best-path[5.5.925~1-ded7b]:main():lattice-best-path.cc:99) For utterance a_1_355_22_362_53, best cost 141.017 + 4115.38 = 4256.4 over 729 frames.
a_1_355_22_362_53 IT I'M AS WE HAVE I CAN DIRECTORY SHOULD ID FOR LET'S CODE SEE PER SHOULD 
LOG (lattice-best-path[5.5.925~1-ded7b]:main():lattice-best-path.cc:99) For utterance a_1_364_38_380_40, best cost 288.064 + 8909.68 = 9197.75 over 1600 frames.
a_1_364_38_380_40 AND IT WOULD BE PROPER TO JUST ABLE IT SPEAKER US IN CUT BE WE YOU WILL CAN FILE WELL TO FILES AND WILL QUICKLY AN OUT OF SPLIT IS SPACE FOR BASH 
LOG (lattice-best-path[5.5.925~1-ded7b]:main():lattice-best-path.cc:99) For utterance a_1_392_69_400_08, best cost 120.386 + 4147.36 = 4267.74 over 737 frames.
a_1_392_69_400_08 WILL THIS TO ABLE THERE CAN BACK ARE SHOULD BY RECORDING VARIABLE 
LOG (lattice-best-path[5.5.925~1-ded7b]:main():lattice-best-path.cc:99) For utterance a_1_3_11_6_08, best cost 79.8533 + 1870.78 = 1950.63 over 295 frames.
a_1_3_11_6_08 I WILL DIFFERENT I WHAT CAPITAL DID THIS WALL 
LOG (lattice-best-path[5.5.925~1-ded7b]:main():lattice-best-path.cc:99) For utterance a_1_400_97_403_16, best cost 54.0561 + 1311.09 = 1365.14 over 217 frames.
a_1_400_97_403_16 SPEAKER TO SAVE LOCAL SO ONE 
LOG (lattice-best-path[5.5.925~1-ded7b]:main():lattice-best-path.cc:99) For utterance a_1_403_81_408_78, best cost 95.8042 + 2797.12 = 2892.92 over 495 frames.
a_1_403_81_408_78 NOW WE CAN AND MAKE CUT FILE THE A TOOLS 
LOG (lattice-best-path[5.5.925~1-ded7b]:main():lattice-best-path.cc:99) For utterance a_1_409_66_419_30, best cost 161.215 + 5445.23 = 5606.44 over 962 frames.
a_1_409_66_419_30 AND WE WELL USE TRAIN OPTION WHICH TELLS MAKE TO RUN SERVER ALL CAN TRADITION POSSIBLE 
LOG (lattice-best-path[5.5.925~1-ded7b]:main():lattice-best-path.cc:99) For utterance a_1_40_83_46_72, best cost 120.596 + 3386.49 = 3507.08 over 587 frames.
a_1_40_83_46_72 IN THE NEXT LINK USE I WILL ONLY TO WILL CUT BEFORE TIMES TUTORIAL 
LOG (lattice-best-path[5.5.925~1-ded7b]:main():lattice-best-path.cc:99) For utterance a_1_420_28_426_62, best cost 95.2762 + 3590.76 = 3686.04 over 632 frames.
a_1_420_28_426_62 IT IS YOU DID FOR FOR INSTALLATION AND FILES FOR 
LOG (lattice-best-path[5.5.925~1-ded7b]:main():lattice-best-path.cc:99) For utterance a_1_426_89_440_27, best cost 198.566 + 7310.6 = 7509.17 over 1336 frames.
a_1_426_89_440_27 SINCE WE TO HAVE IT'S WE HAVE FOR G SPEAKERS OF THE SERVER WE CAN RUN MAKE WITH FOR TO ID FILE JUMP SEE 
LOG (lattice-best-path[5.5.925~1-ded7b]:main():lattice-best-path.cc:99) For utterance a_1_471_46_476_70, best cost 73.7653 + 2983.19 = 3056.95 over 522 frames.
a_1_471_46_476_70 OKAY YOU WE SEE EVERYTHING END WELL 
LOG (lattice-best-path[5.5.925~1-ded7b]:main():lattice-best-path.cc:99) For utterance a_1_477_89_480_55, best cost 36.7836 + 1535.85 = 1572.64 over 264 frames.
a_1_477_89_480_55 TOOLS AND DURATION 
LOG (lattice-best-path[5.5.925~1-ded7b]:main():lattice-best-path.cc:99) For utterance a_1_480_56_483_47, best cost 46.3191 + 1687.14 = 1733.46 over 289 frames.
a_1_480_56_483_47 NOW LET'S CODE AN 
LOG (lattice-best-path[5.5.925~1-ded7b]:main():lattice-best-path.cc:99) For utterance a_1_483_48_485_74, best cost 64.5139 + 1378.71 = 1443.23 over 224 frames.
a_1_483_48_485_74 EITHER SEE STANDS FOR SOURCE CODE 
LOG (lattice-best-path[5.5.925~1-ded7b]:main():lattice-best-path.cc:99) For utterance a_1_485_99_488_85, best cost 63.5531 + 1602.03 = 1665.58 over 284 frames.
a_1_485_99_488_85 IS THE ACTUAL CODE OF COOL THE 
LOG (lattice-best-path[5.5.925~1-ded7b]:main():lattice-best-path.cc:99) For utterance a_1_491_86_495_38, best cost 57.0398 + 2036.42 = 2093.46 over 350 frames.
a_1_491_86_495_38 READ IT INSTALLATION FROM SHOULD 
LOG (lattice-best-path[5.5.925~1-ded7b]:main():lattice-best-path.cc:99) For utterance a_1_497_01_504_46, best cost 87.0097 + 4076.71 = 4163.72 over 743 frames.
a_1_497_01_504_46 IT DURATION STAR SHOULD OTHER CURRENT YOUR SCRIPT 
LOG (lattice-best-path[5.5.925~1-ded7b]:main():lattice-best-path.cc:99) For utterance a_1_50_04_61_06, best cost 168.847 + 6280.44 = 6449.29 over 1100 frames.
a_1_50_04_61_06 OFTEN PRINT REDIRECTION TUTORIAL LISTS IN DIRECTORY CURRENT IT'S FOR INSTALLATION USE WHICH CUT SEE 
LOG (lattice-best-path[5.5.925~1-ded7b]:main():lattice-best-path.cc:99) For utterance a_1_515_64_525_58, best cost 187.68 + 5636.68 = 5824.36 over 992 frames.
a_1_515_64_525_58 AND HERE EVERY SERVER NOT FOUND AROUND I TIMES WE HAVE AFTER TO FIVE READ CALLED UTTERANCE WE TO USE IT 
LOG (lattice-best-path[5.5.925~1-ded7b]:main():lattice-best-path.cc:99) For utterance a_1_540_66_545_01, best cost 77.1377 + 2382.52 = 2459.66 over 433 frames.
a_1_540_66_545_01 NOW WE SEE IT CLONE WITH COPY OVER IS 
LOG (lattice-best-path[5.5.925~1-ded7b]:main():lattice-best-path.cc:99) For utterance a_1_545_02_553_17, best cost 165.559 + 4576.51 = 4742.06 over 813 frames.
a_1_545_02_553_17 WE ACTUALLY SHOULD IS TO WILL COMMON BECAUSE IT'S ONLY NEEDED TO TRAINING AND WORKS SO FOR IT'S NOT NEED 
LOG (lattice-best-path[5.5.925~1-ded7b]:main():lattice-best-path.cc:99) For utterance a_1_555_76_560_72, best cost 105.96 + 2889.45 = 2995.41 over 494 frames.
a_1_555_76_560_72 ARE TO TO IT WE OF CODE COPY SCRIPT WITH FILE OPTION 
LOG (lattice-best-path[5.5.925~1-ded7b]:main():lattice-best-path.cc:99) For utterance a_1_564_61_568_28, best cost 69.3981 + 2081 = 2150.4 over 365 frames.
a_1_564_61_568_28 WE WOULD WAS COMMON IF ALL TO IT'S 
LOG (lattice-best-path[5.5.925~1-ded7b]:main():lattice-best-path.cc:99) For utterance a_1_568_46_572_69, best cost 55.401 + 2367.81 = 2423.21 over 421 frames.
a_1_568_46_572_69 WILL CHANGED OPTION TO KNOW 
LOG (lattice-best-path[5.5.925~1-ded7b]:main():lattice-best-path.cc:99) For utterance a_1_587_19_597_74, best cost 154.87 + 5954.13 = 6109 over 1053 frames.
a_1_587_19_597_74 TO HAVE TO SUCCESSFULLY TO PART NOW LOOK IN COMPARE LOCAL IT TO THIS TO MAKE COMMANDS 
LOG (lattice-best-path[5.5.925~1-ded7b]:main():lattice-best-path.cc:99) For utterance a_1_601_31_607_60, best cost 106.782 + 3665.74 = 3772.53 over 627 frames.
a_1_601_31_607_60 AND WE SPECIFY THING FOR TO PER OPTION IT'S FOR THE RECOGNITION 
LOG (lattice-best-path[5.5.925~1-ded7b]:main():lattice-best-path.cc:99) For utterance a_1_62_14_72_77, best cost 207.004 + 6241.22 = 6448.23 over 1061 frames.
a_1_62_14_72_77 WILL USE I'M AS SERVER TO IN STOP USE CUT D THERE FOR WHICH RECORDING DOT THE REQUIREMENT EVERYTHING SHOULD BE ID THERE 
LOG (lattice-best-path[5.5.925~1-ded7b]:main():lattice-best-path.cc:99) For utterance a_1_638_18_641_05, best cost 44.7888 + 1594.26 = 1639.05 over 285 frames.
a_1_638_18_641_05 ALL CASE IT'S AS ONE 
LOG (lattice-best-path[5.5.925~1-ded7b]:main():lattice-best-path.cc:99) For utterance a_1_641_06_643_95, best cost 61.4099 + 1696.19 = 1757.6 over 287 frames.
a_1_641_06_643_95 IT MEANS EVERYTHING AND WILL AGAIN 
LOG (lattice-best-path[5.5.925~1-ded7b]:main():lattice-best-path.cc:99) For utterance a_1_643_96_648_87, best cost 83.4248 + 2896.84 = 2980.27 over 489 frames.
a_1_643_96_648_87 WE HAVE CAN SUCCESSFULLY DON'T DON'T CURRENT COPY 
LOG (lattice-best-path[5.5.925~1-ded7b]:main():lattice-best-path.cc:99) For utterance a_1_648_88_651_77, best cost 52.1075 + 1641.87 = 1693.98 over 287 frames.
a_1_648_88_651_77 NOW IT STREET FOR YES 
LOG (lattice-best-path[5.5.925~1-ded7b]:main():lattice-best-path.cc:99) For utterance a_1_651_86_659_83, best cost 129.177 + 4497.52 = 4626.69 over 795 frames.
a_1_651_86_659_83 AND WE CAN GO TO TO TEXT PART OF CUT TUTORIAL COPY DIRECTORIES DIRECTORY 
LOG (lattice-best-path[5.5.925~1-ded7b]:main():lattice-best-path.cc:99) For utterance a_1_659_84_662_30, best cost 42.3246 + 1343.72 = 1386.05 over 244 frames.
a_1_659_84_662_30 STILL THE NEXT VIDEO 
LOG (lattice-best-path[5.5.925~1-ded7b]:main():lattice-best-path.cc:99) For utterance a_1_6_98_11_87, best cost 129.739 + 3016.17 = 3145.91 over 487 frames.
a_1_6_98_11_87 DIRECTORIES TOTAL THE SHOULD LET'S ITEM COPY HUNDRED THE SHARED SOME NOT LOOK 
LOG (lattice-best-path[5.5.925~1-ded7b]:main():lattice-best-path.cc:99) For utterance a_1_72_78_77_55, best cost 105.426 + 2911.06 = 3016.49 over 475 frames.
a_1_72_78_77_55 TO CORRECTLY SERVER USE TO NOW PREPARATION AND IS TO EACH COMMAND 
LOG (lattice-best-path[5.5.925~1-ded7b]:main():lattice-best-path.cc:99) For utterance a_1_80_11_86_02, best cost 82.1889 + 3323.59 = 3405.78 over 589 frames.
a_1_80_11_86_02 LIST I THIS IS I ACTUALLY WERE AGAIN 
LOG (lattice-best-path[5.5.925~1-ded7b]:main():lattice-best-path.cc:99) For utterance a_1_86_03_93_49, best cost 107.444 + 4300.17 = 4407.61 over 744 frames.
a_1_86_03_93_49 THEN THE NAME OF THE SERVER IT'S PHOENIX TIMES YOU ACTUALLY 
LOG (lattice-best-path[5.5.925~1-ded7b]:main():lattice-best-path.cc:99) For utterance b_2_0_03_4_44, best cost 80.6054 + 2660.11 = 2740.72 over 439 frames.
b_2_0_03_4_44 IN THIS VIDEO WILL TO MAINLY NOT TO DIRECTORIES 
LOG (lattice-best-path[5.5.925~1-ded7b]:main():lattice-best-path.cc:99) For utterance b_2_105_03_114_90, best cost 162.553 + 5617.4 = 5779.95 over 985 frames.
b_2_105_03_114_90 AND ANOTHER ONE IS MINI SPEECH WHICH SERVERS TELLS THE MADE EXAMPLE OF BORING PROCEED IS ANOTHER 
LOG (lattice-best-path[5.5.925~1-ded7b]:main():lattice-best-path.cc:99) For utterance b_2_115_20_127_49, best cost 189.227 + 6790.84 = 6980.07 over 1227 frames.
b_2_115_20_127_49 DONE WILL TO LOCAL OUT MINI SPEECH AS TO THE NEXT MODEL WE CAN IT ABLE IN ALL STREET JOURNAL RECIPE 
LOG (lattice-best-path[5.5.925~1-ded7b]:main():lattice-best-path.cc:99) For utterance b_2_129_48_136_95, best cost 124.807 + 4302.84 = 4427.65 over 745 frames.
b_2_129_48_136_95 SO IS YOU CAN SAY THE REASON AS FIVE DIRECTORY EACH OF THE RECIPE 
LOG (lattice-best-path[5.5.925~1-ded7b]:main():lattice-best-path.cc:99) For utterance b_2_136_96_148_79, best cost 204.242 + 6554.79 = 6759.03 over 1181 frames.
b_2_136_96_148_79 TIME TO DOESN'T IN ANYTHING MOST LIKELY IF YOU LOOP FOR TRAINING OTHER RECIPE AGAIN IT ALL BE ALSO AND AS FIVE 
LOG (lattice-best-path[5.5.925~1-ded7b]:main():lattice-best-path.cc:99) For utterance b_2_151_10_159_65, best cost 102.389 + 4520.1 = 4622.49 over 853 frames.
b_2_151_10_159_65 SOME RECIPE STORE EXAMPLE THEO HAVE SEND ALL DIRECTORIES 
LOG (lattice-best-path[5.5.925~1-ded7b]:main():lattice-best-path.cc:99) For utterance b_2_159_66_169_80, best cost 181.171 + 5554.57 = 5735.74 over 1012 frames.
b_2_159_66_169_80 TO CAN IT SEE THAT DIRECTORIES DON'T TO DIFFERENT READ IT'S OF THE REST ONE DIFFERENT MENTIONS OF REST 
LOG (lattice-best-path[5.5.925~1-ded7b]:main():lattice-best-path.cc:99) For utterance b_2_171_54_176_67, best cost 93.3906 + 2885.05 = 2978.44 over 511 frames.
b_2_171_54_176_67 I THINK THAT IS IN AND FROM ACTUALLY DOT EXAMPLE IS 
LOG (lattice-best-path[5.5.925~1-ded7b]:main():lattice-best-path.cc:99) For utterance b_2_178_55_185_67, best cost 114.182 + 3911.6 = 4025.78 over 710 frames.
b_2_178_55_185_67 IT CAN GO TO THE SOURCE CALLED DATA LOOK AND WE IT'S CONTENTS 
LOG (lattice-best-path[5.5.925~1-ded7b]:main():lattice-best-path.cc:99) For utterance b_2_185_96_200_94, best cost 226.761 + 7989.05 = 8215.81 over 1496 frames.
b_2_185_96_200_94 SO WE SEE ALREADY THE CAN SPEAKERS SCRIPT WHICH TO IS THE HOW D TO BE ARE ON ALSO TO SYSTEM ON ARE SYSTEM FOR EXAMPLE 
LOG (lattice-best-path[5.5.925~1-ded7b]:main():lattice-best-path.cc:99) For utterance b_2_200_95_218_31, best cost 212.336 + 9306.62 = 9518.96 over 1734 frames.
b_2_200_95_218_31 IT ALSO HAS SED DOCUMENTATION DIRECTORY D AND I'M AND MANY MORE DIRECTORIES WHICH CAN BE ID EVALUATE TO TO TO LOOKS 
LOG (lattice-best-path[5.5.925~1-ded7b]:main():lattice-best-path.cc:99) For utterance b_2_218_32_234_63, best cost 236.036 + 8880.47 = 9116.51 over 1629 frames.
b_2_218_32_234_63 ONE OF THEM OVER LIKELY DIRECTORIES TO EXAMPLE OTHER EACH AGAIN IS THE LIKELY WITH DIRECTORIES FOR DIDN'T OF MODEL I'M OPTION IT'S 
LOG (lattice-best-path[5.5.925~1-ded7b]:main():lattice-best-path.cc:99) For utterance b_2_21_49_25_06, best cost 74.6334 + 2047.6 = 2122.23 over 355 frames.
b_2_21_49_25_06 SEE SEE WITH ACTUALLY LOCAL TO SOURCE CALLED 
LOG (lattice-best-path[5.5.925~1-ded7b]:main():lattice-best-path.cc:99) For utterance b_2_236_00_247_45, best cost 211.377 + 6576.91 = 6788.29 over 1143 frames.
b_2_236_00_247_45 END WE THESE OUT OF CAN TRADITION IS THIS LINK OUT WHICH AND DATA SO FILE WHICH IS BY WE LIKELY FILE IN LINKS 
LOG (lattice-best-path[5.5.925~1-ded7b]:main():lattice-best-path.cc:99) For utterance b_2_247_46_264_98, best cost 301.983 + 9767.11 = 10069.1 over 1750 frames.
b_2_247_46_264_98 AS ALL STANDS FOR SHARED ONLY IT'S IT'S ID JUST BREAKS ALL THE END FROM SHOULD IT'S AND ONLY IT'S FROM THIS SEE US TO HAVE INVERSE FILES AS A BY END FILE 
LOG (lattice-best-path[5.5.925~1-ded7b]:main():lattice-best-path.cc:99) For utterance b_2_25_07_35_00, best cost 135.113 + 5427.85 = 5562.96 over 991 frames.
b_2_25_07_35_00 AND TOOLS WITH ADDITIONAL TOOLS AND COMMENTS NEEDED TO ONE THE RECIPE IS 
LOG (lattice-best-path[5.5.925~1-ded7b]:main():lattice-best-path.cc:99) For utterance b_2_266_21_273_05, best cost 88.3307 + 3789.17 = 3877.5 over 682 frames.
b_2_266_21_273_05 ENCOURAGE USE THIS BACK IT DIRECTORIES WE NEED CONTENTS 
LOG (lattice-best-path[5.5.925~1-ded7b]:main():lattice-best-path.cc:99) For utterance b_2_273_06_285_50, best cost 173.223 + 6991.65 = 7164.87 over 1242 frames.
b_2_273_06_285_50 DOT STAR ALSO CALLED DIRECTORIES IN LINKS AND THE TO ARE STORED IN DIRECTORIES IN COPY 
LOG (lattice-best-path[5.5.925~1-ded7b]:main():lattice-best-path.cc:99) For utterance b_2_285_51_300_59, best cost 228.845 + 8203 = 8431.84 over 1506 frames.
b_2_285_51_300_59 EXAMPLE WE CAN WE WILL USE D NAME BEGINNING ONE AS WHICH ARE COMMENTS OR LIKELY IS WORKING WITH TELLS AND ACTUALLY MODEL 
LOG (lattice-best-path[5.5.925~1-ded7b]:main():lattice-best-path.cc:99) For utterance b_2_306_90_317_17, best cost 195.198 + 5639.77 = 5834.97 over 1025 frames.
b_2_306_90_317_17 SO EASIER YOU CAN SEE SEE SEE FILES WHICH PROCEED DOES RUNS CODE OR SEE TELLS FILES TO SOURCE CODE FILES 
LOG (lattice-best-path[5.5.925~1-ded7b]:main():lattice-best-path.cc:99) For utterance b_2_317_18_324_52, best cost 99.7651 + 3870.85 = 3970.61 over 732 frames.
b_2_317_18_324_52 SOME THE SHOULD BE SOME TO FILES TO DIDN'T SEE THEN 
LOG (lattice-best-path[5.5.925~1-ded7b]:main():lattice-best-path.cc:99) For utterance b_2_325_28_334_10, best cost 145.643 + 4969.46 = 5115.11 over 880 frames.
b_2_325_28_334_10 ALL OKAY I THINK WHICH FILES ONLY USE TO THE LIKELY IS EXAMPLE IN G AGAIN DIRECTORY 
LOG (lattice-best-path[5.5.925~1-ded7b]:main():lattice-best-path.cc:99) For utterance b_2_336_29_338_85, best cost 26.4767 + 1287.83 = 1314.31 over 254 frames.
b_2_336_29_338_85 I THIS ONE 
LOG (lattice-best-path[5.5.925~1-ded7b]:main():lattice-best-path.cc:99) For utterance b_2_339_20_353_95, best cost 247.504 + 8135.72 = 8383.22 over 1473 frames.
b_2_339_20_353_95 AND THESE USUALLY MAKE FILE WHICH DESCRIBED US I THAT AWK CHECKS WHICH CAN BIT VALUES BASED THE FILES THE DIRECTORY AND HOW THE SHOULD BE PER USED 
LOG (lattice-best-path[5.5.925~1-ded7b]:main():lattice-best-path.cc:99) For utterance b_2_358_53_365_51, best cost 121.875 + 3869.31 = 3991.18 over 696 frames.
b_2_358_53_365_51 THE DON'T WE FILES OTHER SINCE AND IN OR DIDN'T NEED TO MODEL THEM 
LOG (lattice-best-path[5.5.925~1-ded7b]:main():lattice-best-path.cc:99) For utterance b_2_365_52_370_79, best cost 126.608 + 3092.98 = 3219.59 over 525 frames.
b_2_365_52_370_79 DOT OR IS ALSO SOME DIDN'T MORE IT'S ALL TOTAL DIFFERENT CAN DIRECTORY 
LOG (lattice-best-path[5.5.925~1-ded7b]:main():lattice-best-path.cc:99) For utterance b_2_370_80_378_44, best cost 113.426 + 4181.9 = 4295.32 over 762 frames.
b_2_370_80_378_44 MOST WE WOULD WE WILL BE YOU WORKING WITH IS BY THE FILES 
LOG (lattice-best-path[5.5.925~1-ded7b]:main():lattice-best-path.cc:99) For utterance b_2_379_78_383_53, best cost 70.1959 + 2045.01 = 2115.2 over 373 frames.
b_2_379_78_383_53 SOME TO LIKELY MANY DECODE SEND ALL 
LOG (lattice-best-path[5.5.925~1-ded7b]:main():lattice-best-path.cc:99) For utterance b_2_385_03_394_02, best cost 172.117 + 5122.05 = 5294.17 over 897 frames.
b_2_385_03_394_02 WE KNOW THAT WORKS WITH DOES IN ACTUALLY MODEL BECAUSE IS TESTING G OF WE MODE IT IS ALL TO 
LOG (lattice-best-path[5.5.925~1-ded7b]:main():lattice-best-path.cc:99) For utterance b_2_394_03_397_81, best cost 74.227 + 2106.41 = 2180.64 over 376 frames.
b_2_394_03_397_81 IT IS ALSO DO THE DECODING PARTS IS 
LOG (lattice-best-path[5.5.925~1-ded7b]:main():lattice-best-path.cc:99) For utterance b_2_397_82_423_89, best cost 391.16 + 14051.6 = 14442.7 over 2605 frames.
b_2_397_82_423_89 AND EITHER TEST IS JUST THE ADDITIONAL INSTALLATION DOT HOW WE DIRECT IT OVER IT IS IT OVER WHAT IS ALL ARE I'M THREE AND FROM ACTUALLY CAN NEED YOU MIGHT NEED ONE I IN THIS ID OR SEARCH IF LIKELY 
LOG (lattice-best-path[5.5.925~1-ded7b]:main():lattice-best-path.cc:99) For utterance b_2_40_13_47_96, best cost 117.44 + 4370.3 = 4487.74 over 781 frames.
b_2_40_13_47_96 ROUGHLY MORE THE WRITE ALSO LIKELY YOU WE NOT BETTER THIS CORPUS 
LOG (lattice-best-path[5.5.925~1-ded7b]:main():lattice-best-path.cc:99) For utterance b_2_423_90_446_33, best cost 386.645 + 12704.4 = 13091.1 over 2241 frames.
b_2_423_90_446_33 WHY IS ACTUALLY A QUITE IS ACTUALLY IMPORTANT SO KNOW RESULT WE SPEAKER AS WE NEW DIDN'T ADD VIDEO SCRIPTS FOR CALLED ID MOST LIKELY NEED TO USE EXISTING BY VERY SET TWO IN DIRECT WITHOUT WE FILES AND IN READY 
LOG (lattice-best-path[5.5.925~1-ded7b]:main():lattice-best-path.cc:99) For utterance b_2_446_34_458_29, best cost 211.569 + 6645.83 = 6857.4 over 1193 frames.
b_2_446_34_458_29 CHECK DIFFERENT WHAT PER IS THE TO SEE WOULD NEED GO TO THESE BE DIRECTORIES AND SEES THIS ANYTHING WOULD YOU WALL IN USE 
LOG (lattice-best-path[5.5.925~1-ded7b]:main():lattice-best-path.cc:99) For utterance b_2_459_55_472_46, best cost 237.811 + 7323.56 = 7561.38 over 1289 frames.
b_2_459_55_472_46 IF USUALLY THINK THAT SOME PROBLEM ONLY DOES WOULD YET IN CAN AROUND THIS PROBLEM WITHOUT ANY AN TO WE MEANS AND SEE THE FILE 
LOG (lattice-best-path[5.5.925~1-ded7b]:main():lattice-best-path.cc:99) For utterance b_2_473_82_488_02, best cost 203.161 + 7664.86 = 7868.02 over 1418 frames.
b_2_473_82_488_02 IT TOTAL WE WOULD ACTUALLY LINES DECODE FEATURES IS G NUMBER IS MODEL THEN AND IT TOTAL YOU HOW TO WHAT 
LOG (lattice-best-path[5.5.925~1-ded7b]:main():lattice-best-path.cc:99) For utterance b_2_488_35_499_75, best cost 180.348 + 6056.84 = 6237.19 over 1138 frames.
b_2_488_35_499_75 SO USED SEE THAT SEE IN THIS CASE YOU CAN SPECIFY ZERO OPTION IT'S AND YOU ARE AND FROM HERE 
LOG (lattice-best-path[5.5.925~1-ded7b]:main():lattice-best-path.cc:99) For utterance b_2_48_81_57_00, best cost 89.6359 + 4494.39 = 4584.02 over 817 frames.
b_2_48_81_57_00 ONE LET'S CHECK WOULD NICOLAS IN THE EXAMPLE DIRECTORY 
LOG (lattice-best-path[5.5.925~1-ded7b]:main():lattice-best-path.cc:99) For utterance b_2_499_76_505_12, best cost 106.957 + 3138.17 = 3245.13 over 534 frames.
b_2_499_76_505_12 IN ANY TO SPECIFY THAT MODEL IN F LIST SEE FROM AND 
LOG (lattice-best-path[5.5.925~1-ded7b]:main():lattice-best-path.cc:99) For utterance b_2_4_47_8_89, best cost 90.9708 + 2580.55 = 2671.53 over 440 frames.
b_2_4_47_8_89 AS SECONDS INVERSE TO WILL DIRECTORIES AND OF LOCAL D 
LOG (lattice-best-path[5.5.925~1-ded7b]:main():lattice-best-path.cc:99) For utterance b_2_506_42_516_32, best cost 112.456 + 5259.6 = 5372.06 over 988 frames.
b_2_506_42_516_32 AND SERVER WILL ACTUALLY SORRY ONE ARE SPECIFY I SPECIFY 
LOG (lattice-best-path[5.5.925~1-ded7b]:main():lattice-best-path.cc:99) For utterance b_2_516_33_534_34, best cost 260.895 + 9924.82 = 10185.7 over 1799 frames.
b_2_516_33_534_34 RUNS FOR BRING SPECIFY IN IS THAT IT IT'S SOME STRING WHICH WOULD DESCRIBED HOW TO INSTALLATION HOW TO EITHER INPUT RECOGNITION FOR THIS PROBLEM 
LOG (lattice-best-path[5.5.925~1-ded7b]:main():lattice-best-path.cc:99) For utterance b_2_534_35_546_40, best cost 210.906 + 6851.11 = 7062.01 over 1203 frames.
b_2_534_35_546_40 DONE WE SPECIFY USE WRITE IT SPECIFY ARE MEANS RESULTS LINGUISTIC SELECT HOW TO ALRIGHT THE OUTPUT WE IS COMMON 
LOG (lattice-best-path[5.5.925~1-ded7b]:main():lattice-best-path.cc:99) For utterance b_2_546_41_555_60, best cost 186.714 + 5236.93 = 5423.64 over 917 frames.
b_2_546_41_555_60 IN THIS CASE IT CODE BE WORDS MADE IS FILE WHICH DESCRIBED WHERE TO ALRIGHT I DECODE WORDS FROM THE FEATURES 
LOG (lattice-best-path[5.5.925~1-ded7b]:main():lattice-best-path.cc:99) For utterance b_2_555_61_567_88, best cost 179.638 + 6568.27 = 6747.91 over 1225 frames.
b_2_555_61_567_88 AND ALSO DO LINES AND SPECIFY ARE ARE WHERE LINES BE WAY TEN WERE THAT SPECIFY VARIABLE 
LOG (lattice-best-path[5.5.925~1-ded7b]:main():lattice-best-path.cc:99) For utterance b_2_567_90_583_31, best cost 272.924 + 8723.46 = 8996.38 over 1539 frames.
b_2_567_90_583_31 THIS CORRECT LISTED MODE IN ONLY STRANGE OWN OWN THREE QUITE DIRECTORY SO IF YOU DON'T SPECIFY IT I LINES ALRIGHT IS THE THE WE WILL NOT BE WE TEN 
LOG (lattice-best-path[5.5.925~1-ded7b]:main():lattice-best-path.cc:99) For utterance b_2_583_32_592_59, best cost 149.558 + 5174.68 = 5324.24 over 925 frames.
b_2_583_32_592_59 IF DIDN'T SPECIFY YOU WORDS SPECIFY ARE THAT WILL FIELD BECAUSE THIS DIRECTORIES TO QUITE 
LOG (lattice-best-path[5.5.925~1-ded7b]:main():lattice-best-path.cc:99) For utterance b_2_595_06_605_03, best cost 147.346 + 5529.33 = 5676.67 over 995 frames.
b_2_595_06_605_03 AND YOU CAN SEE SIMPLER ARE STRUCTURE MEAN WILL ITEMS MADE OTHER IN DIRECTORIES 
LOG (lattice-best-path[5.5.925~1-ded7b]:main():lattice-best-path.cc:99) For utterance b_2_59_50_64_29, best cost 59.6299 + 2540.43 = 2600.06 over 477 frames.
b_2_59_50_64_29 THE ARE NOT OF OTHER DIRECTORIES 
LOG (lattice-best-path[5.5.925~1-ded7b]:main():lattice-best-path.cc:99) For utterance b_2_614_15_632_14, best cost 313.712 + 9985.81 = 10299.5 over 1797 frames.
b_2_614_15_632_14 AND THIS BE IN DIRECT IT DOESN'T REASON TO ANY PROCEED TO I THREE BUT IT CONTAINS MINI USEFUL ONE IS SUCH IS CAPITAL VERY IT D FIND THE MENTIONED WHAT TEXT AND SO ONE 
LOG (lattice-best-path[5.5.925~1-ded7b]:main():lattice-best-path.cc:99) For utterance b_2_637_81_642_27, best cost 60.4869 + 2407.01 = 2467.5 over 444 frames.
b_2_637_81_642_27 OKAY BE THINK THAT SED IT 
LOG (lattice-best-path[5.5.925~1-ded7b]:main():lattice-best-path.cc:99) For utterance b_2_643_37_649_65, best cost 134.493 + 3526.19 = 3660.68 over 626 frames.
b_2_643_37_649_65 THE NEXT VIDEO WILL START TO WORK OF NOW WERE FIRST SPEECH RECOGNITION SYSTEM 
LOG (lattice-best-path[5.5.925~1-ded7b]:main():lattice-best-path.cc:99) For utterance b_2_649_80_652_86, best cost 42.9222 + 1612.62 = 1655.54 over 304 frames.
b_2_649_80_652_86 SEE WITH NEXT VIDEO 
LOG (lattice-best-path[5.5.925~1-ded7b]:main():lattice-best-path.cc:99) For utterance b_2_65_58_69_11, best cost 60.879 + 1927.85 = 1988.73 over 351 frames.
b_2_65_58_69_11 THIS DIRECTORY SOME CALLED RECIPE IS 
LOG (lattice-best-path[5.5.925~1-ded7b]:main():lattice-best-path.cc:99) For utterance b_2_69_20_83_11, best cost 244.756 + 7708.5 = 7953.26 over 1389 frames.
b_2_69_20_83_11 FEATURE THEN CONTAINS THE DESCRIPTION OF THE DOES US TO BE WILL IT I IS ARE SYSTEM USING ONE CORPUS OR SERVER ALL COPY IT AGAIN 
LOG (lattice-best-path[5.5.925~1-ded7b]:main():lattice-best-path.cc:99) For utterance b_2_83_12_105_02, best cost 406.089 + 12293.4 = 12699.5 over 2188 frames.
b_2_83_12_105_02 AND MOST SO IMPORTANT OF THE ONE ARE EH DONE WILL WE AS G WHICH DESCRIBED IS THE ALL STREET JOURNAL PASTE ARE SYSTEM ALREADY START PASTE OF THE ALL STREET JOURNAL CORPUS WHICH IS WAY COPY ARE WE CHECK DATA SET FOR SPEECH RECOGNITION 
LOG (lattice-scale[5.5.925~1-ded7b]:main():lattice-scale.cc:107) Done 119 lattices.
LOG (lattice-best-path[5.5.925~1-ded7b]:main():lattice-best-path.cc:99) For utterance b_2_8_90_21_48, best cost 199.845 + 7113.11 = 7312.95 over 1256 frames.
b_2_8_90_21_48 MOST IMPORTANT VARIABLE DIRECT WE TO EXAMPLE SCRIPTS FOR DON'T IT OF I IS I SYSTEMS USING VARIOUS COPY ARE 
LOG (lattice-add-penalty[5.5.925~1-ded7b]:main():lattice-add-penalty.cc:62) Done adding word insertion penalty to 119 lattices.
LOG (lattice-best-path[5.5.925~1-ded7b]:main():lattice-best-path.cc:124) Overall cost per frame is 5.79158 = 0.169131 [graph] + 5.62245 [acoustic] over 94747 frames.
LOG (lattice-best-path[5.5.925~1-ded7b]:main():lattice-best-path.cc:128) Done 119 lattices, failed for 0
# Accounting: time=0 threads=1
# Ended (code 0) at Tue Jul 13 13:24:18 CEST 2021, elapsed time 0 seconds
