# lattice-scale --inv-acoustic-scale=10 "ark:gunzip -c exp/tri1/decode/lat.*.gz|" ark:- | lattice-add-penalty --word-ins-penalty=1.0 ark:- ark:- | lattice-best-path --word-symbol-table=exp/tri1/graph/words.txt ark:- ark,t:exp/tri1/decode/scoring/10.1.0.tra 
# Started at Tue Jul 13 13:24:18 CEST 2021
#
lattice-scale --inv-acoustic-scale=10 'ark:gunzip -c exp/tri1/decode/lat.*.gz|' ark:- 
lattice-best-path --word-symbol-table=exp/tri1/graph/words.txt ark:- ark,t:exp/tri1/decode/scoring/10.1.0.tra 
lattice-add-penalty --word-ins-penalty=1.0 ark:- ark:- 
LOG (lattice-best-path[5.5.925~1-ded7b]:main():lattice-best-path.cc:99) For utterance a_1_0_00_3_10, best cost 50.1604 + 2906.66 = 2956.82 over 308 frames.
a_1_0_00_3_10 EVERY ONE MAPPING TO ALL 
LOG (lattice-best-path[5.5.925~1-ded7b]:main():lattice-best-path.cc:99) For utterance a_1_100_57_108_91, best cost 150.559 + 7437.02 = 7587.58 over 832 frames.
a_1_100_57_108_91 OR THE WILL SEARCH YOU SHOULD CHANGE EITHER DIRECTORY TRUE CAN ONE PER AND IT DIRECTORY 
LOG (lattice-best-path[5.5.925~1-ded7b]:main():lattice-best-path.cc:99) For utterance a_1_11_88_15_85, best cost 90.0223 + 3772.49 = 3862.52 over 395 frames.
a_1_11_88_15_85 ALRIGHT DIRECT LIST DICT DECODE INTENTION LINK 
LOG (lattice-best-path[5.5.925~1-ded7b]:main():lattice-best-path.cc:99) For utterance a_1_120_08_126_30, best cost 144.364 + 5929.23 = 6073.59 over 620 frames.
a_1_120_08_126_30 DON'T I TAKES ID THE SAME OPERATE WRITE IT MIGHT DIRECTORY TO SHOULD USE TO ALL 
LOG (lattice-best-path[5.5.925~1-ded7b]:main():lattice-best-path.cc:99) For utterance a_1_130_61_132_11, best cost 4.21213 + 1129.79 = 1134 over 148 frames.
a_1_130_61_132_11 
LOG (lattice-best-path[5.5.925~1-ded7b]:main():lattice-best-path.cc:99) For utterance a_1_132_12_134_00, best cost 54.7842 + 1835.02 = 1889.8 over 186 frames.
a_1_132_12_134_00 NOW WHEN TO NORMAL CONF 
LOG (lattice-best-path[5.5.925~1-ded7b]:main():lattice-best-path.cc:99) For utterance a_1_142_25_147_84, best cost 116.086 + 5045.21 = 5161.3 over 557 frames.
a_1_142_25_147_84 TO BASED ALL PER SOURCE AND IT SOURCE TO TO GOOD STOP 
LOG (lattice-best-path[5.5.925~1-ded7b]:main():lattice-best-path.cc:99) For utterance a_1_147_85_154_10, best cost 172.143 + 5834.22 = 6006.36 over 623 frames.
a_1_147_85_154_10 WE JUST GOOD TO RUN GET CLONE TO GIT IT COPY OF THE AHA LOCAL TO SOURCE CALLED 
LOG (lattice-best-path[5.5.925~1-ded7b]:main():lattice-best-path.cc:99) For utterance a_1_18_07_24_79, best cost 176.755 + 6437.8 = 6614.56 over 670 frames.
a_1_18_07_24_79 CUT IS A TO IT FOR SPEECH RECOGNITION IT IS AND AND FOR SPEECH RECOGNITION THE SERVERS AND BASH MOST 
LOG (lattice-best-path[5.5.925~1-ded7b]:main():lattice-best-path.cc:99) For utterance a_1_224_41_227_54, best cost 50.537 + 2876.74 = 2927.28 over 311 frames.
a_1_224_41_227_54 OKAY IT LINK OF FINISHED 
LOG (lattice-best-path[5.5.925~1-ded7b]:main():lattice-best-path.cc:99) For utterance a_1_228_65_235_92, best cost 90.0447 + 6280.06 = 6370.11 over 725 frames.
a_1_228_65_235_92 NOW WE HAVE CUT DIRECTORY BECAUSE ALL THIRD EH 
LOG (lattice-best-path[5.5.925~1-ded7b]:main():lattice-best-path.cc:99) For utterance a_1_237_94_245_41, best cost 111.491 + 6628.46 = 6739.95 over 745 frames.
a_1_237_94_245_41 YOU CAN SEE THE FILE THINK THERE THE TOTAL LOCAL THREE 
LOG (lattice-best-path[5.5.925~1-ded7b]:main():lattice-best-path.cc:99) For utterance a_1_246_63_250_17, best cost 61.2633 + 3212.57 = 3273.83 over 352 frames.
a_1_246_63_250_17 NO CAN GO TO INSTALLATION STEP 
LOG (lattice-best-path[5.5.925~1-ded7b]:main():lattice-best-path.cc:99) For utterance a_1_24_80_32_22, best cost 212.79 + 7317.05 = 7529.84 over 740 frames.
a_1_24_80_32_22 ROUGHLY TO GET INSIDE PREVIOUS THREE WHAT FOR THE SUCH HOW WHY WHERE A TO STILL VARIABLE FOR IN THE IN TEST G 
LOG (lattice-best-path[5.5.925~1-ded7b]:main():lattice-best-path.cc:99) For utterance a_1_251_67_255_43, best cost 71.9434 + 3356.61 = 3428.55 over 374 frames.
a_1_251_67_255_43 IN THE TOTAL I WILL ARE OKAY 
LOG (lattice-best-path[5.5.925~1-ded7b]:main():lattice-best-path.cc:99) For utterance a_1_255_79_259_74, best cost 97.1931 + 3810 = 3907.19 over 393 frames.
a_1_255_79_259_74 DOT ALL STRUCTURE SERVER TO TO IN THE INSTALLED FILE 
LOG (lattice-best-path[5.5.925~1-ded7b]:main():lattice-best-path.cc:99) For utterance a_1_259_82_261_02, best cost 35.3677 + 1096.32 = 1131.69 over 118 frames.
a_1_259_82_261_02 LET'S CHECK IT 
LOG (lattice-best-path[5.5.925~1-ded7b]:main():lattice-best-path.cc:99) For utterance a_1_264_37_273_53, best cost 221.169 + 8479.23 = 8700.4 over 914 frames.
a_1_264_37_273_53 TELLS DOES TO GO TO TO US PHONES OF STRUCTURE THERE ARE THAN GO TO SEE SEE AND PHONES ALL AND STRUCTURE THEN 
LOG (lattice-best-path[5.5.925~1-ded7b]:main():lattice-best-path.cc:99) For utterance a_1_274_88_279_23, best cost 58.2749 + 3811.53 = 3869.81 over 433 frames.
a_1_274_88_279_23 LET'S CLONE TO LOOP LET'S 
LOG (lattice-best-path[5.5.925~1-ded7b]:main():lattice-best-path.cc:99) For utterance a_1_279_96_290_47, best cost 238.059 + 9845.89 = 10084 over 1049 frames.
a_1_279_96_290_47 IT IS A DIRECTORY CONTAINED SED SCRIPTS TO IN STAR ALL ADDITIONAL THIRD PARTS ID TELLS NEED IT FOR COPY OR THE CUT AS IS 
LOG (lattice-best-path[5.5.925~1-ded7b]:main():lattice-best-path.cc:99) For utterance a_1_290_97_292_22, best cost 45.9969 + 1256.28 = 1302.28 over 123 frames.
a_1_290_97_292_22 TOTAL THE MADE ARE 
LOG (lattice-best-path[5.5.925~1-ded7b]:main():lattice-best-path.cc:99) For utterance a_1_306_34_313_46, best cost 174.764 + 6618.83 = 6793.6 over 710 frames.
a_1_306_34_313_46 SO ALL FIRST THING KEPT WHEN TO TO WE STORE IN THIS SCRIPT TO CHECK DATA AND LET'S IT'S 
LOG (lattice-best-path[5.5.925~1-ded7b]:main():lattice-best-path.cc:99) For utterance a_1_319_69_324_25, best cost 86.8054 + 4241.93 = 4328.73 over 454 frames.
a_1_319_69_324_25 LISTED CUT OF FOR PRINTS WE CONNECT AGAIN 
LOG (lattice-best-path[5.5.925~1-ded7b]:main():lattice-best-path.cc:99) For utterance a_1_32_28_39_15, best cost 193.278 + 6735.77 = 6929.04 over 685 frames.
a_1_32_28_39_15 IF D WE G WE COMMON YEAH AND WOULD WORK ONE SPEECH TRADITION THERE MOST LIKELY FILL DATA USE COPY 
LOG (lattice-best-path[5.5.925~1-ded7b]:main():lattice-best-path.cc:99) For utterance a_1_346_07_355_21, best cost 175.182 + 8151.73 = 8326.91 over 912 frames.
a_1_346_07_355_21 NOW WE CAN RUN MAKE IT ONE STAR ALL NOT STREET TOOLS IT ONE OF CAN TO EACH 
LOG (lattice-best-path[5.5.925~1-ded7b]:main():lattice-best-path.cc:99) For utterance a_1_355_22_362_53, best cost 164.733 + 6564.34 = 6729.08 over 729 frames.
a_1_355_22_362_53 IT I'M AS WE HAVE I PER CAN DIRECTORY SHOULD ID FOR LOOK IT'S CODE SEE PER SHOULD 
LOG (lattice-best-path[5.5.925~1-ded7b]:main():lattice-best-path.cc:99) For utterance a_1_364_38_380_40, best cost 306.822 + 14252 = 14558.8 over 1600 frames.
a_1_364_38_380_40 AND IT WOULD BE PROPER TO JUST ABLE IT SPEAKER US IN CUT D WE YOU WILL CAN FILE WELL TO FILES AND WILL QUICKLY AN OUT OF SPLIT IS SPACE FOR BASH 
LOG (lattice-best-path[5.5.925~1-ded7b]:main():lattice-best-path.cc:99) For utterance a_1_392_69_400_08, best cost 144.924 + 6613.44 = 6758.36 over 737 frames.
a_1_392_69_400_08 WILL THIS TO ABLE THERE CAN BY BACK ARE SHOULD BY EXIT SORTING VARIABLE 
LOG (lattice-best-path[5.5.925~1-ded7b]:main():lattice-best-path.cc:99) For utterance a_1_3_11_6_08, best cost 111.158 + 2960.64 = 3071.8 over 295 frames.
a_1_3_11_6_08 I WILL DID YOU TEN I WHAT CAPITAL DID THIS MODE OWN 
LOG (lattice-best-path[5.5.925~1-ded7b]:main():lattice-best-path.cc:99) For utterance a_1_400_97_403_16, best cost 76.9641 + 2072.4 = 2149.37 over 217 frames.
a_1_400_97_403_16 SEE CORRECT IS SAVE TO WE GO ALSO ONE 
LOG (lattice-best-path[5.5.925~1-ded7b]:main():lattice-best-path.cc:99) For utterance a_1_403_81_408_78, best cost 115.331 + 4455.01 = 4570.35 over 495 frames.
a_1_403_81_408_78 NOW WE CAN AND MADE TO GOOD CUT FILE THE A TO IT'S 
LOG (lattice-best-path[5.5.925~1-ded7b]:main():lattice-best-path.cc:99) For utterance a_1_409_66_419_30, best cost 187.436 + 8689.83 = 8877.27 over 962 frames.
a_1_409_66_419_30 AND WE WELL USE TRAIN OPTION WHICH TELLS MAKE TO RUN SERVER ALL CAN TO SHOULD DOT INTO WALL 
LOG (lattice-best-path[5.5.925~1-ded7b]:main():lattice-best-path.cc:99) For utterance a_1_40_83_46_72, best cost 133.723 + 5410.77 = 5544.49 over 587 frames.
a_1_40_83_46_72 IN THE NEXT LINK USE I WILL WALL SHIFT ALL CUT BEFORE TIMES TUTORIAL 
LOG (lattice-best-path[5.5.925~1-ded7b]:main():lattice-best-path.cc:99) For utterance a_1_420_28_426_62, best cost 124.611 + 5716.57 = 5841.18 over 632 frames.
a_1_420_28_426_62 IT IS YOU DID FOR FILES FOR INSTALLATION AND FILES FOR BUT SYSTEM 
LOG (lattice-best-path[5.5.925~1-ded7b]:main():lattice-best-path.cc:99) For utterance a_1_426_89_440_27, best cost 212.475 + 11694.3 = 11906.7 over 1336 frames.
a_1_426_89_440_27 SINCE WE TO HAVE IT'S WE HAVE FOR G SPEAKERS OF THIS SERVER WE CAN RUN MAKE WITH FOR TO ID FILE JUMP SEE 
LOG (lattice-best-path[5.5.925~1-ded7b]:main():lattice-best-path.cc:99) For utterance a_1_471_46_476_70, best cost 92.7555 + 4751.55 = 4844.31 over 522 frames.
a_1_471_46_476_70 NOW LOOK IF END WE SEE EVERYTHING END WELL 
LOG (lattice-best-path[5.5.925~1-ded7b]:main():lattice-best-path.cc:99) For utterance a_1_477_89_480_55, best cost 52.4866 + 2442.03 = 2494.52 over 264 frames.
a_1_477_89_480_55 TOOLS AND DURATION IS CAN 
LOG (lattice-best-path[5.5.925~1-ded7b]:main():lattice-best-path.cc:99) For utterance a_1_480_56_483_47, best cost 58.6262 + 2684.58 = 2743.21 over 289 frames.
a_1_480_56_483_47 NOW LET'S CODE AN SEE 
LOG (lattice-best-path[5.5.925~1-ded7b]:main():lattice-best-path.cc:99) For utterance a_1_483_48_485_74, best cost 67.5139 + 2205.94 = 2273.45 over 224 frames.
a_1_483_48_485_74 EITHER SEE STANDS FOR SOURCE CODE 
LOG (lattice-best-path[5.5.925~1-ded7b]:main():lattice-best-path.cc:99) For utterance a_1_485_99_488_85, best cost 69.5417 + 2559.52 = 2629.06 over 284 frames.
a_1_485_99_488_85 DOES THE ACTUAL CODE OF COOL THE 
LOG (lattice-best-path[5.5.925~1-ded7b]:main():lattice-best-path.cc:99) For utterance a_1_491_86_495_38, best cost 59.5398 + 3258.27 = 3317.81 over 350 frames.
a_1_491_86_495_38 READ IT INSTALLATION FROM SHOULD 
LOG (lattice-best-path[5.5.925~1-ded7b]:main():lattice-best-path.cc:99) For utterance a_1_497_01_504_46, best cost 91.0097 + 6522.74 = 6613.75 over 743 frames.
a_1_497_01_504_46 IT DURATION STAR SHOULD OTHER CURRENT YOUR SCRIPT 
LOG (lattice-best-path[5.5.925~1-ded7b]:main():lattice-best-path.cc:99) For utterance a_1_50_04_61_06, best cost 183.774 + 10039.9 = 10223.6 over 1100 frames.
a_1_50_04_61_06 OFTEN PRINT REDIRECTION TUTORIAL LISTS IN DIRECTORY CURRENT IT'S FOR INSTALLATION USE WHICH OF CUT D 
LOG (lattice-best-path[5.5.925~1-ded7b]:main():lattice-best-path.cc:99) For utterance a_1_515_64_525_58, best cost 217.092 + 8992.74 = 9209.83 over 992 frames.
a_1_515_64_525_58 AND HERE EVERY SERVER NOT FOUND AROUND EH TIME AS WE HAVE AFTER TO FIVE READ CALLED OUT US WE TO USE IT 
LOG (lattice-best-path[5.5.925~1-ded7b]:main():lattice-best-path.cc:99) For utterance a_1_540_66_545_01, best cost 81.6377 + 3812.04 = 3893.68 over 433 frames.
a_1_540_66_545_01 NOW WE SEE IT CLONE WITH COPY OVER IS 
LOG (lattice-best-path[5.5.925~1-ded7b]:main():lattice-best-path.cc:99) For utterance a_1_545_02_553_17, best cost 179.179 + 7318.13 = 7497.31 over 813 frames.
a_1_545_02_553_17 WE ACTUALLY SHOULD TO SAY WILL COMMON BECAUSE IT'S ONLY NEEDED TO TRAINING AND WORKS SO FOR IT'S NOT NEED 
LOG (lattice-best-path[5.5.925~1-ded7b]:main():lattice-best-path.cc:99) For utterance a_1_555_76_560_72, best cost 123.895 + 4610.18 = 4734.07 over 494 frames.
a_1_555_76_560_72 ARE TO TO IT WE IN WILL CODE COPY SCRIPT WITH HAVE OF OPTION 
LOG (lattice-best-path[5.5.925~1-ded7b]:main():lattice-best-path.cc:99) For utterance a_1_564_61_568_28, best cost 85.0649 + 3317.03 = 3402.1 over 365 frames.
a_1_564_61_568_28 WE WOULD WAS CODE THE IF ALL TO IT'S 
LOG (lattice-best-path[5.5.925~1-ded7b]:main():lattice-best-path.cc:99) For utterance a_1_568_46_572_69, best cost 68.6268 + 3773.81 = 3842.44 over 421 frames.
a_1_568_46_572_69 WILL CHANGE LET'S OPTION TO KNOW 
LOG (lattice-best-path[5.5.925~1-ded7b]:main():lattice-best-path.cc:99) For utterance a_1_587_19_597_74, best cost 174.571 + 9514.41 = 9688.99 over 1053 frames.
a_1_587_19_597_74 TO HAVE TO SUCCESSFULLY CONF IN PART NOW LOOK IN COMPARE LOCAL TO IN THIS TO MAKE COMMANDS 
LOG (lattice-best-path[5.5.925~1-ded7b]:main():lattice-best-path.cc:99) For utterance a_1_601_31_607_60, best cost 123.676 + 5850.07 = 5973.74 over 627 frames.
a_1_601_31_607_60 AND WE SPECIFY DIDN'T FOR TO PER ALL JUMP SED FOR THE RECOGNITION 
LOG (lattice-best-path[5.5.925~1-ded7b]:main():lattice-best-path.cc:99) For utterance a_1_62_14_72_77, best cost 226.266 + 9977.29 = 10203.6 over 1061 frames.
a_1_62_14_72_77 WILL USE I'M AS SERVER TO IN STOP USE CUT D THERE FOR WHICH RECORDING DOT THE REQUIREMENT FOR THREE SHOULD BE ID THERE 
LOG (lattice-best-path[5.5.925~1-ded7b]:main():lattice-best-path.cc:99) For utterance a_1_638_18_641_05, best cost 49.175 + 2548.7 = 2597.87 over 285 frames.
a_1_638_18_641_05 ALL CASE IT'S AS DONE 
LOG (lattice-best-path[5.5.925~1-ded7b]:main():lattice-best-path.cc:99) For utterance a_1_641_06_643_95, best cost 73.4472 + 2703.15 = 2776.6 over 287 frames.
a_1_641_06_643_95 IT MEANS EVERYTHING ONE IT WELL AGAIN 
LOG (lattice-best-path[5.5.925~1-ded7b]:main():lattice-best-path.cc:99) For utterance a_1_643_96_648_87, best cost 114.428 + 4599.74 = 4714.17 over 489 frames.
a_1_643_96_648_87 WE HAVE CAN SUCCESSFULLY DOT OWN AND AND HM CURRENT DOT THE 
LOG (lattice-best-path[5.5.925~1-ded7b]:main():lattice-best-path.cc:99) For utterance a_1_648_88_651_77, best cost 54.6075 + 2626.99 = 2681.6 over 287 frames.
a_1_648_88_651_77 NOW IT STREET FOR YES 
LOG (lattice-best-path[5.5.925~1-ded7b]:main():lattice-best-path.cc:99) For utterance a_1_651_86_659_83, best cost 145.51 + 7184.16 = 7329.67 over 795 frames.
a_1_651_86_659_83 AND WE CAN GO TO TO TEXT PART OF CUT IN TUTORIAL HOW TO DIRECTORIES DIRECTORY 
LOG (lattice-best-path[5.5.925~1-ded7b]:main():lattice-best-path.cc:99) For utterance a_1_659_84_662_30, best cost 44.3246 + 2149.96 = 2194.28 over 244 frames.
a_1_659_84_662_30 STILL THE NEXT VIDEO 
LOG (lattice-best-path[5.5.925~1-ded7b]:main():lattice-best-path.cc:99) For utterance a_1_6_98_11_87, best cost 145.51 + 4815.05 = 4960.56 over 487 frames.
a_1_6_98_11_87 DIRECTORIES GO TO LIKELY SHOULD LET'S I TO COPY HUNDRED THE SHARED SOME NOT LOOK 
LOG (lattice-best-path[5.5.925~1-ded7b]:main():lattice-best-path.cc:99) For utterance a_1_72_78_77_55, best cost 129.351 + 4634.36 = 4763.71 over 475 frames.
a_1_72_78_77_55 TO CONNECT ALL THE SERVER USE STILL NOW PREPARATION AND AS TO EACH COMMAND 
LOG (lattice-best-path[5.5.925~1-ded7b]:main():lattice-best-path.cc:99) For utterance a_1_80_11_86_02, best cost 97.5595 + 5303.15 = 5400.71 over 589 frames.
a_1_80_11_86_02 LIST I THIS IS I ACTUALLY WERE I'M AS AGAIN 
LOG (lattice-best-path[5.5.925~1-ded7b]:main():lattice-best-path.cc:99) For utterance a_1_86_03_93_49, best cost 112.944 + 6880.27 = 6993.21 over 744 frames.
a_1_86_03_93_49 THEN THE NAME OF THE SERVER IT'S PHOENIX TIMES YOU ACTUALLY 
LOG (lattice-best-path[5.5.925~1-ded7b]:main():lattice-best-path.cc:99) For utterance b_2_0_03_4_44, best cost 90.9787 + 4248.46 = 4339.44 over 439 frames.
b_2_0_03_4_44 IN THIS VIDEO WILL TO MAINLY NOT TO DIRECTORY IT'S 
LOG (lattice-best-path[5.5.925~1-ded7b]:main():lattice-best-path.cc:99) For utterance b_2_105_03_114_90, best cost 189.594 + 8962.62 = 9152.21 over 985 frames.
b_2_105_03_114_90 AND ANOTHER ONE IS MINI EVERY SPEECH WHICH SERVERS TELLS THE MADE EXAMPLE OF BORING PROCEED IS LOCAL OTHER 
LOG (lattice-best-path[5.5.925~1-ded7b]:main():lattice-best-path.cc:99) For utterance b_2_115_20_127_49, best cost 217.647 + 10845.4 = 11063.1 over 1227 frames.
b_2_115_20_127_49 DONE WILL TO LOCAL OUT MINI READ SPEECH AS TO THE NEXT MODEL WE CAN DATA NEW GO IN ALL STREET JOURNAL RECIPE 
LOG (lattice-best-path[5.5.925~1-ded7b]:main():lattice-best-path.cc:99) For utterance b_2_129_48_136_95, best cost 131.807 + 6884.55 = 7016.35 over 745 frames.
b_2_129_48_136_95 SO IS YOU CAN SAY THE REASON AS FIVE DIRECTORY EACH OF THE RECIPE 
LOG (lattice-best-path[5.5.925~1-ded7b]:main():lattice-best-path.cc:99) For utterance b_2_136_96_148_79, best cost 225.432 + 10475.5 = 10701 over 1181 frames.
b_2_136_96_148_79 TIME TO DOESN'T IN ANYTHING MOST LIKELY IT IF YOU LOOP FOR TRAINING OTHER RECIPE AND IT ALL BE ALSO AND TEST FIVE 
LOG (lattice-best-path[5.5.925~1-ded7b]:main():lattice-best-path.cc:99) For utterance b_2_151_10_159_65, best cost 117.365 + 7221.08 = 7338.45 over 853 frames.
b_2_151_10_159_65 SOME RECIPE STORE EXAMPLE TO ID WILL HAVE SEND ALL DIRECTORIES 
LOG (lattice-best-path[5.5.925~1-ded7b]:main():lattice-best-path.cc:99) For utterance b_2_159_66_169_80, best cost 203.911 + 8872.05 = 9075.96 over 1012 frames.
b_2_159_66_169_80 TO CAN IT SEE THAT TAKE AS DON'T TO DIFFERENT READ IT'S OF THE REST ONE DIFFERENT OPTION SO VARIOUS IT 
LOG (lattice-best-path[5.5.925~1-ded7b]:main():lattice-best-path.cc:99) For utterance b_2_171_54_176_67, best cost 103.996 + 4609.14 = 4713.14 over 511 frames.
b_2_171_54_176_67 I THINK THAT IS ENOUGH AND FROM ACTUAL DOT EXAMPLE IS 
LOG (lattice-best-path[5.5.925~1-ded7b]:main():lattice-best-path.cc:99) For utterance b_2_178_55_185_67, best cost 133.545 + 6243.6 = 6377.15 over 710 frames.
b_2_178_55_185_67 IT CAN GO TO THE SOURCE CALLED AND A CAN LOOK AND WE IT'S CONTENTS 
LOG (lattice-best-path[5.5.925~1-ded7b]:main():lattice-best-path.cc:99) For utterance b_2_185_96_200_94, best cost 250.69 + 12768.8 = 13019.5 over 1496 frames.
b_2_185_96_200_94 SO WE SEE ALREADY THE CAN SPEAKERS SCRIPT WHICH TO TO IS THE HOW D TO BE ARE ON WE SERVER TO SYSTEM ON ARE SYSTEM FOR EXAMPLE 
LOG (lattice-best-path[5.5.925~1-ded7b]:main():lattice-best-path.cc:99) For utterance b_2_200_95_218_31, best cost 223.336 + 14890.6 = 15113.9 over 1734 frames.
b_2_200_95_218_31 IT ALSO HAS SED DOCUMENTATION DIRECTORY D AND I'M AND MANY MORE DIRECTORIES WHICH CAN BE ID EVALUATE TO TO TO LOOKS 
LOG (lattice-best-path[5.5.925~1-ded7b]:main():lattice-best-path.cc:99) For utterance b_2_218_32_234_63, best cost 254.823 + 14198.7 = 14453.6 over 1629 frames.
b_2_218_32_234_63 ONE OF THEM OVER LIKELY DIRECTORIES TO EXAMPLE OTHER EACH AGAIN IS THE LIKELY WITH DIRECTORIES FOR DIDN'T OF MODEL I'M FROM SHOULD IT'S 
LOG (lattice-best-path[5.5.925~1-ded7b]:main():lattice-best-path.cc:99) For utterance b_2_21_49_25_06, best cost 78.6334 + 3276.16 = 3354.79 over 355 frames.
b_2_21_49_25_06 SEE SEE WITH ACTUALLY LOCAL TO SOURCE CALLED 
LOG (lattice-best-path[5.5.925~1-ded7b]:main():lattice-best-path.cc:99) For utterance b_2_236_00_247_45, best cost 236.14 + 10507.5 = 10743.6 over 1143 frames.
b_2_236_00_247_45 END THE THESE OUT OF CAN TRADITION IS THIS LINK OUT WHICH WHEN MIDDLE TO SO FILE WHICH IS BY WE LIKELY FILE IN LINKS 
LOG (lattice-best-path[5.5.925~1-ded7b]:main():lattice-best-path.cc:99) For utterance b_2_247_46_264_98, best cost 329.366 + 15611.8 = 15941.2 over 1750 frames.
b_2_247_46_264_98 AS ALL STANDS FOR SHARED ONLY IT'S IT'S ID JUST BREAKS ALL THE END FROM SHOULD IT'S AND ONLY IT'S FROM THIS SEE DOES WHAT SET HAVE INVERSE FILES AS A BY END FILE 
LOG (lattice-best-path[5.5.925~1-ded7b]:main():lattice-best-path.cc:99) For utterance b_2_25_07_35_00, best cost 158.088 + 8663.72 = 8821.81 over 991 frames.
b_2_25_07_35_00 AND TOOLS WITH ADDITIONAL TOOLS AND COMMON IN SEE NEED IT TO RUN THE RECIPE IS 
LOG (lattice-best-path[5.5.925~1-ded7b]:main():lattice-best-path.cc:99) For utterance b_2_266_21_273_05, best cost 122.227 + 6027.02 = 6149.25 over 682 frames.
b_2_266_21_273_05 IN ARE AND USE THIS BACK IT I VARIOUS WE IN NEED FROM ITEMS 
LOG (lattice-best-path[5.5.925~1-ded7b]:main():lattice-best-path.cc:99) For utterance b_2_273_06_285_50, best cost 222.757 + 11136.2 = 11359 over 1242 frames.
b_2_273_06_285_50 DONE WRONG STAR ALSO CALLED DIRECTORIES IN LINKS AND THE TO ARE ARE STORED IN BE AN DIRECTORIES IN COPY 
LOG (lattice-best-path[5.5.925~1-ded7b]:main():lattice-best-path.cc:99) For utterance b_2_285_51_300_59, best cost 251.41 + 13112.5 = 13363.9 over 1506 frames.
b_2_285_51_300_59 FOR EXAMPLE WE CAN WE WILL USE D NAME BE IN ONE AS WHICH ARE COMMENTS OR LIKELY IS WORKING WITH TELLS AND ACTUALLY MODEL 
LOG (lattice-best-path[5.5.925~1-ded7b]:main():lattice-best-path.cc:99) For utterance b_2_306_90_317_17, best cost 208.024 + 9021.09 = 9229.12 over 1025 frames.
b_2_306_90_317_17 SO EASIER YOU CAN SEE SEE SAY FILES WHICH PROCEED DOES RUNS CODE OR SEE TELLS FILES TO SOURCE CODE FILES 
LOG (lattice-best-path[5.5.925~1-ded7b]:main():lattice-best-path.cc:99) For utterance b_2_317_18_324_52, best cost 105.265 + 6193.36 = 6298.62 over 732 frames.
b_2_317_18_324_52 SOME THE SHOULD BE SOME TO FILES TO DIDN'T SEE THEN 
LOG (lattice-best-path[5.5.925~1-ded7b]:main():lattice-best-path.cc:99) For utterance b_2_325_28_334_10, best cost 165.378 + 7938.43 = 8103.81 over 880 frames.
b_2_325_28_334_10 ALL OKAY I THINK WHICH FILES ONLY USE TO THE LIKELY IS TO IS AND WHEN G AGAIN DIRECTORY 
LOG (lattice-best-path[5.5.925~1-ded7b]:main():lattice-best-path.cc:99) For utterance b_2_336_29_338_85, best cost 27.9767 + 2060.53 = 2088.51 over 254 frames.
b_2_336_29_338_85 I THIS ONE 
LOG (lattice-best-path[5.5.925~1-ded7b]:main():lattice-best-path.cc:99) For utterance b_2_339_20_353_95, best cost 278.98 + 12995.2 = 13274.2 over 1473 frames.
b_2_339_20_353_95 AND THESE USUALLY MAKE FILE WHICH DESCRIBED US I THAT AWK CHECKS WHICH CAN BIT CORRECT USED PASTE THE FILES THESE DIRECTORY AND HOW THE SHOULD BE PER USE SED 
LOG (lattice-best-path[5.5.925~1-ded7b]:main():lattice-best-path.cc:99) For utterance b_2_358_53_365_51, best cost 151.063 + 6165.39 = 6316.45 over 696 frames.
b_2_358_53_365_51 THE DON'T WE FILES ARE ARE SINCE IN DIDN'T OR DIDN'T NEED TO KNOW OF THAN 
LOG (lattice-best-path[5.5.925~1-ded7b]:main():lattice-best-path.cc:99) For utterance b_2_365_52_370_79, best cost 151.458 + 4929.44 = 5080.9 over 525 frames.
b_2_365_52_370_79 DOT OR IS ALSO SOME STRING TO MORE IT'S ALL TOTAL DIFFERENT CAN MIGHT ARE EH 
LOG (lattice-best-path[5.5.925~1-ded7b]:main():lattice-best-path.cc:99) For utterance b_2_370_80_378_44, best cost 122.919 + 6686.6 = 6809.52 over 762 frames.
b_2_370_80_378_44 MOST WE WOULD WE WILL BE YOU WORKING WITH IT'S BY THE FILES 
LOG (lattice-best-path[5.5.925~1-ded7b]:main():lattice-best-path.cc:99) For utterance b_2_379_78_383_53, best cost 78.7776 + 3265.87 = 3344.65 over 373 frames.
b_2_379_78_383_53 SOME THING ACTUALLY MANY DECODE SAME ALL 
LOG (lattice-best-path[5.5.925~1-ded7b]:main():lattice-best-path.cc:99) For utterance b_2_385_03_394_02, best cost 202.64 + 8169.7 = 8372.34 over 897 frames.
b_2_385_03_394_02 WE KNOW THAT WORKS WITH DOES IN ACTUALLY MODEL BECAUSE IS TESTING G OF WE KNOW WHAT IT IS ALL SED NEW 
LOG (lattice-best-path[5.5.925~1-ded7b]:main():lattice-best-path.cc:99) For utterance b_2_394_03_397_81, best cost 78.227 + 3370.26 = 3448.49 over 376 frames.
b_2_394_03_397_81 IT IS ALSO DO THE DECODING PARTS IS 
LOG (lattice-best-path[5.5.925~1-ded7b]:main():lattice-best-path.cc:99) For utterance b_2_397_82_423_89, best cost 449.633 + 22439.2 = 22888.9 over 2605 frames.
b_2_397_82_423_89 AND SED EITHER TEST IS JUST THE ADDITIONAL INSTALLATION WILL IT HOW WE DIRECT IT WERE IT IS IT OVER WHAT IS ALL ARE I'M THREE AND FROM ACTUALLY CAN NEED YOU MIGHT NEED ONE AN IN THE IS LIKELY OR SEARCH IF OF BY EVERY 
LOG (lattice-best-path[5.5.925~1-ded7b]:main():lattice-best-path.cc:99) For utterance b_2_40_13_47_96, best cost 155.085 + 6950.5 = 7105.59 over 781 frames.
b_2_40_13_47_96 THE ROUGHLY MORE THEM BY THAT ALL SED LIKELY YOU WHEN NOT NEED BETTER THIS CORPUS 
LOG (lattice-best-path[5.5.925~1-ded7b]:main():lattice-best-path.cc:99) For utterance b_2_423_90_446_33, best cost 502.579 + 20203.1 = 20705.6 over 2241 frames.
b_2_423_90_446_33 WHY A SET ACTUALLY A PER QUITE IS ACTUALLY YOU IMPORTANT SO KNOW WE IS DOT WE SPEAKER AS WE NEW TO THE THAT F IN THE NEED YOU SCRIPTS FOR CALLED ID MOST LIKELY YOU IT NEED TO USE EXISTING BY VERY SET TWO IN DIRECT WITH TO OUT WE FILES AND IN OR THAT WE 
LOG (lattice-best-path[5.5.925~1-ded7b]:main():lattice-best-path.cc:99) For utterance b_2_446_34_458_29, best cost 242.7 + 10607.9 = 10850.6 over 1193 frames.
b_2_446_34_458_29 CHECK IF THREE WHAT TO ARE US EVERY TO SEE WOULD NEED TO GO TO THESE BE DIRECTORIES AND SEES THIS ANYTHING WOULD YOU WALL IN USE 
LOG (lattice-best-path[5.5.925~1-ded7b]:main():lattice-best-path.cc:99) For utterance b_2_459_55_472_46, best cost 258.281 + 11709.7 = 11968 over 1289 frames.
b_2_459_55_472_46 IF USUALLY THINK THAT SOME PROBLEM ONLY DOES WOULD YET IN CAN AROUND THIS PROBLEM WITHOUT ANY AN TO WE MEANS AND SEE THE HAVE LET'S 
LOG (lattice-best-path[5.5.925~1-ded7b]:main():lattice-best-path.cc:99) For utterance b_2_473_82_488_02, best cost 221.917 + 12252.1 = 12474 over 1418 frames.
b_2_473_82_488_02 IT TOTAL WE WOULD ACTUALLY LINES DECODE FEATURES IS G NUMBER IS MODEL THEN AND IT TOTAL YOU HOW TO RUN AND 
LOG (lattice-best-path[5.5.925~1-ded7b]:main():lattice-best-path.cc:99) For utterance b_2_488_35_499_75, best cost 201.806 + 9678.69 = 9880.5 over 1138 frames.
b_2_488_35_499_75 SO USED SAY THAT SEE IN THIS CASE YOU CAN SPECIFY ZERO OPTION IT'S AND YOU ARE AND FROM HERE ARE 
LOG (lattice-best-path[5.5.925~1-ded7b]:main():lattice-best-path.cc:99) For utterance b_2_48_81_57_00, best cost 100.19 + 7184.94 = 7285.13 over 817 frames.
b_2_48_81_57_00 OF LET'S CHECK WOULD NICOLAS IN THE EXAMPLE DIRECTORY 
LOG (lattice-best-path[5.5.925~1-ded7b]:main():lattice-best-path.cc:99) For utterance b_2_499_76_505_12, best cost 120.506 + 5011.28 = 5131.78 over 534 frames.
b_2_499_76_505_12 IN ANY TO SPECIFY THAT MODEL IN F LIST SEE IF FROM AND 
LOG (lattice-best-path[5.5.925~1-ded7b]:main():lattice-best-path.cc:99) For utterance b_2_4_47_8_89, best cost 126.216 + 4089.73 = 4215.95 over 440 frames.
b_2_4_47_8_89 AS YOU CAN SEE THERE AS I WILL DIRECTORY SET THE DOT OF LOCAL D 
LOG (lattice-best-path[5.5.925~1-ded7b]:main():lattice-best-path.cc:99) For utterance b_2_506_42_516_32, best cost 131.45 + 8400.37 = 8531.82 over 988 frames.
b_2_506_42_516_32 END SERVER WILL ACTUALLY SORRY ONE ARE SPECIFY ARE I SPECIFY 
LOG (lattice-best-path[5.5.925~1-ded7b]:main():lattice-best-path.cc:99) For utterance b_2_516_33_534_34, best cost 291.69 + 15854.2 = 16145.9 over 1799 frames.
b_2_516_33_534_34 RUNS FOR ARE BRING SPECIFY IN IS THAT IT IT'S SOME STRING WHICH GOOD DESCRIBED HOW TO READ INSTALLATION HOW TO EITHER INPUT RECOGNITION FOR THIS PROBLEM 
LOG (lattice-best-path[5.5.925~1-ded7b]:main():lattice-best-path.cc:99) For utterance b_2_534_35_546_40, best cost 251.322 + 10922.9 = 11174.2 over 1203 frames.
b_2_534_35_546_40 DONE WE SPECIFY USE WRITE IT SPECIFY ARE WHEN SED THIS SOME STRING WHICH DESCRIBED SELECT HOW TO WRITE THE OUTPUT OF AS COMMON 
LOG (lattice-best-path[5.5.925~1-ded7b]:main():lattice-best-path.cc:99) For utterance b_2_546_41_555_60, best cost 220.367 + 8353.17 = 8573.53 over 917 frames.
b_2_546_41_555_60 IN THIS CASE IT CODE BE WORDS MADE IN SPECIFY ARE THE WHICH DESCRIBED WHERE TO ALRIGHT THE I DECODE WORDS FROM THE FEATURES 
LOG (lattice-best-path[5.5.925~1-ded7b]:main():lattice-best-path.cc:99) For utterance b_2_555_61_567_88, best cost 241.56 + 10446.1 = 10687.7 over 1225 frames.
b_2_555_61_567_88 AND ALSO NEW ONE I'M LINES AN SPECIFY ARE ARE WHERE LINES TO BE WAY TEN WERE THAT IS SPECIFY VARIABLE BE WE TEN 
LOG (lattice-best-path[5.5.925~1-ded7b]:main():lattice-best-path.cc:99) For utterance b_2_567_90_583_31, best cost 313.871 + 13923.5 = 14237.3 over 1539 frames.
b_2_567_90_583_31 THIS QUITE DIRECT YES IT IT MODE IN ONLY STRANGE OWN OWN THREE QUITE DIRECTORY SO IF YOU DON'T SPECIFY IT I LINES ALRIGHT AS THE THE WILL WILL NOT BE WE TEN 
LOG (lattice-best-path[5.5.925~1-ded7b]:main():lattice-best-path.cc:99) For utterance b_2_583_32_592_59, best cost 160.334 + 8275.57 = 8435.9 over 925 frames.
b_2_583_32_592_59 IF DIDN'T SPECIFY YOU WORDS SPECIFY ARE THE TO WILL FIELD BECAUSE THIS DIRECTORIES TO QUITE 
LOG (lattice-best-path[5.5.925~1-ded7b]:main():lattice-best-path.cc:99) For utterance b_2_595_06_605_03, best cost 172.232 + 8825.61 = 8997.84 over 995 frames.
b_2_595_06_605_03 AND YOU CAN SEE SEE WELL ARE STRUCTURE MEAN WILL ITEMS WHEN MADE OTHER IN DIRECTORY IS 
LOG (lattice-best-path[5.5.925~1-ded7b]:main():lattice-best-path.cc:99) For utterance b_2_59_50_64_29, best cost 62.6299 + 4064.68 = 4127.31 over 477 frames.
b_2_59_50_64_29 THE ARE NOT OF OTHER DIRECTORIES 
LOG (lattice-best-path[5.5.925~1-ded7b]:main():lattice-best-path.cc:99) For utterance b_2_614_15_632_14, best cost 352.765 + 15950.1 = 16302.9 over 1797 frames.
b_2_614_15_632_14 AND THIS BE IN DIRECT IT DOESN'T REASON TO ANY PART IN TO I THREE BUT IT CONTAINS MINI USE AN PROBLEM IS SUCH IS CAN CAN TO VERY IT D FIND THE MENTIONED WHAT TEXT AND SO ON 
LOG (lattice-best-path[5.5.925~1-ded7b]:main():lattice-best-path.cc:99) For utterance b_2_637_81_642_27, best cost 64.2897 + 3849.97 = 3914.26 over 444 frames.
b_2_637_81_642_27 OKAY D THINK THAT SED IT 
LOG (lattice-best-path[5.5.925~1-ded7b]:main():lattice-best-path.cc:99) For utterance b_2_643_37_649_65, best cost 143.986 + 5638.81 = 5782.79 over 626 frames.
b_2_643_37_649_65 THE NEXT VIDEO WILL START TO WORK OR NOW WERE FIRST SPEECH RECOGNITION SYSTEM 
LOG (lattice-best-path[5.5.925~1-ded7b]:main():lattice-best-path.cc:99) For utterance b_2_649_80_652_86, best cost 48.9461 + 2575.86 = 2624.81 over 304 frames.
b_2_649_80_652_86 SEE NEED THE NEXT VIDEO 
LOG (lattice-best-path[5.5.925~1-ded7b]:main():lattice-best-path.cc:99) For utterance b_2_65_58_69_11, best cost 63.879 + 3084.57 = 3148.45 over 351 frames.
b_2_65_58_69_11 THIS DIRECTORY SOME CALLED RECIPE IS 
LOG (lattice-best-path[5.5.925~1-ded7b]:main():lattice-best-path.cc:99) For utterance b_2_69_20_83_11, best cost 303.401 + 12276.8 = 12580.2 over 1389 frames.
b_2_69_20_83_11 FEATURE THEN CONTAINS AN THE DESCRIPTION ALL OF THE PER AS US TO BE WILL IT ADD IS ARE SYSTEM USING ONE CORPUS OR SERVER LOOK OR PROPER TO GET THE 
LOG (lattice-best-path[5.5.925~1-ded7b]:main():lattice-best-path.cc:99) For utterance b_2_83_12_105_02, best cost 440.347 + 19652.6 = 20092.9 over 2188 frames.
b_2_83_12_105_02 AND MOST SO IMPORTANT OF THE ONE ARE THE DONE WILL WITH AS G WHICH DESCRIBED IS THE ALL STREET JOURNAL PASTE ARE SYSTEM OR VERY START PASTE OF THE ALL STRING JOURNAL CORPUS WHICH IS WAY COPY ARE WE CHECK DATA SET FOR SPEECH RECOGNITION 
LOG (lattice-scale[5.5.925~1-ded7b]:main():lattice-scale.cc:107) Done 119 lattices.
LOG (lattice-best-path[5.5.925~1-ded7b]:main():lattice-best-path.cc:99) For utterance b_2_8_90_21_48, best cost 230.132 + 11355.5 = 11585.7 over 1256 frames.
b_2_8_90_21_48 MOST IMPORTANT OF THEN ARE ARE TO DIRECT WE TO EXAMPLE SCRIPTS FOR DON'T IT OF I IS I SYSTEMS USING VARIOUS COPY ARE 
LOG (lattice-add-penalty[5.5.925~1-ded7b]:main():lattice-add-penalty.cc:62) Done adding word insertion penalty to 119 lattices.
LOG (lattice-best-path[5.5.925~1-ded7b]:main():lattice-best-path.cc:124) Overall cost per frame is 9.17019 = 0.193865 [graph] + 8.97633 [acoustic] over 94747 frames.
LOG (lattice-best-path[5.5.925~1-ded7b]:main():lattice-best-path.cc:128) Done 119 lattices, failed for 0
# Accounting: time=1 threads=1
# Ended (code 0) at Tue Jul 13 13:24:19 CEST 2021, elapsed time 1 seconds
