# lattice-scale --inv-acoustic-scale=13 "ark:gunzip -c exp/tri1/decode/lat.*.gz|" ark:- | lattice-add-penalty --word-ins-penalty=0.5 ark:- ark:- | lattice-best-path --word-symbol-table=exp/tri1/graph/words.txt ark:- ark,t:exp/tri1/decode/scoring/13.0.5.tra 
# Started at Sun Jul  4 03:14:58 CEST 2021
#
lattice-add-penalty --word-ins-penalty=0.5 ark:- ark:- 
lattice-scale --inv-acoustic-scale=13 'ark:gunzip -c exp/tri1/decode/lat.*.gz|' ark:- 
lattice-best-path --word-symbol-table=exp/tri1/graph/words.txt ark:- ark,t:exp/tri1/decode/scoring/13.0.5.tra 
LOG (lattice-best-path[5.5.931~1-0c51c]:main():lattice-best-path.cc:99) For utterance a_1_0_00_3_10, best cost 42.1964 + 2230.81 = 2273.01 over 308 frames.
a_1_0_00_3_10 EVERYONE MALLEABLE 
LOG (lattice-best-path[5.5.931~1-0c51c]:main():lattice-best-path.cc:99) For utterance a_1_100_57_108_91, best cost 151.39 + 5705.21 = 5856.6 over 832 frames.
a_1_100_57_108_91 OR THE WHITE SIR YOU SHOULD CHANGE FEWER DIRECTORY TO DO TO ONE PROJECT DIRECTORY 
LOG (lattice-best-path[5.5.931~1-0c51c]:main():lattice-best-path.cc:99) For utterance a_1_11_88_15_85, best cost 90.6767 + 2878.9 = 2969.58 over 395 frames.
a_1_11_88_15_85 ALRIGHT SITE LEAST CLICK RECOMMENDATION MILK 
LOG (lattice-best-path[5.5.931~1-0c51c]:main():lattice-best-path.cc:99) For utterance a_1_120_08_126_30, best cost 157.224 + 4538.29 = 4695.52 over 620 frames.
a_1_120_08_126_30 DON'T I ACTS ID THE SAME GOT I TYPED IT MY DIRECTORY TO SHOULD USE Y'ALL 
LOG (lattice-best-path[5.5.931~1-0c51c]:main():lattice-best-path.cc:99) For utterance a_1_130_61_132_11, best cost 4.09592 + 869.067 = 873.163 over 148 frames.
a_1_130_61_132_11 
LOG (lattice-best-path[5.5.931~1-0c51c]:main():lattice-best-path.cc:99) For utterance a_1_132_12_134_00, best cost 57.8884 + 1401.5 = 1459.39 over 186 frames.
a_1_132_12_134_00 NOW WHEN TO ON OLD COUNTRY 
LOG (lattice-best-path[5.5.931~1-0c51c]:main():lattice-best-path.cc:99) For utterance a_1_142_25_147_84, best cost 107.895 + 3872.16 = 3980.05 over 557 frames.
a_1_142_25_147_84 TO DAYS OPEN SOURCE AND IT'S CALLS IT OF GET UP 
LOG (lattice-best-path[5.5.931~1-0c51c]:main():lattice-best-path.cc:99) For utterance a_1_147_85_154_10, best cost 156.94 + 4495.02 = 4651.97 over 623 frames.
a_1_147_85_154_10 WE JUST TO TO RUN GET CRAWL TO DETECT COPY OF THE WHOLE PROCESSES COLD 
LOG (lattice-best-path[5.5.931~1-0c51c]:main():lattice-best-path.cc:99) For utterance a_1_18_07_24_79, best cost 170.875 + 4944.57 = 5115.45 over 670 frames.
a_1_18_07_24_79 CUT IS A TO IT FOR SPEECH RECOGNITION IT IS AND AND FOR SPEECH KRISHNA RESEARCHERS AND PROFESSIONALS 
LOG (lattice-best-path[5.5.931~1-0c51c]:main():lattice-best-path.cc:99) For utterance a_1_224_41_227_54, best cost 39.2966 + 2219.55 = 2258.85 over 311 frames.
a_1_224_41_227_54 OKAY PEOPLE FINISHED 
LOG (lattice-best-path[5.5.931~1-0c51c]:main():lattice-best-path.cc:99) For utterance a_1_228_65_235_92, best cost 71.6837 + 4846 = 4917.68 over 725 frames.
a_1_228_65_235_92 NOW WE HAVE CUT DIRECTORY RECOVERY 
LOG (lattice-best-path[5.5.931~1-0c51c]:main():lattice-best-path.cc:99) For utterance a_1_237_94_245_41, best cost 109.049 + 5087.61 = 5196.66 over 745 frames.
a_1_237_94_245_41 YOU CAN SEE THE FILES THERE THE TOP LEVEL OF COUNTRY 
LOG (lattice-best-path[5.5.931~1-0c51c]:main():lattice-best-path.cc:99) For utterance a_1_246_63_250_17, best cost 60.6842 + 2471.2 = 2531.89 over 352 frames.
a_1_246_63_250_17 NO CAN GO TO INSTALLATION STEP 
LOG (lattice-best-path[5.5.931~1-0c51c]:main():lattice-best-path.cc:99) For utterance a_1_24_80_32_22, best cost 198.935 + 5616.76 = 5815.69 over 740 frames.
a_1_24_80_32_22 ROUGHLY TO GET ENTIRE CLEANERS THE WHAT FOR THE RESEARCH HOW WHY WHERE THEY TO STILL READ OF TO IN THE INDUSTRY 
LOG (lattice-best-path[5.5.931~1-0c51c]:main():lattice-best-path.cc:99) For utterance a_1_251_67_255_43, best cost 69.4013 + 2573.81 = 2643.21 over 374 frames.
a_1_251_67_255_43 IT THAT DON'T LEVEL ARE OCCUR 
LOG (lattice-best-path[5.5.931~1-0c51c]:main():lattice-best-path.cc:99) For utterance a_1_255_79_259_74, best cost 96.3417 + 2921.65 = 3018 over 393 frames.
a_1_255_79_259_74 APOLLO SECTION SURVEY KID IN THE INSTALLED FILE 
LOG (lattice-best-path[5.5.931~1-0c51c]:main():lattice-best-path.cc:99) For utterance a_1_259_82_261_02, best cost 34.3119 + 842.817 = 877.129 over 118 frames.
a_1_259_82_261_02 LET'S CHECKED 
LOG (lattice-best-path[5.5.931~1-0c51c]:main():lattice-best-path.cc:99) For utterance a_1_264_37_273_53, best cost 211.56 + 6514.9 = 6726.46 over 914 frames.
a_1_264_37_273_53 TELLS DOES TO GO TO TO LOS PHONES OF STRUCTURE THERE'RE THE GO TO SEE SEE AND FALLS ALL INSTRUCTIONS THEN 
LOG (lattice-best-path[5.5.931~1-0c51c]:main():lattice-best-path.cc:99) For utterance a_1_274_88_279_23, best cost 57.0986 + 2930.76 = 2987.86 over 433 frames.
a_1_274_88_279_23 LET'S CUT ALONE LET'S 
LOG (lattice-best-path[5.5.931~1-0c51c]:main():lattice-best-path.cc:99) For utterance a_1_279_96_290_47, best cost 219.21 + 7580.5 = 7799.71 over 1049 frames.
a_1_279_96_290_47 IT IS A DIRECTORY CONTAINS SCRIPTS TO IN STYLE ADDITIONAL THIRD PARTICLES NEED IT FOR COPY OR THE CUT RECENT IS 
LOG (lattice-best-path[5.5.931~1-0c51c]:main():lattice-best-path.cc:99) For utterance a_1_290_97_292_22, best cost 39.3937 + 962.044 = 1001.44 over 123 frames.
a_1_290_97_292_22 PORTABLE THE LATER 
LOG (lattice-best-path[5.5.931~1-0c51c]:main():lattice-best-path.cc:99) For utterance a_1_306_34_313_46, best cost 159.216 + 5096.16 = 5255.38 over 710 frames.
a_1_306_34_313_46 SOUL FIRST THING GET WHEN TO TO WE STORY SCRIPT TO CHECKED INDEPENDENCE IT'S 
LOG (lattice-best-path[5.5.931~1-0c51c]:main():lattice-best-path.cc:99) For utterance a_1_319_69_324_25, best cost 85.252 + 3259.55 = 3344.8 over 454 frames.
a_1_319_69_324_25 LISTED COUPLE FOR THINGS WEEK INCREDIBLE 
LOG (lattice-best-path[5.5.931~1-0c51c]:main():lattice-best-path.cc:99) For utterance a_1_32_28_39_15, best cost 208.47 + 5154.7 = 5363.17 over 685 frames.
a_1_32_28_39_15 IF SHE WE JERRY CONTOUR YOU AND WOULD WORK ON SPEECH INITIAL THERE MOST LIKELY DEAL PRETTY USE CLOUDY 
LOG (lattice-best-path[5.5.931~1-0c51c]:main():lattice-best-path.cc:99) For utterance a_1_346_07_355_21, best cost 161.936 + 6268.69 = 6430.62 over 912 frames.
a_1_346_07_355_21 NOW WE CAN RUN MAKE IT WILL INSTALL NECESSARY TOOLS IT ONE OF CAN PRESSURE 
LOG (lattice-best-path[5.5.931~1-0c51c]:main():lattice-best-path.cc:99) For utterance a_1_355_22_362_53, best cost 157.736 + 5022.2 = 5179.94 over 729 frames.
a_1_355_22_362_53 IT I'M AS WE HAVE I COMPILER CARE SHOULD BY DEFAULT IT'S CODE SEE CRASH 
LOG (lattice-best-path[5.5.931~1-0c51c]:main():lattice-best-path.cc:99) For utterance a_1_364_38_380_40, best cost 308.556 + 10947.4 = 11256 over 1600 frames.
a_1_364_38_380_40 AND IT WOULD BE PROTECT TO JUST ABLE IT SPEAKER US IN CUDDY WE YOU WILL COMPILE I'LL TO FILES AND WILL QUICKLY AN OUT OF SPLITS SPACE FOR CRASH 
LOG (lattice-best-path[5.5.931~1-0c51c]:main():lattice-best-path.cc:99) For utterance a_1_392_69_400_08, best cost 144.32 + 5072.83 = 5217.15 over 737 frames.
a_1_392_69_400_08 LEARNED IS TABLE THERE COME BY LACQUER SHOULD BY EXTORTING VARIABLE 
LOG (lattice-best-path[5.5.931~1-0c51c]:main():lattice-best-path.cc:99) For utterance a_1_3_11_6_08, best cost 101.133 + 2276.33 = 2377.46 over 295 frames.
a_1_3_11_6_08 I'LL GET YOU'VE I MY WHAT CAPITAL KID THIS MOBILE 
LOG (lattice-best-path[5.5.931~1-0c51c]:main():lattice-best-path.cc:99) For utterance a_1_400_97_403_16, best cost 70.6828 + 1589.96 = 1660.65 over 217 frames.
a_1_400_97_403_16 SICKER TO SAVE TO WE CALLS ONE 
LOG (lattice-best-path[5.5.931~1-0c51c]:main():lattice-best-path.cc:99) For utterance a_1_403_81_408_78, best cost 107.411 + 3427.32 = 3534.73 over 495 frames.
a_1_403_81_408_78 NOW WE CAN AND MADE TOP COMPILED THE A TO IT'S 
LOG (lattice-best-path[5.5.931~1-0c51c]:main():lattice-best-path.cc:99) For utterance a_1_409_66_419_30, best cost 184.628 + 6667.21 = 6851.84 over 962 frames.
a_1_409_66_419_30 AND WE WELL USE JANE OPTION WHICH TELLS MAKE TO RUN SEVERAL COMPRESSION ADULTS AND PILE 
LOG (lattice-best-path[5.5.931~1-0c51c]:main():lattice-best-path.cc:99) For utterance a_1_40_83_46_72, best cost 127.224 + 4159.91 = 4287.13 over 587 frames.
a_1_40_83_46_72 IN THE NEXT REALLY WAS I WILL OK THE WILL COME BEFORE COMES TUTORIAL 
LOG (lattice-best-path[5.5.931~1-0c51c]:main():lattice-best-path.cc:99) For utterance a_1_420_28_426_62, best cost 117.491 + 4389.69 = 4507.18 over 632 frames.
a_1_420_28_426_62 IT IS YOU DID FOR FOSTER INSTALLATION AND FOSTER PUT SYSTEM 
LOG (lattice-best-path[5.5.931~1-0c51c]:main():lattice-best-path.cc:99) For utterance a_1_426_89_440_27, best cost 226.163 + 8956.98 = 9183.15 over 1336 frames.
a_1_426_89_440_27 SINCE WEEK HAVE SIT WE HAVE FORTY CITY YOU COURSE OF THE SERVER WE CAN RUN MAKE WITH FORTY WHILE SHOPS 
LOG (lattice-best-path[5.5.931~1-0c51c]:main():lattice-best-path.cc:99) For utterance a_1_471_46_476_70, best cost 80.7895 + 3661.24 = 3742.03 over 522 frames.
a_1_471_46_476_70 ALL KING WE SEE EVERYTHING WENT WELL 
LOG (lattice-best-path[5.5.931~1-0c51c]:main():lattice-best-path.cc:99) For utterance a_1_477_89_480_55, best cost 34.9575 + 1888.83 = 1923.79 over 264 frames.
a_1_477_89_480_55 TO SUPPRESSION 
LOG (lattice-best-path[5.5.931~1-0c51c]:main():lattice-best-path.cc:99) For utterance a_1_480_56_483_47, best cost 61.0784 + 2062.28 = 2123.36 over 289 frames.
a_1_480_56_483_47 NOW LET'S CODE AN CITY 
LOG (lattice-best-path[5.5.931~1-0c51c]:main():lattice-best-path.cc:99) For utterance a_1_483_48_485_74, best cost 64.0211 + 1701.31 = 1765.33 over 224 frames.
a_1_483_48_485_74 TO ASSISTANCE FOR SOURCE CODE 
LOG (lattice-best-path[5.5.931~1-0c51c]:main():lattice-best-path.cc:99) For utterance a_1_485_99_488_85, best cost 55.6064 + 1979.56 = 2035.17 over 284 frames.
a_1_485_99_488_85 IS THE ACTUAL PROTOCOL THE 
LOG (lattice-best-path[5.5.931~1-0c51c]:main():lattice-best-path.cc:99) For utterance a_1_491_86_495_38, best cost 59.5152 + 2504.6 = 2564.11 over 350 frames.
a_1_491_86_495_38 CITY INSTALLATION THINK SHOULD 
LOG (lattice-best-path[5.5.931~1-0c51c]:main():lattice-best-path.cc:99) For utterance a_1_497_01_504_46, best cost 86.9576 + 5005.84 = 5092.79 over 743 frames.
a_1_497_01_504_46 IT DURATION FRACTIONS OTHER FIGURE SCRIPT 
LOG (lattice-best-path[5.5.931~1-0c51c]:main():lattice-best-path.cc:99) For utterance a_1_50_04_61_06, best cost 188.335 + 7694.67 = 7883.01 over 1100 frames.
a_1_50_04_61_06 OFTEN BRIEF INTRODUCTION TUTORIAL LISTS ENVIRONMENT RECORD IN IT'S FOR INSTALLATION USE ACHIEVE COUNTY 
LOG (lattice-best-path[5.5.931~1-0c51c]:main():lattice-best-path.cc:99) For utterance a_1_515_64_525_58, best cost 192.907 + 6924.01 = 7116.92 over 992 frames.
a_1_515_64_525_58 AND FEVER SEVERAL FOUND AROUND I TIME AS WE HAVE AFTER TO FIVE RECALL UNDER SWEEPING USE IT 
LOG (lattice-best-path[5.5.931~1-0c51c]:main():lattice-best-path.cc:99) For utterance a_1_540_66_545_01, best cost 73.1878 + 2936.1 = 3009.28 over 433 frames.
a_1_540_66_545_01 NOW WE SEE UPON WITH COLLECTOR IS 
LOG (lattice-best-path[5.5.931~1-0c51c]:main():lattice-best-path.cc:99) For utterance a_1_545_02_553_17, best cost 174.748 + 5628.39 = 5803.14 over 813 frames.
a_1_545_02_553_17 WE ACTUALLY SHOULD IS TO WILL COLOR BECAUSE IT'S ONLY NEEDED TO IT RADIO NETWORKS SO FAR TO NEED 
LOG (lattice-best-path[5.5.931~1-0c51c]:main():lattice-best-path.cc:99) For utterance a_1_555_76_560_72, best cost 120.32 + 3544.92 = 3665.24 over 494 frames.
a_1_555_76_560_72 ARE TO TO IT WE OF COCA FIGURES SCRIPT WITH HELP OPTION 
LOG (lattice-best-path[5.5.931~1-0c51c]:main():lattice-best-path.cc:99) For utterance a_1_564_61_568_28, best cost 72.4291 + 2552.35 = 2624.78 over 365 frames.
a_1_564_61_568_28 WE WOULD WAS COLOR DEFAULTED GETS 
LOG (lattice-best-path[5.5.931~1-0c51c]:main():lattice-best-path.cc:99) For utterance a_1_568_46_572_69, best cost 70.4958 + 2899.15 = 2969.65 over 421 frames.
a_1_568_46_572_69 WILL CHANGE LEAST OPTION TO KNOW 
LOG (lattice-best-path[5.5.931~1-0c51c]:main():lattice-best-path.cc:99) For utterance a_1_587_19_597_74, best cost 174.094 + 7309.32 = 7483.41 over 1053 frames.
a_1_587_19_597_74 TO HAVE TO SUCCESSFUL CAN FAVORED NOW LOOKING COMPILE COME TO IN THIS TO MAKE COMMANDS 
LOG (lattice-best-path[5.5.931~1-0c51c]:main():lattice-best-path.cc:99) For utterance a_1_601_31_607_60, best cost 120.009 + 4488.59 = 4608.6 over 627 frames.
a_1_601_31_607_60 AND WE SPECIFY CAME FOR TO PURPLE SHOPS FOR THE COMPLETION 
LOG (lattice-best-path[5.5.931~1-0c51c]:main():lattice-best-path.cc:99) For utterance a_1_62_14_72_77, best cost 223.375 + 7662.52 = 7885.9 over 1061 frames.
a_1_62_14_72_77 WILL USE I MASTER TO IN STOP USE CLOUDY THERE FOR WHICH RECORDING BOUGHT THE RECORD AND BIRTHDAY SHOULD BE ID THERE 
LOG (lattice-best-path[5.5.931~1-0c51c]:main():lattice-best-path.cc:99) For utterance a_1_638_18_641_05, best cost 47.1541 + 1962.17 = 2009.32 over 285 frames.
a_1_638_18_641_05 ALL CASE IT'S AS ONE 
LOG (lattice-best-path[5.5.931~1-0c51c]:main():lattice-best-path.cc:99) For utterance a_1_641_06_643_95, best cost 68.8754 + 2079.86 = 2148.74 over 287 frames.
a_1_641_06_643_95 IT MEANS REALLY WENT WELL AGAIN 
LOG (lattice-best-path[5.5.931~1-0c51c]:main():lattice-best-path.cc:99) For utterance a_1_643_96_648_87, best cost 113.654 + 3524.45 = 3638.1 over 489 frames.
a_1_643_96_648_87 WE HAVE CAN THRUST FOR ABOUT LOADED AND COMPILED COUNTY 
LOG (lattice-best-path[5.5.931~1-0c51c]:main():lattice-best-path.cc:99) For utterance a_1_648_88_651_77, best cost 55.879 + 2020.76 = 2076.64 over 287 frames.
a_1_648_88_651_77 NOW IT STREET FOR YES 
LOG (lattice-best-path[5.5.931~1-0c51c]:main():lattice-best-path.cc:99) For utterance a_1_651_86_659_83, best cost 143.173 + 5528.15 = 5671.32 over 795 frames.
a_1_651_86_659_83 AND WE CAN GO TO TO TEXT PART OF CUTTING TUTORIAL HOW TO DIRECTORIES DIRECTORY 
LOG (lattice-best-path[5.5.931~1-0c51c]:main():lattice-best-path.cc:99) For utterance a_1_659_84_662_30, best cost 53.0011 + 1643.54 = 1696.54 over 244 frames.
a_1_659_84_662_30 SAYED THE NEXT VIDEO 
LOG (lattice-best-path[5.5.931~1-0c51c]:main():lattice-best-path.cc:99) For utterance a_1_6_98_11_87, best cost 154.357 + 3679.79 = 3834.15 over 487 frames.
a_1_6_98_11_87 DIRECTORIES GO TO I FISH WHAT SIGHTED COUNTY COME DID THE SHE SUDDEN PARK 
LOG (lattice-best-path[5.5.931~1-0c51c]:main():lattice-best-path.cc:99) For utterance a_1_72_78_77_55, best cost 135.259 + 3554.84 = 3690.1 over 475 frames.
a_1_72_78_77_55 TO CONNECT OFFICER WE USE STEM AMOUNT ALLOCATION AND IS STAGE COMMAND 
LOG (lattice-best-path[5.5.931~1-0c51c]:main():lattice-best-path.cc:99) For utterance a_1_80_11_86_02, best cost 96.1462 + 4074.31 = 4170.45 over 589 frames.
a_1_80_11_86_02 LEAST I PIECES I ACTUALLY WERE I'M AS AGAIN 
LOG (lattice-best-path[5.5.931~1-0c51c]:main():lattice-best-path.cc:99) For utterance a_1_86_03_93_49, best cost 114.105 + 5286.49 = 5400.6 over 744 frames.
a_1_86_03_93_49 THEN THE NAME OF THIS EVERYTHING NEXT I MEN'S YOU MISSION 
LOG (lattice-best-path[5.5.931~1-0c51c]:main():lattice-best-path.cc:99) For utterance b_2_0_03_4_44, best cost 94.1105 + 3260.19 = 3354.3 over 439 frames.
b_2_0_03_4_44 IN THIS VIDEO WILL TO BRIEFLY ABOUT TO DIRECTORY IT'S 
LOG (lattice-best-path[5.5.931~1-0c51c]:main():lattice-best-path.cc:99) For utterance b_2_105_03_114_90, best cost 188.784 + 6883.31 = 7072.09 over 985 frames.
b_2_105_03_114_90 AND ANOTHER ONE IS MINI REALLY SPEECH WHICH CENTERS TELLS THE NINE EXAMPLE OF BUILDING PROCEED IS ENCOUNTER 
LOG (lattice-best-path[5.5.931~1-0c51c]:main():lattice-best-path.cc:99) For utterance b_2_115_20_127_49, best cost 203.349 + 8340.25 = 8543.6 over 1227 frames.
b_2_115_20_127_49 DONE WILL TALKED ABOUT MIRROR SPEECHES BEEN THE NEXT MODEL WE TO MEDICAL IN ALL STREET JOURNAL AS BE 
LOG (lattice-best-path[5.5.931~1-0c51c]:main():lattice-best-path.cc:99) For utterance b_2_129_48_136_95, best cost 131.335 + 5291.23 = 5422.57 over 745 frames.
b_2_129_48_136_95 SO IS YOU CAN SAY THE RECENT AS FIVE DIRECTORY EACH OF THE RECIPE 
LOG (lattice-best-path[5.5.931~1-0c51c]:main():lattice-best-path.cc:99) For utterance b_2_136_96_148_79, best cost 212.949 + 8065.69 = 8278.64 over 1181 frames.
b_2_136_96_148_79 TIME TO DOESN'T IN ANYTHING MOST LIKELY IF YOU LOOK FOR ANY OTHER RECIPE AN IT'LL BE ALSO AND AS FIVE 
LOG (lattice-best-path[5.5.931~1-0c51c]:main():lattice-best-path.cc:99) For utterance b_2_151_10_159_65, best cost 113.85 + 5536.12 = 5649.97 over 853 frames.
b_2_151_10_159_65 SUMMERS IS TO EXAMPLE DEADLY WILL HAVE SEVERAL DIRECTORIES 
LOG (lattice-best-path[5.5.931~1-0c51c]:main():lattice-best-path.cc:99) For utterance b_2_159_66_169_80, best cost 197.571 + 6804.25 = 7001.82 over 1012 frames.
b_2_159_66_169_80 TO CAN IT SEE THAT WEEK RESPOND TO DIFFERENT REAGENTS OF THE REST ONE DIFFERENT OPTIONS OF PRESENTLY 
LOG (lattice-best-path[5.5.931~1-0c51c]:main():lattice-best-path.cc:99) For utterance b_2_171_54_176_67, best cost 83.3305 + 3540.91 = 3624.24 over 511 frames.
b_2_171_54_176_67 I THINK THAT IS ENOUGH INFORMATION ABOUT EXAMPLES 
LOG (lattice-best-path[5.5.931~1-0c51c]:main():lattice-best-path.cc:99) For utterance b_2_178_55_185_67, best cost 130.036 + 4798.85 = 4928.89 over 710 frames.
b_2_178_55_185_67 IT CAN GO TO THE SOURCE CALLED AND ACRE LOOK AND WE IT'S CONTENTS 
LOG (lattice-best-path[5.5.931~1-0c51c]:main():lattice-best-path.cc:99) For utterance b_2_185_96_200_94, best cost 245.837 + 9803.22 = 10049.1 over 1496 frames.
b_2_185_96_200_94 SO WE SEE ALREADY THE CAN FIGURES SCRIPT WHICH CAN FIGURES THE CLOUDY TO BE ARE ON WE CERTAIN SYSTEM ON ARE SYSTEM FOR EXAMPLE 
LOG (lattice-best-path[5.5.931~1-0c51c]:main():lattice-best-path.cc:99) For utterance b_2_200_95_218_31, best cost 224.926 + 11443.9 = 11668.8 over 1734 frames.
b_2_200_95_218_31 IT ALSO HIGHEST DOCUMENTATION DIRECTORY BE M AND MANY MORE DIRECTORIES WHICH CAN BE BE EVIL IT TO TO TO PUTS 
LOG (lattice-best-path[5.5.931~1-0c51c]:main():lattice-best-path.cc:99) For utterance b_2_218_32_234_63, best cost 267.803 + 10879.7 = 11147.5 over 1629 frames.
b_2_218_32_234_63 ONE OF THEM NEVER LINE EVERY DIRECTORIES TO EXAMPLE OTHER EACH MEN ISN'T IVORY WITH LINE LEAST FOR HIDDEN OF MODEL I'M CONSCIENCE 
LOG (lattice-best-path[5.5.931~1-0c51c]:main():lattice-best-path.cc:99) For utterance b_2_21_49_25_06, best cost 78.9888 + 2520.12 = 2599.11 over 355 frames.
b_2_21_49_25_06 SEE SEE WITH ACTUALLY LOCAL TO SOURCE CALLED 
LOG (lattice-best-path[5.5.931~1-0c51c]:main():lattice-best-path.cc:99) For utterance b_2_236_00_247_45, best cost 228.241 + 8080.07 = 8308.31 over 1143 frames.
b_2_236_00_247_45 END THE THESE OUT OF COMPRESSION IS THIS LINK OUT WHICH MENTAL TO SO FILE WHICH IS BINARY SLAVERY FILE IN LINKS 
LOG (lattice-best-path[5.5.931~1-0c51c]:main():lattice-best-path.cc:99) For utterance b_2_247_46_264_98, best cost 311.325 + 12004.2 = 12315.5 over 1750 frames.
b_2_247_46_264_98 AS ALL STANCE FOR SHELTER IT'S IT'S IT JUST SPIKES ALL THE END FUNCTIONS AND ONLY IT'S FROM THIS SEE DOES WAS AND HANGERS FILES AS A BINARY FILE 
LOG (lattice-best-path[5.5.931~1-0c51c]:main():lattice-best-path.cc:99) For utterance b_2_25_07_35_00, best cost 145.071 + 6675.92 = 6821 over 991 frames.
b_2_25_07_35_00 AND TOOLS WITH ADDITIONAL TOOLS AND CONTINENTS NEEDED TO ONE THE REST IS 
LOG (lattice-best-path[5.5.931~1-0c51c]:main():lattice-best-path.cc:99) For utterance b_2_266_21_273_05, best cost 103.435 + 4633.79 = 4737.23 over 682 frames.
b_2_266_21_273_05 IN WROTE USE THIS BACTERIA PRIUS WE DID PROBLEMS 
LOG (lattice-best-path[5.5.931~1-0c51c]:main():lattice-best-path.cc:99) For utterance b_2_273_06_285_50, best cost 214.831 + 8555.06 = 8769.89 over 1242 frames.
b_2_273_06_285_50 BORROWS TO ARE ALL CIRCLE BINARY IS IN LINKS AND THE TO ARE STORED IN DEAN DIRECTORIES ENCOUNTER 
LOG (lattice-best-path[5.5.931~1-0c51c]:main():lattice-best-path.cc:99) For utterance b_2_285_51_300_59, best cost 246.758 + 10070.3 = 10317 over 1506 frames.
b_2_285_51_300_59 EXAMPLE WE CAN WE WILL USE DEMON BEEN PROGRAMS WHICH ARE PROBLEMS COMBINE ARIS WORKING WITH CLOSE AND ACTUALLY MODEL 
LOG (lattice-best-path[5.5.931~1-0c51c]:main():lattice-best-path.cc:99) For utterance b_2_306_90_317_17, best cost 202.178 + 6935.88 = 7138.06 over 1025 frames.
b_2_306_90_317_17 SO EASIER YOU CAN SEE SEE SAY FILES WHICH ARE CITIZENS CODE OR SETTLES TO ASKED SOURCE CODE FILES 
LOG (lattice-best-path[5.5.931~1-0c51c]:main():lattice-best-path.cc:99) For utterance b_2_317_18_324_52, best cost 110.444 + 4748.58 = 4859.03 over 732 frames.
b_2_317_18_324_52 SOME DIRECTION BE SOME PITCH FILES TO DIDN'T SEE THEN 
LOG (lattice-best-path[5.5.931~1-0c51c]:main():lattice-best-path.cc:99) For utterance b_2_325_28_334_10, best cost 137.891 + 6118.14 = 6256.03 over 880 frames.
b_2_325_28_334_10 OK I THINK WHICH FILES ONLY USE TO THE LIBRARIES WASN'T WOMEN DIRECTORY 
LOG (lattice-best-path[5.5.931~1-0c51c]:main():lattice-best-path.cc:99) For utterance b_2_336_29_338_85, best cost 26.796 + 1585.03 = 1611.82 over 254 frames.
b_2_336_29_338_85 I THIS ONE 
LOG (lattice-best-path[5.5.931~1-0c51c]:main():lattice-best-path.cc:99) For utterance b_2_339_20_353_95, best cost 266.807 + 9994.52 = 10261.3 over 1473 frames.
b_2_339_20_353_95 AND THESE USUALLY MAKE FILE WHICH DESCRIBES I ON THE ONLY SWITCH CAN BE PRACTICE WASTE THE FILES THESE DIRECTORY AND HOW LAYING SHOULD BE PER USED 
LOG (lattice-best-path[5.5.931~1-0c51c]:main():lattice-best-path.cc:99) For utterance b_2_358_53_365_51, best cost 124.277 + 4754.73 = 4879 over 696 frames.
b_2_358_53_365_51 THE DON'T WE FILES OTHER SOMETHING TO MORE DIDN'T NEED TO MOBILE THEM 
LOG (lattice-best-path[5.5.931~1-0c51c]:main():lattice-best-path.cc:99) For utterance b_2_365_52_370_79, best cost 134.617 + 3788.73 = 3923.34 over 525 frames.
b_2_365_52_370_79 DON'T OR IS ALSO SOMETHING TO MORE IT SAW PUT ONLY FROM LACK ENTIRE 
LOG (lattice-best-path[5.5.931~1-0c51c]:main():lattice-best-path.cc:99) For utterance b_2_370_80_378_44, best cost 125.919 + 5130.63 = 5256.55 over 762 frames.
b_2_370_80_378_44 MOSTLY WHAT WE WILL BE YOU WORKING WITH ISS BINARY FILES 
LOG (lattice-best-path[5.5.931~1-0c51c]:main():lattice-best-path.cc:99) For utterance b_2_379_78_383_53, best cost 54.5055 + 2517.61 = 2572.11 over 373 frames.
b_2_379_78_383_53 SOMETHING ACTUALLY MEDICAL SINGLE 
LOG (lattice-best-path[5.5.931~1-0c51c]:main():lattice-best-path.cc:99) For utterance b_2_385_03_394_02, best cost 208.649 + 6262.21 = 6470.86 over 897 frames.
b_2_385_03_394_02 WE KNOW THAT TALKS WITH SKULLS IN ACTUALLY MODEL BECAUSE IS TESTING G MEMORY WE KNOW WHAT IT IS ALL TO NEW 
LOG (lattice-best-path[5.5.931~1-0c51c]:main():lattice-best-path.cc:99) For utterance b_2_394_03_397_81, best cost 77.3721 + 2589.45 = 2666.82 over 376 frames.
b_2_394_03_397_81 IT IS GOES TO DO THE DECODING CURTAINS 
LOG (lattice-best-path[5.5.931~1-0c51c]:main():lattice-best-path.cc:99) For utterance b_2_397_82_423_89, best cost 408.637 + 17234.2 = 17642.8 over 2605 frames.
b_2_397_82_423_89 AND THE ARREST IS JUST THE ADDITIONAL INFORMATION ABOUT HOW EXACTLY IN WERE IT IS IT OVER WHAT IS OLDER I'M REAL AND FROM ACTUALLY CAN NEAT YOU MIGHT NEED MANDARIN IN THE IS WIDELY OR SEARCHING FOR BINARY 
LOG (lattice-best-path[5.5.931~1-0c51c]:main():lattice-best-path.cc:99) For utterance b_2_40_13_47_96, best cost 143.639 + 5327.95 = 5471.59 over 781 frames.
b_2_40_13_47_96 DROPPED YOU MORE THEM BY THAT ALL PSYCHE YOU WHEN NOT KINGDOM THIS COURSE 
LOG (lattice-best-path[5.5.931~1-0c51c]:main():lattice-best-path.cc:99) For utterance b_2_423_90_446_33, best cost 457.572 + 15544.5 = 16002.1 over 2241 frames.
b_2_423_90_446_33 WHY A SET ACTUALLY A TO WHITE IS ACTUALLY IMPORTANT SO NOWHERE IS GOD WE SPEAKER AS WHEN YOU DEVELOPED IN THE NEED YOU SCRIPTS FOR COUNTED MOST LIKELY YOU IT NEED TO USE EXISTING BY VERY SET TWO INDIRECT WITH CLOUDY FILES AND IN READILY 
LOG (lattice-best-path[5.5.931~1-0c51c]:main():lattice-best-path.cc:99) For utterance b_2_446_34_458_29, best cost 247.099 + 8128.65 = 8375.75 over 1193 frames.
b_2_446_34_458_29 CHECK FIFTH WANDER US EVERY TISSUE WOULD NEED TO GO TO THESE BEEN DIRECTORIES AND SEE FREEZING THING WOULD YOU WOO CAME USE 
LOG (lattice-best-path[5.5.931~1-0c51c]:main():lattice-best-path.cc:99) For utterance b_2_459_55_472_46, best cost 239.704 + 9003.2 = 9242.9 over 1289 frames.
b_2_459_55_472_46 IF IT THINK THAT SOME PROBLEM ONLY DOES WOULD YET IN CAN AROUND THIS FARM WITHOUT ANY AN FRIENDS AND SEE THE HELPS 
LOG (lattice-best-path[5.5.931~1-0c51c]:main():lattice-best-path.cc:99) For utterance b_2_473_82_488_02, best cost 226.952 + 9411.13 = 9638.08 over 1418 frames.
b_2_473_82_488_02 IT TOTAL WE WOULD ACTUALLY LINES DECODE FEATURES IS JANE AMAZED MODEL THEN AND IT'LL TELL YOU HOW TO BRAND 
LOG (lattice-best-path[5.5.931~1-0c51c]:main():lattice-best-path.cc:99) For utterance b_2_488_35_499_75, best cost 166.538 + 7458.39 = 7624.93 over 1138 frames.
b_2_488_35_499_75 SO USED SAY THAT SEE IN THIS CASE YOU CAN SPECIFY SOLUTIONS FIGURE AND FROM HERE 
LOG (lattice-best-path[5.5.931~1-0c51c]:main():lattice-best-path.cc:99) For utterance b_2_48_81_57_00, best cost 110.072 + 5506.98 = 5617.05 over 817 frames.
b_2_48_81_57_00 UN GLASS JACK WOULD NICOLAS IN THE EXAMPLES DIRECTORY 
LOG (lattice-best-path[5.5.931~1-0c51c]:main():lattice-best-path.cc:99) For utterance b_2_499_76_505_12, best cost 120.55 + 3846.69 = 3967.24 over 534 frames.
b_2_499_76_505_12 YONI TO SPECIFYING THE MODEL INTEREST SEE IF RM AND 
LOG (lattice-best-path[5.5.931~1-0c51c]:main():lattice-best-path.cc:99) For utterance b_2_4_47_8_89, best cost 108.119 + 3150.19 = 3258.31 over 440 frames.
b_2_4_47_8_89 AS YOU CONSIDER SEVERAL DIRECTORY SET THE DON'T LEVEL FACULTY 
LOG (lattice-best-path[5.5.931~1-0c51c]:main():lattice-best-path.cc:99) For utterance b_2_506_42_516_32, best cost 131.833 + 6448.51 = 6580.35 over 988 frames.
b_2_506_42_516_32 AND SEVERAL ON ACTUALLY SOLLY ONE ARE SPECIFY I SPECIFY 
LOG (lattice-best-path[5.5.931~1-0c51c]:main():lattice-best-path.cc:99) For utterance b_2_516_33_534_34, best cost 287.916 + 12170.1 = 12458.1 over 1799 frames.
b_2_516_33_534_34 TRANSFER REALLY SPECIFIED MISSED THAT IT IT'S SOME STRING WHICH WOULD DESCRIBED HOW TO READ INFORMATION HOP TO THE THE INPUT INFORMATION FOR THIS ARM 
LOG (lattice-best-path[5.5.931~1-0c51c]:main():lattice-best-path.cc:99) For utterance b_2_534_35_546_40, best cost 240.284 + 8398.65 = 8638.93 over 1203 frames.
b_2_534_35_546_40 DIAL WE SPECIFY USE RIGHT IS IT'S FIRE MEANS THE SOMETHING WHICH DESCRIBES WHERE AND HOW TO RIGHT THE OUTPUT LESS POLLEN 
LOG (lattice-best-path[5.5.931~1-0c51c]:main():lattice-best-path.cc:99) For utterance b_2_546_41_555_60, best cost 211.908 + 6415.2 = 6627.11 over 917 frames.
b_2_546_41_555_60 IN THIS CASE IT CODE BE WORST WAITED IS FIRE WHICH DISCUSS WHERE TO ALRIGHT I DECODE WORDS FROM THE FEATURES 
LOG (lattice-best-path[5.5.931~1-0c51c]:main():lattice-best-path.cc:99) For utterance b_2_555_61_567_88, best cost 208.738 + 8048.68 = 8257.42 over 1225 frames.
b_2_555_61_567_88 AND ALSO DO ALLIANCE AND IT'S WHERE ARE WHERE LINES OF BE WAIT AND WERE THAT SPECIFY VARIANTS TO BRITAIN 
LOG (lattice-best-path[5.5.931~1-0c51c]:main():lattice-best-path.cc:99) For utterance b_2_567_90_583_31, best cost 303.844 + 10685 = 10988.8 over 1539 frames.
b_2_567_90_583_31 THIS QUEERER YOU KISSES IN OLD NON ESSENTIAL NON REQUIRED PERIMETER SO IF YOU DON'T SPECIFY EIGHT OF I WHEN SO WRITERS THE THE WITH WANTING WRITTEN 
LOG (lattice-best-path[5.5.931~1-0c51c]:main():lattice-best-path.cc:99) For utterance b_2_583_32_592_59, best cost 172.937 + 6345.44 = 6518.38 over 925 frames.
b_2_583_32_592_59 IF DIDN'T SPECIFYING WORDS SPECIFY ERROR THAT WILL FELL BECAUSE THIS DIAMETER IS TO QUITE 
LOG (lattice-best-path[5.5.931~1-0c51c]:main():lattice-best-path.cc:99) For utterance b_2_595_06_605_03, best cost 162.489 + 6781.73 = 6944.22 over 995 frames.
b_2_595_06_605_03 AND YOU KEY SEE SIMILAR ARE STRUCTURE MEAN PROBLEMS WHEN MAIN OTHER IN DIRECTORY IS 
LOG (lattice-best-path[5.5.931~1-0c51c]:main():lattice-best-path.cc:99) For utterance b_2_59_50_64_29, best cost 60.5694 + 3126.68 = 3187.25 over 477 frames.
b_2_59_50_64_29 THE ARE NOT OF OTHER DIRECTORIES 
LOG (lattice-best-path[5.5.931~1-0c51c]:main():lattice-best-path.cc:99) For utterance b_2_614_15_632_14, best cost 329.566 + 12244.4 = 12574 over 1797 frames.
b_2_614_15_632_14 AND THIS BEEN DIRECT IT DOESN'T RESPOND MANY PARTICULAR I GREAT BUT IT CONTAINS MINI USE AN COLUMNS SUCH IS CONCRETE ORDER RATE DEFINE THE DIMENSIONAL BUT TEXT AND SO ON 
LOG (lattice-best-path[5.5.931~1-0c51c]:main():lattice-best-path.cc:99) For utterance b_2_637_81_642_27, best cost 60.5812 + 2961.77 = 3022.35 over 444 frames.
b_2_637_81_642_27 OKAY DA THINK THAT STATES 
LOG (lattice-best-path[5.5.931~1-0c51c]:main():lattice-best-path.cc:99) For utterance b_2_643_37_649_65, best cost 140.744 + 4339.92 = 4480.67 over 626 frames.
b_2_643_37_649_65 THE NEXT VIDEO WILL START TO WORK OF NOW WERE FIRST SPEECH RECOGNITION SYSTEM 
LOG (lattice-best-path[5.5.931~1-0c51c]:main():lattice-best-path.cc:99) For utterance b_2_649_80_652_86, best cost 46.1529 + 1979.13 = 2025.28 over 304 frames.
b_2_649_80_652_86 SEEMS THE NEXT VIDEO 
LOG (lattice-best-path[5.5.931~1-0c51c]:main():lattice-best-path.cc:99) For utterance b_2_65_58_69_11, best cost 55.998 + 2378.63 = 2434.63 over 351 frames.
b_2_65_58_69_11 THIS DIRECTORY CIRCLE DOESN'T IS 
LOG (lattice-best-path[5.5.931~1-0c51c]:main():lattice-best-path.cc:99) For utterance b_2_69_20_83_11, best cost 241.12 + 9463.22 = 9704.34 over 1389 frames.
b_2_69_20_83_11 EACH OF THEN CONTAINS AN THE DESCRIPTION OFF THE PROCESS TO BUILT DESIRES SYSTEM USING ONE CORPUS OR SEVERAL CORPORA TOGETHER 
LOG (lattice-best-path[5.5.931~1-0c51c]:main():lattice-best-path.cc:99) For utterance b_2_83_12_105_02, best cost 436.609 + 15107.2 = 15543.8 over 2188 frames.
b_2_83_12_105_02 ANIMAL SO IMPORTANT OF THE ONE ARE A DA WITH AS J WHICH DESCRIBES THE ALL STREET JOURNAL PRECISE SYSTEM OR THEY START PASTE OF THE ALL STREET JOURNAL CORPUS WHICH IS WAY COPIER WHICH MARK DATA SET FOR SPEECH RECOGNITION 
LOG (lattice-scale[5.5.931~1-0c51c]:main():lattice-scale.cc:107) Done 119 lattices.
LOG (lattice-add-penalty[5.5.931~1-0c51c]:main():lattice-add-penalty.cc:62) Done adding word insertion penalty to 119 lattices.
LOG (lattice-best-path[5.5.931~1-0c51c]:main():lattice-best-path.cc:99) For utterance b_2_8_90_21_48, best cost 215.582 + 8734.14 = 8949.72 over 1256 frames.
b_2_8_90_21_48 MOST IMPORTANT OF THEN ARE TO X WE TO EXAMPLE SCRIPTS FOR DON'T IT OF DESIRES SYSTEM SIN VARIOUS COPPER 
LOG (lattice-best-path[5.5.931~1-0c51c]:main():lattice-best-path.cc:124) Overall cost per frame is 7.08214 = 0.185426 [graph] + 6.89672 [acoustic] over 94747 frames.
LOG (lattice-best-path[5.5.931~1-0c51c]:main():lattice-best-path.cc:128) Done 119 lattices, failed for 0
# Accounting: time=0 threads=1
# Ended (code 0) at Sun Jul  4 03:14:59 CEST 2021, elapsed time 0 seconds
