# compute-mfcc-feats --write-utt2dur=ark,t:exp/make_mfcc/train_teamlab/utt2dur.1 --verbose=2 --config=conf/mfcc.conf scp,p:exp/make_mfcc/train_teamlab/wav_train_teamlab.1.scp ark:- | copy-feats --write-num-frames=ark,t:exp/make_mfcc/train_teamlab/utt2num_frames.1 --compress=true ark:- ark,scp:/mount/studenten/arbeitsdaten-studenten1/team-lab-phonetics/2021/student_directories/Vanessa_Dengel/kaldi/egs/teamlab/s5/mfcc/raw_mfcc_train_teamlab.1.ark,/mount/studenten/arbeitsdaten-studenten1/team-lab-phonetics/2021/student_directories/Vanessa_Dengel/kaldi/egs/teamlab/s5/mfcc/raw_mfcc_train_teamlab.1.scp 
# Started at Thu May 27 13:39:30 CEST 2021
#
copy-feats --write-num-frames=ark,t:exp/make_mfcc/train_teamlab/utt2num_frames.1 --compress=true ark:- ark,scp:/mount/studenten/arbeitsdaten-studenten1/team-lab-phonetics/2021/student_directories/Vanessa_Dengel/kaldi/egs/teamlab/s5/mfcc/raw_mfcc_train_teamlab.1.ark,/mount/studenten/arbeitsdaten-studenten1/team-lab-phonetics/2021/student_directories/Vanessa_Dengel/kaldi/egs/teamlab/s5/mfcc/raw_mfcc_train_teamlab.1.scp 
compute-mfcc-feats --write-utt2dur=ark,t:exp/make_mfcc/train_teamlab/utt2dur.1 --verbose=2 --config=conf/mfcc.conf scp,p:exp/make_mfcc/train_teamlab/wav_train_teamlab.1.scp ark:- 
VLOG[2] (compute-mfcc-feats[5.5.925~1-ded7b]:main():compute-mfcc-feats.cc:182) Processed features for key c_3_0_00_4_51
VLOG[2] (compute-mfcc-feats[5.5.925~1-ded7b]:main():compute-mfcc-feats.cc:182) Processed features for key c_3_1025_14_1051_25
VLOG[2] (compute-mfcc-feats[5.5.925~1-ded7b]:main():compute-mfcc-feats.cc:182) Processed features for key c_3_1054_70_1056_93
VLOG[2] (compute-mfcc-feats[5.5.925~1-ded7b]:main():compute-mfcc-feats.cc:182) Processed features for key c_3_1059_17_1064_40
VLOG[2] (compute-mfcc-feats[5.5.925~1-ded7b]:main():compute-mfcc-feats.cc:182) Processed features for key c_3_1066_39_1074_96
VLOG[2] (compute-mfcc-feats[5.5.925~1-ded7b]:main():compute-mfcc-feats.cc:182) Processed features for key c_3_1145_19_1152_50
VLOG[2] (compute-mfcc-feats[5.5.925~1-ded7b]:main():compute-mfcc-feats.cc:182) Processed features for key c_3_1169_63_1176_53
VLOG[2] (compute-mfcc-feats[5.5.925~1-ded7b]:main():compute-mfcc-feats.cc:182) Processed features for key c_3_1176_78_1182_66
VLOG[2] (compute-mfcc-feats[5.5.925~1-ded7b]:main():compute-mfcc-feats.cc:182) Processed features for key c_3_1275_08_1279_46
LOG (compute-mfcc-feats[5.5.925~1-ded7b]:main():compute-mfcc-feats.cc:181) Processed 10 utterances
VLOG[2] (compute-mfcc-feats[5.5.925~1-ded7b]:main():compute-mfcc-feats.cc:182) Processed features for key c_3_1279_58_1285_71
VLOG[2] (compute-mfcc-feats[5.5.925~1-ded7b]:main():compute-mfcc-feats.cc:182) Processed features for key c_3_1289_34_1308_06
VLOG[2] (compute-mfcc-feats[5.5.925~1-ded7b]:main():compute-mfcc-feats.cc:182) Processed features for key c_3_1308_07_1320_94
VLOG[2] (compute-mfcc-feats[5.5.925~1-ded7b]:main():compute-mfcc-feats.cc:182) Processed features for key c_3_1329_78_1334_23
VLOG[2] (compute-mfcc-feats[5.5.925~1-ded7b]:main():compute-mfcc-feats.cc:182) Processed features for key c_3_1335_22_1343_50
VLOG[2] (compute-mfcc-feats[5.5.925~1-ded7b]:main():compute-mfcc-feats.cc:182) Processed features for key c_3_1349_24_1359_77
VLOG[2] (compute-mfcc-feats[5.5.925~1-ded7b]:main():compute-mfcc-feats.cc:182) Processed features for key c_3_1360_09_1368_76
VLOG[2] (compute-mfcc-feats[5.5.925~1-ded7b]:main():compute-mfcc-feats.cc:182) Processed features for key c_3_136_91_141_47
VLOG[2] (compute-mfcc-feats[5.5.925~1-ded7b]:main():compute-mfcc-feats.cc:182) Processed features for key c_3_1390_16_1395_72
VLOG[2] (compute-mfcc-feats[5.5.925~1-ded7b]:main():compute-mfcc-feats.cc:182) Processed features for key c_3_1396_03_1405_37
LOG (compute-mfcc-feats[5.5.925~1-ded7b]:main():compute-mfcc-feats.cc:181) Processed 20 utterances
VLOG[2] (compute-mfcc-feats[5.5.925~1-ded7b]:main():compute-mfcc-feats.cc:182) Processed features for key c_3_1407_77_1409_83
VLOG[2] (compute-mfcc-feats[5.5.925~1-ded7b]:main():compute-mfcc-feats.cc:182) Processed features for key c_3_144_97_153_03
VLOG[2] (compute-mfcc-feats[5.5.925~1-ded7b]:main():compute-mfcc-feats.cc:182) Processed features for key c_3_1463_04_1472_50
VLOG[2] (compute-mfcc-feats[5.5.925~1-ded7b]:main():compute-mfcc-feats.cc:182) Processed features for key c_3_1479_63_1487_93
VLOG[2] (compute-mfcc-feats[5.5.925~1-ded7b]:main():compute-mfcc-feats.cc:182) Processed features for key c_3_1488_80_1500_27
VLOG[2] (compute-mfcc-feats[5.5.925~1-ded7b]:main():compute-mfcc-feats.cc:182) Processed features for key c_3_1530_90_1533_56
VLOG[2] (compute-mfcc-feats[5.5.925~1-ded7b]:main():compute-mfcc-feats.cc:182) Processed features for key c_3_1539_02_1547_62
VLOG[2] (compute-mfcc-feats[5.5.925~1-ded7b]:main():compute-mfcc-feats.cc:182) Processed features for key c_3_153_04_159_24
VLOG[2] (compute-mfcc-feats[5.5.925~1-ded7b]:main():compute-mfcc-feats.cc:182) Processed features for key c_3_1557_12_1561_90
VLOG[2] (compute-mfcc-feats[5.5.925~1-ded7b]:main():compute-mfcc-feats.cc:182) Processed features for key c_3_1562_91_1573_62
LOG (compute-mfcc-feats[5.5.925~1-ded7b]:main():compute-mfcc-feats.cc:181) Processed 30 utterances
VLOG[2] (compute-mfcc-feats[5.5.925~1-ded7b]:main():compute-mfcc-feats.cc:182) Processed features for key c_3_1590_90_1593_57
VLOG[2] (compute-mfcc-feats[5.5.925~1-ded7b]:main():compute-mfcc-feats.cc:182) Processed features for key c_3_159_25_166_51
VLOG[2] (compute-mfcc-feats[5.5.925~1-ded7b]:main():compute-mfcc-feats.cc:182) Processed features for key c_3_1605_24_1612_11
VLOG[2] (compute-mfcc-feats[5.5.925~1-ded7b]:main():compute-mfcc-feats.cc:182) Processed features for key c_3_1657_29_1660_53
VLOG[2] (compute-mfcc-feats[5.5.925~1-ded7b]:main():compute-mfcc-feats.cc:182) Processed features for key c_3_1665_94_1670_59
VLOG[2] (compute-mfcc-feats[5.5.925~1-ded7b]:main():compute-mfcc-feats.cc:182) Processed features for key c_3_1671_85_1679_74
VLOG[2] (compute-mfcc-feats[5.5.925~1-ded7b]:main():compute-mfcc-feats.cc:182) Processed features for key c_3_1685_61_1688_66
VLOG[2] (compute-mfcc-feats[5.5.925~1-ded7b]:main():compute-mfcc-feats.cc:182) Processed features for key c_3_1713_84_1715_59
VLOG[2] (compute-mfcc-feats[5.5.925~1-ded7b]:main():compute-mfcc-feats.cc:182) Processed features for key c_3_1717_92_1736_86
VLOG[2] (compute-mfcc-feats[5.5.925~1-ded7b]:main():compute-mfcc-feats.cc:182) Processed features for key c_3_1736_90_1749_40
LOG (compute-mfcc-feats[5.5.925~1-ded7b]:main():compute-mfcc-feats.cc:181) Processed 40 utterances
VLOG[2] (compute-mfcc-feats[5.5.925~1-ded7b]:main():compute-mfcc-feats.cc:182) Processed features for key c_3_1749_50_1759_52
VLOG[2] (compute-mfcc-feats[5.5.925~1-ded7b]:main():compute-mfcc-feats.cc:182) Processed features for key c_3_175_30_178_74
VLOG[2] (compute-mfcc-feats[5.5.925~1-ded7b]:main():compute-mfcc-feats.cc:182) Processed features for key c_3_1760_82_1781_02
VLOG[2] (compute-mfcc-feats[5.5.925~1-ded7b]:main():compute-mfcc-feats.cc:182) Processed features for key c_3_1784_99_1793_84
VLOG[2] (compute-mfcc-feats[5.5.925~1-ded7b]:main():compute-mfcc-feats.cc:182) Processed features for key c_3_178_75_182_88
VLOG[2] (compute-mfcc-feats[5.5.925~1-ded7b]:main():compute-mfcc-feats.cc:182) Processed features for key c_3_1803_26_1809_07
VLOG[2] (compute-mfcc-feats[5.5.925~1-ded7b]:main():compute-mfcc-feats.cc:182) Processed features for key c_3_1809_81_1812_29
VLOG[2] (compute-mfcc-feats[5.5.925~1-ded7b]:main():compute-mfcc-feats.cc:182) Processed features for key c_3_1812_56_1820_31
VLOG[2] (compute-mfcc-feats[5.5.925~1-ded7b]:main():compute-mfcc-feats.cc:182) Processed features for key c_3_1822_01_1828_39
VLOG[2] (compute-mfcc-feats[5.5.925~1-ded7b]:main():compute-mfcc-feats.cc:182) Processed features for key c_3_1828_42_1834_96
LOG (compute-mfcc-feats[5.5.925~1-ded7b]:main():compute-mfcc-feats.cc:181) Processed 50 utterances
VLOG[2] (compute-mfcc-feats[5.5.925~1-ded7b]:main():compute-mfcc-feats.cc:182) Processed features for key c_3_1837_90_1840_81
VLOG[2] (compute-mfcc-feats[5.5.925~1-ded7b]:main():compute-mfcc-feats.cc:182) Processed features for key c_3_1841_62_1847_28
VLOG[2] (compute-mfcc-feats[5.5.925~1-ded7b]:main():compute-mfcc-feats.cc:182) Processed features for key c_3_1850_50_1857_53
VLOG[2] (compute-mfcc-feats[5.5.925~1-ded7b]:main():compute-mfcc-feats.cc:182) Processed features for key c_3_185_16_194_15
VLOG[2] (compute-mfcc-feats[5.5.925~1-ded7b]:main():compute-mfcc-feats.cc:182) Processed features for key c_3_1867_43_1877_78
VLOG[2] (compute-mfcc-feats[5.5.925~1-ded7b]:main():compute-mfcc-feats.cc:182) Processed features for key c_3_1878_87_1886_05
VLOG[2] (compute-mfcc-feats[5.5.925~1-ded7b]:main():compute-mfcc-feats.cc:182) Processed features for key c_3_1887_07_1893_58
VLOG[2] (compute-mfcc-feats[5.5.925~1-ded7b]:main():compute-mfcc-feats.cc:182) Processed features for key c_3_1895_00_1918_15
VLOG[2] (compute-mfcc-feats[5.5.925~1-ded7b]:main():compute-mfcc-feats.cc:182) Processed features for key c_3_18_64_27_70
VLOG[2] (compute-mfcc-feats[5.5.925~1-ded7b]:main():compute-mfcc-feats.cc:182) Processed features for key c_3_1918_78_1926_90
LOG (compute-mfcc-feats[5.5.925~1-ded7b]:main():compute-mfcc-feats.cc:181) Processed 60 utterances
VLOG[2] (compute-mfcc-feats[5.5.925~1-ded7b]:main():compute-mfcc-feats.cc:182) Processed features for key c_3_1927_15_1938_02
VLOG[2] (compute-mfcc-feats[5.5.925~1-ded7b]:main():compute-mfcc-feats.cc:182) Processed features for key c_3_1938_38_1940_74
VLOG[2] (compute-mfcc-feats[5.5.925~1-ded7b]:main():compute-mfcc-feats.cc:182) Processed features for key c_3_1944_01_1949_07
VLOG[2] (compute-mfcc-feats[5.5.925~1-ded7b]:main():compute-mfcc-feats.cc:182) Processed features for key c_3_195_20_204_09
VLOG[2] (compute-mfcc-feats[5.5.925~1-ded7b]:main():compute-mfcc-feats.cc:182) Processed features for key c_3_1963_35_1980_50
VLOG[2] (compute-mfcc-feats[5.5.925~1-ded7b]:main():compute-mfcc-feats.cc:182) Processed features for key c_3_1983_27_1988_44
VLOG[2] (compute-mfcc-feats[5.5.925~1-ded7b]:main():compute-mfcc-feats.cc:182) Processed features for key c_3_1996_33_2000_19
VLOG[2] (compute-mfcc-feats[5.5.925~1-ded7b]:main():compute-mfcc-feats.cc:182) Processed features for key c_3_2010_06_2028_70
VLOG[2] (compute-mfcc-feats[5.5.925~1-ded7b]:main():compute-mfcc-feats.cc:182) Processed features for key c_3_2034_04_2044_12
VLOG[2] (compute-mfcc-feats[5.5.925~1-ded7b]:main():compute-mfcc-feats.cc:182) Processed features for key c_3_2063_99_2082_46
LOG (compute-mfcc-feats[5.5.925~1-ded7b]:main():compute-mfcc-feats.cc:181) Processed 70 utterances
VLOG[2] (compute-mfcc-feats[5.5.925~1-ded7b]:main():compute-mfcc-feats.cc:182) Processed features for key c_3_2082_78_2101_90
VLOG[2] (compute-mfcc-feats[5.5.925~1-ded7b]:main():compute-mfcc-feats.cc:182) Processed features for key c_3_2102_36_2133_51
VLOG[2] (compute-mfcc-feats[5.5.925~1-ded7b]:main():compute-mfcc-feats.cc:182) Processed features for key c_3_2140_35_2151_52
VLOG[2] (compute-mfcc-feats[5.5.925~1-ded7b]:main():compute-mfcc-feats.cc:182) Processed features for key c_3_2152_48_2173_62
VLOG[2] (compute-mfcc-feats[5.5.925~1-ded7b]:main():compute-mfcc-feats.cc:182) Processed features for key c_3_217_99_223_55
VLOG[2] (compute-mfcc-feats[5.5.925~1-ded7b]:main():compute-mfcc-feats.cc:182) Processed features for key c_3_2242_54_2247_95
VLOG[2] (compute-mfcc-feats[5.5.925~1-ded7b]:main():compute-mfcc-feats.cc:182) Processed features for key c_3_2248_50_2260_39
VLOG[2] (compute-mfcc-feats[5.5.925~1-ded7b]:main():compute-mfcc-feats.cc:182) Processed features for key c_3_2260_69_2268_91
VLOG[2] (compute-mfcc-feats[5.5.925~1-ded7b]:main():compute-mfcc-feats.cc:182) Processed features for key c_3_2268_92_2280_38
VLOG[2] (compute-mfcc-feats[5.5.925~1-ded7b]:main():compute-mfcc-feats.cc:182) Processed features for key c_3_2280_39_2287_42
LOG (compute-mfcc-feats[5.5.925~1-ded7b]:main():compute-mfcc-feats.cc:181) Processed 80 utterances
VLOG[2] (compute-mfcc-feats[5.5.925~1-ded7b]:main():compute-mfcc-feats.cc:182) Processed features for key c_3_2289_10_2300_49
VLOG[2] (compute-mfcc-feats[5.5.925~1-ded7b]:main():compute-mfcc-feats.cc:182) Processed features for key c_3_2301_29_2312_66
VLOG[2] (compute-mfcc-feats[5.5.925~1-ded7b]:main():compute-mfcc-feats.cc:182) Processed features for key c_3_2315_96_2318_62
VLOG[2] (compute-mfcc-feats[5.5.925~1-ded7b]:main():compute-mfcc-feats.cc:182) Processed features for key c_3_235_16_241_42
VLOG[2] (compute-mfcc-feats[5.5.925~1-ded7b]:main():compute-mfcc-feats.cc:182) Processed features for key c_3_241_61_246_59
VLOG[2] (compute-mfcc-feats[5.5.925~1-ded7b]:main():compute-mfcc-feats.cc:182) Processed features for key c_3_267_34_282_32
VLOG[2] (compute-mfcc-feats[5.5.925~1-ded7b]:main():compute-mfcc-feats.cc:182) Processed features for key c_3_284_21_290_49
VLOG[2] (compute-mfcc-feats[5.5.925~1-ded7b]:main():compute-mfcc-feats.cc:182) Processed features for key c_3_28_33_34_36
VLOG[2] (compute-mfcc-feats[5.5.925~1-ded7b]:main():compute-mfcc-feats.cc:182) Processed features for key c_3_292_12_300_07
VLOG[2] (compute-mfcc-feats[5.5.925~1-ded7b]:main():compute-mfcc-feats.cc:182) Processed features for key c_3_303_41_305_04
LOG (compute-mfcc-feats[5.5.925~1-ded7b]:main():compute-mfcc-feats.cc:181) Processed 90 utterances
VLOG[2] (compute-mfcc-feats[5.5.925~1-ded7b]:main():compute-mfcc-feats.cc:182) Processed features for key c_3_306_62_313_90
VLOG[2] (compute-mfcc-feats[5.5.925~1-ded7b]:main():compute-mfcc-feats.cc:182) Processed features for key c_3_361_33_369_64
VLOG[2] (compute-mfcc-feats[5.5.925~1-ded7b]:main():compute-mfcc-feats.cc:182) Processed features for key c_3_370_43_391_67
VLOG[2] (compute-mfcc-feats[5.5.925~1-ded7b]:main():compute-mfcc-feats.cc:182) Processed features for key c_3_392_81_400_57
VLOG[2] (compute-mfcc-feats[5.5.925~1-ded7b]:main():compute-mfcc-feats.cc:182) Processed features for key c_3_400_93_406_13
VLOG[2] (compute-mfcc-feats[5.5.925~1-ded7b]:main():compute-mfcc-feats.cc:182) Processed features for key c_3_406_83_414_17
VLOG[2] (compute-mfcc-feats[5.5.925~1-ded7b]:main():compute-mfcc-feats.cc:182) Processed features for key c_3_417_63_427_84
VLOG[2] (compute-mfcc-feats[5.5.925~1-ded7b]:main():compute-mfcc-feats.cc:182) Processed features for key c_3_438_47_449_76
VLOG[2] (compute-mfcc-feats[5.5.925~1-ded7b]:main():compute-mfcc-feats.cc:182) Processed features for key c_3_449_77_459_95
VLOG[2] (compute-mfcc-feats[5.5.925~1-ded7b]:main():compute-mfcc-feats.cc:182) Processed features for key c_3_462_09_472_59
LOG (compute-mfcc-feats[5.5.925~1-ded7b]:main():compute-mfcc-feats.cc:181) Processed 100 utterances
VLOG[2] (compute-mfcc-feats[5.5.925~1-ded7b]:main():compute-mfcc-feats.cc:182) Processed features for key c_3_478_04_486_61
VLOG[2] (compute-mfcc-feats[5.5.925~1-ded7b]:main():compute-mfcc-feats.cc:182) Processed features for key c_3_4_52_17_95
VLOG[2] (compute-mfcc-feats[5.5.925~1-ded7b]:main():compute-mfcc-feats.cc:182) Processed features for key c_3_518_07_537_72
VLOG[2] (compute-mfcc-feats[5.5.925~1-ded7b]:main():compute-mfcc-feats.cc:182) Processed features for key c_3_537_80_540_58
VLOG[2] (compute-mfcc-feats[5.5.925~1-ded7b]:main():compute-mfcc-feats.cc:182) Processed features for key c_3_543_73_547_44
VLOG[2] (compute-mfcc-feats[5.5.925~1-ded7b]:main():compute-mfcc-feats.cc:182) Processed features for key c_3_547_89_558_38
VLOG[2] (compute-mfcc-feats[5.5.925~1-ded7b]:main():compute-mfcc-feats.cc:182) Processed features for key c_3_560_89_575_74
VLOG[2] (compute-mfcc-feats[5.5.925~1-ded7b]:main():compute-mfcc-feats.cc:182) Processed features for key c_3_579_80_589_20
VLOG[2] (compute-mfcc-feats[5.5.925~1-ded7b]:main():compute-mfcc-feats.cc:182) Processed features for key c_3_595_52_610_87
VLOG[2] (compute-mfcc-feats[5.5.925~1-ded7b]:main():compute-mfcc-feats.cc:182) Processed features for key c_3_613_22_620_76
LOG (compute-mfcc-feats[5.5.925~1-ded7b]:main():compute-mfcc-feats.cc:181) Processed 110 utterances
VLOG[2] (compute-mfcc-feats[5.5.925~1-ded7b]:main():compute-mfcc-feats.cc:182) Processed features for key c_3_624_25_632_01
VLOG[2] (compute-mfcc-feats[5.5.925~1-ded7b]:main():compute-mfcc-feats.cc:182) Processed features for key c_3_633_00_638_77
VLOG[2] (compute-mfcc-feats[5.5.925~1-ded7b]:main():compute-mfcc-feats.cc:182) Processed features for key c_3_63_94_85_70
VLOG[2] (compute-mfcc-feats[5.5.925~1-ded7b]:main():compute-mfcc-feats.cc:182) Processed features for key c_3_641_38_647_26
VLOG[2] (compute-mfcc-feats[5.5.925~1-ded7b]:main():compute-mfcc-feats.cc:182) Processed features for key c_3_649_73_655_07
VLOG[2] (compute-mfcc-feats[5.5.925~1-ded7b]:main():compute-mfcc-feats.cc:182) Processed features for key c_3_658_61_663_36
VLOG[2] (compute-mfcc-feats[5.5.925~1-ded7b]:main():compute-mfcc-feats.cc:182) Processed features for key c_3_666_65_684_60
VLOG[2] (compute-mfcc-feats[5.5.925~1-ded7b]:main():compute-mfcc-feats.cc:182) Processed features for key c_3_684_63_692_95
VLOG[2] (compute-mfcc-feats[5.5.925~1-ded7b]:main():compute-mfcc-feats.cc:182) Processed features for key c_3_697_55_705_00
VLOG[2] (compute-mfcc-feats[5.5.925~1-ded7b]:main():compute-mfcc-feats.cc:182) Processed features for key c_3_705_79_715_01
LOG (compute-mfcc-feats[5.5.925~1-ded7b]:main():compute-mfcc-feats.cc:181) Processed 120 utterances
VLOG[2] (compute-mfcc-feats[5.5.925~1-ded7b]:main():compute-mfcc-feats.cc:182) Processed features for key c_3_715_48_719_02
VLOG[2] (compute-mfcc-feats[5.5.925~1-ded7b]:main():compute-mfcc-feats.cc:182) Processed features for key c_3_728_40_732_42
VLOG[2] (compute-mfcc-feats[5.5.925~1-ded7b]:main():compute-mfcc-feats.cc:182) Processed features for key c_3_733_47_741_91
VLOG[2] (compute-mfcc-feats[5.5.925~1-ded7b]:main():compute-mfcc-feats.cc:182) Processed features for key c_3_741_92_745_54
VLOG[2] (compute-mfcc-feats[5.5.925~1-ded7b]:main():compute-mfcc-feats.cc:182) Processed features for key c_3_751_68_754_17
VLOG[2] (compute-mfcc-feats[5.5.925~1-ded7b]:main():compute-mfcc-feats.cc:182) Processed features for key c_3_768_59_780_54
VLOG[2] (compute-mfcc-feats[5.5.925~1-ded7b]:main():compute-mfcc-feats.cc:182) Processed features for key c_3_786_06_794_97
VLOG[2] (compute-mfcc-feats[5.5.925~1-ded7b]:main():compute-mfcc-feats.cc:182) Processed features for key c_3_795_38_798_01
VLOG[2] (compute-mfcc-feats[5.5.925~1-ded7b]:main():compute-mfcc-feats.cc:182) Processed features for key c_3_799_91_802_75
VLOG[2] (compute-mfcc-feats[5.5.925~1-ded7b]:main():compute-mfcc-feats.cc:182) Processed features for key c_3_824_97_830_61
LOG (compute-mfcc-feats[5.5.925~1-ded7b]:main():compute-mfcc-feats.cc:181) Processed 130 utterances
VLOG[2] (compute-mfcc-feats[5.5.925~1-ded7b]:main():compute-mfcc-feats.cc:182) Processed features for key c_3_833_70_848_75
VLOG[2] (compute-mfcc-feats[5.5.925~1-ded7b]:main():compute-mfcc-feats.cc:182) Processed features for key c_3_857_32_867_69
VLOG[2] (compute-mfcc-feats[5.5.925~1-ded7b]:main():compute-mfcc-feats.cc:182) Processed features for key c_3_867_70_871_31
VLOG[2] (compute-mfcc-feats[5.5.925~1-ded7b]:main():compute-mfcc-feats.cc:182) Processed features for key c_3_885_99_889_68
VLOG[2] (compute-mfcc-feats[5.5.925~1-ded7b]:main():compute-mfcc-feats.cc:182) Processed features for key c_3_892_69_895_13
VLOG[2] (compute-mfcc-feats[5.5.925~1-ded7b]:main():compute-mfcc-feats.cc:182) Processed features for key c_3_895_98_905_89
VLOG[2] (compute-mfcc-feats[5.5.925~1-ded7b]:main():compute-mfcc-feats.cc:182) Processed features for key c_3_916_62_934_10
VLOG[2] (compute-mfcc-feats[5.5.925~1-ded7b]:main():compute-mfcc-feats.cc:182) Processed features for key c_3_934_11_950_21
VLOG[2] (compute-mfcc-feats[5.5.925~1-ded7b]:main():compute-mfcc-feats.cc:182) Processed features for key c_3_951_92_957_23
VLOG[2] (compute-mfcc-feats[5.5.925~1-ded7b]:main():compute-mfcc-feats.cc:182) Processed features for key c_3_958_16_987_81
LOG (compute-mfcc-feats[5.5.925~1-ded7b]:main():compute-mfcc-feats.cc:181) Processed 140 utterances
VLOG[2] (compute-mfcc-feats[5.5.925~1-ded7b]:main():compute-mfcc-feats.cc:182) Processed features for key c_3_998_96_1014_81
VLOG[2] (compute-mfcc-feats[5.5.925~1-ded7b]:main():compute-mfcc-feats.cc:182) Processed features for key d_4_0_00_10_19
VLOG[2] (compute-mfcc-feats[5.5.925~1-ded7b]:main():compute-mfcc-feats.cc:182) Processed features for key d_4_101_82_113_53
VLOG[2] (compute-mfcc-feats[5.5.925~1-ded7b]:main():compute-mfcc-feats.cc:182) Processed features for key d_4_114_09_130_36
VLOG[2] (compute-mfcc-feats[5.5.925~1-ded7b]:main():compute-mfcc-feats.cc:182) Processed features for key d_4_11_97_20_67
VLOG[2] (compute-mfcc-feats[5.5.925~1-ded7b]:main():compute-mfcc-feats.cc:182) Processed features for key d_4_130_76_133_76
VLOG[2] (compute-mfcc-feats[5.5.925~1-ded7b]:main():compute-mfcc-feats.cc:182) Processed features for key d_4_146_90_150_65
VLOG[2] (compute-mfcc-feats[5.5.925~1-ded7b]:main():compute-mfcc-feats.cc:182) Processed features for key d_4_151_00_162_16
VLOG[2] (compute-mfcc-feats[5.5.925~1-ded7b]:main():compute-mfcc-feats.cc:182) Processed features for key d_4_164_21_173_36
VLOG[2] (compute-mfcc-feats[5.5.925~1-ded7b]:main():compute-mfcc-feats.cc:182) Processed features for key d_4_173_49_183_48
LOG (compute-mfcc-feats[5.5.925~1-ded7b]:main():compute-mfcc-feats.cc:181) Processed 150 utterances
VLOG[2] (compute-mfcc-feats[5.5.925~1-ded7b]:main():compute-mfcc-feats.cc:182) Processed features for key d_4_183_97_205_67
VLOG[2] (compute-mfcc-feats[5.5.925~1-ded7b]:main():compute-mfcc-feats.cc:182) Processed features for key d_4_205_68_219_06
VLOG[2] (compute-mfcc-feats[5.5.925~1-ded7b]:main():compute-mfcc-feats.cc:182) Processed features for key d_4_219_07_232_89
VLOG[2] (compute-mfcc-feats[5.5.925~1-ded7b]:main():compute-mfcc-feats.cc:182) Processed features for key d_4_22_67_37_06
VLOG[2] (compute-mfcc-feats[5.5.925~1-ded7b]:main():compute-mfcc-feats.cc:182) Processed features for key d_4_235_22_243_41
VLOG[2] (compute-mfcc-feats[5.5.925~1-ded7b]:main():compute-mfcc-feats.cc:182) Processed features for key d_4_246_21_260_39
VLOG[2] (compute-mfcc-feats[5.5.925~1-ded7b]:main():compute-mfcc-feats.cc:182) Processed features for key d_4_261_54_268_96
VLOG[2] (compute-mfcc-feats[5.5.925~1-ded7b]:main():compute-mfcc-feats.cc:182) Processed features for key d_4_268_97_287_43
VLOG[2] (compute-mfcc-feats[5.5.925~1-ded7b]:main():compute-mfcc-feats.cc:182) Processed features for key d_4_287_46_303_09
VLOG[2] (compute-mfcc-feats[5.5.925~1-ded7b]:main():compute-mfcc-feats.cc:182) Processed features for key d_4_303_10_305_08
LOG (compute-mfcc-feats[5.5.925~1-ded7b]:main():compute-mfcc-feats.cc:181) Processed 160 utterances
VLOG[2] (compute-mfcc-feats[5.5.925~1-ded7b]:main():compute-mfcc-feats.cc:182) Processed features for key d_4_307_46_312_09
VLOG[2] (compute-mfcc-feats[5.5.925~1-ded7b]:main():compute-mfcc-feats.cc:182) Processed features for key d_4_313_79_325_23
VLOG[2] (compute-mfcc-feats[5.5.925~1-ded7b]:main():compute-mfcc-feats.cc:182) Processed features for key d_4_327_54_343_93
VLOG[2] (compute-mfcc-feats[5.5.925~1-ded7b]:main():compute-mfcc-feats.cc:182) Processed features for key d_4_346_15_351_62
VLOG[2] (compute-mfcc-feats[5.5.925~1-ded7b]:main():compute-mfcc-feats.cc:182) Processed features for key d_4_353_41_356_54
VLOG[2] (compute-mfcc-feats[5.5.925~1-ded7b]:main():compute-mfcc-feats.cc:182) Processed features for key d_4_364_44_372_82
VLOG[2] (compute-mfcc-feats[5.5.925~1-ded7b]:main():compute-mfcc-feats.cc:182) Processed features for key d_4_372_83_386_31
VLOG[2] (compute-mfcc-feats[5.5.925~1-ded7b]:main():compute-mfcc-feats.cc:182) Processed features for key d_4_38_12_43_56
VLOG[2] (compute-mfcc-feats[5.5.925~1-ded7b]:main():compute-mfcc-feats.cc:182) Processed features for key d_4_391_72_407_48
VLOG[2] (compute-mfcc-feats[5.5.925~1-ded7b]:main():compute-mfcc-feats.cc:182) Processed features for key d_4_410_60_418_75
LOG (compute-mfcc-feats[5.5.925~1-ded7b]:main():compute-mfcc-feats.cc:181) Processed 170 utterances
VLOG[2] (compute-mfcc-feats[5.5.925~1-ded7b]:main():compute-mfcc-feats.cc:182) Processed features for key d_4_434_39_437_83
VLOG[2] (compute-mfcc-feats[5.5.925~1-ded7b]:main():compute-mfcc-feats.cc:182) Processed features for key d_4_437_84_454_25
VLOG[2] (compute-mfcc-feats[5.5.925~1-ded7b]:main():compute-mfcc-feats.cc:182) Processed features for key d_4_465_81_470_83
VLOG[2] (compute-mfcc-feats[5.5.925~1-ded7b]:main():compute-mfcc-feats.cc:182) Processed features for key d_4_473_11_478_60
VLOG[2] (compute-mfcc-feats[5.5.925~1-ded7b]:main():compute-mfcc-feats.cc:182) Processed features for key d_4_47_05_50_18
VLOG[2] (compute-mfcc-feats[5.5.925~1-ded7b]:main():compute-mfcc-feats.cc:182) Processed features for key d_4_491_15_494_31
VLOG[2] (compute-mfcc-feats[5.5.925~1-ded7b]:main():compute-mfcc-feats.cc:182) Processed features for key d_4_503_03_508_51
VLOG[2] (compute-mfcc-feats[5.5.925~1-ded7b]:main():compute-mfcc-feats.cc:182) Processed features for key d_4_50_19_53_62
VLOG[2] (compute-mfcc-feats[5.5.925~1-ded7b]:main():compute-mfcc-feats.cc:182) Processed features for key d_4_510_21_514_88
VLOG[2] (compute-mfcc-feats[5.5.925~1-ded7b]:main():compute-mfcc-feats.cc:182) Processed features for key d_4_515_44_520_02
LOG (compute-mfcc-feats[5.5.925~1-ded7b]:main():compute-mfcc-feats.cc:181) Processed 180 utterances
VLOG[2] (compute-mfcc-feats[5.5.925~1-ded7b]:main():compute-mfcc-feats.cc:182) Processed features for key d_4_521_06_533_28
VLOG[2] (compute-mfcc-feats[5.5.925~1-ded7b]:main():compute-mfcc-feats.cc:182) Processed features for key d_4_533_65_544_73
VLOG[2] (compute-mfcc-feats[5.5.925~1-ded7b]:main():compute-mfcc-feats.cc:182) Processed features for key d_4_568_78_571_04
VLOG[2] (compute-mfcc-feats[5.5.925~1-ded7b]:main():compute-mfcc-feats.cc:182) Processed features for key d_4_57_16_59_80
VLOG[2] (compute-mfcc-feats[5.5.925~1-ded7b]:main():compute-mfcc-feats.cc:182) Processed features for key d_4_63_78_74_57
VLOG[2] (compute-mfcc-feats[5.5.925~1-ded7b]:main():compute-mfcc-feats.cc:182) Processed features for key d_4_686_79_691_67
VLOG[2] (compute-mfcc-feats[5.5.925~1-ded7b]:main():compute-mfcc-feats.cc:182) Processed features for key d_4_692_39_696_93
VLOG[2] (compute-mfcc-feats[5.5.925~1-ded7b]:main():compute-mfcc-feats.cc:182) Processed features for key d_4_700_35_705_55
VLOG[2] (compute-mfcc-feats[5.5.925~1-ded7b]:main():compute-mfcc-feats.cc:182) Processed features for key d_4_706_34_718_74
VLOG[2] (compute-mfcc-feats[5.5.925~1-ded7b]:main():compute-mfcc-feats.cc:182) Processed features for key d_4_719_35_723_24
LOG (compute-mfcc-feats[5.5.925~1-ded7b]:main():compute-mfcc-feats.cc:181) Processed 190 utterances
VLOG[2] (compute-mfcc-feats[5.5.925~1-ded7b]:main():compute-mfcc-feats.cc:182) Processed features for key d_4_730_35_733_29
VLOG[2] (compute-mfcc-feats[5.5.925~1-ded7b]:main():compute-mfcc-feats.cc:182) Processed features for key d_4_735_96_745_63
VLOG[2] (compute-mfcc-feats[5.5.925~1-ded7b]:main():compute-mfcc-feats.cc:182) Processed features for key d_4_761_31_767_00
VLOG[2] (compute-mfcc-feats[5.5.925~1-ded7b]:main():compute-mfcc-feats.cc:182) Processed features for key d_4_767_53_770_89
VLOG[2] (compute-mfcc-feats[5.5.925~1-ded7b]:main():compute-mfcc-feats.cc:182) Processed features for key d_4_772_23_776_75
VLOG[2] (compute-mfcc-feats[5.5.925~1-ded7b]:main():compute-mfcc-feats.cc:182) Processed features for key d_4_77_04_88_58
VLOG[2] (compute-mfcc-feats[5.5.925~1-ded7b]:main():compute-mfcc-feats.cc:182) Processed features for key d_4_791_18_794_69
VLOG[2] (compute-mfcc-feats[5.5.925~1-ded7b]:main():compute-mfcc-feats.cc:182) Processed features for key d_4_804_89_807_39
VLOG[2] (compute-mfcc-feats[5.5.925~1-ded7b]:main():compute-mfcc-feats.cc:182) Processed features for key d_4_88_59_97_60
LOG (compute-mfcc-feats[5.5.925~1-ded7b]:main():compute-mfcc-feats.cc:185)  Done 198 out of 198 utterances.
LOG (copy-feats[5.5.925~1-ded7b]:main():copy-feats.cc:143) Copied 198 feature matrices.
# Accounting: time=5 threads=1
# Ended (code 0) at Thu May 27 13:39:35 CEST 2021, elapsed time 5 seconds
