# gunzip -c exp/mono/decode/depth_tmp.*.gz | steps/diagnostic/analyze_lattice_depth_stats.py exp/mono/graph exp/mono/decode/ali_frame_tmp.gz 
# Started at Tue Jun 29 16:39:14 CEST 2021
#
The total amount of data analyzed assuming 100 frames per second is 0.3 hours
Overall, lattice depth (10,50,90-percentile)=(5,38,201) and mean=81.4
Nonsilence phones as a group account for 67.9% of frames, with lattice depth (10,50,90-percentile)=(7,48,220) and mean=93.5
Phone SIL accounts for 32.1% of frames, with lattice depth (10,50,90-percentile)=(3,21,143) and mean=55.6
Phone Z_E accounts for 3.5% of frames, with lattice depth (10,50,90-percentile)=(3,39,169) and mean=77.5
Phone L_E accounts for 2.1% of frames, with lattice depth (10,50,90-percentile)=(3,35,212) and mean=90.9
Phone AH0_I accounts for 2.0% of frames, with lattice depth (10,50,90-percentile)=(8,64,290) and mean=119.1
Phone N_I accounts for 2.0% of frames, with lattice depth (10,50,90-percentile)=(4,48,214) and mean=89.2
Phone IY0_E accounts for 1.9% of frames, with lattice depth (10,50,90-percentile)=(9,47,272) and mean=94.9
Phone S_E accounts for 1.9% of frames, with lattice depth (10,50,90-percentile)=(6,52,273) and mean=112.6
Phone T_E accounts for 1.9% of frames, with lattice depth (10,50,90-percentile)=(10,51,227) and mean=100.0
Phone N_E accounts for 1.9% of frames, with lattice depth (10,50,90-percentile)=(7,65,266) and mean=121.8
Phone DH_B accounts for 1.8% of frames, with lattice depth (10,50,90-percentile)=(9,43,202) and mean=93.6
Phone S_B accounts for 1.8% of frames, with lattice depth (10,50,90-percentile)=(6,38,171) and mean=77.1
Phone W_B accounts for 1.6% of frames, with lattice depth (10,50,90-percentile)=(8,45,191) and mean=72.9
Phone D_E accounts for 1.6% of frames, with lattice depth (10,50,90-percentile)=(7,51,188) and mean=77.6
Phone S_I accounts for 1.4% of frames, with lattice depth (10,50,90-percentile)=(10,51,220) and mean=90.7
Phone ER0_E accounts for 1.4% of frames, with lattice depth (10,50,90-percentile)=(11,61,320) and mean=117.4
Phone IH1_I accounts for 1.3% of frames, with lattice depth (10,50,90-percentile)=(6,40,287) and mean=99.5
Phone L_I accounts for 1.2% of frames, with lattice depth (10,50,90-percentile)=(5,56,247) and mean=99.2
Phone T_B accounts for 1.2% of frames, with lattice depth (10,50,90-percentile)=(13,65,269) and mean=114.0
Phone UW1_E accounts for 1.2% of frames, with lattice depth (10,50,90-percentile)=(7,42,133) and mean=56.3
Phone IY1_E accounts for 1.1% of frames, with lattice depth (10,50,90-percentile)=(10,35,109) and mean=48.7
Phone AY1_I accounts for 1.1% of frames, with lattice depth (10,50,90-percentile)=(8,43,184) and mean=81.4
Phone K_B accounts for 1.1% of frames, with lattice depth (10,50,90-percentile)=(12,54,172) and mean=73.5
Phone T_I accounts for 1.1% of frames, with lattice depth (10,50,90-percentile)=(7,64,256) and mean=111.1
Phone R_I accounts for 1.1% of frames, with lattice depth (10,50,90-percentile)=(7,49,271) and mean=128.3
Phone M_E accounts for 1.0% of frames, with lattice depth (10,50,90-percentile)=(3,31,79) and mean=44.8
Phone IH1_B accounts for 1.0% of frames, with lattice depth (10,50,90-percentile)=(13,52,182) and mean=89.6
Phone K_I accounts for 0.9% of frames, with lattice depth (10,50,90-percentile)=(6,41,171) and mean=90.5
Phone AH1_I accounts for 0.9% of frames, with lattice depth (10,50,90-percentile)=(5,46,238) and mean=88.9
Phone F_B accounts for 0.9% of frames, with lattice depth (10,50,90-percentile)=(7,49,200) and mean=87.0
Phone EH1_I accounts for 0.9% of frames, with lattice depth (10,50,90-percentile)=(8,48,235) and mean=95.2
Phone OW1_I accounts for 0.8% of frames, with lattice depth (10,50,90-percentile)=(8,33,192) and mean=87.5
Phone V_E accounts for 0.8% of frames, with lattice depth (10,50,90-percentile)=(2,11,82) and mean=47.1
Phone EY1_I accounts for 0.7% of frames, with lattice depth (10,50,90-percentile)=(10,60,246) and mean=109.5
Phone P_I accounts for 0.7% of frames, with lattice depth (10,50,90-percentile)=(5,40,162) and mean=80.6
Phone IH0_I accounts for 0.7% of frames, with lattice depth (10,50,90-percentile)=(8,66,257) and mean=122.9
Phone IH0_B accounts for 0.7% of frames, with lattice depth (10,50,90-percentile)=(13,66,257) and mean=136.0
Phone AE1_B accounts for 0.7% of frames, with lattice depth (10,50,90-percentile)=(1,19,133) and mean=56.4
Phone AO1_I accounts for 0.6% of frames, with lattice depth (10,50,90-percentile)=(8,49,169) and mean=76.8
Phone SH_I accounts for 0.6% of frames, with lattice depth (10,50,90-percentile)=(5,36,158) and mean=68.2
Phone Y_B accounts for 0.6% of frames, with lattice depth (10,50,90-percentile)=(10,51,262) and mean=84.3
Phone AH0_E accounts for 0.6% of frames, with lattice depth (10,50,90-percentile)=(21,87,286) and mean=145.2
Phone R_E accounts for 0.6% of frames, with lattice depth (10,50,90-percentile)=(10,57,147) and mean=74.1
Phone IY1_I accounts for 0.6% of frames, with lattice depth (10,50,90-percentile)=(9,62,208) and mean=108.1
Phone ER0_S accounts for 0.6% of frames, with lattice depth (10,50,90-percentile)=(17,39,150) and mean=85.9
Phone CH_E accounts for 0.6% of frames, with lattice depth (10,50,90-percentile)=(2,29,95) and mean=42.0
Phone ER0_I accounts for 0.6% of frames, with lattice depth (10,50,90-percentile)=(4,37,204) and mean=72.5
Phone AH0_B accounts for 0.5% of frames, with lattice depth (10,50,90-percentile)=(6,50,204) and mean=84.6
Phone K_E accounts for 0.5% of frames, with lattice depth (10,50,90-percentile)=(9,62,186) and mean=85.2
# Accounting: time=1 threads=1
# Ended (code 0) at Tue Jun 29 16:39:15 CEST 2021, elapsed time 1 seconds
