# lattice-scale --inv-acoustic-scale=16 "ark:gunzip -c exp/mono/decode/lat.*.gz|" ark:- | lattice-add-penalty --word-ins-penalty=0.5 ark:- ark:- | lattice-best-path --word-symbol-table=exp/mono/graph/words.txt ark:- ark,t:exp/mono/decode/scoring/16.0.5.tra 
# Started at Tue Jun 29 16:39:17 CEST 2021
#
lattice-best-path --word-symbol-table=exp/mono/graph/words.txt ark:- ark,t:exp/mono/decode/scoring/16.0.5.tra 
lattice-scale --inv-acoustic-scale=16 'ark:gunzip -c exp/mono/decode/lat.*.gz|' ark:- 
lattice-add-penalty --word-ins-penalty=0.5 ark:- ark:- 
LOG (lattice-best-path[5.5.925~1-ded7b]:main():lattice-best-path.cc:99) For utterance a_1_0_00_3_10, best cost 37.0502 + 1782.23 = 1819.28 over 308 frames.
a_1_0_00_3_10 EVERYONE BATTLE 
LOG (lattice-best-path[5.5.925~1-ded7b]:main():lattice-best-path.cc:99) For utterance a_1_100_57_108_91, best cost 118.677 + 4587.85 = 4706.53 over 832 frames.
a_1_100_57_108_91 A DIRECTORY YOU SHOULD SHE SHE ARE DIRECTORY TO COUPLE DIRECTORY 
LOG (lattice-best-path[5.5.925~1-ded7b]:main():lattice-best-path.cc:99) For utterance a_1_11_88_15_85, best cost 67.8496 + 2317.06 = 2384.91 over 395 frames.
a_1_11_88_15_85 ALRIGHT SCIENTISTS CREATE RECOMMENDATION 
LOG (lattice-best-path[5.5.925~1-ded7b]:main():lattice-best-path.cc:99) For utterance a_1_120_08_126_30, best cost 111.856 + 3647.47 = 3759.33 over 620 frames.
a_1_120_08_126_30 DON'T I EXACTLY THE SAME LIKE RIGHT IT MEDITATION TO STILL 
LOG (lattice-best-path[5.5.925~1-ded7b]:main():lattice-best-path.cc:99) For utterance a_1_130_61_132_11, best cost 4.2722 + 688.908 = 693.18 over 148 frames.
a_1_130_61_132_11 
LOG (lattice-best-path[5.5.925~1-ded7b]:main():lattice-best-path.cc:99) For utterance a_1_132_12_134_00, best cost 44.4228 + 1129.81 = 1174.23 over 186 frames.
a_1_132_12_134_00 NOW WE LITTLE COUNTRY 
LOG (lattice-best-path[5.5.925~1-ded7b]:main():lattice-best-path.cc:99) For utterance a_1_142_25_147_84, best cost 91.7504 + 3098.5 = 3190.25 over 557 frames.
a_1_142_25_147_84 A IS OPEN SOURCE AND THIS ALL SUDDENLY UP 
LOG (lattice-best-path[5.5.925~1-ded7b]:main():lattice-best-path.cc:99) For utterance a_1_147_85_154_10, best cost 119.21 + 3610.19 = 3729.39 over 623 frames.
a_1_147_85_154_10 WE JUST INTRINSICALLY TO IT COPY OF THE WHOLE CONSENSUS CALLED 
LOG (lattice-best-path[5.5.925~1-ded7b]:main():lattice-best-path.cc:99) For utterance a_1_18_07_24_79, best cost 142.991 + 3971.11 = 4114.1 over 670 frames.
a_1_18_07_24_79 POLITICAL IT FOR SPEECH RECOGNITION TO SENTENCE FOR SPEECH CREATION RESEARCHERS PROFESSIONALS 
LOG (lattice-best-path[5.5.925~1-ded7b]:main():lattice-best-path.cc:99) For utterance a_1_224_41_227_54, best cost 42.3699 + 1767.32 = 1809.69 over 311 frames.
a_1_224_41_227_54 ALL CRITICAL FINISHED 
LOG (lattice-best-path[5.5.925~1-ded7b]:main():lattice-best-path.cc:99) For utterance a_1_228_65_235_92, best cost 70.0075 + 3866.94 = 3936.95 over 725 frames.
a_1_228_65_235_92 NOW WE HAVE TO TO DIRECTORY COLDER 
LOG (lattice-best-path[5.5.925~1-ded7b]:main():lattice-best-path.cc:99) For utterance a_1_237_94_245_41, best cost 91.1504 + 4067.29 = 4158.44 over 745 frames.
a_1_237_94_245_41 INCREASINGLY THE FILES THERE TOTAL OF COUNTRY 
LOG (lattice-best-path[5.5.925~1-ded7b]:main():lattice-best-path.cc:99) For utterance a_1_246_63_250_17, best cost 50.733 + 1991.38 = 2042.12 over 352 frames.
a_1_246_63_250_17 COCONUT INSTALLATION STEP 
LOG (lattice-best-path[5.5.925~1-ded7b]:main():lattice-best-path.cc:99) For utterance a_1_24_80_32_22, best cost 143.84 + 4515.95 = 4659.79 over 740 frames.
a_1_24_80_32_22 PERCENT INTEGRATED IDEAS ROUGHLY SUCH CLARITY STILL REPOSITORY THE INDUSTRY 
LOG (lattice-best-path[5.5.925~1-ded7b]:main():lattice-best-path.cc:99) For utterance a_1_251_67_255_43, best cost 53.1335 + 2060.3 = 2113.43 over 374 frames.
a_1_251_67_255_43 THE TOTAL ARE LUCKY 
LOG (lattice-best-path[5.5.925~1-ded7b]:main():lattice-best-path.cc:99) For utterance a_1_255_79_259_74, best cost 75.0411 + 2350.9 = 2425.94 over 393 frames.
a_1_255_79_259_74 UTTERANCE RECONSTRUCTED IN THE INSTALLED FILE 
LOG (lattice-best-path[5.5.925~1-ded7b]:main():lattice-best-path.cc:99) For utterance a_1_259_82_261_02, best cost 24.3564 + 680.674 = 705.03 over 118 frames.
a_1_259_82_261_02 CHECKED 
LOG (lattice-best-path[5.5.925~1-ded7b]:main():lattice-best-path.cc:99) For utterance a_1_264_37_273_53, best cost 162.203 + 5243.95 = 5406.15 over 914 frames.
a_1_264_37_273_53 DOESN'T AGO TO COAST FOR WITHOUT RATHER THE GO TO SEE SEE AND ALL RESULTS 
LOG (lattice-best-path[5.5.925~1-ded7b]:main():lattice-best-path.cc:99) For utterance a_1_274_88_279_23, best cost 31.9149 + 2354.41 = 2386.32 over 433 frames.
a_1_274_88_279_23 THIS COMPONENTS 
LOG (lattice-best-path[5.5.925~1-ded7b]:main():lattice-best-path.cc:99) For utterance a_1_279_96_290_47, best cost 172.185 + 6097.42 = 6269.6 over 1049 frames.
a_1_279_96_290_47 IT IS LIKE CONTAINED SCRIPTS CONSOLIDATION OLDER PARTICLES DIFFICULTY OR TO CONTESTS 
LOG (lattice-best-path[5.5.925~1-ded7b]:main():lattice-best-path.cc:99) For utterance a_1_290_97_292_22, best cost 28.2288 + 771.549 = 799.777 over 123 frames.
a_1_290_97_292_22 DATA LATER 
LOG (lattice-best-path[5.5.925~1-ded7b]:main():lattice-best-path.cc:99) For utterance a_1_306_34_313_46, best cost 112.98 + 4110.75 = 4223.73 over 710 frames.
a_1_306_34_313_46 SO FIRST INTERNET WE TRUSTWORTHY SCRIPT PROJECT INDEPENDENCE THIS 
LOG (lattice-best-path[5.5.925~1-ded7b]:main():lattice-best-path.cc:99) For utterance a_1_319_69_324_25, best cost 68.3987 + 2607.79 = 2676.19 over 454 frames.
a_1_319_69_324_25 AND RECIPROCAL FOR NEEDS WE CAN 
LOG (lattice-best-path[5.5.925~1-ded7b]:main():lattice-best-path.cc:99) For utterance a_1_32_28_39_15, best cost 141.7 + 4152.03 = 4293.73 over 685 frames.
a_1_32_28_39_15 REALLY WILL REALLY COUNTRY AND WOULD MORE CONDITIONER MOST I REALLY DISCOVERY 
LOG (lattice-best-path[5.5.925~1-ded7b]:main():lattice-best-path.cc:99) For utterance a_1_346_07_355_21, best cost 135.363 + 5032.36 = 5167.72 over 912 frames.
a_1_346_07_355_21 NOT CAN CONNECT IT ONE STILL ANSWER TOOLS IT ONE OF COMPRESSION 
LOG (lattice-best-path[5.5.925~1-ded7b]:main():lattice-best-path.cc:99) For utterance a_1_355_22_362_53, best cost 143.484 + 4016.23 = 4159.71 over 729 frames.
a_1_355_22_362_53 IT I'M AS WE HAVE AT COMPILER CASH BY TO FOCUS CALLED TO CASH 
LOG (lattice-best-path[5.5.925~1-ded7b]:main():lattice-best-path.cc:99) For utterance a_1_364_38_380_40, best cost 246.204 + 8787.4 = 9033.61 over 1600 frames.
a_1_364_38_380_40 AND IT ONLY PATTERN TO DISABLED BECAUSE IN COUNTRY WE WILL CAN BILAL TO FILES AND WILL QUICKLY ABOUT OF SPLIT SPACE FOR CASH 
LOG (lattice-best-path[5.5.925~1-ded7b]:main():lattice-best-path.cc:99) For utterance a_1_392_69_400_08, best cost 107.018 + 4069.65 = 4176.67 over 737 frames.
a_1_392_69_400_08 WE DISABLED THEM COMPILER CRUSHED IDEA EXPERIMENTAL 
LOG (lattice-best-path[5.5.925~1-ded7b]:main():lattice-best-path.cc:99) For utterance a_1_3_11_6_08, best cost 72.5431 + 1831.75 = 1904.3 over 295 frames.
a_1_3_11_6_08 I LOCAL YOU FAMILIES COUPLE TO CONTROL 
LOG (lattice-best-path[5.5.925~1-ded7b]:main():lattice-best-path.cc:99) For utterance a_1_400_97_403_16, best cost 52.4095 + 1281.4 = 1333.81 over 217 frames.
a_1_400_97_403_16 SECRET ESSENTIALLY CALLED ONE 
LOG (lattice-best-path[5.5.925~1-ded7b]:main():lattice-best-path.cc:99) For utterance a_1_403_81_408_78, best cost 68.9416 + 2763.82 = 2832.76 over 495 frames.
a_1_403_81_408_78 WE CONNECTED CAN FILE THE TOOLS 
LOG (lattice-best-path[5.5.925~1-ded7b]:main():lattice-best-path.cc:99) For utterance a_1_409_66_419_30, best cost 155.982 + 5339.17 = 5495.15 over 962 frames.
a_1_409_66_419_30 AND FOR WILL USE CREATE OPTION WHICH TELLS MAKE TO RUN SEVERAL COMPASSION POSSIBLE 
LOG (lattice-best-path[5.5.925~1-ded7b]:main():lattice-best-path.cc:99) For utterance a_1_40_83_46_72, best cost 77.1167 + 3361.86 = 3438.97 over 587 frames.
a_1_40_83_46_72 IN DIRECTORY USE LITTLE CONFIDENCE TUTORIAL 
LOG (lattice-best-path[5.5.925~1-ded7b]:main():lattice-best-path.cc:99) For utterance a_1_420_28_426_62, best cost 106.588 + 3518.83 = 3625.42 over 632 frames.
a_1_420_28_426_62 IT IS NEEDED FOR FASTER INSTALLATION AND FOSTER PROCESSING 
LOG (lattice-best-path[5.5.925~1-ded7b]:main():lattice-best-path.cc:99) For utterance a_1_426_89_440_27, best cost 182.301 + 7180.67 = 7362.97 over 1336 frames.
a_1_426_89_440_27 HIS WE HAVE HISTORY HAVE FORTY SPEAKERS THIS ARE WE CAN ONE MAKE WITH FORESEEABLE JUMPS 
LOG (lattice-best-path[5.5.925~1-ded7b]:main():lattice-best-path.cc:99) For utterance a_1_471_46_476_70, best cost 80.046 + 2904.38 = 2984.43 over 522 frames.
a_1_471_46_476_70 ALL KING AS WE IS EVEN AND WELL 
LOG (lattice-best-path[5.5.925~1-ded7b]:main():lattice-best-path.cc:99) For utterance a_1_477_89_480_55, best cost 34.3597 + 1503.53 = 1537.89 over 264 frames.
a_1_477_89_480_55 TOOLS INSTALLATION 
LOG (lattice-best-path[5.5.925~1-ded7b]:main():lattice-best-path.cc:99) For utterance a_1_480_56_483_47, best cost 57.014 + 1651.45 = 1708.46 over 289 frames.
a_1_480_56_483_47 NOW ASK OPEN HE TO 
LOG (lattice-best-path[5.5.925~1-ded7b]:main():lattice-best-path.cc:99) For utterance a_1_483_48_485_74, best cost 63.6982 + 1357.95 = 1421.65 over 224 frames.
a_1_483_48_485_74 TO RESISTANCE FOR SOURCE CODE 
LOG (lattice-best-path[5.5.925~1-ded7b]:main():lattice-best-path.cc:99) For utterance a_1_485_99_488_85, best cost 42.6336 + 1596.29 = 1638.93 over 284 frames.
a_1_485_99_488_85 ESSENTIAL PROTOCOL 
LOG (lattice-best-path[5.5.925~1-ded7b]:main():lattice-best-path.cc:99) For utterance a_1_491_86_495_38, best cost 47.0155 + 2009.23 = 2056.25 over 350 frames.
a_1_491_86_495_38 AND IT INSTALLATION THREE 
LOG (lattice-best-path[5.5.925~1-ded7b]:main():lattice-best-path.cc:99) For utterance a_1_497_01_504_46, best cost 82.0639 + 3995.02 = 4077.09 over 743 frames.
a_1_497_01_504_46 AND QUESTION INSTRUCTIONS WERE AND FIGURE SCRIPT 
LOG (lattice-best-path[5.5.925~1-ded7b]:main():lattice-best-path.cc:99) For utterance a_1_50_04_61_06, best cost 154.044 + 6176.35 = 6330.4 over 1100 frames.
a_1_50_04_61_06 A TO INTRODUCTION BUT RELEASED ENVIRONMENT RECORDINGS FOR INSTALLATION YOU SUCH FACULTY 
LOG (lattice-best-path[5.5.925~1-ded7b]:main():lattice-best-path.cc:99) For utterance a_1_515_64_525_58, best cost 163.239 + 5536.68 = 5699.92 over 992 frames.
a_1_515_64_525_58 AND EVAPORATES PROFOUND AND ANTENNAS HAVE UTTERANCE FABRIC ALL TO TO SWEDEN IS IT 
LOG (lattice-best-path[5.5.925~1-ded7b]:main():lattice-best-path.cc:99) For utterance a_1_540_66_545_01, best cost 63.7788 + 2353.9 = 2417.68 over 433 frames.
a_1_540_66_545_01 NOW WE SEE PERMANENT CAN UTTERANCE 
LOG (lattice-best-path[5.5.925~1-ded7b]:main():lattice-best-path.cc:99) For utterance a_1_545_02_553_17, best cost 143.657 + 4528.28 = 4671.94 over 813 frames.
a_1_545_02_553_17 WHICH SHOULD SILK ONE BECAUSE IT A MINUTE TABLE NETWORKS SO FOR SO IT 
LOG (lattice-best-path[5.5.925~1-ded7b]:main():lattice-best-path.cc:99) For utterance a_1_555_76_560_72, best cost 105.766 + 2845.25 = 2951.02 over 494 frames.
a_1_555_76_560_72 FOR TO TO WE WILL COCA FIGURES CRITICAL OPTION 
LOG (lattice-best-path[5.5.925~1-ded7b]:main():lattice-best-path.cc:99) For utterance a_1_564_61_568_28, best cost 56.5908 + 2030.83 = 2087.42 over 365 frames.
a_1_564_61_568_28 BUILD WAS QUALITY FOCUS 
LOG (lattice-best-path[5.5.925~1-ded7b]:main():lattice-best-path.cc:99) For utterance a_1_568_46_572_69, best cost 55.8773 + 2320 = 2375.88 over 421 frames.
a_1_568_46_572_69 WE CHANGED OPTION TO KNOW 
LOG (lattice-best-path[5.5.925~1-ded7b]:main():lattice-best-path.cc:99) For utterance a_1_587_19_597_74, best cost 138.723 + 5862.98 = 6001.71 over 1053 frames.
a_1_587_19_597_74 AND HAVE TO SUCCESSFULLY CONSIDERED WE CAN COMPLEXITY IN THIS TO MAKE COMMANDS 
LOG (lattice-best-path[5.5.925~1-ded7b]:main():lattice-best-path.cc:99) For utterance a_1_601_31_607_60, best cost 88.5539 + 3604.64 = 3693.2 over 627 frames.
a_1_601_31_607_60 AND WE SPECIFY BEFORE PEOPLE'S FOR THE CONDITION 
LOG (lattice-best-path[5.5.925~1-ded7b]:main():lattice-best-path.cc:99) For utterance a_1_62_14_72_77, best cost 175.661 + 6149.11 = 6324.77 over 1061 frames.
a_1_62_14_72_77 ALL USE DINOSAUR TO INSTANT USE CAN THEREFORE WISH RECORDED THE TRANSPORTATION BE REGULAR 
LOG (lattice-best-path[5.5.925~1-ded7b]:main():lattice-best-path.cc:99) For utterance a_1_638_18_641_05, best cost 39.1455 + 1563.37 = 1602.51 over 285 frames.
a_1_638_18_641_05 OKAY TO DOESN'T 
LOG (lattice-best-path[5.5.925~1-ded7b]:main():lattice-best-path.cc:99) For utterance a_1_641_06_643_95, best cost 56.326 + 1666.89 = 1723.22 over 287 frames.
a_1_641_06_643_95 IT MAINSTREAM AND WILL GAME 
LOG (lattice-best-path[5.5.925~1-ded7b]:main():lattice-best-path.cc:99) For utterance a_1_643_96_648_87, best cost 89.6425 + 2824.26 = 2913.91 over 489 frames.
a_1_643_96_648_87 WE HAVE CAN SUCCESSFULLY BONO AND AND COMMODITY 
LOG (lattice-best-path[5.5.925~1-ded7b]:main():lattice-best-path.cc:99) For utterance a_1_648_88_651_77, best cost 48.3353 + 1623.78 = 1672.12 over 287 frames.
a_1_648_88_651_77 NOW TRIP FOR THIS 
LOG (lattice-best-path[5.5.925~1-ded7b]:main():lattice-best-path.cc:99) For utterance a_1_651_86_659_83, best cost 123.648 + 4437.87 = 4561.51 over 795 frames.
a_1_651_86_659_83 AND WE CAN GO TO AND EXPORT OF COPY TUTORIAL CAN DIRECTORIES 
LOG (lattice-best-path[5.5.925~1-ded7b]:main():lattice-best-path.cc:99) For utterance a_1_659_84_662_30, best cost 43.7947 + 1334.06 = 1377.85 over 244 frames.
a_1_659_84_662_30 SEE THE NEXT VIDEO 
LOG (lattice-best-path[5.5.925~1-ded7b]:main():lattice-best-path.cc:99) For utterance a_1_6_98_11_87, best cost 122.287 + 2953.24 = 3075.53 over 487 frames.
a_1_6_98_11_87 CRITICAL TO THAT DIGITS ADVOCACY COUNTRY BASH DESIRABLE TALK 
LOG (lattice-best-path[5.5.925~1-ded7b]:main():lattice-best-path.cc:99) For utterance a_1_72_78_77_55, best cost 117.364 + 2832.3 = 2949.67 over 475 frames.
a_1_72_78_77_55 TO CONNECT WAS FOR WE USE TO NOW PREPARATION AND TO STAGE COMMAND 
LOG (lattice-best-path[5.5.925~1-ded7b]:main():lattice-best-path.cc:99) For utterance a_1_80_11_86_02, best cost 78.3352 + 3252.19 = 3330.52 over 589 frames.
a_1_80_11_86_02 WE SCIENTISTS I ACTUALLY WERE TIME AS AGAIN 
LOG (lattice-best-path[5.5.925~1-ded7b]:main():lattice-best-path.cc:99) For utterance a_1_86_03_93_49, best cost 94.4372 + 4237.77 = 4332.21 over 744 frames.
a_1_86_03_93_49 THEN DAVIS EVERY AUTHENTIC SENSE YOU SHOULD 
LOG (lattice-best-path[5.5.925~1-ded7b]:main():lattice-best-path.cc:99) For utterance b_2_0_03_4_44, best cost 73.3189 + 2616.19 = 2689.5 over 439 frames.
b_2_0_03_4_44 IS ZERO WILL COMPLETELY ABOUT TO DIRECTORIES 
LOG (lattice-best-path[5.5.925~1-ded7b]:main():lattice-best-path.cc:99) For utterance b_2_105_03_114_90, best cost 158.572 + 5560.27 = 5718.84 over 985 frames.
b_2_105_03_114_90 AND ANOTHER ONE IS REALLY SPEECH WHICH SOURCE AS OTHER MY EXAMPLE AUDIO YEARS PHYSICAL 
LOG (lattice-best-path[5.5.925~1-ded7b]:main():lattice-best-path.cc:99) For utterance b_2_115_20_127_49, best cost 185.599 + 6699.65 = 6885.25 over 1227 frames.
b_2_115_20_127_49 TO WILL TALK ABOUT IS WHICH RECIPE THE NEXT MODEL BECOME TAKE LOCAL IN ALSO JOURNAL AS BE 
LOG (lattice-best-path[5.5.925~1-ded7b]:main():lattice-best-path.cc:99) For utterance b_2_129_48_136_95, best cost 105.952 + 4243.6 = 4349.55 over 745 frames.
b_2_129_48_136_95 SO IMMEDIACY THIS AS FIVE DIRECTORY WHICH OF THE RECIPE 
LOG (lattice-best-path[5.5.925~1-ded7b]:main():lattice-best-path.cc:99) For utterance b_2_136_96_148_79, best cost 169.29 + 6486.3 = 6655.59 over 1181 frames.
b_2_136_96_148_79 AND DIDN'T IN ANYTHING MOST LIKELY IF YOU FOR ANY OTHER RECIPE IT LITTLE SCIENTISTS FIVE 
LOG (lattice-best-path[5.5.925~1-ded7b]:main():lattice-best-path.cc:99) For utterance b_2_151_10_159_65, best cost 101.007 + 4468.8 = 4569.81 over 853 frames.
b_2_151_10_159_65 SOMERSET IS EXAMPLE DIDN'T HAVE SEVERAL DIRECTORIES 
LOG (lattice-best-path[5.5.925~1-ded7b]:main():lattice-best-path.cc:99) For utterance b_2_159_66_169_80, best cost 170.996 + 5480.61 = 5651.6 over 1012 frames.
b_2_159_66_169_80 TO CAN SEE THAT LIKE RESPOND TO DIFFERENT REGIONS OTHER CITY ALL DIFFERENT UTTERANCE OF RECIPE 
LOG (lattice-best-path[5.5.925~1-ded7b]:main():lattice-best-path.cc:99) For utterance b_2_171_54_176_67, best cost 79.8968 + 2834.35 = 2914.25 over 511 frames.
b_2_171_54_176_67 I THINK THAT IS ENOUGH INFORMATION ABOUT EXAMPLES 
LOG (lattice-best-path[5.5.925~1-ded7b]:main():lattice-best-path.cc:99) For utterance b_2_178_55_185_67, best cost 109.54 + 3904.97 = 4014.51 over 710 frames.
b_2_178_55_185_67 CAN GO TO THE SOURCE CODE TAKE LOOK AND THIS CONTENTS 
LOG (lattice-best-path[5.5.925~1-ded7b]:main():lattice-best-path.cc:99) For utterance b_2_185_96_200_94, best cost 197.052 + 7944.55 = 8141.61 over 1496 frames.
b_2_185_96_200_94 SOCIO RECONSIDER SCRIPT WHICH CHARACTERS THEM COPY TIBURON ON UNCERTAIN SYSTEM ARTIST EXAMPLE 
LOG (lattice-best-path[5.5.925~1-ded7b]:main():lattice-best-path.cc:99) For utterance b_2_200_95_218_31, best cost 183.658 + 9208.73 = 9392.39 over 1734 frames.
b_2_200_95_218_31 IT ALSO HIGHEST DOCUMENTATION DIRECTORY COME AND WE MORE DIRECTORIES WHICH CAN BE DECIDED TO TOOLS 
LOG (lattice-best-path[5.5.925~1-ded7b]:main():lattice-best-path.cc:99) For utterance b_2_218_32_234_63, best cost 212.746 + 8765.94 = 8978.69 over 1629 frames.
b_2_218_32_234_63 ONE OF THE MATTER THERE DIRECTORIES EXAMPLE A EACH AGAIN IS THE ID WITH AND IS FOR IN OF MODEL THEM FUNCTIONS 
LOG (lattice-best-path[5.5.925~1-ded7b]:main():lattice-best-path.cc:99) For utterance b_2_21_49_25_06, best cost 68.138 + 2040.61 = 2108.75 over 355 frames.
b_2_21_49_25_06 SEE SEE WITH ACTUALLY CAUSES CALLED 
LOG (lattice-best-path[5.5.925~1-ded7b]:main():lattice-best-path.cc:99) For utterance b_2_236_00_247_45, best cost 201.253 + 6434.29 = 6635.54 over 1143 frames.
b_2_236_00_247_45 AND WITH IS OUT OF CONDITIONS THIS BECAUSE EACH AND AND IS ALL FILE WHICH IS BY VERY EVERY FILE INTENSE 
LOG (lattice-best-path[5.5.925~1-ded7b]:main():lattice-best-path.cc:99) For utterance b_2_247_46_264_98, best cost 261.648 + 9635.24 = 9896.89 over 1750 frames.
b_2_247_46_264_98 TRANSLUCENCE FOR SHARED OBJECTS IT'S IT RESPECTS ALL THE DEFINITIONS AND OBJECTS FROM THIS CITIZENS HACKERS FILES AS DIRECTORY FILE 
LOG (lattice-best-path[5.5.925~1-ded7b]:main():lattice-best-path.cc:99) For utterance b_2_25_07_35_00, best cost 124.037 + 5351.79 = 5475.82 over 991 frames.
b_2_25_07_35_00 AND TOOLS WITH AND SHOW TOOLS AND COMMANDS IT ONE THERE'S THIS 
LOG (lattice-best-path[5.5.925~1-ded7b]:main():lattice-best-path.cc:99) For utterance b_2_266_21_273_05, best cost 89.2028 + 3707.15 = 3796.36 over 682 frames.
b_2_266_21_273_05 IN WROTE USE THIS BY ELECTRICITY NEED PROBLEMS 
LOG (lattice-best-path[5.5.925~1-ded7b]:main():lattice-best-path.cc:99) For utterance b_2_273_06_285_50, best cost 165.075 + 6868.07 = 7033.14 over 1242 frames.
b_2_273_06_285_50 UTTERANCE ARE ALSO CALL BY IS IN INNOCENT THE ARE SORT IN DIRECTORIES LITTLE 
LOG (lattice-best-path[5.5.925~1-ded7b]:main():lattice-best-path.cc:99) For utterance b_2_285_51_300_59, best cost 212.123 + 8095.58 = 8307.7 over 1506 frames.
b_2_285_51_300_59 EXAMPLE WE CAN WILL USE DEMANDING ONCE WHICH EARTHWORMS ALL BY AS WORKING WISCONSIN EACH MODEL 
LOG (lattice-best-path[5.5.925~1-ded7b]:main():lattice-best-path.cc:99) For utterance b_2_306_90_317_17, best cost 180.081 + 5582.64 = 5762.72 over 1025 frames.
b_2_306_90_317_17 SO WE THEORY CAN SEE SEE SEE FILES WHICH ARE CITIZENS CODE OR CITIZENS SOURCE CODE FILES 
LOG (lattice-best-path[5.5.925~1-ded7b]:main():lattice-best-path.cc:99) For utterance b_2_317_18_324_52, best cost 100.595 + 3809.1 = 3909.7 over 732 frames.
b_2_317_18_324_52 SOME DIRECTION BE SOME WHICH FILES TO TENDENCY THEN 
LOG (lattice-best-path[5.5.925~1-ded7b]:main():lattice-best-path.cc:99) For utterance b_2_325_28_334_10, best cost 130.309 + 4895.46 = 5025.77 over 880 frames.
b_2_325_28_334_10 OK THINK EACH FILE SO USE THE LICENSE AND ONE DEMAND DIRECTORY 
LOG (lattice-best-path[5.5.925~1-ded7b]:main():lattice-best-path.cc:99) For utterance b_2_336_29_338_85, best cost 25.6883 + 1283.83 = 1309.52 over 254 frames.
b_2_336_29_338_85 I IS ONE 
LOG (lattice-best-path[5.5.925~1-ded7b]:main():lattice-best-path.cc:99) For utterance b_2_339_20_353_95, best cost 228.338 + 8032.08 = 8260.42 over 1473 frames.
b_2_339_20_353_95 AND IS YOU EMAIL FILE WE DESCRIBES A THE ALREADY SPEECH CAN DEVICES BASED THE FILES THIS DIRECTORY AND HOW NATION BE USED 
LOG (lattice-best-path[5.5.925~1-ded7b]:main():lattice-best-path.cc:99) For utterance b_2_358_53_365_51, best cost 113.986 + 3824.55 = 3938.53 over 696 frames.
b_2_358_53_365_51 THE DON'T TO FILES OTHER SOME DIDN'T ORIENTED TO MOBILE 
LOG (lattice-best-path[5.5.925~1-ded7b]:main():lattice-best-path.cc:99) For utterance b_2_365_52_370_79, best cost 104.644 + 3049.97 = 3154.61 over 525 frames.
b_2_365_52_370_79 EDITORIALS SOMETHING TO MORE IT'S OPPORTUNITY FROM COMPILER 
LOG (lattice-best-path[5.5.925~1-ded7b]:main():lattice-best-path.cc:99) For utterance b_2_370_80_378_44, best cost 99.289 + 4145.03 = 4244.32 over 762 frames.
b_2_370_80_378_44 MOSTLY WANT WE REALLY WORKING WITH USE BY FILES 
LOG (lattice-best-path[5.5.925~1-ded7b]:main():lattice-best-path.cc:99) For utterance b_2_379_78_383_53, best cost 54.9563 + 2027.2 = 2082.16 over 373 frames.
b_2_379_78_383_53 SOME DIRECTORY MEDICAL SINGLE 
LOG (lattice-best-path[5.5.925~1-ded7b]:main():lattice-best-path.cc:99) For utterance b_2_385_03_394_02, best cost 169.419 + 5045.36 = 5214.78 over 897 frames.
b_2_385_03_394_02 WE KNOW THAT TALKS WITH CASSINI SHE MODEL CONSISTENTLY MY WINDOW DID IS ALL TO 
LOG (lattice-best-path[5.5.925~1-ded7b]:main():lattice-best-path.cc:99) For utterance b_2_394_03_397_81, best cost 68.1606 + 2085.75 = 2153.91 over 376 frames.
b_2_394_03_397_81 IT IS ALSO TO THE DECLINE PRESENCE 
LOG (lattice-best-path[5.5.925~1-ded7b]:main():lattice-best-path.cc:99) For utterance b_2_397_82_423_89, best cost 334.533 + 13878.7 = 14213.2 over 2605 frames.
b_2_397_82_423_89 AND UTTERANCES JUST OTHER ADDITIONAL INFORMATION ABOUT HOW EXACTLY WERE IT IS IT WATER WHATSOEVER THEM IN AND INFORMATION BECOME IT UNITED WONDERING THIS I RESEARCH FOR BINARY 
LOG (lattice-best-path[5.5.925~1-ded7b]:main():lattice-best-path.cc:99) For utterance b_2_40_13_47_96, best cost 96.4752 + 4293.32 = 4389.79 over 781 frames.
b_2_40_13_47_96 THE YOU MORE THE RIGHT ALRIGHT YOU ONE THIS COURSE 
LOG (lattice-best-path[5.5.925~1-ded7b]:main():lattice-best-path.cc:99) For utterance b_2_423_90_446_33, best cost 363.848 + 12464.3 = 12828.1 over 2241 frames.
b_2_423_90_446_33 WHY SET ACTUALLY WHITE IS ACTUALLY IMPORTANT TO KNOW RESPOND IS BECAUSE ONE YOU DEVELOPED THEN YOU SCRIPT FOR COPY MOST I UNITED USE IS IS BY IS TWO INDIRECT WITH COUNTY FILES AND DIRECTORY 
LOG (lattice-best-path[5.5.925~1-ded7b]:main():lattice-best-path.cc:99) For utterance b_2_446_34_458_29, best cost 179.63 + 6573.01 = 6752.64 over 1193 frames.
b_2_446_34_458_29 CHECK TEETH WATER IS THIS UNIT GO TESTING DIRECTORIES AND SEE THIS ANYTHING WHAT YOU USE 
LOG (lattice-best-path[5.5.925~1-ded7b]:main():lattice-best-path.cc:99) For utterance b_2_459_55_472_46, best cost 216.886 + 7198.9 = 7415.79 over 1289 frames.
b_2_459_55_472_46 IF YOU THINK THAT SOME PROBLEM WE BIZARRE IT IN CAN RUN THIS ARE WITHOUT ID I'M TRANSPARENCY THE HELD 
LOG (lattice-best-path[5.5.925~1-ded7b]:main():lattice-best-path.cc:99) For utterance b_2_473_82_488_02, best cost 180.83 + 7560.36 = 7741.19 over 1418 frames.
b_2_473_82_488_02 TOTALLY WOULD TEACHES DECODE FEATURES INGENIOUS MODEL AND AND TOTALLY HOW TO WEREN'T 
LOG (lattice-best-path[5.5.925~1-ded7b]:main():lattice-best-path.cc:99) For utterance b_2_488_35_499_75, best cost 154.221 + 6005.87 = 6160.09 over 1138 frames.
b_2_488_35_499_75 SO USE SEE THAT HE THIS CASE YOU CAN SPECIFY SOLUTIONS FIGURE AND FAMILIAR 
LOG (lattice-best-path[5.5.925~1-ded7b]:main():lattice-best-path.cc:99) For utterance b_2_48_81_57_00, best cost 96.2739 + 4424.81 = 4521.09 over 817 frames.
b_2_48_81_57_00 AND THIS CHECK WOULD BECAUSE IN THE EXAMPLES DIRECTORY 
LOG (lattice-best-path[5.5.925~1-ded7b]:main():lattice-best-path.cc:99) For utterance b_2_499_76_505_12, best cost 88.5815 + 3078.62 = 3167.2 over 534 frames.
b_2_499_76_505_12 YOU GET SPECIFY THE MODEL UNIVERSITY FROM AND 
LOG (lattice-best-path[5.5.925~1-ded7b]:main():lattice-best-path.cc:99) For utterance b_2_4_47_8_89, best cost 78.2245 + 2549.8 = 2628.02 over 440 frames.
b_2_4_47_8_89 AS CONSIDER SELECT REASONABLE POLITICALLY 
LOG (lattice-best-path[5.5.925~1-ded7b]:main():lattice-best-path.cc:99) For utterance b_2_506_42_516_32, best cost 135.723 + 5143.75 = 5279.47 over 988 frames.
b_2_506_42_516_32 THEM AND SEVERAL I'M JUST ONLY ONE A SPECIFY A SPECIFY 
LOG (lattice-best-path[5.5.925~1-ded7b]:main():lattice-best-path.cc:99) For utterance b_2_516_33_534_34, best cost 247.545 + 9771.17 = 10018.7 over 1799 frames.
b_2_516_33_534_34 UTTERANCE FORMER IN SPECIFY IS THE TO TO SOME STRING WHICH WOULD DESCRIBED HOW TREE INFORMATION COUNTRY THEY PUT INFORMATION FOR THIS ONE 
LOG (lattice-best-path[5.5.925~1-ded7b]:main():lattice-best-path.cc:99) For utterance b_2_534_35_546_40, best cost 204.636 + 6720.32 = 6924.95 over 1203 frames.
b_2_534_35_546_40 SUDDENLY SPECIFY IS VIRUSES FIRE LIST THE SOMETHING IS STRIKES WHERE HOW TO RIGHT THAT WANTED OF SPOKEN 
LOG (lattice-best-path[5.5.925~1-ded7b]:main():lattice-best-path.cc:99) For utterance b_2_546_41_555_60, best cost 175.709 + 5178.45 = 5354.16 over 917 frames.
b_2_546_41_555_60 THIS CASE IT CAN BE WORST VIRUSES FIRE BECAUSE WHERE TO IDENTICAL NETWORKS FROM THE FEATURES 
LOG (lattice-best-path[5.5.925~1-ded7b]:main():lattice-best-path.cc:99) For utterance b_2_555_61_567_88, best cost 175.601 + 6468.88 = 6644.48 over 1225 frames.
b_2_555_61_567_88 AND ALSO LINES THE SPECIFY ARE WHERE LINES BE WRITTEN WERE WHAT SPECIFY WERE THAT BRITAIN 
LOG (lattice-best-path[5.5.925~1-ded7b]:main():lattice-best-path.cc:99) For utterance b_2_567_90_583_31, best cost 222.019 + 8606.2 = 8828.22 over 1539 frames.
b_2_567_90_583_31 THIS QUICKEST IN OLD NON ESSENTIAL MOM REQUIREMENT SO IT YOU BOXES FILE ALLIANCES THE ONE BE WRITTEN 
LOG (lattice-best-path[5.5.925~1-ded7b]:main():lattice-best-path.cc:99) For utterance b_2_583_32_592_59, best cost 139.954 + 5095.37 = 5235.33 over 925 frames.
b_2_583_32_592_59 DIDN'T SPECIFY WORDS SPECIFY ARE THE PROFILE BECAUSE THIS COUNTRIES REQUIRED 
LOG (lattice-best-path[5.5.925~1-ded7b]:main():lattice-best-path.cc:99) For utterance b_2_595_06_605_03, best cost 131.679 + 5451.64 = 5583.32 over 995 frames.
b_2_595_06_605_03 AND IDIOCY SIMILAR STRUCTURE NAME DOLLARS MANY OPINION DIRECTORIES 
LOG (lattice-best-path[5.5.925~1-ded7b]:main():lattice-best-path.cc:99) For utterance b_2_59_50_64_29, best cost 57.5917 + 2517.18 = 2574.77 over 477 frames.
b_2_59_50_64_29 FOR NOT OF A THE DIRECTORIES 
LOG (lattice-best-path[5.5.925~1-ded7b]:main():lattice-best-path.cc:99) For utterance b_2_614_15_632_14, best cost 267.351 + 9859.14 = 10126.5 over 1797 frames.
b_2_614_15_632_14 AND THIS BEEN DIRECTORY DOESN'T IS CONTENT RECOVERY BUT IT CONTAIN SYSTEM FORMS SUCH SKIN TUTORIAL RATE DEFINE THE DIMENSIONAL A TEXT AND SO 
LOG (lattice-best-path[5.5.925~1-ded7b]:main():lattice-best-path.cc:99) For utterance b_2_637_81_642_27, best cost 46.6507 + 2372.7 = 2419.35 over 444 frames.
b_2_637_81_642_27 CREATE THINK THAT'S IT 
LOG (lattice-best-path[5.5.925~1-ded7b]:main():lattice-best-path.cc:99) For utterance b_2_643_37_649_65, best cost 133.582 + 3501.35 = 3634.93 over 626 frames.
b_2_643_37_649_65 THE NEXT EASY WILL TO TO WORK OF NOW WERE FOR SPEECH RECOGNITION SYSTEM 
LOG (lattice-best-path[5.5.925~1-ded7b]:main():lattice-best-path.cc:99) For utterance b_2_649_80_652_86, best cost 43.9204 + 1595.33 = 1639.25 over 304 frames.
b_2_649_80_652_86 SEEING THE NEXT WILL 
LOG (lattice-best-path[5.5.925~1-ded7b]:main():lattice-best-path.cc:99) For utterance b_2_65_58_69_11, best cost 50.1528 + 1914.72 = 1964.87 over 351 frames.
b_2_65_58_69_11 THIS DIRECTORIES ARE CLASSES 
LOG (lattice-best-path[5.5.925~1-ded7b]:main():lattice-best-path.cc:99) For utterance b_2_69_20_83_11, best cost 224.1 + 7623.21 = 7847.31 over 1389 frames.
b_2_69_20_83_11 EACH OF THE CONTAINS THE DESCRIPTION OF THERE'S IS TO BUILD IS A SYSTEM USING ONE CORPUS OR SEVERAL CORPORATE TOGETHER 
LOG (lattice-best-path[5.5.925~1-ded7b]:main():lattice-best-path.cc:99) For utterance b_2_83_12_105_02, best cost 356.257 + 12174.5 = 12530.7 over 2188 frames.
b_2_83_12_105_02 THE MOST IMPORTANT OF THE WORLD AND OF WE AS J WHICH DESCRIBES THAT ALL TO JOURNAL RESOURCES MORE REITERATES OF THE MOST JOURNAL COUPLES WHICH IS WAY POPULAR WHICH WORK BECAUSE THAT FOR SITUATION 
LOG (lattice-scale[5.5.925~1-ded7b]:main():lattice-scale.cc:107) Done 119 lattices.
LOG (lattice-add-penalty[5.5.925~1-ded7b]:main():lattice-add-penalty.cc:62) Done adding word insertion penalty to 119 lattices.
LOG (lattice-best-path[5.5.925~1-ded7b]:main():lattice-best-path.cc:99) For utterance b_2_8_90_21_48, best cost 185.616 + 7023.59 = 7209.21 over 1256 frames.
b_2_8_90_21_48 MOST IMPORTANT OF THEM COMPLEX WITH EXAMPLE SCRIPTS FOR GOING OF I IS ASSISTANCE IS UNDERSCORE POWER 
LOG (lattice-best-path[5.5.925~1-ded7b]:main():lattice-best-path.cc:124) Overall cost per frame is 5.69339 = 0.152537 [graph] + 5.54085 [acoustic] over 94747 frames.
LOG (lattice-best-path[5.5.925~1-ded7b]:main():lattice-best-path.cc:128) Done 119 lattices, failed for 0
# Accounting: time=2 threads=1
# Ended (code 0) at Tue Jun 29 16:39:19 CEST 2021, elapsed time 2 seconds
