# lattice-scale --inv-acoustic-scale=15 "ark:gunzip -c exp/mono/decode/lat.*.gz|" ark:- | lattice-add-penalty --word-ins-penalty=0.0 ark:- ark:- | lattice-best-path --word-symbol-table=exp/mono/graph/words.txt ark:- ark,t:exp/mono/decode/scoring/15.0.0.tra 
# Started at Tue Jun 29 16:39:15 CEST 2021
#
lattice-add-penalty --word-ins-penalty=0.0 ark:- ark:- 
lattice-scale --inv-acoustic-scale=15 'ark:gunzip -c exp/mono/decode/lat.*.gz|' ark:- 
lattice-best-path --word-symbol-table=exp/mono/graph/words.txt ark:- ark,t:exp/mono/decode/scoring/15.0.0.tra 
LOG (lattice-best-path[5.5.925~1-ded7b]:main():lattice-best-path.cc:99) For utterance a_1_0_00_3_10, best cost 42.2279 + 1894.45 = 1936.68 over 308 frames.
a_1_0_00_3_10 EVERYONE MY VESSEL 
LOG (lattice-best-path[5.5.925~1-ded7b]:main():lattice-best-path.cc:99) For utterance a_1_100_57_108_91, best cost 116.762 + 4889.5 = 5006.26 over 832 frames.
a_1_100_57_108_91 A THE DIRECTORY YOU SHOULD SHE SHE ARE DIRECTORY TO COUPLE DIRECTORY 
LOG (lattice-best-path[5.5.925~1-ded7b]:main():lattice-best-path.cc:99) For utterance a_1_11_88_15_85, best cost 70.534 + 2466.49 = 2537.02 over 395 frames.
a_1_11_88_15_85 ALTHOUGH I SCIENTISTS CREATE RECOMMENDATION 
LOG (lattice-best-path[5.5.925~1-ded7b]:main():lattice-best-path.cc:99) For utterance a_1_120_08_126_30, best cost 106.356 + 3890.64 = 3996.99 over 620 frames.
a_1_120_08_126_30 DON'T I EXACTLY THE SAME LIKE RIGHT IT MEDITATION TO STILL 
LOG (lattice-best-path[5.5.925~1-ded7b]:main():lattice-best-path.cc:99) For utterance a_1_130_61_132_11, best cost 4.2722 + 734.835 = 739.107 over 148 frames.
a_1_130_61_132_11 
LOG (lattice-best-path[5.5.925~1-ded7b]:main():lattice-best-path.cc:99) For utterance a_1_132_12_134_00, best cost 42.4228 + 1205.13 = 1247.56 over 186 frames.
a_1_132_12_134_00 NOW WE LITTLE COUNTRY 
LOG (lattice-best-path[5.5.925~1-ded7b]:main():lattice-best-path.cc:99) For utterance a_1_142_25_147_84, best cost 87.2504 + 3305.07 = 3392.32 over 557 frames.
a_1_142_25_147_84 A IS OPEN SOURCE AND THIS ALL SUDDENLY UP 
LOG (lattice-best-path[5.5.925~1-ded7b]:main():lattice-best-path.cc:99) For utterance a_1_147_85_154_10, best cost 130.469 + 3831.9 = 3962.37 over 623 frames.
a_1_147_85_154_10 WE JUST RETURN IT CLONE TO IT A COPY OF THE WHOLE CONSENSUS CALLED 
LOG (lattice-best-path[5.5.925~1-ded7b]:main():lattice-best-path.cc:99) For utterance a_1_18_07_24_79, best cost 136.991 + 4235.85 = 4372.84 over 670 frames.
a_1_18_07_24_79 POLITICAL IT FOR SPEECH RECOGNITION TO SENTENCE FOR SPEECH CREATION RESEARCHERS PROFESSIONALS 
LOG (lattice-best-path[5.5.925~1-ded7b]:main():lattice-best-path.cc:99) For utterance a_1_224_41_227_54, best cost 42.2944 + 1883.55 = 1925.84 over 311 frames.
a_1_224_41_227_54 ALL CREATED TO FINISHED 
LOG (lattice-best-path[5.5.925~1-ded7b]:main():lattice-best-path.cc:99) For utterance a_1_228_65_235_92, best cost 73.6231 + 4117.2 = 4190.83 over 725 frames.
a_1_228_65_235_92 NOW WE HAVE TO TO DIRECTORY COLDER IT 
LOG (lattice-best-path[5.5.925~1-ded7b]:main():lattice-best-path.cc:99) For utterance a_1_237_94_245_41, best cost 86.0575 + 4339.87 = 4425.92 over 745 frames.
a_1_237_94_245_41 BECAUSE IN THE FILES THERE TOTAL OF COUNTRY 
LOG (lattice-best-path[5.5.925~1-ded7b]:main():lattice-best-path.cc:99) For utterance a_1_246_63_250_17, best cost 49.233 + 2124.14 = 2173.38 over 352 frames.
a_1_246_63_250_17 COCONUT INSTALLATION STEP 
LOG (lattice-best-path[5.5.925~1-ded7b]:main():lattice-best-path.cc:99) For utterance a_1_24_80_32_22, best cost 157.246 + 4795.74 = 4952.98 over 740 frames.
a_1_24_80_32_22 PERSONALLY TO GET IN SLIGHTLY RESPIRATORY SUCH HOW WHERE A TO STILL REPOSITORY THE INDUSTRY 
LOG (lattice-best-path[5.5.925~1-ded7b]:main():lattice-best-path.cc:99) For utterance a_1_251_67_255_43, best cost 51.1335 + 2197.65 = 2248.79 over 374 frames.
a_1_251_67_255_43 THE TOTAL ARE LUCKY 
LOG (lattice-best-path[5.5.925~1-ded7b]:main():lattice-best-path.cc:99) For utterance a_1_255_79_259_74, best cost 80.8768 + 2498.36 = 2579.24 over 393 frames.
a_1_255_79_259_74 THAT UTTERANCE RECONSTRUCTED IN THE INSTALLED FILE 
LOG (lattice-best-path[5.5.925~1-ded7b]:main():lattice-best-path.cc:99) For utterance a_1_259_82_261_02, best cost 26.8045 + 722.961 = 749.766 over 118 frames.
a_1_259_82_261_02 THIS CHECKED 
LOG (lattice-best-path[5.5.925~1-ded7b]:main():lattice-best-path.cc:99) For utterance a_1_264_37_273_53, best cost 160.026 + 5588 = 5748.03 over 914 frames.
a_1_264_37_273_53 TELLS OF TO GO TO COAST FOR WITHOUT RATHER THE GO TO SEE SEE AND ALL RESULTS 
LOG (lattice-best-path[5.5.925~1-ded7b]:main():lattice-best-path.cc:99) For utterance a_1_274_88_279_23, best cost 30.9149 + 2511.37 = 2542.29 over 433 frames.
a_1_274_88_279_23 THIS COMPONENTS 
LOG (lattice-best-path[5.5.925~1-ded7b]:main():lattice-best-path.cc:99) For utterance a_1_279_96_290_47, best cost 170.564 + 6499.47 = 6670.03 over 1049 frames.
a_1_279_96_290_47 IT IS LIKE CONTAINED SCRIPTS CONSOLIDATION LETTER PARTICLES WE DIFFICULTY OR TO CONTESTS 
LOG (lattice-best-path[5.5.925~1-ded7b]:main():lattice-best-path.cc:99) For utterance a_1_290_97_292_22, best cost 32.16 + 817.452 = 849.612 over 123 frames.
a_1_290_97_292_22 DATA ONE LATER 
LOG (lattice-best-path[5.5.925~1-ded7b]:main():lattice-best-path.cc:99) For utterance a_1_306_34_313_46, best cost 125.093 + 4367.22 = 4492.31 over 710 frames.
a_1_306_34_313_46 SO FIRST INTERNET WE TO TO IS TO LEARN THE SCRIPT PROJECT INDEPENDENCE THIS 
LOG (lattice-best-path[5.5.925~1-ded7b]:main():lattice-best-path.cc:99) For utterance a_1_319_69_324_25, best cost 78.8935 + 2767.56 = 2846.46 over 454 frames.
a_1_319_69_324_25 AND IS TO COUPLE FOR NEEDS WE CAN QUANTUM 
LOG (lattice-best-path[5.5.925~1-ded7b]:main():lattice-best-path.cc:99) For utterance a_1_32_28_39_15, best cost 147.464 + 4415.04 = 4562.5 over 685 frames.
a_1_32_28_39_15 REALLY WILL REALLY COUNTRY AND WOULD WORK AND INNOVATION THEY ARE MOST I REALLY DISCOVERY 
LOG (lattice-best-path[5.5.925~1-ded7b]:main():lattice-best-path.cc:99) For utterance a_1_346_07_355_21, best cost 133.232 + 5363.67 = 5496.91 over 912 frames.
a_1_346_07_355_21 NOT CAN ONE TAKE IT ONE CELL ANSWER TOOLS IT ONE OF COMPRESSION 
LOG (lattice-best-path[5.5.925~1-ded7b]:main():lattice-best-path.cc:99) For utterance a_1_355_22_362_53, best cost 136.484 + 4283.98 = 4420.46 over 729 frames.
a_1_355_22_362_53 IT I'M AS WE HAVE AT COMPILER CASH BY TO FOCUS CALLED TO CASH 
LOG (lattice-best-path[5.5.925~1-ded7b]:main():lattice-best-path.cc:99) For utterance a_1_364_38_380_40, best cost 234.204 + 9373.23 = 9607.43 over 1600 frames.
a_1_364_38_380_40 AND IT ONLY PATTERN TO DISABLED BECAUSE IN COUNTRY WE WILL CAN BILAL TO FILES AND WILL QUICKLY ABOUT OF SPLIT SPACE FOR CASH 
LOG (lattice-best-path[5.5.925~1-ded7b]:main():lattice-best-path.cc:99) For utterance a_1_392_69_400_08, best cost 116.487 + 4327.76 = 4444.25 over 737 frames.
a_1_392_69_400_08 WE DISABLED THEM COMPILER CRUSHED IDEA EXTORTING TABLE 
LOG (lattice-best-path[5.5.925~1-ded7b]:main():lattice-best-path.cc:99) For utterance a_1_3_11_6_08, best cost 69.0431 + 1953.87 = 2022.91 over 295 frames.
a_1_3_11_6_08 I LOCAL YOU FAMILIES COUPLE TO CONTROL 
LOG (lattice-best-path[5.5.925~1-ded7b]:main():lattice-best-path.cc:99) For utterance a_1_400_97_403_16, best cost 50.4095 + 1366.83 = 1417.24 over 217 frames.
a_1_400_97_403_16 SECRET ESSENTIALLY CALLED ONE 
LOG (lattice-best-path[5.5.925~1-ded7b]:main():lattice-best-path.cc:99) For utterance a_1_403_81_408_78, best cost 65.9416 + 2948.07 = 3014.01 over 495 frames.
a_1_403_81_408_78 WE CONNECTED CAN FILE THE TOOLS 
LOG (lattice-best-path[5.5.925~1-ded7b]:main():lattice-best-path.cc:99) For utterance a_1_409_66_419_30, best cost 148.982 + 5695.11 = 5844.09 over 962 frames.
a_1_409_66_419_30 AND FOR WILL USE CREATE OPTION WHICH TELLS MAKE TO RUN SEVERAL COMPASSION POSSIBLE 
LOG (lattice-best-path[5.5.925~1-ded7b]:main():lattice-best-path.cc:99) For utterance a_1_40_83_46_72, best cost 83.0215 + 3576.05 = 3659.07 over 587 frames.
a_1_40_83_46_72 IN THE NEXT WE USE LITTLE CONFIDENCE TUTORIAL 
LOG (lattice-best-path[5.5.925~1-ded7b]:main():lattice-best-path.cc:99) For utterance a_1_420_28_426_62, best cost 102.088 + 3753.42 = 3855.51 over 632 frames.
a_1_420_28_426_62 IT IS NEEDED FOR FASTER INSTALLATION AND FOSTER PROCESSING 
LOG (lattice-best-path[5.5.925~1-ded7b]:main():lattice-best-path.cc:99) For utterance a_1_426_89_440_27, best cost 174.778 + 7658.56 = 7833.34 over 1336 frames.
a_1_426_89_440_27 HIS WE HAVE IT'S WE HAVE FORTY SPEAKERS THIS ARE WE CAN ONE MAKE WITH FORESEEABLE JUMPS 
LOG (lattice-best-path[5.5.925~1-ded7b]:main():lattice-best-path.cc:99) For utterance a_1_471_46_476_70, best cost 76.046 + 3098.01 = 3174.05 over 522 frames.
a_1_471_46_476_70 ALL KING AS WE IS EVEN AND WELL 
LOG (lattice-best-path[5.5.925~1-ded7b]:main():lattice-best-path.cc:99) For utterance a_1_477_89_480_55, best cost 33.3597 + 1603.77 = 1637.13 over 264 frames.
a_1_477_89_480_55 TOOLS INSTALLATION 
LOG (lattice-best-path[5.5.925~1-ded7b]:main():lattice-best-path.cc:99) For utterance a_1_480_56_483_47, best cost 57.3691 + 1758.53 = 1815.9 over 289 frames.
a_1_480_56_483_47 NOW ASK OPEN HE THING 
LOG (lattice-best-path[5.5.925~1-ded7b]:main():lattice-best-path.cc:99) For utterance a_1_483_48_485_74, best cost 61.1982 + 1448.49 = 1509.68 over 224 frames.
a_1_483_48_485_74 TO RESISTANCE FOR SOURCE CODE 
LOG (lattice-best-path[5.5.925~1-ded7b]:main():lattice-best-path.cc:99) For utterance a_1_485_99_488_85, best cost 53.207 + 1689.91 = 1743.12 over 284 frames.
a_1_485_99_488_85 IS THE ACTUALLY COATED CALLED 
LOG (lattice-best-path[5.5.925~1-ded7b]:main():lattice-best-path.cc:99) For utterance a_1_491_86_495_38, best cost 45.0155 + 2143.18 = 2188.2 over 350 frames.
a_1_491_86_495_38 AND IT INSTALLATION THREE 
LOG (lattice-best-path[5.5.925~1-ded7b]:main():lattice-best-path.cc:99) For utterance a_1_497_01_504_46, best cost 80.2302 + 4259.66 = 4339.89 over 743 frames.
a_1_497_01_504_46 AND FRESH INSTRUCTIONS WERE AND FIGURE SCRIPT 
LOG (lattice-best-path[5.5.925~1-ded7b]:main():lattice-best-path.cc:99) For utterance a_1_50_04_61_06, best cost 149.574 + 6586.54 = 6736.12 over 1100 frames.
a_1_50_04_61_06 OF TO INTRODUCTION BUT RELEASED ENVIRONMENT RECORDINGS FOR INSTALLATION YOU SUCH FACULTY 
LOG (lattice-best-path[5.5.925~1-ded7b]:main():lattice-best-path.cc:99) For utterance a_1_515_64_525_58, best cost 161.493 + 5900.18 = 6061.67 over 992 frames.
a_1_515_64_525_58 AND EVAPORATES AROUND FRONT AND ANTENNAS HAVE UTTERANCE FABRIC ALL TO TO SWEDEN IS IT 
LOG (lattice-best-path[5.5.925~1-ded7b]:main():lattice-best-path.cc:99) For utterance a_1_540_66_545_01, best cost 60.7788 + 2510.83 = 2571.6 over 433 frames.
a_1_540_66_545_01 NOW WE SEE PERMANENT CAN UTTERANCE 
LOG (lattice-best-path[5.5.925~1-ded7b]:main():lattice-best-path.cc:99) For utterance a_1_545_02_553_17, best cost 136.657 + 4830.17 = 4966.83 over 813 frames.
a_1_545_02_553_17 WHICH SHOULD SILK ONE BECAUSE IT A MINUTE TABLE NETWORKS SO FOR SO IT 
LOG (lattice-best-path[5.5.925~1-ded7b]:main():lattice-best-path.cc:99) For utterance a_1_555_76_560_72, best cost 101.266 + 3034.94 = 3136.2 over 494 frames.
a_1_555_76_560_72 FOR TO TO WE WILL COCA FIGURES CRITICAL OPTION 
LOG (lattice-best-path[5.5.925~1-ded7b]:main():lattice-best-path.cc:99) For utterance a_1_564_61_568_28, best cost 54.5908 + 2166.21 = 2220.81 over 365 frames.
a_1_564_61_568_28 BUILD WAS QUALITY FOCUS 
LOG (lattice-best-path[5.5.925~1-ded7b]:main():lattice-best-path.cc:99) For utterance a_1_568_46_572_69, best cost 53.3773 + 2474.67 = 2528.04 over 421 frames.
a_1_568_46_572_69 WE CHANGED OPTION TO KNOW 
LOG (lattice-best-path[5.5.925~1-ded7b]:main():lattice-best-path.cc:99) For utterance a_1_587_19_597_74, best cost 149.352 + 6235.29 = 6384.64 over 1053 frames.
a_1_587_19_597_74 A TO HAVE TO SUCCESSFULLY CAN REWARD WE CAN CAN BALCONY IN THIS TO MAKE COMMANDS 
LOG (lattice-best-path[5.5.925~1-ded7b]:main():lattice-best-path.cc:99) For utterance a_1_601_31_607_60, best cost 96.0843 + 3832.39 = 3928.47 over 627 frames.
a_1_601_31_607_60 AND WE SPECIFY BEFORE PEOPLE JUMPS FOR THE CONDITION 
LOG (lattice-best-path[5.5.925~1-ded7b]:main():lattice-best-path.cc:99) For utterance a_1_62_14_72_77, best cost 175.254 + 6552.31 = 6727.56 over 1061 frames.
a_1_62_14_72_77 ALL USE DINOSAUR TO INSTANT USE CAN THEREFORE WISH AND OR ABOUT THE TRANSPORTATION BE REGULAR 
LOG (lattice-best-path[5.5.925~1-ded7b]:main():lattice-best-path.cc:99) For utterance a_1_638_18_641_05, best cost 37.6455 + 1667.59 = 1705.24 over 285 frames.
a_1_638_18_641_05 OKAY TO DOESN'T 
LOG (lattice-best-path[5.5.925~1-ded7b]:main():lattice-best-path.cc:99) For utterance a_1_641_06_643_95, best cost 53.826 + 1778.02 = 1831.84 over 287 frames.
a_1_641_06_643_95 IT MAINSTREAM AND WILL GAME 
LOG (lattice-best-path[5.5.925~1-ded7b]:main():lattice-best-path.cc:99) For utterance a_1_643_96_648_87, best cost 85.6425 + 3012.55 = 3098.19 over 489 frames.
a_1_643_96_648_87 WE HAVE CAN SUCCESSFULLY BONO AND AND COMMODITY 
LOG (lattice-best-path[5.5.925~1-ded7b]:main():lattice-best-path.cc:99) For utterance a_1_648_88_651_77, best cost 47.7657 + 1730.52 = 1778.28 over 287 frames.
a_1_648_88_651_77 NOW TRIP FOR IT'S 
LOG (lattice-best-path[5.5.925~1-ded7b]:main():lattice-best-path.cc:99) For utterance a_1_651_86_659_83, best cost 119.364 + 4731.81 = 4851.18 over 795 frames.
a_1_651_86_659_83 AND WE CAN GO TO AND EXPORT OF CAN TO TUTORIAL CAN DIRECTORIES 
LOG (lattice-best-path[5.5.925~1-ded7b]:main():lattice-best-path.cc:99) For utterance a_1_659_84_662_30, best cost 41.7947 + 1423 = 1464.79 over 244 frames.
a_1_659_84_662_30 SEE THE NEXT VIDEO 
LOG (lattice-best-path[5.5.925~1-ded7b]:main():lattice-best-path.cc:99) For utterance a_1_6_98_11_87, best cost 119.885 + 3147.56 = 3267.45 over 487 frames.
a_1_6_98_11_87 CRITICAL TO THAT DIGITS I TO COUNTRY COUNTRY BASH DESIRABLE TALK 
LOG (lattice-best-path[5.5.925~1-ded7b]:main():lattice-best-path.cc:99) For utterance a_1_72_78_77_55, best cost 110.864 + 3021.12 = 3131.99 over 475 frames.
a_1_72_78_77_55 TO CONNECT WAS FOR WE USE TO NOW PREPARATION AND TO STAGE COMMAND 
LOG (lattice-best-path[5.5.925~1-ded7b]:main():lattice-best-path.cc:99) For utterance a_1_80_11_86_02, best cost 74.3352 + 3469 = 3543.33 over 589 frames.
a_1_80_11_86_02 WE SCIENTISTS I ACTUALLY WERE TIME AS AGAIN 
LOG (lattice-best-path[5.5.925~1-ded7b]:main():lattice-best-path.cc:99) For utterance a_1_86_03_93_49, best cost 98.4812 + 4512.12 = 4610.6 over 744 frames.
a_1_86_03_93_49 THEN THE NAME OF THIS EVERY AUTHENTIC SENSE YOU SHOULD 
LOG (lattice-best-path[5.5.925~1-ded7b]:main():lattice-best-path.cc:99) For utterance b_2_0_03_4_44, best cost 72.9262 + 2787.34 = 2860.27 over 439 frames.
b_2_0_03_4_44 IS ZERO WILL TO PRETTY ABOUT TO DIRECTORIES 
LOG (lattice-best-path[5.5.925~1-ded7b]:main():lattice-best-path.cc:99) For utterance b_2_105_03_114_90, best cost 151.072 + 5930.96 = 6082.03 over 985 frames.
b_2_105_03_114_90 AND ANOTHER ONE IS REALLY SPEECH WHICH SOURCE AS OTHER MY EXAMPLE AUDIO YEARS PHYSICAL 
LOG (lattice-best-path[5.5.925~1-ded7b]:main():lattice-best-path.cc:99) For utterance b_2_115_20_127_49, best cost 176.599 + 7146.29 = 7322.89 over 1227 frames.
b_2_115_20_127_49 TO WILL TALK ABOUT IS WHICH RECIPE THE NEXT MODEL BECOME TAKE LOCAL IN ALSO JOURNAL AS BE 
LOG (lattice-best-path[5.5.925~1-ded7b]:main():lattice-best-path.cc:99) For utterance b_2_129_48_136_95, best cost 107.217 + 4518.7 = 4625.92 over 745 frames.
b_2_129_48_136_95 SO IS YOU TO SEE THIS AS FIVE DIRECTORY WHICH OF THE RECIPE 
LOG (lattice-best-path[5.5.925~1-ded7b]:main():lattice-best-path.cc:99) For utterance b_2_136_96_148_79, best cost 164.951 + 6914.76 = 7079.71 over 1181 frames.
b_2_136_96_148_79 AND DIDN'T IN ANYTHING MOST LIKELY IF YOU FOR ANY OTHER WAS PEOPLE IT LITTLE SCIENTISTS FIVE 
LOG (lattice-best-path[5.5.925~1-ded7b]:main():lattice-best-path.cc:99) For utterance b_2_151_10_159_65, best cost 101.236 + 4762.99 = 4864.23 over 853 frames.
b_2_151_10_159_65 SOMERSET IS EXAMPLE TO IDEA HAVE SEVERAL DIRECTORIES 
LOG (lattice-best-path[5.5.925~1-ded7b]:main():lattice-best-path.cc:99) For utterance b_2_159_66_169_80, best cost 162.996 + 5845.98 = 6008.98 over 1012 frames.
b_2_159_66_169_80 TO CAN SEE THAT LIKE RESPOND TO DIFFERENT REGIONS OTHER CITY ALL DIFFERENT UTTERANCE OF RECIPE 
LOG (lattice-best-path[5.5.925~1-ded7b]:main():lattice-best-path.cc:99) For utterance b_2_171_54_176_67, best cost 75.8968 + 3023.31 = 3099.21 over 511 frames.
b_2_171_54_176_67 I THINK THAT IS ENOUGH INFORMATION ABOUT EXAMPLES 
LOG (lattice-best-path[5.5.925~1-ded7b]:main():lattice-best-path.cc:99) For utterance b_2_178_55_185_67, best cost 104.04 + 4165.3 = 4269.34 over 710 frames.
b_2_178_55_185_67 CAN GO TO THE SOURCE CODE TAKE LOOK AND THIS CONTENTS 
LOG (lattice-best-path[5.5.925~1-ded7b]:main():lattice-best-path.cc:99) For utterance b_2_185_96_200_94, best cost 201.848 + 8461.49 = 8663.34 over 1496 frames.
b_2_185_96_200_94 SOCIO REALLY CONSIDER SCRIPT WHICH CHARACTERS THEM QUALITY TO BE ARE KNOWN UNCERTAIN SYSTEM ARTIST FOR EXAMPLE 
LOG (lattice-best-path[5.5.925~1-ded7b]:main():lattice-best-path.cc:99) For utterance b_2_200_95_218_31, best cost 180.168 + 9817.71 = 9997.87 over 1734 frames.
b_2_200_95_218_31 IT ALSO HIGHEST DOCUMENTATION DIRECTORY COME AND WE MORE DIRECTORIES WHICH CAN BE DECIDED TO TO LOTS 
LOG (lattice-best-path[5.5.925~1-ded7b]:main():lattice-best-path.cc:99) For utterance b_2_218_32_234_63, best cost 210.886 + 9340.77 = 9551.66 over 1629 frames.
b_2_218_32_234_63 ONE OF THE MATTER THERE DIRECTORIES FOR EXAMPLE A EACH AGAIN IS THE I VERY WITH AND IS FOR IN OF MODEL THEM FUNCTIONS 
LOG (lattice-best-path[5.5.925~1-ded7b]:main():lattice-best-path.cc:99) For utterance b_2_21_49_25_06, best cost 65.138 + 2176.65 = 2241.79 over 355 frames.
b_2_21_49_25_06 SEE SEE WITH ACTUALLY CAUSES CALLED 
LOG (lattice-best-path[5.5.925~1-ded7b]:main():lattice-best-path.cc:99) For utterance b_2_236_00_247_45, best cost 204.525 + 6848.86 = 7053.39 over 1143 frames.
b_2_236_00_247_45 AND WE THERE IS OUT OF CONDITIONS THIS LINK OUT EACH AND AND IS ALL FILE WHICH IS BY VERY EVERY FILE INTENSE 
LOG (lattice-best-path[5.5.925~1-ded7b]:main():lattice-best-path.cc:99) For utterance b_2_247_46_264_98, best cost 267.62 + 10259.7 = 10527.3 over 1750 frames.
b_2_247_46_264_98 TEST ALL SENSE FOR SHARED OBJECTS IT'S IT RESPECTS ALL THE DEFINITIONS AND ALL DIGITS FROM THIS CITIZENS HACKERS FILES AS BY NEVER FILE 
LOG (lattice-best-path[5.5.925~1-ded7b]:main():lattice-best-path.cc:99) For utterance b_2_25_07_35_00, best cost 118.037 + 5708.57 = 5826.61 over 991 frames.
b_2_25_07_35_00 AND TOOLS WITH AND SHOW TOOLS AND COMMANDS IT ONE THERE'S THIS 
LOG (lattice-best-path[5.5.925~1-ded7b]:main():lattice-best-path.cc:99) For utterance b_2_266_21_273_05, best cost 94.8037 + 3944.33 = 4039.13 over 682 frames.
b_2_266_21_273_05 IN WROTE USE THIS BY TO WIRELESS WE NEED PROBLEMS 
LOG (lattice-best-path[5.5.925~1-ded7b]:main():lattice-best-path.cc:99) For utterance b_2_273_06_285_50, best cost 162.45 + 7321.11 = 7483.56 over 1242 frames.
b_2_273_06_285_50 UTTERANCE ARE ALSO CALL BY CASE IN INNOCENT THE ARE SORT IN DIRECTORIES IT OTHER 
LOG (lattice-best-path[5.5.925~1-ded7b]:main():lattice-best-path.cc:99) For utterance b_2_285_51_300_59, best cost 205.414 + 8633.72 = 8839.13 over 1506 frames.
b_2_285_51_300_59 EXAMPLE WE CAN WE WE USE DEMANDING ONCE WHICH EARTHWORMS ALL BY AS WORKING WISCONSIN EACH MODEL 
LOG (lattice-best-path[5.5.925~1-ded7b]:main():lattice-best-path.cc:99) For utterance b_2_306_90_317_17, best cost 171.581 + 5954.82 = 6126.4 over 1025 frames.
b_2_306_90_317_17 SO WE THEORY CAN SEE SEE SEE FILES WHICH ARE CITIZENS CODE OR CITIZENS SOURCE CODE FILES 
LOG (lattice-best-path[5.5.925~1-ded7b]:main():lattice-best-path.cc:99) For utterance b_2_317_18_324_52, best cost 96.0948 + 4063.04 = 4159.14 over 732 frames.
b_2_317_18_324_52 SOME DIRECTION BE SOME WHICH FILES TO TENDENCY THEN 
LOG (lattice-best-path[5.5.925~1-ded7b]:main():lattice-best-path.cc:99) For utterance b_2_325_28_334_10, best cost 124.309 + 5221.82 = 5346.13 over 880 frames.
b_2_325_28_334_10 OK THINK EACH FILE SO USE THE LICENSE AND ONE DEMAND DIRECTORY 
LOG (lattice-best-path[5.5.925~1-ded7b]:main():lattice-best-path.cc:99) For utterance b_2_336_29_338_85, best cost 25.3479 + 1368.23 = 1393.57 over 254 frames.
b_2_336_29_338_85 I THIS ONE 
LOG (lattice-best-path[5.5.925~1-ded7b]:main():lattice-best-path.cc:99) For utterance b_2_339_20_353_95, best cost 222.33 + 8561.71 = 8784.04 over 1473 frames.
b_2_339_20_353_95 AND IS YOU LEAVE MAKE FILE WE DESCRIBES A THE ALREADY SPEECH CAN BECAUSE IS BASED THE FILES THIS DIRECTORY AND HOW NATION BE USED 
LOG (lattice-best-path[5.5.925~1-ded7b]:main():lattice-best-path.cc:99) For utterance b_2_358_53_365_51, best cost 117.058 + 4070.36 = 4187.42 over 696 frames.
b_2_358_53_365_51 THE DON'T TO FILES OTHER SOME DIDN'T KOREA NEED TO MOBILE THEN 
LOG (lattice-best-path[5.5.925~1-ded7b]:main():lattice-best-path.cc:99) For utterance b_2_365_52_370_79, best cost 100.644 + 3253.3 = 3353.94 over 525 frames.
b_2_365_52_370_79 EDITORIALS SOMETHING TO MORE IT'S OPPORTUNITY FROM COMPILER 
LOG (lattice-best-path[5.5.925~1-ded7b]:main():lattice-best-path.cc:99) For utterance b_2_370_80_378_44, best cost 94.789 + 4421.36 = 4516.15 over 762 frames.
b_2_370_80_378_44 MOSTLY WANT WE REALLY WORKING WITH USE BY FILES 
LOG (lattice-best-path[5.5.925~1-ded7b]:main():lattice-best-path.cc:99) For utterance b_2_379_78_383_53, best cost 52.9563 + 2162.35 = 2215.31 over 373 frames.
b_2_379_78_383_53 SOME DIRECTORY MEDICAL SINGLE 
LOG (lattice-best-path[5.5.925~1-ded7b]:main():lattice-best-path.cc:99) For utterance b_2_385_03_394_02, best cost 173.474 + 5369.82 = 5543.29 over 897 frames.
b_2_385_03_394_02 WE KNOW THAT TALKS WITH CASSINI SHE MODEL BECAUSE IS TO THEORY MY ONE LOADED IS ALL TO 
LOG (lattice-best-path[5.5.925~1-ded7b]:main():lattice-best-path.cc:99) For utterance b_2_394_03_397_81, best cost 64.6606 + 2224.8 = 2289.46 over 376 frames.
b_2_394_03_397_81 IT IS ALSO TO THE DECLINE PRESENCE 
LOG (lattice-best-path[5.5.925~1-ded7b]:main():lattice-best-path.cc:99) For utterance b_2_397_82_423_89, best cost 325.517 + 14798.4 = 15123.9 over 2605 frames.
b_2_397_82_423_89 AND OTHERS IS JUST OTHER ADDITIONAL INFORMATION ABOUT HOW EXACTLY WERE IT IS IT WATER WHATSOEVER THEM IN AND INFORMATION BECOME IT UNITED WONDERING THIS I RESEARCH FOR BINARY 
LOG (lattice-best-path[5.5.925~1-ded7b]:main():lattice-best-path.cc:99) For utterance b_2_40_13_47_96, best cost 105.93 + 4563.94 = 4669.87 over 781 frames.
b_2_40_13_47_96 THE YOU MORE THE RIGHT ALL SITE YOU ONE DIDN'T THIS COURSE 
LOG (lattice-best-path[5.5.925~1-ded7b]:main():lattice-best-path.cc:99) For utterance b_2_423_90_446_33, best cost 347.149 + 13294.4 = 13641.5 over 2241 frames.
b_2_423_90_446_33 WHY SET ACTUALLY WHITE IS ACTUALLY IMPORTANT TO KNOW RESPOND IS BECAUSE WHEN YOU DEVELOPED THEN YOU SCRIPT FOR COPY MOST I UNITED USE IS IS BY IS TWO INDIRECT WITH COUNTY FILES AND DIRECTORY 
LOG (lattice-best-path[5.5.925~1-ded7b]:main():lattice-best-path.cc:99) For utterance b_2_446_34_458_29, best cost 181.285 + 7000.41 = 7181.7 over 1193 frames.
b_2_446_34_458_29 CHECK TEETH WHAT ARE IS THIS YOU NEED TO GO TESTING DIRECTORIES AND SEE THIS ANYTHING WOULD YOU IN USE 
LOG (lattice-best-path[5.5.925~1-ded7b]:main():lattice-best-path.cc:99) For utterance b_2_459_55_472_46, best cost 208.825 + 7676.66 = 7885.49 over 1289 frames.
b_2_459_55_472_46 IF YOU THINK THAT SOME PROBLEM WE DOES WOULD IT IN CAN RUN THIS ARE WITHOUT ID I'M TRANSPARENCY THE HELD 
LOG (lattice-best-path[5.5.925~1-ded7b]:main():lattice-best-path.cc:99) For utterance b_2_473_82_488_02, best cost 181.091 + 8057 = 8238.09 over 1418 frames.
b_2_473_82_488_02 TOTALLY WOULD ACTUALLY DOES DECODE FEATURES INGENIOUS MODEL AND AND IT TOTALLY HOW TO WEREN'T 
LOG (lattice-best-path[5.5.925~1-ded7b]:main():lattice-best-path.cc:99) For utterance b_2_488_35_499_75, best cost 147.221 + 6406.26 = 6553.48 over 1138 frames.
b_2_488_35_499_75 SO USE SEE THAT HE THIS CASE YOU CAN SPECIFY SOLUTIONS FIGURE AND FAMILIAR 
LOG (lattice-best-path[5.5.925~1-ded7b]:main():lattice-best-path.cc:99) For utterance b_2_48_81_57_00, best cost 91.7739 + 4719.8 = 4811.57 over 817 frames.
b_2_48_81_57_00 AND THIS CHECK WOULD BECAUSE IN THE EXAMPLES DIRECTORY 
LOG (lattice-best-path[5.5.925~1-ded7b]:main():lattice-best-path.cc:99) For utterance b_2_499_76_505_12, best cost 84.5815 + 3283.86 = 3368.44 over 534 frames.
b_2_499_76_505_12 YOU GET SPECIFY THE MODEL UNIVERSITY FROM AND 
LOG (lattice-best-path[5.5.925~1-ded7b]:main():lattice-best-path.cc:99) For utterance b_2_4_47_8_89, best cost 74.5399 + 2720.35 = 2794.89 over 440 frames.
b_2_4_47_8_89 AS CONSIDER SELECT AS THE TO POLITICALLY 
LOG (lattice-best-path[5.5.925~1-ded7b]:main():lattice-best-path.cc:99) For utterance b_2_506_42_516_32, best cost 133.338 + 5483.47 = 5616.81 over 988 frames.
b_2_506_42_516_32 THEM AND SEVERAL I'M JUST ONLY ONE A SPECIFY ARE A SPECIFY 
LOG (lattice-best-path[5.5.925~1-ded7b]:main():lattice-best-path.cc:99) For utterance b_2_516_33_534_34, best cost 236.045 + 10422.6 = 10658.6 over 1799 frames.
b_2_516_33_534_34 UTTERANCE FORMER IN SPECIFY IS THE TO TO SOME STRING WHICH WOULD DESCRIBED HOW TREE INFORMATION COUNTRY THEY PUT INFORMATION FOR THIS ONE 
LOG (lattice-best-path[5.5.925~1-ded7b]:main():lattice-best-path.cc:99) For utterance b_2_534_35_546_40, best cost 200.116 + 7163.27 = 7363.39 over 1203 frames.
b_2_534_35_546_40 SUDDENLY SPECIFY IS RIGHTS THIS FIRE LIST THE SOMETHING IS STRIKES WHERE HOW TO RIGHT THAT WANTED OF SPOKEN 
LOG (lattice-best-path[5.5.925~1-ded7b]:main():lattice-best-path.cc:99) For utterance b_2_546_41_555_60, best cost 185.411 + 5504.77 = 5690.18 over 917 frames.
b_2_546_41_555_60 THIS CASE IT CAN BE WORST MY IS IS FIRE WHISKERS WHERE TO RIGHT MEDICAL NETWORKS FROM THE FEATURES 
LOG (lattice-best-path[5.5.925~1-ded7b]:main():lattice-best-path.cc:99) For utterance b_2_555_61_567_88, best cost 181.492 + 6884.82 = 7066.31 over 1225 frames.
b_2_555_61_567_88 AND THOSE TO A LINES THE SPECIFY ARE WHERE LINES TO BE WRITTEN WERE TO TO SPECIFY WERE THAT BRITAIN 
LOG (lattice-best-path[5.5.925~1-ded7b]:main():lattice-best-path.cc:99) For utterance b_2_567_90_583_31, best cost 230.525 + 9161.21 = 9391.74 over 1539 frames.
b_2_567_90_583_31 THIS QUICKEST IN OUT AND ON ESSENTIAL MOM REQUIREMENT SO IT YOU BOXES FILE ALLIANCE A MATTERS THE THAT ONE BE WRITTEN 
LOG (lattice-best-path[5.5.925~1-ded7b]:main():lattice-best-path.cc:99) For utterance b_2_583_32_592_59, best cost 134.454 + 5435.06 = 5569.52 over 925 frames.
b_2_583_32_592_59 DIDN'T SPECIFY WORDS SPECIFY ARE THE PROFILE BECAUSE THIS COUNTRIES REQUIRED 
LOG (lattice-best-path[5.5.925~1-ded7b]:main():lattice-best-path.cc:99) For utterance b_2_595_06_605_03, best cost 134.921 + 5805.62 = 5940.54 over 995 frames.
b_2_595_06_605_03 AND YOU TO SEE SIMILAR STRUCTURE NAME DOLLARS MANY OTHER IN AN DIRECTORIES 
LOG (lattice-best-path[5.5.925~1-ded7b]:main():lattice-best-path.cc:99) For utterance b_2_59_50_64_29, best cost 54.5917 + 2684.99 = 2739.58 over 477 frames.
b_2_59_50_64_29 FOR NOT OF A THE DIRECTORIES 
LOG (lattice-best-path[5.5.925~1-ded7b]:main():lattice-best-path.cc:99) For utterance b_2_614_15_632_14, best cost 260.533 + 10510.7 = 10771.2 over 1797 frames.
b_2_614_15_632_14 AND THIS BEEN DIRECTORY DOESN'T IS CONTENT RECOVERY BUT IT CONTAINS IS PHONE FORMS SUCH IS CAN TUTORIAL RATE DEFINE THE DIMENSIONAL A TEXT AND SO 
LOG (lattice-best-path[5.5.925~1-ded7b]:main():lattice-best-path.cc:99) For utterance b_2_637_81_642_27, best cost 44.6507 + 2530.88 = 2575.53 over 444 frames.
b_2_637_81_642_27 CREATE THINK THAT'S IT 
LOG (lattice-best-path[5.5.925~1-ded7b]:main():lattice-best-path.cc:99) For utterance b_2_643_37_649_65, best cost 126.582 + 3734.78 = 3861.36 over 626 frames.
b_2_643_37_649_65 THE NEXT EASY WILL TO TO WORK OF NOW WERE FOR SPEECH RECOGNITION SYSTEM 
LOG (lattice-best-path[5.5.925~1-ded7b]:main():lattice-best-path.cc:99) For utterance b_2_649_80_652_86, best cost 41.9204 + 1701.68 = 1743.6 over 304 frames.
b_2_649_80_652_86 SEEING THE NEXT WILL 
LOG (lattice-best-path[5.5.925~1-ded7b]:main():lattice-best-path.cc:99) For utterance b_2_65_58_69_11, best cost 53.8386 + 2035.77 = 2089.61 over 351 frames.
b_2_65_58_69_11 THIS DIRECTORY STOCK LAST IS 
LOG (lattice-best-path[5.5.925~1-ded7b]:main():lattice-best-path.cc:99) For utterance b_2_69_20_83_11, best cost 216.396 + 8128.28 = 8344.68 over 1389 frames.
b_2_69_20_83_11 EACH OF THE CONTAINS THE DESCRIPTION OF THE VERSUS TO BUILD IS A SYSTEM IS IN ONE CORPUS OR SEVERAL CORPORATE TOGETHER 
LOG (lattice-scale[5.5.925~1-ded7b]:main():lattice-scale.cc:107) Done 119 lattices.
LOG (lattice-best-path[5.5.925~1-ded7b]:main():lattice-best-path.cc:99) For utterance b_2_83_12_105_02, best cost 349.103 + 12975.3 = 13324.4 over 2188 frames.
b_2_83_12_105_02 THE MOST IMPORTANT OF THE WORLD AND OF WE AS J WHICH DESCRIBES THAT ALL STRANGER LASER SYSTEM OR REITERATES OF THE MOST JOURNAL COUPLES WHICH IS WAY POPULAR WHICH WORK BECAUSE THAT FOR SITUATION 
LOG (lattice-add-penalty[5.5.925~1-ded7b]:main():lattice-add-penalty.cc:62) Done adding word insertion penalty to 119 lattices.
LOG (lattice-best-path[5.5.925~1-ded7b]:main():lattice-best-path.cc:99) For utterance b_2_8_90_21_48, best cost 182.352 + 7485.84 = 7668.19 over 1256 frames.
b_2_8_90_21_48 MOST IMPORTANT OF THEM ARE COMPLEX WITH EXAMPLE SCRIPTS FOR GOING OF I IS ASSISTANCE IS UNDERSCORE POWER 
LOG (lattice-best-path[5.5.925~1-ded7b]:main():lattice-best-path.cc:124) Overall cost per frame is 6.05563 = 0.15076 [graph] + 5.90487 [acoustic] over 94747 frames.
LOG (lattice-best-path[5.5.925~1-ded7b]:main():lattice-best-path.cc:128) Done 119 lattices, failed for 0
# Accounting: time=2 threads=1
# Ended (code 0) at Tue Jun 29 16:39:17 CEST 2021, elapsed time 2 seconds
