# lattice-scale --inv-acoustic-scale=17 "ark:gunzip -c exp/mono/decode/lat.*.gz|" ark:- | lattice-add-penalty --word-ins-penalty=1.0 ark:- ark:- | lattice-best-path --word-symbol-table=exp/mono/graph/words.txt ark:- ark,t:exp/mono/decode/scoring/17.1.0.tra 
# Started at Tue Jun 29 16:39:19 CEST 2021
#
lattice-scale --inv-acoustic-scale=17 'ark:gunzip -c exp/mono/decode/lat.*.gz|' ark:- 
lattice-best-path --word-symbol-table=exp/mono/graph/words.txt ark:- ark,t:exp/mono/decode/scoring/17.1.0.tra 
lattice-add-penalty --word-ins-penalty=1.0 ark:- ark:- 
LOG (lattice-best-path[5.5.925~1-ded7b]:main():lattice-best-path.cc:99) For utterance a_1_0_00_3_10, best cost 38.0502 + 1677.39 = 1715.44 over 308 frames.
a_1_0_00_3_10 EVERYONE BATTLE 
LOG (lattice-best-path[5.5.925~1-ded7b]:main():lattice-best-path.cc:99) For utterance a_1_100_57_108_91, best cost 107.102 + 4333.38 = 4440.48 over 832 frames.
a_1_100_57_108_91 ORDER YOU SHOULD TEACHER DIRECTORY TO COUPLE DIRECTORY 
LOG (lattice-best-path[5.5.925~1-ded7b]:main():lattice-best-path.cc:99) For utterance a_1_11_88_15_85, best cost 63.0443 + 2187.34 = 2250.38 over 395 frames.
a_1_11_88_15_85 ALRIGHT SCIENTISTS RECOMMENDATION 
LOG (lattice-best-path[5.5.925~1-ded7b]:main():lattice-best-path.cc:99) For utterance a_1_120_08_126_30, best cost 111.563 + 3437.95 = 3549.51 over 620 frames.
a_1_120_08_126_30 DON'T I EXACTLY FACILITATE RIGHT IT MEDITATION TO STILL 
LOG (lattice-best-path[5.5.925~1-ded7b]:main():lattice-best-path.cc:99) For utterance a_1_130_61_132_11, best cost 4.2722 + 648.384 = 652.656 over 148 frames.
a_1_130_61_132_11 
LOG (lattice-best-path[5.5.925~1-ded7b]:main():lattice-best-path.cc:99) For utterance a_1_132_12_134_00, best cost 46.4228 + 1063.35 = 1109.78 over 186 frames.
a_1_132_12_134_00 NOW WE LITTLE COUNTRY 
LOG (lattice-best-path[5.5.925~1-ded7b]:main():lattice-best-path.cc:99) For utterance a_1_142_25_147_84, best cost 96.2504 + 2916.24 = 3012.49 over 557 frames.
a_1_142_25_147_84 A IS OPEN SOURCE AND THIS ALL SUDDENLY UP 
LOG (lattice-best-path[5.5.925~1-ded7b]:main():lattice-best-path.cc:99) For utterance a_1_147_85_154_10, best cost 124.71 + 3397.82 = 3522.53 over 623 frames.
a_1_147_85_154_10 WE JUST INTRINSICALLY TO IT COPY OF THE WHOLE CONSENSUS CALLED 
LOG (lattice-best-path[5.5.925~1-ded7b]:main():lattice-best-path.cc:99) For utterance a_1_18_07_24_79, best cost 148.456 + 3737.93 = 3886.38 over 670 frames.
a_1_18_07_24_79 POLITICAL IT FOR SPEECH RECOGNITION DESCENDANTS FOR SPEECH CREATION RESEARCHERS PROFESSIONALS 
LOG (lattice-best-path[5.5.925~1-ded7b]:main():lattice-best-path.cc:99) For utterance a_1_224_41_227_54, best cost 43.8699 + 1663.36 = 1707.23 over 311 frames.
a_1_224_41_227_54 ALL CRITICAL FINISHED 
LOG (lattice-best-path[5.5.925~1-ded7b]:main():lattice-best-path.cc:99) For utterance a_1_228_65_235_92, best cost 73.5075 + 3639.47 = 3712.98 over 725 frames.
a_1_228_65_235_92 NOW WE HAVE TO TO DIRECTORY COLDER 
LOG (lattice-best-path[5.5.925~1-ded7b]:main():lattice-best-path.cc:99) For utterance a_1_237_94_245_41, best cost 94.4622 + 3828.22 = 3922.68 over 745 frames.
a_1_237_94_245_41 INCREASINGLY THEM FILES THERE TOTAL OF COUNTRY 
LOG (lattice-best-path[5.5.925~1-ded7b]:main():lattice-best-path.cc:99) For utterance a_1_246_63_250_17, best cost 52.233 + 1874.24 = 1926.48 over 352 frames.
a_1_246_63_250_17 COCONUT INSTALLATION STEP 
LOG (lattice-best-path[5.5.925~1-ded7b]:main():lattice-best-path.cc:99) For utterance a_1_24_80_32_22, best cost 148.84 + 4250.31 = 4399.15 over 740 frames.
a_1_24_80_32_22 PERCENT INTEGRATED IDEAS ROUGHLY SUCH CLARITY STILL REPOSITORY THE INDUSTRY 
LOG (lattice-best-path[5.5.925~1-ded7b]:main():lattice-best-path.cc:99) For utterance a_1_251_67_255_43, best cost 50.361 + 1943.78 = 1994.14 over 374 frames.
a_1_251_67_255_43 THE TOTAL PERFECTLY 
LOG (lattice-best-path[5.5.925~1-ded7b]:main():lattice-best-path.cc:99) For utterance a_1_255_79_259_74, best cost 78.0411 + 2212.61 = 2290.65 over 393 frames.
a_1_255_79_259_74 UTTERANCE RECONSTRUCTED IN THE INSTALLED FILE 
LOG (lattice-best-path[5.5.925~1-ded7b]:main():lattice-best-path.cc:99) For utterance a_1_259_82_261_02, best cost 24.8564 + 640.634 = 665.49 over 118 frames.
a_1_259_82_261_02 CHECKED 
LOG (lattice-best-path[5.5.925~1-ded7b]:main():lattice-best-path.cc:99) For utterance a_1_264_37_273_53, best cost 149.378 + 4954 = 5103.38 over 914 frames.
a_1_264_37_273_53 DOESN'T AGO TO COAST PHONES ENTREPRENEUR THE NOTICE USE AND FOSSIL 
LOG (lattice-best-path[5.5.925~1-ded7b]:main():lattice-best-path.cc:99) For utterance a_1_274_88_279_23, best cost 32.9149 + 2215.92 = 2248.83 over 433 frames.
a_1_274_88_279_23 THIS COMPONENTS 
LOG (lattice-best-path[5.5.925~1-ded7b]:main():lattice-best-path.cc:99) For utterance a_1_279_96_290_47, best cost 169.803 + 5746.98 = 5916.78 over 1049 frames.
a_1_279_96_290_47 IT IS LIKE CONTAINED SCRIPTS CONSOLIDATION OLDER PARTICLES DIFFICULTY ORNITHOLOGISTS 
LOG (lattice-best-path[5.5.925~1-ded7b]:main():lattice-best-path.cc:99) For utterance a_1_290_97_292_22, best cost 29.2288 + 726.163 = 755.392 over 123 frames.
a_1_290_97_292_22 DATA LATER 
LOG (lattice-best-path[5.5.925~1-ded7b]:main():lattice-best-path.cc:99) For utterance a_1_306_34_313_46, best cost 117.48 + 3868.94 = 3986.42 over 710 frames.
a_1_306_34_313_46 SO FIRST INTERNET WE TRUSTWORTHY SCRIPT PROJECT INDEPENDENCE THIS 
LOG (lattice-best-path[5.5.925~1-ded7b]:main():lattice-best-path.cc:99) For utterance a_1_319_69_324_25, best cost 71.3987 + 2454.39 = 2525.79 over 454 frames.
a_1_319_69_324_25 AND RECIPROCAL FOR NEEDS WE CAN 
LOG (lattice-best-path[5.5.925~1-ded7b]:main():lattice-best-path.cc:99) For utterance a_1_32_28_39_15, best cost 147.087 + 3908.38 = 4055.46 over 685 frames.
a_1_32_28_39_15 REALLY WILL REALLY COUNTRY AND WOULD FOR CONDITIONER MOST I REALLY DISCOVERY 
LOG (lattice-best-path[5.5.925~1-ded7b]:main():lattice-best-path.cc:99) For utterance a_1_346_07_355_21, best cost 140.063 + 4737.22 = 4877.28 over 912 frames.
a_1_346_07_355_21 DARKENED CONNECT IT ONE CELLULAR CIRCLES IT ONE OF COMPRESSION 
LOG (lattice-best-path[5.5.925~1-ded7b]:main():lattice-best-path.cc:99) For utterance a_1_355_22_362_53, best cost 146.684 + 3783.72 = 3930.4 over 729 frames.
a_1_355_22_362_53 IT I'M AS WE HAVE AT COMPILER CATCH ID FOCUS CALLED TO CASH 
LOG (lattice-best-path[5.5.925~1-ded7b]:main():lattice-best-path.cc:99) For utterance a_1_364_38_380_40, best cost 259.398 + 8269.18 = 8528.58 over 1600 frames.
a_1_364_38_380_40 AND IT ONLY PATTERN TO DISABLED BECAUSE IN COUNTRY WE WELCOME BILAL TO FILES AND WILL QUICKLY ABOUT OF SPLIT SPACE FOR CASH 
LOG (lattice-best-path[5.5.925~1-ded7b]:main():lattice-best-path.cc:99) For utterance a_1_392_69_400_08, best cost 100.771 + 3839.62 = 3940.4 over 737 frames.
a_1_392_69_400_08 WE DISABLED THEM I CRUSHED IDEA EXPERIMENTAL 
LOG (lattice-best-path[5.5.925~1-ded7b]:main():lattice-best-path.cc:99) For utterance a_1_3_11_6_08, best cost 64.4089 + 1734.47 = 1798.87 over 295 frames.
a_1_3_11_6_08 LOOKING YOU FINALLY COUPLE CONTROL 
LOG (lattice-best-path[5.5.925~1-ded7b]:main():lattice-best-path.cc:99) For utterance a_1_400_97_403_16, best cost 54.4095 + 1206.02 = 1260.43 over 217 frames.
a_1_400_97_403_16 SECRET ESSENTIALLY CALLED ONE 
LOG (lattice-best-path[5.5.925~1-ded7b]:main():lattice-best-path.cc:99) For utterance a_1_403_81_408_78, best cost 63.5501 + 2609.53 = 2673.08 over 495 frames.
a_1_403_81_408_78 WE CONNECTED I THE TOOLS 
LOG (lattice-best-path[5.5.925~1-ded7b]:main():lattice-best-path.cc:99) For utterance a_1_409_66_419_30, best cost 162.982 + 5025.1 = 5188.08 over 962 frames.
a_1_409_66_419_30 AND FOR WILL USE CREATE OPTION WHICH TELLS MAKE TO RUN SEVERAL COMPASSION POSSIBLE 
LOG (lattice-best-path[5.5.925~1-ded7b]:main():lattice-best-path.cc:99) For utterance a_1_40_83_46_72, best cost 80.1167 + 3164.1 = 3244.22 over 587 frames.
a_1_40_83_46_72 IN DIRECTORY USE LITTLE CONFIDENCE TUTORIAL 
LOG (lattice-best-path[5.5.925~1-ded7b]:main():lattice-best-path.cc:99) For utterance a_1_420_28_426_62, best cost 99.1076 + 3322.52 = 3421.63 over 632 frames.
a_1_420_28_426_62 DECIDED FOREFATHER INSTALLATION AND FOSTER PROCESSING 
LOG (lattice-best-path[5.5.925~1-ded7b]:main():lattice-best-path.cc:99) For utterance a_1_426_89_440_27, best cost 184.659 + 6763.68 = 6948.33 over 1336 frames.
a_1_426_89_440_27 HIS WE HAVE IS HAVE FORTY SPEAKERS THIS ARE WE CAN ONE MAKE WITH FORESEEABLE JUMPS 
LOG (lattice-best-path[5.5.925~1-ded7b]:main():lattice-best-path.cc:99) For utterance a_1_471_46_476_70, best cost 69.5398 + 2747.3 = 2816.84 over 522 frames.
a_1_471_46_476_70 TALKING AND WITH EVEN AND WELL 
LOG (lattice-best-path[5.5.925~1-ded7b]:main():lattice-best-path.cc:99) For utterance a_1_477_89_480_55, best cost 35.3597 + 1415.09 = 1450.45 over 264 frames.
a_1_477_89_480_55 TOOLS INSTALLATION 
LOG (lattice-best-path[5.5.925~1-ded7b]:main():lattice-best-path.cc:99) For utterance a_1_480_56_483_47, best cost 56.2502 + 1557.07 = 1613.32 over 289 frames.
a_1_480_56_483_47 NOW ASK OPEN EASY 
LOG (lattice-best-path[5.5.925~1-ded7b]:main():lattice-best-path.cc:99) For utterance a_1_483_48_485_74, best cost 66.1982 + 1278.08 = 1344.27 over 224 frames.
a_1_483_48_485_74 TO RESISTANCE FOR SOURCE CODE 
LOG (lattice-best-path[5.5.925~1-ded7b]:main():lattice-best-path.cc:99) For utterance a_1_485_99_488_85, best cost 43.6336 + 1502.4 = 1546.03 over 284 frames.
a_1_485_99_488_85 ESSENTIAL PROTOCOL 
LOG (lattice-best-path[5.5.925~1-ded7b]:main():lattice-best-path.cc:99) For utterance a_1_491_86_495_38, best cost 49.0155 + 1891.04 = 1940.06 over 350 frames.
a_1_491_86_495_38 AND IT INSTALLATION THREE 
LOG (lattice-best-path[5.5.925~1-ded7b]:main():lattice-best-path.cc:99) For utterance a_1_497_01_504_46, best cost 81.636 + 3763.72 = 3845.35 over 743 frames.
a_1_497_01_504_46 INSTALLATION FRACTION SPEAKER AND FIGURE SCRIPT 
LOG (lattice-best-path[5.5.925~1-ded7b]:main():lattice-best-path.cc:99) For utterance a_1_50_04_61_06, best cost 163.802 + 5809.16 = 5972.96 over 1100 frames.
a_1_50_04_61_06 AUTHENTIC INTRODUCTION BUT RELEASED ENVIRONMENT RECORDINGS FOR INSTALLATION YOU SUCH FACULTY 
LOG (lattice-best-path[5.5.925~1-ded7b]:main():lattice-best-path.cc:99) For utterance a_1_515_64_525_58, best cost 170.239 + 5211 = 5381.24 over 992 frames.
a_1_515_64_525_58 AND EVAPORATES PROFOUND AND ANTENNAS HAVE UTTERANCE FABRIC ALL TO TO SWEDEN IS IT 
LOG (lattice-best-path[5.5.925~1-ded7b]:main():lattice-best-path.cc:99) For utterance a_1_540_66_545_01, best cost 55.652 + 2226.16 = 2281.81 over 433 frames.
a_1_540_66_545_01 NOW WE SEQUENCE COUNTRIES 
LOG (lattice-best-path[5.5.925~1-ded7b]:main():lattice-best-path.cc:99) For utterance a_1_545_02_553_17, best cost 139.506 + 4272.74 = 4412.24 over 813 frames.
a_1_545_02_553_17 WHICH SHOULD SILK ONE BECAUSE IT CONTINUE PUTTING UTTERANCE SO FOR STARTED 
LOG (lattice-best-path[5.5.925~1-ded7b]:main():lattice-best-path.cc:99) For utterance a_1_555_76_560_72, best cost 92.7605 + 2694.46 = 2787.22 over 494 frames.
a_1_555_76_560_72 FOR TO WE LOCAL CONSIDERED CRITICAL OPTION 
LOG (lattice-best-path[5.5.925~1-ded7b]:main():lattice-best-path.cc:99) For utterance a_1_564_61_568_28, best cost 58.5908 + 1911.37 = 1969.96 over 365 frames.
a_1_564_61_568_28 BUILD WAS QUALITY FOCUS 
LOG (lattice-best-path[5.5.925~1-ded7b]:main():lattice-best-path.cc:99) For utterance a_1_568_46_572_69, best cost 58.3773 + 2183.53 = 2241.91 over 421 frames.
a_1_568_46_572_69 WE CHANGED OPTION TO KNOW 
LOG (lattice-best-path[5.5.925~1-ded7b]:main():lattice-best-path.cc:99) For utterance a_1_587_19_597_74, best cost 138.064 + 5524.65 = 5662.72 over 1053 frames.
a_1_587_19_597_74 AND HAVE TO SUCCESSFULLY WORLD WE CAN COMPLEXITY THIS TO MAKE COMMANDS 
LOG (lattice-best-path[5.5.925~1-ded7b]:main():lattice-best-path.cc:99) For utterance a_1_601_31_607_60, best cost 91.9935 + 3392.77 = 3484.77 over 627 frames.
a_1_601_31_607_60 AND WE SPECIFY BEFORE PEOPLE'S FOR TECHNICIAN 
LOG (lattice-best-path[5.5.925~1-ded7b]:main():lattice-best-path.cc:99) For utterance a_1_62_14_72_77, best cost 175.765 + 5794.2 = 5969.97 over 1061 frames.
a_1_62_14_72_77 ALL USE DINOSAUR TO INTO USE CAN THEREFORE WISH RECORDED THE TRANSPORTATION BE REGULAR 
LOG (lattice-best-path[5.5.925~1-ded7b]:main():lattice-best-path.cc:99) For utterance a_1_638_18_641_05, best cost 40.6455 + 1471.4 = 1512.05 over 285 frames.
a_1_638_18_641_05 OKAY TO DOESN'T 
LOG (lattice-best-path[5.5.925~1-ded7b]:main():lattice-best-path.cc:99) For utterance a_1_641_06_643_95, best cost 58.826 + 1568.84 = 1627.66 over 287 frames.
a_1_641_06_643_95 IT MAINSTREAM AND WILL GAME 
LOG (lattice-best-path[5.5.925~1-ded7b]:main():lattice-best-path.cc:99) For utterance a_1_643_96_648_87, best cost 85.4128 + 2666.08 = 2751.5 over 489 frames.
a_1_643_96_648_87 WE HAVE CAN SUCCESSFULLY BLOOD AND COMMODITY 
LOG (lattice-best-path[5.5.925~1-ded7b]:main():lattice-best-path.cc:99) For utterance a_1_648_88_651_77, best cost 50.3353 + 1528.27 = 1578.6 over 287 frames.
a_1_648_88_651_77 NOW TRIP FOR THIS 
LOG (lattice-best-path[5.5.925~1-ded7b]:main():lattice-best-path.cc:99) For utterance a_1_651_86_659_83, best cost 129.648 + 4176.82 = 4306.46 over 795 frames.
a_1_651_86_659_83 AND WE CAN GO TO AND EXPORT OF COPY TUTORIAL CAN DIRECTORIES 
LOG (lattice-best-path[5.5.925~1-ded7b]:main():lattice-best-path.cc:99) For utterance a_1_659_84_662_30, best cost 45.7947 + 1255.59 = 1301.38 over 244 frames.
a_1_659_84_662_30 SEE THE NEXT VIDEO 
LOG (lattice-best-path[5.5.925~1-ded7b]:main():lattice-best-path.cc:99) For utterance a_1_6_98_11_87, best cost 115.296 + 2790.24 = 2905.54 over 487 frames.
a_1_6_98_11_87 DISQUALIFIED DIGITS ADVOCACY COUNTRY BASH RESULT TALK 
LOG (lattice-best-path[5.5.925~1-ded7b]:main():lattice-best-path.cc:99) For utterance a_1_72_78_77_55, best cost 124.807 + 2664.48 = 2789.28 over 475 frames.
a_1_72_78_77_55 TO CONNECT OFFICER WE USE TO NOW PREPARATION AND TO STAGE COMMAND 
LOG (lattice-best-path[5.5.925~1-ded7b]:main():lattice-best-path.cc:99) For utterance a_1_80_11_86_02, best cost 76.0917 + 3066.41 = 3142.5 over 589 frames.
a_1_80_11_86_02 WE SCIENTISTS ACTUALLY WERE TIME AS AGAIN 
LOG (lattice-best-path[5.5.925~1-ded7b]:main():lattice-best-path.cc:99) For utterance a_1_86_03_93_49, best cost 89.4575 + 3996.11 = 4085.57 over 744 frames.
a_1_86_03_93_49 THEN DAVIS EVERYTHING EXPENSE YOU SHOULD 
LOG (lattice-best-path[5.5.925~1-ded7b]:main():lattice-best-path.cc:99) For utterance b_2_0_03_4_44, best cost 72.963 + 2465.68 = 2538.65 over 439 frames.
b_2_0_03_4_44 IS ZERO ALTERNATIVELY ABOUT TO DIRECTORIES 
LOG (lattice-best-path[5.5.925~1-ded7b]:main():lattice-best-path.cc:99) For utterance b_2_105_03_114_90, best cost 154.338 + 5243.71 = 5398.05 over 985 frames.
b_2_105_03_114_90 AND ANOTHER ONE HISTORY SPEECH WHICH SOURCE AS THEM MY EXAMPLE LITERACY PHYSICAL 
LOG (lattice-best-path[5.5.925~1-ded7b]:main():lattice-best-path.cc:99) For utterance b_2_115_20_127_49, best cost 194.47 + 6305.29 = 6499.76 over 1227 frames.
b_2_115_20_127_49 TUNNEL TALK ABOUT IS WHICH RECIPE THE NEXT MODEL BECOME TAKE LOCAL IN ALSO JOURNAL AS BE 
LOG (lattice-best-path[5.5.925~1-ded7b]:main():lattice-best-path.cc:99) For utterance b_2_129_48_136_95, best cost 110.952 + 3993.98 = 4104.93 over 745 frames.
b_2_129_48_136_95 SO IMMEDIACY THIS AS FIVE DIRECTORY WHICH OF THE RECIPE 
LOG (lattice-best-path[5.5.925~1-ded7b]:main():lattice-best-path.cc:99) For utterance b_2_136_96_148_79, best cost 177.29 + 6104.75 = 6282.04 over 1181 frames.
b_2_136_96_148_79 AND DIDN'T IN ANYTHING MOST LIKELY IF YOU FOR ANY OTHER RECIPE IT LITTLE SCIENTISTS FIVE 
LOG (lattice-best-path[5.5.925~1-ded7b]:main():lattice-best-path.cc:99) For utterance b_2_151_10_159_65, best cost 103.07 + 4207.29 = 4310.36 over 853 frames.
b_2_151_10_159_65 SUMMER SYSTEM EXAMPLE DIDN'T HAVE SEVERAL DIRECTORIES 
LOG (lattice-best-path[5.5.925~1-ded7b]:main():lattice-best-path.cc:99) For utterance b_2_159_66_169_80, best cost 165.94 + 5169.81 = 5335.75 over 1012 frames.
b_2_159_66_169_80 TO CAN SEE THAT LIKE RESPOND DIFFERENT REGIONS OTHERS ALL DIFFERENT UTTERANCE OF RECIPE 
LOG (lattice-best-path[5.5.925~1-ded7b]:main():lattice-best-path.cc:99) For utterance b_2_171_54_176_67, best cost 83.8968 + 2667.63 = 2751.52 over 511 frames.
b_2_171_54_176_67 I THINK THAT IS ENOUGH INFORMATION ABOUT EXAMPLES 
LOG (lattice-best-path[5.5.925~1-ded7b]:main():lattice-best-path.cc:99) For utterance b_2_178_55_185_67, best cost 115.04 + 3675.27 = 3790.31 over 710 frames.
b_2_178_55_185_67 CAN GO TO THE SOURCE CODE TAKE LOOK AND THIS CONTENTS 
LOG (lattice-best-path[5.5.925~1-ded7b]:main():lattice-best-path.cc:99) For utterance b_2_185_96_200_94, best cost 198.065 + 7482.58 = 7680.65 over 1496 frames.
b_2_185_96_200_94 SOCIO RECONSIDER SCRIPT WHICH CHARACTERS THEM COPY BETTER KNOWN UNCERTAIN SYSTEM ARTIST EXAMPLE 
LOG (lattice-best-path[5.5.925~1-ded7b]:main():lattice-best-path.cc:99) For utterance b_2_200_95_218_31, best cost 191.658 + 8667.04 = 8858.7 over 1734 frames.
b_2_200_95_218_31 IT ALSO HIGHEST DOCUMENTATION DIRECTORY COME AND WE MORE DIRECTORIES WHICH CAN BE DECIDED TO TOOLS 
LOG (lattice-best-path[5.5.925~1-ded7b]:main():lattice-best-path.cc:99) For utterance b_2_218_32_234_63, best cost 209.466 + 8262.57 = 8472.03 over 1629 frames.
b_2_218_32_234_63 ONE OF THE MATTER DIRECTORIES EXAMPLE A DESIGN IS MIT WITH AND IS FOR ENOUGH MODEL THEM FUNCTIONS 
LOG (lattice-best-path[5.5.925~1-ded7b]:main():lattice-best-path.cc:99) For utterance b_2_21_49_25_06, best cost 67.4557 + 1924.09 = 1991.55 over 355 frames.
b_2_21_49_25_06 SERIOUSLY WITH ACTUALLY CAUSES CALLED 
LOG (lattice-best-path[5.5.925~1-ded7b]:main():lattice-best-path.cc:99) For utterance b_2_236_00_247_45, best cost 202.243 + 6064.21 = 6266.45 over 1143 frames.
b_2_236_00_247_45 AND WITH IS OUT CONDITIONS THIS BECAUSE EACH AND AND IS ALL FILE WHICH IS BY REVIVIFY LINKS 
LOG (lattice-best-path[5.5.925~1-ded7b]:main():lattice-best-path.cc:99) For utterance b_2_247_46_264_98, best cost 268.063 + 9071.89 = 9339.96 over 1750 frames.
b_2_247_46_264_98 TRANSLUCENCE FORTUNATE OBJECTS IT'S IT RESPECTS ALL THE DEFINITIONS AND OBJECTS FROM THIS CITIZENS HACKERS FILES AS DIRECTORY FILE 
LOG (lattice-best-path[5.5.925~1-ded7b]:main():lattice-best-path.cc:99) For utterance b_2_25_07_35_00, best cost 123.573 + 5043.11 = 5166.68 over 991 frames.
b_2_25_07_35_00 AND TOOLS WITH AND MODELS AND COMMANDS IT ONE THERE'S THIS 
LOG (lattice-best-path[5.5.925~1-ded7b]:main():lattice-best-path.cc:99) For utterance b_2_266_21_273_05, best cost 83.9605 + 3498.15 = 3582.12 over 682 frames.
b_2_266_21_273_05 INTERVIEWS THIS BY ELECTRICITY NEED PROBLEMS 
LOG (lattice-best-path[5.5.925~1-ded7b]:main():lattice-best-path.cc:99) For utterance b_2_273_06_285_50, best cost 155.172 + 6480.57 = 6635.74 over 1242 frames.
b_2_273_06_285_50 UTTERANCE ARE ALSO BY IS INNOCENT THE ARE SORT IN DIRECTORIES BECAUSE 
LOG (lattice-best-path[5.5.925~1-ded7b]:main():lattice-best-path.cc:99) For utterance b_2_285_51_300_59, best cost 220.123 + 7619.36 = 7839.49 over 1506 frames.
b_2_285_51_300_59 EXAMPLE WE CAN WILL USE DEMANDING ONCE WHICH EARTHWORMS ALL BY AS WORKING WISCONSIN EACH MODEL 
LOG (lattice-best-path[5.5.925~1-ded7b]:main():lattice-best-path.cc:99) For utterance b_2_306_90_317_17, best cost 170.27 + 5270.7 = 5440.97 over 1025 frames.
b_2_306_90_317_17 SO DIRECTORY SEE SEE SEE FILES NATURE CITIZENS CODE OR CITIZENS SOURCE CODE FILES 
LOG (lattice-best-path[5.5.925~1-ded7b]:main():lattice-best-path.cc:99) For utterance b_2_317_18_324_52, best cost 95.4855 + 3593.28 = 3688.77 over 732 frames.
b_2_317_18_324_52 SOME RATIONALISM WHICH FILES TO TENDENCY THEN 
LOG (lattice-best-path[5.5.925~1-ded7b]:main():lattice-best-path.cc:99) For utterance b_2_325_28_334_10, best cost 131.443 + 4611.89 = 4743.33 over 880 frames.
b_2_325_28_334_10 OK THINK EACH FILE SO USE THE PRESIDENT ONE DEMAND DIRECTORY 
LOG (lattice-best-path[5.5.925~1-ded7b]:main():lattice-best-path.cc:99) For utterance b_2_336_29_338_85, best cost 27.1883 + 1208.31 = 1235.5 over 254 frames.
b_2_336_29_338_85 I IS ONE 
LOG (lattice-best-path[5.5.925~1-ded7b]:main():lattice-best-path.cc:99) For utterance b_2_339_20_353_95, best cost 224.836 + 7573.38 = 7798.22 over 1473 frames.
b_2_339_20_353_95 AND IS YOU EMAIL FILE WE DESCRIBES NONETHELESS WHICH CAN DEVICES IS THE FILES THIS DIRECTORY AND FOUNDATION BE USED 
LOG (lattice-best-path[5.5.925~1-ded7b]:main():lattice-best-path.cc:99) For utterance b_2_358_53_365_51, best cost 117.496 + 3600.95 = 3718.45 over 696 frames.
b_2_358_53_365_51 THE LOTTERY FILES OTHER SOME DIDN'T ORIENTED TO MOBILE 
LOG (lattice-best-path[5.5.925~1-ded7b]:main():lattice-best-path.cc:99) For utterance b_2_365_52_370_79, best cost 95.2861 + 2882.87 = 2978.15 over 525 frames.
b_2_365_52_370_79 EDITORIALS SOMETHING COUNTRIES OPTIMISM COMPILER 
LOG (lattice-best-path[5.5.925~1-ded7b]:main():lattice-best-path.cc:99) For utterance b_2_370_80_378_44, best cost 97.6729 + 3907.21 = 4004.88 over 762 frames.
b_2_370_80_378_44 MOSTLY WANT REALLY WORKING WITH USE BY FILES 
LOG (lattice-best-path[5.5.925~1-ded7b]:main():lattice-best-path.cc:99) For utterance b_2_379_78_383_53, best cost 56.3711 + 1908.52 = 1964.89 over 373 frames.
b_2_379_78_383_53 SOME DIRECTORY MEDICAL SIMPLE 
LOG (lattice-best-path[5.5.925~1-ded7b]:main():lattice-best-path.cc:99) For utterance b_2_385_03_394_02, best cost 166.892 + 4758.52 = 4925.41 over 897 frames.
b_2_385_03_394_02 WE KNOW THAT TALKS WITH ASTONISHING MODEL CONSISTENTLY MY WINDOW DID IS ALL TO 
LOG (lattice-best-path[5.5.925~1-ded7b]:main():lattice-best-path.cc:99) For utterance b_2_394_03_397_81, best cost 65.9498 + 1968.17 = 2034.12 over 376 frames.
b_2_394_03_397_81 IS ALSO TO THE DECLINE PRESENCE 
LOG (lattice-best-path[5.5.925~1-ded7b]:main():lattice-best-path.cc:99) For utterance b_2_397_82_423_89, best cost 348.533 + 13062.3 = 13410.8 over 2605 frames.
b_2_397_82_423_89 AND UTTERANCES JUST OTHER ADDITIONAL INFORMATION ABOUT HOW EXACTLY WERE IT IS IT WATER WHATSOEVER THEM IN AND INFORMATION BECOME IT UNITED WONDERING THIS I RESEARCH FOR BINARY 
LOG (lattice-best-path[5.5.925~1-ded7b]:main():lattice-best-path.cc:99) For utterance b_2_40_13_47_96, best cost 98.922 + 4043.16 = 4142.08 over 781 frames.
b_2_40_13_47_96 DIRECTORY MORE THE RIGHT ALRIGHT YOU ONE THIS COURSE 
LOG (lattice-best-path[5.5.925~1-ded7b]:main():lattice-best-path.cc:99) For utterance b_2_423_90_446_33, best cost 379.028 + 11732.9 = 12111.9 over 2241 frames.
b_2_423_90_446_33 WHY SET ACTUALLY WHITE IS ACTUALLY IMPORTANT TO KNOW RESPOND IS BECAUSE ONE YOU DEVELOPED THEN YOU SCRIPT FACULTY MOST I UNITED USE EXISTING BY IS TWO INDIRECT WITH COUNTY FILES AND DIRECTORY 
LOG (lattice-best-path[5.5.925~1-ded7b]:main():lattice-best-path.cc:99) For utterance b_2_446_34_458_29, best cost 183.983 + 6189.42 = 6373.4 over 1193 frames.
b_2_446_34_458_29 CHECK TEETH WATER IS THIS UNIT NOTICING DIRECTORIES AND SEE THIS ANYTHING WHAT YOU USE 
LOG (lattice-best-path[5.5.925~1-ded7b]:main():lattice-best-path.cc:99) For utterance b_2_459_55_472_46, best cost 215.22 + 6786.9 = 7002.12 over 1289 frames.
b_2_459_55_472_46 IF YOU THINK THAT SOME PROBLEM WE BIZARRE IT IN CAN RUN THIS WITHOUT ID I'M TRANSPARENCY HELD 
LOG (lattice-best-path[5.5.925~1-ded7b]:main():lattice-best-path.cc:99) For utterance b_2_473_82_488_02, best cost 187.33 + 7115.63 = 7302.96 over 1418 frames.
b_2_473_82_488_02 TOTALLY WOULD TEACHES DECODE FEATURES INGENIOUS MODEL AND AND TOTALLY HOW TO WEREN'T 
LOG (lattice-best-path[5.5.925~1-ded7b]:main():lattice-best-path.cc:99) For utterance b_2_488_35_499_75, best cost 157.532 + 5655.87 = 5813.4 over 1138 frames.
b_2_488_35_499_75 SO IS SEE THAT HE THIS TISSUE CAN SPECIFY SOLUTIONS FIGURE AND FAMILIAR 
LOG (lattice-best-path[5.5.925~1-ded7b]:main():lattice-best-path.cc:99) For utterance b_2_48_81_57_00, best cost 95.9933 + 4168.67 = 4264.66 over 817 frames.
b_2_48_81_57_00 AND THIS CHECK WOULD BECAUSE IN EXAMPLES DIRECTORY 
LOG (lattice-best-path[5.5.925~1-ded7b]:main():lattice-best-path.cc:99) For utterance b_2_499_76_505_12, best cost 91.1733 + 2898.86 = 2990.03 over 534 frames.
b_2_499_76_505_12 YOU IT SPECIFY THE MODEL UNIVERSITY FROM AND 
LOG (lattice-best-path[5.5.925~1-ded7b]:main():lattice-best-path.cc:99) For utterance b_2_4_47_8_89, best cost 80.7245 + 2399.81 = 2480.53 over 440 frames.
b_2_4_47_8_89 AS CONSIDER SELECT REASONABLE POLITICALLY 
LOG (lattice-best-path[5.5.925~1-ded7b]:main():lattice-best-path.cc:99) For utterance b_2_506_42_516_32, best cost 141.223 + 4841.18 = 4982.4 over 988 frames.
b_2_506_42_516_32 THEM AND SEVERAL I'M JUST ONLY ONE A SPECIFY A SPECIFY 
LOG (lattice-best-path[5.5.925~1-ded7b]:main():lattice-best-path.cc:99) For utterance b_2_516_33_534_34, best cost 259.045 + 9196.39 = 9455.44 over 1799 frames.
b_2_516_33_534_34 UTTERANCE FORMER IN SPECIFY IS THE TO TO SOME STRING WHICH WOULD DESCRIBED HOW TREE INFORMATION COUNTRY THEY PUT INFORMATION FOR THIS ONE 
LOG (lattice-best-path[5.5.925~1-ded7b]:main():lattice-best-path.cc:99) For utterance b_2_534_35_546_40, best cost 204.927 + 6333.62 = 6538.55 over 1203 frames.
b_2_534_35_546_40 SUDDENLY SPECIFY IS VIRUSES FIRE LIST THE SOMETHING IS STRIKES WHERE HOW TO RIGHT THAT WANTED ALSO 
LOG (lattice-best-path[5.5.925~1-ded7b]:main():lattice-best-path.cc:99) For utterance b_2_546_41_555_60, best cost 173.365 + 4883.59 = 5056.96 over 917 frames.
b_2_546_41_555_60 THIS TO SECONDLY WORST VIRUSES FIRE BECAUSE WHERE TO IDENTICAL NETWORKS FROM THE FEATURES 
LOG (lattice-best-path[5.5.925~1-ded7b]:main():lattice-best-path.cc:99) For utterance b_2_555_61_567_88, best cost 179.178 + 6092.2 = 6271.38 over 1225 frames.
b_2_555_61_567_88 AND ALSO LINES WAS DESIRE WHERE LINES BE WRITTEN WERE WHAT SPECIFY WERE THAT BRITAIN 
LOG (lattice-best-path[5.5.925~1-ded7b]:main():lattice-best-path.cc:99) For utterance b_2_567_90_583_31, best cost 224.805 + 8105.99 = 8330.79 over 1539 frames.
b_2_567_90_583_31 THIS QUICKEST IN OLD NON ESSENTIAL MOM REQUIREMENT SO IN BOXES FILE ALLIANCES THE ONE BE WRITTEN 
LOG (lattice-best-path[5.5.925~1-ded7b]:main():lattice-best-path.cc:99) For utterance b_2_583_32_592_59, best cost 145.454 + 4795.64 = 4941.1 over 925 frames.
b_2_583_32_592_59 DIDN'T SPECIFY WORDS SPECIFY ARE THE PROFILE BECAUSE THIS COUNTRIES REQUIRED 
LOG (lattice-best-path[5.5.925~1-ded7b]:main():lattice-best-path.cc:99) For utterance b_2_595_06_605_03, best cost 136.179 + 5130.96 = 5267.14 over 995 frames.
b_2_595_06_605_03 AND IDIOCY SIMILAR STRUCTURE NAME DOLLARS MANY OPINION DIRECTORIES 
LOG (lattice-best-path[5.5.925~1-ded7b]:main():lattice-best-path.cc:99) For utterance b_2_59_50_64_29, best cost 60.5917 + 2369.11 = 2429.7 over 477 frames.
b_2_59_50_64_29 FOR NOT OF A THE DIRECTORIES 
LOG (lattice-best-path[5.5.925~1-ded7b]:main():lattice-best-path.cc:99) For utterance b_2_614_15_632_14, best cost 270.133 + 9287.97 = 9558.11 over 1797 frames.
b_2_614_15_632_14 AND THIS BEEN DIRECTORY DOESN'T IS CONTENT RECOVERY BUT CONTAIN SYSTEM FORMS SUCH SKIN TUTORIAL RATE DEFINE THE DIMENSIONAL TEXT AND SO 
LOG (lattice-best-path[5.5.925~1-ded7b]:main():lattice-best-path.cc:99) For utterance b_2_637_81_642_27, best cost 48.6507 + 2233.13 = 2281.78 over 444 frames.
b_2_637_81_642_27 CREATE THINK THAT'S IT 
LOG (lattice-best-path[5.5.925~1-ded7b]:main():lattice-best-path.cc:99) For utterance b_2_643_37_649_65, best cost 129.403 + 3305.72 = 3435.12 over 626 frames.
b_2_643_37_649_65 THE EXTREMELY WILL TO TO WORK ONE HOUR FOR SPEECH RECOGNITION SYSTEM 
LOG (lattice-best-path[5.5.925~1-ded7b]:main():lattice-best-path.cc:99) For utterance b_2_649_80_652_86, best cost 45.9204 + 1501.48 = 1547.4 over 304 frames.
b_2_649_80_652_86 SEEING THE NEXT WILL 
LOG (lattice-best-path[5.5.925~1-ded7b]:main():lattice-best-path.cc:99) For utterance b_2_65_58_69_11, best cost 52.1528 + 1802.09 = 1854.24 over 351 frames.
b_2_65_58_69_11 THIS DIRECTORIES ARE CLASSES 
LOG (lattice-best-path[5.5.925~1-ded7b]:main():lattice-best-path.cc:99) For utterance b_2_69_20_83_11, best cost 219.403 + 7189.43 = 7408.84 over 1389 frames.
b_2_69_20_83_11 EVENT CONTAINS THE DESCRIPTION OF THERE'S IS TO BUILD IS A SYSTEM USING ONE CORPUS ALSO CORPORATE TOGETHER 
LOG (lattice-best-path[5.5.925~1-ded7b]:main():lattice-best-path.cc:99) For utterance b_2_83_12_105_02, best cost 362.469 + 11468.8 = 11831.3 over 2188 frames.
b_2_83_12_105_02 THE MOST IMPORTANT OF THE WORLD AND OF WE AS J WHICH DESCRIBES THAT ALL TO JOURNAL RESOURCES MORE YESTERDAY SO THOSE JOURNAL CORPUS WHICH IS WAY POPULAR WHICH WORK BECAUSE THAT FOR SITUATION 
LOG (lattice-scale[5.5.925~1-ded7b]:main():lattice-scale.cc:107) Done 119 lattices.
LOG (lattice-add-penalty[5.5.925~1-ded7b]:main():lattice-add-penalty.cc:62) Done adding word insertion penalty to 119 lattices.
LOG (lattice-best-path[5.5.925~1-ded7b]:main():lattice-best-path.cc:99) For utterance b_2_8_90_21_48, best cost 191.138 + 6612.87 = 6804.01 over 1256 frames.
b_2_8_90_21_48 MOST IMPORTANT OF THEM COMPLEX WITH EXAMPLE SCRIPTS FOREBODING OF THIS ASSISTANCE IS UNDERSCORE POWER 
LOG (lattice-best-path[5.5.925~1-ded7b]:main():lattice-best-path.cc:124) Overall cost per frame is 5.37375 = 0.153792 [graph] + 5.21996 [acoustic] over 94747 frames.
LOG (lattice-best-path[5.5.925~1-ded7b]:main():lattice-best-path.cc:128) Done 119 lattices, failed for 0
# Accounting: time=2 threads=1
# Ended (code 0) at Tue Jun 29 16:39:21 CEST 2021, elapsed time 2 seconds
