# lattice-scale --inv-acoustic-scale=12 "ark:gunzip -c exp/mono/decode/lat.*.gz|" ark:- | lattice-add-penalty --word-ins-penalty=0.5 ark:- ark:- | lattice-best-path --word-symbol-table=exp/mono/graph/words.txt ark:- ark,t:exp/mono/decode/scoring/12.0.5.tra 
# Started at Tue Jun 29 16:39:17 CEST 2021
#
lattice-add-penalty --word-ins-penalty=0.5 ark:- ark:- 
lattice-best-path --word-symbol-table=exp/mono/graph/words.txt ark:- ark,t:exp/mono/decode/scoring/12.0.5.tra 
lattice-scale --inv-acoustic-scale=12 'ark:gunzip -c exp/mono/decode/lat.*.gz|' ark:- 
LOG (lattice-best-path[5.5.925~1-ded7b]:main():lattice-best-path.cc:99) For utterance a_1_0_00_3_10, best cost 44.8039 + 2366.94 = 2411.74 over 308 frames.
a_1_0_00_3_10 EVERYONE MY MUSCLE 
LOG (lattice-best-path[5.5.925~1-ded7b]:main():lattice-best-path.cc:99) For utterance a_1_100_57_108_91, best cost 131.162 + 6102.19 = 6233.35 over 832 frames.
a_1_100_57_108_91 A THE DIRECTORY YOU SHOULD SHE SHE ARE DIRECTORY TO CAN APART DIRECTORY 
LOG (lattice-best-path[5.5.925~1-ded7b]:main():lattice-best-path.cc:99) For utterance a_1_11_88_15_85, best cost 78.1764 + 3076.72 = 3154.9 over 395 frames.
a_1_11_88_15_85 ALTHOUGH I SCIENTISTS CLICK RECOMMENDATION 
LOG (lattice-best-path[5.5.925~1-ded7b]:main():lattice-best-path.cc:99) For utterance a_1_120_08_126_30, best cost 129.11 + 4845.82 = 4974.93 over 620 frames.
a_1_120_08_126_30 DON'T I EXACTLY THE SAME WHAT I TIGHT IT MY MEDITATION TO STILL 
LOG (lattice-best-path[5.5.925~1-ded7b]:main():lattice-best-path.cc:99) For utterance a_1_130_61_132_11, best cost 4.2722 + 918.544 = 922.816 over 148 frames.
a_1_130_61_132_11 
LOG (lattice-best-path[5.5.925~1-ded7b]:main():lattice-best-path.cc:99) For utterance a_1_132_12_134_00, best cost 49.1766 + 1501.66 = 1550.83 over 186 frames.
a_1_132_12_134_00 NOW WE LITTLE LOCALLY 
LOG (lattice-best-path[5.5.925~1-ded7b]:main():lattice-best-path.cc:99) For utterance a_1_142_25_147_84, best cost 91.7504 + 4131.33 = 4223.08 over 557 frames.
a_1_142_25_147_84 A IS OPEN SOURCE AND THIS ALL SUDDENLY UP 
LOG (lattice-best-path[5.5.925~1-ded7b]:main():lattice-best-path.cc:99) For utterance a_1_147_85_154_10, best cost 137.469 + 4789.87 = 4927.34 over 623 frames.
a_1_147_85_154_10 WE JUST RETURN IT CLONE TO IT A COPY OF THE WHOLE CONSENSUS CALLED 
LOG (lattice-best-path[5.5.925~1-ded7b]:main():lattice-best-path.cc:99) For utterance a_1_18_07_24_79, best cost 148.454 + 5288.97 = 5437.42 over 670 frames.
a_1_18_07_24_79 POLITICAL IT FOR SPEECH RECOGNITION TO SENTENCE FOR SPEECH CREATION RESEARCHERS AND PROFESSIONALS 
LOG (lattice-best-path[5.5.925~1-ded7b]:main():lattice-best-path.cc:99) For utterance a_1_224_41_227_54, best cost 48.2625 + 2350.32 = 2398.58 over 311 frames.
a_1_224_41_227_54 ALL CHAOTIC TO FINISHED 
LOG (lattice-best-path[5.5.925~1-ded7b]:main():lattice-best-path.cc:99) For utterance a_1_228_65_235_92, best cost 77.6231 + 5146.5 = 5224.13 over 725 frames.
a_1_228_65_235_92 NOW WE HAVE TO TO DIRECTORY COLDER IT 
LOG (lattice-best-path[5.5.925~1-ded7b]:main():lattice-best-path.cc:99) For utterance a_1_237_94_245_41, best cost 97.7728 + 5415.47 = 5513.24 over 745 frames.
a_1_237_94_245_41 YOU CASSINI THE FILES THERE TOTAL OF COUNTRY 
LOG (lattice-best-path[5.5.925~1-ded7b]:main():lattice-best-path.cc:99) For utterance a_1_246_63_250_17, best cost 50.733 + 2655.18 = 2705.91 over 352 frames.
a_1_246_63_250_17 COCONUT INSTALLATION STEP 
LOG (lattice-best-path[5.5.925~1-ded7b]:main():lattice-best-path.cc:99) For utterance a_1_24_80_32_22, best cost 169.183 + 5990.13 = 6159.31 over 740 frames.
a_1_24_80_32_22 PERSONALLY TO GET IN SLIGHTLY TERRESTRIAL RESEARCH HOW WHERE A TO STILL REPOSITORY THEY INDUSTRY 
LOG (lattice-best-path[5.5.925~1-ded7b]:main():lattice-best-path.cc:99) For utterance a_1_251_67_255_43, best cost 58.0495 + 2741.81 = 2799.86 over 374 frames.
a_1_251_67_255_43 AND A TOTAL ARE LUCKY 
LOG (lattice-best-path[5.5.925~1-ded7b]:main():lattice-best-path.cc:99) For utterance a_1_255_79_259_74, best cost 84.3768 + 3122.95 = 3207.33 over 393 frames.
a_1_255_79_259_74 THAT UTTERANCE RECONSTRUCTED IN THE INSTALLED FILE 
LOG (lattice-best-path[5.5.925~1-ded7b]:main():lattice-best-path.cc:99) For utterance a_1_259_82_261_02, best cost 27.8045 + 903.701 = 931.506 over 118 frames.
a_1_259_82_261_02 THIS CHECKED 
LOG (lattice-best-path[5.5.925~1-ded7b]:main():lattice-best-path.cc:99) For utterance a_1_264_37_273_53, best cost 178.611 + 6974.03 = 7152.64 over 914 frames.
a_1_264_37_273_53 TELLS OF TO GO TO COAST PHONES ATTRACTION THERE'RE THE GO TO SEE SEE AND ALL RESULTS 
LOG (lattice-best-path[5.5.925~1-ded7b]:main():lattice-best-path.cc:99) For utterance a_1_274_88_279_23, best cost 31.9149 + 3139.21 = 3171.13 over 433 frames.
a_1_274_88_279_23 THIS COMPONENTS 
LOG (lattice-best-path[5.5.925~1-ded7b]:main():lattice-best-path.cc:99) For utterance a_1_279_96_290_47, best cost 187.386 + 8113.65 = 8301.03 over 1049 frames.
a_1_279_96_290_47 IT IS A DIRECTORY IT CONTAINED SCRIPTS CONSOLIDATION LETTER PARTICLES WE DIFFICULTY OR TO CONTESTS 
LOG (lattice-best-path[5.5.925~1-ded7b]:main():lattice-best-path.cc:99) For utterance a_1_290_97_292_22, best cost 42.6674 + 1011.17 = 1053.84 over 123 frames.
a_1_290_97_292_22 PORTABLE THAN LATER 
LOG (lattice-best-path[5.5.925~1-ded7b]:main():lattice-best-path.cc:99) For utterance a_1_306_34_313_46, best cost 132.093 + 5459.02 = 5591.11 over 710 frames.
a_1_306_34_313_46 SO FIRST INTERNET WE TO TO IS TO LEARN THE SCRIPT PROJECT INDEPENDENCE THIS 
LOG (lattice-best-path[5.5.925~1-ded7b]:main():lattice-best-path.cc:99) For utterance a_1_319_69_324_25, best cost 80.4296 + 3462.05 = 3542.48 over 454 frames.
a_1_319_69_324_25 INTERESTED COUPLE FOR NEEDS WE CAN QUANTUM 
LOG (lattice-best-path[5.5.925~1-ded7b]:main():lattice-best-path.cc:99) For utterance a_1_32_28_39_15, best cost 159.769 + 5513.44 = 5673.21 over 685 frames.
a_1_32_28_39_15 REALLY WILL REALLY COUNTRY AND WOULD WORK UTTERANCE INNOVATION THEY ARE MOST LIKE REALLY DISCOVERY 
LOG (lattice-best-path[5.5.925~1-ded7b]:main():lattice-best-path.cc:99) For utterance a_1_346_07_355_21, best cost 144.001 + 6699.95 = 6843.95 over 912 frames.
a_1_346_07_355_21 NOT CAN ONE MAKE IT ONE STILLNESS ARE TOOLS IT ONE OF COMPRESSION 
LOG (lattice-best-path[5.5.925~1-ded7b]:main():lattice-best-path.cc:99) For utterance a_1_355_22_362_53, best cost 146.298 + 5351.47 = 5497.77 over 729 frames.
a_1_355_22_362_53 IT I'M AS WE HAVE AT COMPILER CASH BY TO FOCUS CALLED SEE CASH 
LOG (lattice-best-path[5.5.925~1-ded7b]:main():lattice-best-path.cc:99) For utterance a_1_364_38_380_40, best cost 247.898 + 11714.7 = 11962.6 over 1600 frames.
a_1_364_38_380_40 AND IT ONLY PATTERN TO DISABLED BECAUSE IN COUNTRY WE WELCOME BILAL TO FILES AND WILL QUICKLY ABOUT OF SPLIT SPACE FOR CASH 
LOG (lattice-best-path[5.5.925~1-ded7b]:main():lattice-best-path.cc:99) For utterance a_1_392_69_400_08, best cost 124.849 + 5405.33 = 5530.18 over 737 frames.
a_1_392_69_400_08 WE DISABLED THEM COMPILER CRUSHED BY IT EXTORTING TABLE 
LOG (lattice-best-path[5.5.925~1-ded7b]:main():lattice-best-path.cc:99) For utterance a_1_3_11_6_08, best cost 78.3767 + 2435.82 = 2514.2 over 295 frames.
a_1_3_11_6_08 I LOCAL YOU FAMILIES COUPLE IT THE SMALL 
LOG (lattice-best-path[5.5.925~1-ded7b]:main():lattice-best-path.cc:99) For utterance a_1_400_97_403_16, best cost 55.281 + 1705.44 = 1760.72 over 217 frames.
a_1_400_97_403_16 SECRET ESSENTIALLY CALLS ONE 
LOG (lattice-best-path[5.5.925~1-ded7b]:main():lattice-best-path.cc:99) For utterance a_1_403_81_408_78, best cost 75.9933 + 3677 = 3752.99 over 495 frames.
a_1_403_81_408_78 WE CAN CONNECTED CAN FILE THE TOOLS 
LOG (lattice-best-path[5.5.925~1-ded7b]:main():lattice-best-path.cc:99) For utterance a_1_409_66_419_30, best cost 167.608 + 7106.24 = 7273.85 over 962 frames.
a_1_409_66_419_30 AND FOR WILL USE CREATE OPTION WHICH TELLS MAKE TO RUN SEVERAL COMPRESSION DON'T CENTRAL 
LOG (lattice-best-path[5.5.925~1-ded7b]:main():lattice-best-path.cc:99) For utterance a_1_40_83_46_72, best cost 105.764 + 4449.46 = 4555.23 over 587 frames.
a_1_40_83_46_72 IN IN EXTREME USE I'LL KEITH WILL CONFIDENCE TUTORIAL 
LOG (lattice-best-path[5.5.925~1-ded7b]:main():lattice-best-path.cc:99) For utterance a_1_420_28_426_62, best cost 108.594 + 4689.29 = 4797.88 over 632 frames.
a_1_420_28_426_62 IT IS NEEDED FOR FOSTER INSTALLATION AND FOSTER PROCESSING 
LOG (lattice-best-path[5.5.925~1-ded7b]:main():lattice-best-path.cc:99) For utterance a_1_426_89_440_27, best cost 184.115 + 9572.3 = 9756.42 over 1336 frames.
a_1_426_89_440_27 HIS WE HAVE IT'S WE HAVE FORTY SPEAKERS THIS ARE WE CAN AN MAKE WITH FORESEEABLE JUMPS 
LOG (lattice-best-path[5.5.925~1-ded7b]:main():lattice-best-path.cc:99) For utterance a_1_471_46_476_70, best cost 80.046 + 3872.51 = 3952.56 over 522 frames.
a_1_471_46_476_70 ALL KING AS WE IS EVEN AND WELL 
LOG (lattice-best-path[5.5.925~1-ded7b]:main():lattice-best-path.cc:99) For utterance a_1_477_89_480_55, best cost 46.1244 + 1991.65 = 2037.78 over 264 frames.
a_1_477_89_480_55 TOOLS INSTALLATION SKIN 
LOG (lattice-best-path[5.5.925~1-ded7b]:main():lattice-best-path.cc:99) For utterance a_1_480_56_483_47, best cost 59.8691 + 2198.16 = 2258.03 over 289 frames.
a_1_480_56_483_47 NOW ASK OPEN HE THING 
LOG (lattice-best-path[5.5.925~1-ded7b]:main():lattice-best-path.cc:99) For utterance a_1_483_48_485_74, best cost 69.8735 + 1804.21 = 1874.09 over 224 frames.
a_1_483_48_485_74 THEORIES IS THIS FOR SOURCE CODE 
LOG (lattice-best-path[5.5.925~1-ded7b]:main():lattice-best-path.cc:99) For utterance a_1_485_99_488_85, best cost 58.342 + 2109.56 = 2167.9 over 284 frames.
a_1_485_99_488_85 IS THE ACTUAL COATED CALLED 
LOG (lattice-best-path[5.5.925~1-ded7b]:main():lattice-best-path.cc:99) For utterance a_1_491_86_495_38, best cost 47.0155 + 2678.98 = 2726 over 350 frames.
a_1_491_86_495_38 AND IT INSTALLATION THREE 
LOG (lattice-best-path[5.5.925~1-ded7b]:main():lattice-best-path.cc:99) For utterance a_1_497_01_504_46, best cost 85.1791 + 5323.08 = 5408.26 over 743 frames.
a_1_497_01_504_46 AND QUESTION FRACTION SUFFER AND FIGURE SCRIPT 
LOG (lattice-best-path[5.5.925~1-ded7b]:main():lattice-best-path.cc:99) For utterance a_1_50_04_61_06, best cost 162.907 + 8223.96 = 8386.86 over 1100 frames.
a_1_50_04_61_06 AUTHENTIC INTRODUCTION BUT RELEASED ENVIRONMENT REQUIREMENTS FOR INSTALLATION YOU SUCH FACULTY 
LOG (lattice-best-path[5.5.925~1-ded7b]:main():lattice-best-path.cc:99) For utterance a_1_515_64_525_58, best cost 181.842 + 7361.46 = 7543.3 over 992 frames.
a_1_515_64_525_58 AND EVAPORATES AROUND FRONT AROUND AT I'M AS HAVE PATTERN TO FABRIC ALL TO TO SWEDEN IS IT 
LOG (lattice-best-path[5.5.925~1-ded7b]:main():lattice-best-path.cc:99) For utterance a_1_540_66_545_01, best cost 65.273 + 3137.03 = 3202.3 over 433 frames.
a_1_540_66_545_01 NOW WE SEE PERMANENT COULD UTTERANCE 
LOG (lattice-best-path[5.5.925~1-ded7b]:main():lattice-best-path.cc:99) For utterance a_1_545_02_553_17, best cost 146.653 + 6034.63 = 6181.28 over 813 frames.
a_1_545_02_553_17 WHICH SHOULD SILK ONE BECAUSE IT A MINUTE TENURE NETWORKS SO FOR SO IT 
LOG (lattice-best-path[5.5.925~1-ded7b]:main():lattice-best-path.cc:99) For utterance a_1_555_76_560_72, best cost 111.282 + 3787.62 = 3898.9 over 494 frames.
a_1_555_76_560_72 FOR TO TO IT WE WILL COCA FIGURES CRITICAL OPTION 
LOG (lattice-best-path[5.5.925~1-ded7b]:main():lattice-best-path.cc:99) For utterance a_1_564_61_568_28, best cost 56.5908 + 2707.77 = 2764.36 over 365 frames.
a_1_564_61_568_28 BUILD WAS QUALITY FOCUS 
LOG (lattice-best-path[5.5.925~1-ded7b]:main():lattice-best-path.cc:99) For utterance a_1_568_46_572_69, best cost 55.8773 + 3093.33 = 3149.21 over 421 frames.
a_1_568_46_572_69 WE CHANGED OPTION TO KNOW 
LOG (lattice-best-path[5.5.925~1-ded7b]:main():lattice-best-path.cc:99) For utterance a_1_587_19_597_74, best cost 166.338 + 7783.11 = 7949.44 over 1053 frames.
a_1_587_19_597_74 COPY HAVE TO SUCCESSFULLY CAN REWARD WE CAN COMPILE CAN THEM IN THIS TO MAKE COMMANDS 
LOG (lattice-best-path[5.5.925~1-ded7b]:main():lattice-best-path.cc:99) For utterance a_1_601_31_607_60, best cost 105.461 + 4785.09 = 4890.55 over 627 frames.
a_1_601_31_607_60 AND WE SPECIFY GET FOR PEOPLE JUMPS FOR THE CONDITION 
LOG (lattice-best-path[5.5.925~1-ded7b]:main():lattice-best-path.cc:99) For utterance a_1_62_14_72_77, best cost 185.5 + 8188.07 = 8373.57 over 1061 frames.
a_1_62_14_72_77 ALL USE DINOSAUR TO INSTANT USE CAN THEREFORE WE SHUT OR ABOUT THE TRANSPORTATION BE REGULAR 
LOG (lattice-best-path[5.5.925~1-ded7b]:main():lattice-best-path.cc:99) For utterance a_1_638_18_641_05, best cost 39.1455 + 2084.49 = 2123.63 over 285 frames.
a_1_638_18_641_05 OKAY TO DOESN'T 
LOG (lattice-best-path[5.5.925~1-ded7b]:main():lattice-best-path.cc:99) For utterance a_1_641_06_643_95, best cost 56.326 + 2222.52 = 2278.84 over 287 frames.
a_1_641_06_643_95 IT MAINSTREAM AND WILL GAME 
LOG (lattice-best-path[5.5.925~1-ded7b]:main():lattice-best-path.cc:99) For utterance a_1_643_96_648_87, best cost 89.6425 + 3765.68 = 3855.33 over 489 frames.
a_1_643_96_648_87 WE HAVE CAN SUCCESSFULLY BONO AND AND COMMODITY 
LOG (lattice-best-path[5.5.925~1-ded7b]:main():lattice-best-path.cc:99) For utterance a_1_648_88_651_77, best cost 49.7657 + 2163.15 = 2212.91 over 287 frames.
a_1_648_88_651_77 NOW TRIP FOR IT'S 
LOG (lattice-best-path[5.5.925~1-ded7b]:main():lattice-best-path.cc:99) For utterance a_1_651_86_659_83, best cost 125.864 + 5914.76 = 6040.63 over 795 frames.
a_1_651_86_659_83 AND WE CAN GO TO AND EXPORT OF CAN TO TUTORIAL CAN DIRECTORIES 
LOG (lattice-best-path[5.5.925~1-ded7b]:main():lattice-best-path.cc:99) For utterance a_1_659_84_662_30, best cost 43.7947 + 1778.75 = 1822.54 over 244 frames.
a_1_659_84_662_30 SEE THE NEXT VIDEO 
LOG (lattice-best-path[5.5.925~1-ded7b]:main():lattice-best-path.cc:99) For utterance a_1_6_98_11_87, best cost 138.769 + 3920.73 = 4059.5 over 487 frames.
a_1_6_98_11_87 WIRELESS COTTON AVERAGE WHAT'S I TO COUNTRY COUNTRY BASH DESIRABLE TALK 
LOG (lattice-best-path[5.5.925~1-ded7b]:main():lattice-best-path.cc:99) For utterance a_1_72_78_77_55, best cost 118.807 + 3774.68 = 3893.48 over 475 frames.
a_1_72_78_77_55 TO CONNECT OFFICER WE USE TO NOW PREPARATION AND TO STAGE COMMAND 
LOG (lattice-best-path[5.5.925~1-ded7b]:main():lattice-best-path.cc:99) For utterance a_1_80_11_86_02, best cost 81.8 + 4331.95 = 4413.75 over 589 frames.
a_1_80_11_86_02 DESPITE IS SAY ACTUALLY WERE TIME AS AGAIN 
LOG (lattice-best-path[5.5.925~1-ded7b]:main():lattice-best-path.cc:99) For utterance a_1_86_03_93_49, best cost 121.398 + 5620.65 = 5742.04 over 744 frames.
a_1_86_03_93_49 THEN THE NAME OF THIS EVERY IT'S PHOENIX I MASS YOU SHOULD CALLED 
LOG (lattice-best-path[5.5.925~1-ded7b]:main():lattice-best-path.cc:99) For utterance b_2_0_03_4_44, best cost 83.4227 + 3477.42 = 3560.84 over 439 frames.
b_2_0_03_4_44 IS ZERO WILL TO PRETTY ABOUT CAN TO DIRECTORIES 
LOG (lattice-best-path[5.5.925~1-ded7b]:main():lattice-best-path.cc:99) For utterance b_2_105_03_114_90, best cost 160.828 + 7411.08 = 7571.91 over 985 frames.
b_2_105_03_114_90 AND ANOTHER ONE IS REALLY SPEECH WHICH SOURCE AS OTHER MADE EXAMPLE AUDIO YEARS PHYSICAL 
LOG (lattice-best-path[5.5.925~1-ded7b]:main():lattice-best-path.cc:99) For utterance b_2_115_20_127_49, best cost 185.97 + 8932.49 = 9118.46 over 1227 frames.
b_2_115_20_127_49 TUNNEL TALK ABOUT IS WHICH RECIPE THE NEXT MODEL BECOME TAKE LOCAL IN ALSO JOURNAL AS BE 
LOG (lattice-best-path[5.5.925~1-ded7b]:main():lattice-best-path.cc:99) For utterance b_2_129_48_136_95, best cost 124.563 + 5637.03 = 5761.59 over 745 frames.
b_2_129_48_136_95 SO IS YOU TO SEE THE WRIST AS FIVE DIRECTORY WHICH OF THE RECIPE 
LOG (lattice-best-path[5.5.925~1-ded7b]:main():lattice-best-path.cc:99) For utterance b_2_136_96_148_79, best cost 180.204 + 8636.08 = 8816.29 over 1181 frames.
b_2_136_96_148_79 TINY DOESN'T IN ANYTHING MOST LIKELY IF YOU FOR ANY OTHER WAS PEOPLE IT LITTLE SCIENTISTS FIVE 
LOG (lattice-best-path[5.5.925~1-ded7b]:main():lattice-best-path.cc:99) For utterance b_2_151_10_159_65, best cost 107.338 + 5951.32 = 6058.66 over 853 frames.
b_2_151_10_159_65 SOMERSET IS EXAMPLE TO DREAM HAVE SEVERAL DIRECTORIES 
LOG (lattice-best-path[5.5.925~1-ded7b]:main():lattice-best-path.cc:99) For utterance b_2_159_66_169_80, best cost 176.1 + 7301.98 = 7478.08 over 1012 frames.
b_2_159_66_169_80 TO CAN SEE THAT LIKE RESPOND TO DIFFERENT REGIONS OTHER CITY ALL DIFFERENT RUSSIANS OF RECIPE 
LOG (lattice-best-path[5.5.925~1-ded7b]:main():lattice-best-path.cc:99) For utterance b_2_171_54_176_67, best cost 79.8968 + 3779.14 = 3859.03 over 511 frames.
b_2_171_54_176_67 I THINK THAT IS ENOUGH INFORMATION ABOUT EXAMPLES 
LOG (lattice-best-path[5.5.925~1-ded7b]:main():lattice-best-path.cc:99) For utterance b_2_178_55_185_67, best cost 109.54 + 5206.63 = 5316.17 over 710 frames.
b_2_178_55_185_67 CAN GO TO THE SOURCE CODE TAKE LOOK AND THIS CONTENTS 
LOG (lattice-best-path[5.5.925~1-ded7b]:main():lattice-best-path.cc:99) For utterance b_2_185_96_200_94, best cost 221.127 + 10565.6 = 10786.7 over 1496 frames.
b_2_185_96_200_94 SOCIO REALLY CONSIDER SCRIPT WHICH CARETAKERS THEM QUALITY TO BE ARE KNOWN UNCERTAIN SYSTEM OWN ARTIST FOR EXAMPLE 
LOG (lattice-best-path[5.5.925~1-ded7b]:main():lattice-best-path.cc:99) For utterance b_2_200_95_218_31, best cost 198.884 + 12260.1 = 12459 over 1734 frames.
b_2_200_95_218_31 IT ALSO HIGHEST DOCUMENTATION DIRECTORY AM AND MAINLY MORE DIRECTORIES WHICH CAN BE DECIDED TO TO WORLD'S 
LOG (lattice-best-path[5.5.925~1-ded7b]:main():lattice-best-path.cc:99) For utterance b_2_218_32_234_63, best cost 231.745 + 11666.4 = 11898.1 over 1629 frames.
b_2_218_32_234_63 ONE OF THE MATTER EVERY DIRECTORIES FOR EXAMPLE A EACH AGAIN IS THE I VERY WITH AND IS FOR HIDDEN OF MODEL I'M FUNCTIONS 
LOG (lattice-best-path[5.5.925~1-ded7b]:main():lattice-best-path.cc:99) For utterance b_2_21_49_25_06, best cost 68.138 + 2720.81 = 2788.95 over 355 frames.
b_2_21_49_25_06 SEE SEE WITH ACTUALLY CAUSES CALLED 
LOG (lattice-best-path[5.5.925~1-ded7b]:main():lattice-best-path.cc:99) For utterance b_2_236_00_247_45, best cost 216.025 + 8561.08 = 8777.1 over 1143 frames.
b_2_236_00_247_45 AND WE THERE IS OUT OF CONDITIONS THIS LINK OUT EACH AND AND IS ALL FILE WHICH IS BY VERY EVERY FILE INTENSE 
LOG (lattice-best-path[5.5.925~1-ded7b]:main():lattice-best-path.cc:99) For utterance b_2_247_46_264_98, best cost 293.428 + 12809.7 = 13103.1 over 1750 frames.
b_2_247_46_264_98 TEST ALL SENSE FOR SHARED OBJECTS IT'S IT RESPECTS ALL THE DEFINITIONS AND ALL DIGITS FROM THIS CITIZENS AND HACKERS FILES AS A BINARY ARE FILE 
LOG (lattice-best-path[5.5.925~1-ded7b]:main():lattice-best-path.cc:99) For utterance b_2_25_07_35_00, best cost 124.037 + 7135.71 = 7259.75 over 991 frames.
b_2_25_07_35_00 AND TOOLS WITH AND SHOW TOOLS AND COMMANDS IT ONE THERE'S THIS 
LOG (lattice-best-path[5.5.925~1-ded7b]:main():lattice-best-path.cc:99) For utterance b_2_266_21_273_05, best cost 99.8037 + 4930.41 = 5030.21 over 682 frames.
b_2_266_21_273_05 IN WROTE USE THIS BY TO WIRELESS WE NEED PROBLEMS 
LOG (lattice-best-path[5.5.925~1-ded7b]:main():lattice-best-path.cc:99) For utterance b_2_273_06_285_50, best cost 188.362 + 9130.6 = 9318.96 over 1242 frames.
b_2_273_06_285_50 NEURONS ARE ALSO CALL BY RAYS IN INNOCENT THE ARE STORED IN BEEN DIRECTORIES ITALY 
LOG (lattice-best-path[5.5.925~1-ded7b]:main():lattice-best-path.cc:99) For utterance b_2_285_51_300_59, best cost 224.222 + 10780 = 11004.2 over 1506 frames.
b_2_285_51_300_59 FOR EXAMPLE WE CAN WE WE USE DEMANDING ONCE WHICH EARTHWORMS ALL BINARY IS WORKING WISCONSIN EACH MODEL 
LOG (lattice-best-path[5.5.925~1-ded7b]:main():lattice-best-path.cc:99) For utterance b_2_306_90_317_17, best cost 180.081 + 7443.52 = 7623.6 over 1025 frames.
b_2_306_90_317_17 SO WE THEORY CAN SEE SEE SEE FILES WHICH ARE CITIZENS CODE OR CITIZENS SOURCE CODE FILES 
LOG (lattice-best-path[5.5.925~1-ded7b]:main():lattice-best-path.cc:99) For utterance b_2_317_18_324_52, best cost 102.575 + 5076.76 = 5179.33 over 732 frames.
b_2_317_18_324_52 SOME INERTIA BE SOME WHICH FILES TO TENDENCY THEN 
LOG (lattice-best-path[5.5.925~1-ded7b]:main():lattice-best-path.cc:99) For utterance b_2_325_28_334_10, best cost 139.062 + 6518.01 = 6657.07 over 880 frames.
b_2_325_28_334_10 OK THINK EACH FILE SO USE THE LINE REASONS AND WHEN DEMAND DIRECTORY 
LOG (lattice-best-path[5.5.925~1-ded7b]:main():lattice-best-path.cc:99) For utterance b_2_336_29_338_85, best cost 26.8479 + 1710.28 = 1737.13 over 254 frames.
b_2_336_29_338_85 I THIS ONE 
LOG (lattice-best-path[5.5.925~1-ded7b]:main():lattice-best-path.cc:99) For utterance b_2_339_20_353_95, best cost 241.856 + 10693.8 = 10935.7 over 1473 frames.
b_2_339_20_353_95 AND IS YOU LEAVE MAKE FILE WHICH DESCRIBES A THE ADDIS WHICH CAN DEVICES BASED THE FILES THIS DIRECTORY AND HOW NATION BE USED 
LOG (lattice-best-path[5.5.925~1-ded7b]:main():lattice-best-path.cc:99) For utterance b_2_358_53_365_51, best cost 130.706 + 5079.39 = 5210.1 over 696 frames.
b_2_358_53_365_51 THE DOT TAKE FILES OTHER SOME DIDN'T KOREA NEED TO MOBILE THAN 
LOG (lattice-best-path[5.5.925~1-ded7b]:main():lattice-best-path.cc:99) For utterance b_2_365_52_370_79, best cost 113.594 + 4056.56 = 4170.15 over 525 frames.
b_2_365_52_370_79 EDITORIALS SOMETHING TO MORE IT'S OF PUT LEGITIMATE COMPILER 
LOG (lattice-best-path[5.5.925~1-ded7b]:main():lattice-best-path.cc:99) For utterance b_2_370_80_378_44, best cost 99.289 + 5526.7 = 5625.99 over 762 frames.
b_2_370_80_378_44 MOSTLY WANT WE REALLY WORKING WITH USE BY FILES 
LOG (lattice-best-path[5.5.925~1-ded7b]:main():lattice-best-path.cc:99) For utterance b_2_379_78_383_53, best cost 66.0647 + 2690.48 = 2756.54 over 373 frames.
b_2_379_78_383_53 SOMETHING EXTREME AND DECODE SINGLE 
LOG (lattice-best-path[5.5.925~1-ded7b]:main():lattice-best-path.cc:99) For utterance b_2_385_03_394_02, best cost 187.47 + 6707.27 = 6894.74 over 897 frames.
b_2_385_03_394_02 WE KNOW THAT TALKS WITH CASSINI SHE MODEL BECAUSE IS TO THEORY MY ONE LOADED ISN'T ALL TO 
LOG (lattice-best-path[5.5.925~1-ded7b]:main():lattice-best-path.cc:99) For utterance b_2_394_03_397_81, best cost 68.1606 + 2781 = 2849.16 over 376 frames.
b_2_394_03_397_81 IT IS ALSO TO THE DECLINE PRESENCE 
LOG (lattice-best-path[5.5.925~1-ded7b]:main():lattice-best-path.cc:99) For utterance b_2_397_82_423_89, best cost 344.084 + 18493.4 = 18837.5 over 2605 frames.
b_2_397_82_423_89 AND OTHERS IS JUST OTHER ADDITIONAL INFORMATION ABOUT HOW EXACTLY OFFER IT IS IT WATER WHATSOEVER THEM IN AND INFORMATION BECOME IT UNITED WONDERING THIS I RESEARCH FOR BINARY 
LOG (lattice-best-path[5.5.925~1-ded7b]:main():lattice-best-path.cc:99) For utterance b_2_40_13_47_96, best cost 111.93 + 5704.92 = 5816.85 over 781 frames.
b_2_40_13_47_96 THE YOU MORE THE RIGHT ALL SITE YOU ONE DIDN'T THIS COURSE 
LOG (lattice-best-path[5.5.925~1-ded7b]:main():lattice-best-path.cc:99) For utterance b_2_423_90_446_33, best cost 366.135 + 16616.2 = 16982.4 over 2241 frames.
b_2_423_90_446_33 WHY SET ACTUALLY WHITE IS ACTUALLY IMPORTANT TO KNOW RESPOND IS BECAUSE WHEN YOU DEVELOPED THEN YOU SCRIPT FOR COPY MOST I UNITED USE EXISTING BY IS TWO INDIRECT WITH COUNTY FILES AND DIRECTORY 
LOG (lattice-best-path[5.5.925~1-ded7b]:main():lattice-best-path.cc:99) For utterance b_2_446_34_458_29, best cost 201.344 + 8738.95 = 8940.29 over 1193 frames.
b_2_446_34_458_29 CHECK FIFTH WHAT ARRESTED THIS YOU NEED TO GO TO THIS IN DIRECTORIES AND SEE THIS ANYTHING WOULD YOU IN USE 
LOG (lattice-best-path[5.5.925~1-ded7b]:main():lattice-best-path.cc:99) For utterance b_2_459_55_472_46, best cost 221.124 + 9593.86 = 9814.98 over 1289 frames.
b_2_459_55_472_46 IF YOU THINK THAT SOME ARM WE DOES WOULD IT IN CAN RUN THIS ARE WITHOUT ANY I'M TRANSPARENCY THE HELD 
LOG (lattice-best-path[5.5.925~1-ded7b]:main():lattice-best-path.cc:99) For utterance b_2_473_82_488_02, best cost 188.591 + 10071.2 = 10259.8 over 1418 frames.
b_2_473_82_488_02 TOTALLY WOULD ACTUALLY DOES DECODE FEATURES INGENIOUS MODEL AND AND IT TOTALLY HOW TO WEREN'T 
LOG (lattice-best-path[5.5.925~1-ded7b]:main():lattice-best-path.cc:99) For utterance b_2_488_35_499_75, best cost 154.221 + 8007.83 = 8162.05 over 1138 frames.
b_2_488_35_499_75 SO USE SEE THAT HE THIS CASE YOU CAN SPECIFY SOLUTIONS FIGURE AND FAMILIAR 
LOG (lattice-best-path[5.5.925~1-ded7b]:main():lattice-best-path.cc:99) For utterance b_2_48_81_57_00, best cost 96.2739 + 5899.75 = 5996.02 over 817 frames.
b_2_48_81_57_00 AND THIS CHECK WOULD BECAUSE IN THE EXAMPLES DIRECTORY 
LOG (lattice-best-path[5.5.925~1-ded7b]:main():lattice-best-path.cc:99) For utterance b_2_499_76_505_12, best cost 88.5815 + 4104.82 = 4193.4 over 534 frames.
b_2_499_76_505_12 YOU GET SPECIFY THE MODEL UNIVERSITY FROM AND 
LOG (lattice-best-path[5.5.925~1-ded7b]:main():lattice-best-path.cc:99) For utterance b_2_4_47_8_89, best cost 81.5584 + 3396.18 = 3477.74 over 440 frames.
b_2_4_47_8_89 AS CONSIDER CELL DIRECTORIES THE TO POLITICALLY 
LOG (lattice-best-path[5.5.925~1-ded7b]:main():lattice-best-path.cc:99) For utterance b_2_506_42_516_32, best cost 139.338 + 6854.34 = 6993.68 over 988 frames.
b_2_506_42_516_32 THEM AND SEVERAL I'M JUST ONLY ONE A SPECIFY ARE A SPECIFY 
LOG (lattice-best-path[5.5.925~1-ded7b]:main():lattice-best-path.cc:99) For utterance b_2_516_33_534_34, best cost 254.812 + 13020.4 = 13275.3 over 1799 frames.
b_2_516_33_534_34 UTTERANCE FORMER IN SPECIFY IS THE TO TO SOME STRING WHICH WOULD DESCRIBED HOW TREE INFORMATION COUNTRY THEY INPUT INFORMATION FOR THIS ARM 
LOG (lattice-best-path[5.5.925~1-ded7b]:main():lattice-best-path.cc:99) For utterance b_2_534_35_546_40, best cost 227.201 + 8934.38 = 9161.58 over 1203 frames.
b_2_534_35_546_40 SUDDENLY SPECIFY IS RIGHTS THIS FIRE LIST THE SOMETHING IS STRIKES WIRED HOW TO RIGHT OTHER ARNOLD OVER SPOKEN 
LOG (lattice-best-path[5.5.925~1-ded7b]:main():lattice-best-path.cc:99) For utterance b_2_546_41_555_60, best cost 196.033 + 6879.64 = 7075.67 over 917 frames.
b_2_546_41_555_60 THIS CASE IT CAN BE WORST WHY IS IS FIRE WHISKERS WHERE TO RIGHT MEDICAL NETWORKS FROM THE FEATURES 
LOG (lattice-best-path[5.5.925~1-ded7b]:main():lattice-best-path.cc:99) For utterance b_2_555_61_567_88, best cost 202.129 + 8594.29 = 8796.42 over 1225 frames.
b_2_555_61_567_88 AND DOSE TO A LINES THE SPECIFY ARE WHERE LINES TO BE WRITTEN WERE TO TO SPECIFY WERE THAT TO BRITAIN 
LOG (lattice-best-path[5.5.925~1-ded7b]:main():lattice-best-path.cc:99) For utterance b_2_567_90_583_31, best cost 245.721 + 11446.9 = 11692.6 over 1539 frames.
b_2_567_90_583_31 THIS QUICKEST DENOTE AND ON ESSENTIAL MOM REQUIREMENT SO IT YOU BOXES FILE ALLIANCE A MATTERS THE THAT ONE BE WRITTEN 
LOG (lattice-best-path[5.5.925~1-ded7b]:main():lattice-best-path.cc:99) For utterance b_2_583_32_592_59, best cost 139.954 + 6793.83 = 6933.78 over 925 frames.
b_2_583_32_592_59 DIDN'T SPECIFY WORDS SPECIFY ARE THE PROFILE BECAUSE THIS COUNTRIES REQUIRED 
LOG (lattice-best-path[5.5.925~1-ded7b]:main():lattice-best-path.cc:99) For utterance b_2_595_06_605_03, best cost 145.413 + 7252.89 = 7398.3 over 995 frames.
b_2_595_06_605_03 AND YOU TO SEE SIMILAR STRUCTURE NAME DOLLARS WHEN WE OTHER IN AN DIRECTORIES 
LOG (lattice-best-path[5.5.925~1-ded7b]:main():lattice-best-path.cc:99) For utterance b_2_59_50_64_29, best cost 57.5917 + 3356.24 = 3413.83 over 477 frames.
b_2_59_50_64_29 FOR NOT OF A THE DIRECTORIES 
LOG (lattice-best-path[5.5.925~1-ded7b]:main():lattice-best-path.cc:99) For utterance b_2_614_15_632_14, best cost 288.734 + 13121.7 = 13410.4 over 1797 frames.
b_2_614_15_632_14 AN THIS BEEN DIRECTORY DOESN'T CHRIS CONTENT RECOVERY BUT IT CONTAINS IDEAS PHONE FORMS SUCH IS CAN TUTORIAL RATE DEFINE THE DIMENSIONAL A TEXT AND SO 
LOG (lattice-best-path[5.5.925~1-ded7b]:main():lattice-best-path.cc:99) For utterance b_2_637_81_642_27, best cost 46.6507 + 3163.6 = 3210.25 over 444 frames.
b_2_637_81_642_27 CREATE THINK THAT'S IT 
LOG (lattice-best-path[5.5.925~1-ded7b]:main():lattice-best-path.cc:99) For utterance b_2_643_37_649_65, best cost 140.365 + 4660.79 = 4801.16 over 626 frames.
b_2_643_37_649_65 THE NEXT EASY WILL START TO WORK ALL NOW WERE FOR SPEECH RECOGNITION SYSTEM 
LOG (lattice-best-path[5.5.925~1-ded7b]:main():lattice-best-path.cc:99) For utterance b_2_649_80_652_86, best cost 43.9204 + 2127.1 = 2171.02 over 304 frames.
b_2_649_80_652_86 SEEING THE NEXT WILL 
LOG (lattice-best-path[5.5.925~1-ded7b]:main():lattice-best-path.cc:99) For utterance b_2_65_58_69_11, best cost 58.5291 + 2542.4 = 2600.93 over 351 frames.
b_2_65_58_69_11 THIS DIRECTORY SOCK LAST IS 
LOG (lattice-best-path[5.5.925~1-ded7b]:main():lattice-best-path.cc:99) For utterance b_2_69_20_83_11, best cost 235.339 + 10151.1 = 10386.4 over 1389 frames.
b_2_69_20_83_11 EACH OF THEM CONTAINS THE DESCRIPTION OF THE VERSUS TO BUILD IS ARE SYSTEM USING ONE CORPUS OR SEVERAL CORPORAL TOGETHER 
LOG (lattice-scale[5.5.925~1-ded7b]:main():lattice-scale.cc:107) Done 119 lattices.
LOG (lattice-best-path[5.5.925~1-ded7b]:main():lattice-best-path.cc:99) For utterance b_2_83_12_105_02, best cost 368.504 + 16217 = 16585.5 over 2188 frames.
b_2_83_12_105_02 THE MOST IMPORTANT OF THE WORLD AND OF WE AS J WHICH DESCRIBES THAT ALL STRANGER LASER SYSTEM OR REITERATES OF THE MOST JOURNAL COUPLES WHICH IS AWAY POPULAR WHICH WORK BECAUSE THAT FOR SITUATION 
LOG (lattice-add-penalty[5.5.925~1-ded7b]:main():lattice-add-penalty.cc:62) Done adding word insertion penalty to 119 lattices.
LOG (lattice-best-path[5.5.925~1-ded7b]:main():lattice-best-path.cc:99) For utterance b_2_8_90_21_48, best cost 193.773 + 9354.31 = 9548.08 over 1256 frames.
b_2_8_90_21_48 MOST IMPORTANT OF THEM ARE COMPLEX WITH EXAMPLE SCRIPTS FOREBODING OF I IS ASSISTANCE IS UNDERSCORE POWER 
LOG (lattice-best-path[5.5.925~1-ded7b]:main():lattice-best-path.cc:124) Overall cost per frame is 7.53857 = 0.163557 [graph] + 7.37502 [acoustic] over 94747 frames.
LOG (lattice-best-path[5.5.925~1-ded7b]:main():lattice-best-path.cc:128) Done 119 lattices, failed for 0
# Accounting: time=2 threads=1
# Ended (code 0) at Tue Jun 29 16:39:19 CEST 2021, elapsed time 2 seconds
