# lattice-scale --inv-acoustic-scale=11 "ark:gunzip -c exp/mono/decode/lat.*.gz|" ark:- | lattice-add-penalty --word-ins-penalty=0.5 ark:- ark:- | lattice-best-path --word-symbol-table=exp/mono/graph/words.txt ark:- ark,t:exp/mono/decode/scoring/11.0.5.tra 
# Started at Tue Jun 29 16:39:17 CEST 2021
#
lattice-add-penalty --word-ins-penalty=0.5 ark:- ark:- 
lattice-scale --inv-acoustic-scale=11 'ark:gunzip -c exp/mono/decode/lat.*.gz|' ark:- 
lattice-best-path --word-symbol-table=exp/mono/graph/words.txt ark:- ark,t:exp/mono/decode/scoring/11.0.5.tra 
LOG (lattice-best-path[5.5.925~1-ded7b]:main():lattice-best-path.cc:99) For utterance a_1_0_00_3_10, best cost 50.8445 + 2575.68 = 2626.53 over 308 frames.
a_1_0_00_3_10 EVERYONE ARE MY MUSCLE 
LOG (lattice-best-path[5.5.925~1-ded7b]:main():lattice-best-path.cc:99) For utterance a_1_100_57_108_91, best cost 131.162 + 6656.93 = 6788.1 over 832 frames.
a_1_100_57_108_91 A THE DIRECTORY YOU SHOULD SHE SHE ARE DIRECTORY TO CAN APART DIRECTORY 
LOG (lattice-best-path[5.5.925~1-ded7b]:main():lattice-best-path.cc:99) For utterance a_1_11_88_15_85, best cost 88.0253 + 3346.39 = 3434.41 over 395 frames.
a_1_11_88_15_85 ALTHOUGH I SCIENTISTS CLICK RECOMMENDATION LINK 
LOG (lattice-best-path[5.5.925~1-ded7b]:main():lattice-best-path.cc:99) For utterance a_1_120_08_126_30, best cost 133.445 + 5281.79 = 5415.23 over 620 frames.
a_1_120_08_126_30 DON'T I EXACTLY THE SAME WHAT I TYPED IT MY DIRECTORY INITIATIVE STILL 
LOG (lattice-best-path[5.5.925~1-ded7b]:main():lattice-best-path.cc:99) For utterance a_1_130_61_132_11, best cost 4.2722 + 1002.05 = 1006.32 over 148 frames.
a_1_130_61_132_11 
LOG (lattice-best-path[5.5.925~1-ded7b]:main():lattice-best-path.cc:99) For utterance a_1_132_12_134_00, best cost 49.577 + 1637.75 = 1687.32 over 186 frames.
a_1_132_12_134_00 NOW WE LITTLE LUCKILY 
LOG (lattice-best-path[5.5.925~1-ded7b]:main():lattice-best-path.cc:99) For utterance a_1_142_25_147_84, best cost 96.7644 + 4501.55 = 4598.32 over 557 frames.
a_1_142_25_147_84 COPY IS OPEN SOURCE AND THIS ALL SUDDENLY UP 
LOG (lattice-best-path[5.5.925~1-ded7b]:main():lattice-best-path.cc:99) For utterance a_1_147_85_154_10, best cost 137.469 + 5225.32 = 5362.79 over 623 frames.
a_1_147_85_154_10 WE JUST RETURN IT CLONE TO IT A COPY OF THE WHOLE CONSENSUS CALLED 
LOG (lattice-best-path[5.5.925~1-ded7b]:main():lattice-best-path.cc:99) For utterance a_1_18_07_24_79, best cost 148.454 + 5769.79 = 5918.24 over 670 frames.
a_1_18_07_24_79 POLITICAL IT FOR SPEECH RECOGNITION TO SENTENCE FOR SPEECH CREATION RESEARCHERS AND PROFESSIONALS 
LOG (lattice-best-path[5.5.925~1-ded7b]:main():lattice-best-path.cc:99) For utterance a_1_224_41_227_54, best cost 52.6313 + 2559.44 = 2612.08 over 311 frames.
a_1_224_41_227_54 ALL CAKE IT TO FINISHED 
LOG (lattice-best-path[5.5.925~1-ded7b]:main():lattice-best-path.cc:99) For utterance a_1_228_65_235_92, best cost 77.6231 + 5614.37 = 5691.99 over 725 frames.
a_1_228_65_235_92 NOW WE HAVE TO TO DIRECTORY COLDER IT 
LOG (lattice-best-path[5.5.925~1-ded7b]:main():lattice-best-path.cc:99) For utterance a_1_237_94_245_41, best cost 97.7728 + 5907.78 = 6005.56 over 745 frames.
a_1_237_94_245_41 YOU CASSINI THE FILES THERE TOTAL OF COUNTRY 
LOG (lattice-best-path[5.5.925~1-ded7b]:main():lattice-best-path.cc:99) For utterance a_1_246_63_250_17, best cost 50.733 + 2896.56 = 2947.29 over 352 frames.
a_1_246_63_250_17 COCONUT INSTALLATION STEP 
LOG (lattice-best-path[5.5.925~1-ded7b]:main():lattice-best-path.cc:99) For utterance a_1_24_80_32_22, best cost 169.183 + 6534.69 = 6703.87 over 740 frames.
a_1_24_80_32_22 PERSONALLY TO GET IN SLIGHTLY TERRESTRIAL RESEARCH HOW WHERE A TO STILL REPOSITORY THEY INDUSTRY 
LOG (lattice-best-path[5.5.925~1-ded7b]:main():lattice-best-path.cc:99) For utterance a_1_251_67_255_43, best cost 58.0495 + 2991.07 = 3049.12 over 374 frames.
a_1_251_67_255_43 AND A TOTAL ARE LUCKY 
LOG (lattice-best-path[5.5.925~1-ded7b]:main():lattice-best-path.cc:99) For utterance a_1_255_79_259_74, best cost 102.734 + 3388.36 = 3491.09 over 393 frames.
a_1_255_79_259_74 THE PROPER SURFACE ARE MARKET IT IN THE INSTALLED FILE 
LOG (lattice-best-path[5.5.925~1-ded7b]:main():lattice-best-path.cc:99) For utterance a_1_259_82_261_02, best cost 27.8045 + 985.856 = 1013.66 over 118 frames.
a_1_259_82_261_02 THIS CHECKED 
LOG (lattice-best-path[5.5.925~1-ded7b]:main():lattice-best-path.cc:99) For utterance a_1_264_37_273_53, best cost 180.974 + 7605.66 = 7786.63 over 914 frames.
a_1_264_37_273_53 PALACES TO GO TO COAST PHONES ATTRACTION THERE'RE THE GO TO SEE SEE AND ALL RESULTS 
LOG (lattice-best-path[5.5.925~1-ded7b]:main():lattice-best-path.cc:99) For utterance a_1_274_88_279_23, best cost 31.9149 + 3424.6 = 3456.51 over 433 frames.
a_1_274_88_279_23 THIS COMPONENTS 
LOG (lattice-best-path[5.5.925~1-ded7b]:main():lattice-best-path.cc:99) For utterance a_1_279_96_290_47, best cost 193.657 + 8844.68 = 9038.33 over 1049 frames.
a_1_279_96_290_47 IT IS A DIRECTORY IT CONTAINED SCRIPTS CONSOLIDATION LETTER PARTICLES WE DIFFICULT THEN OR TO CONTESTS 
LOG (lattice-best-path[5.5.925~1-ded7b]:main():lattice-best-path.cc:99) For utterance a_1_290_97_292_22, best cost 42.6674 + 1103.1 = 1145.76 over 123 frames.
a_1_290_97_292_22 PORTABLE THAN LATER 
LOG (lattice-best-path[5.5.925~1-ded7b]:main():lattice-best-path.cc:99) For utterance a_1_306_34_313_46, best cost 132.093 + 5955.3 = 6087.39 over 710 frames.
a_1_306_34_313_46 SO FIRST INTERNET WE TO TO IS TO LEARN THE SCRIPT PROJECT INDEPENDENCE THIS 
LOG (lattice-best-path[5.5.925~1-ded7b]:main():lattice-best-path.cc:99) For utterance a_1_319_69_324_25, best cost 81.8587 + 3775.31 = 3857.16 over 454 frames.
a_1_319_69_324_25 INTERESTED COUPLE FOR NEEDS WE CONNECTED THEM 
LOG (lattice-best-path[5.5.925~1-ded7b]:main():lattice-best-path.cc:99) For utterance a_1_32_28_39_15, best cost 176.446 + 5997.43 = 6173.87 over 685 frames.
a_1_32_28_39_15 REALLY WILL REALLY COUNTRY AND WOULD WORK UTTERANCE INNOVATION THEY ARE MOST LIKE ELITE USE CALL SEE 
LOG (lattice-best-path[5.5.925~1-ded7b]:main():lattice-best-path.cc:99) For utterance a_1_346_07_355_21, best cost 144.001 + 7309.04 = 7453.04 over 912 frames.
a_1_346_07_355_21 NOT CAN ONE MAKE IT ONE STILLNESS ARE TOOLS IT ONE OF COMPRESSION 
LOG (lattice-best-path[5.5.925~1-ded7b]:main():lattice-best-path.cc:99) For utterance a_1_355_22_362_53, best cost 146.298 + 5837.96 = 5984.26 over 729 frames.
a_1_355_22_362_53 IT I'M AS WE HAVE AT COMPILER CASH BY TO FOCUS CALLED SEE CASH 
LOG (lattice-best-path[5.5.925~1-ded7b]:main():lattice-best-path.cc:99) For utterance a_1_364_38_380_40, best cost 248.681 + 12778.8 = 13027.5 over 1600 frames.
a_1_364_38_380_40 AND IT ONLY PATTERN TO DISABLED BECAUSE IN COUNTRY WE WILL COME BILAL TO FILES AND WILL QUICKLY ABOUT OF SPLIT SPACE FOR CASH 
LOG (lattice-best-path[5.5.925~1-ded7b]:main():lattice-best-path.cc:99) For utterance a_1_392_69_400_08, best cost 124.849 + 5896.72 = 6021.57 over 737 frames.
a_1_392_69_400_08 WE DISABLED THEM COMPILER CRUSHED BY IT EXTORTING TABLE 
LOG (lattice-best-path[5.5.925~1-ded7b]:main():lattice-best-path.cc:99) For utterance a_1_3_11_6_08, best cost 79.0449 + 2656.56 = 2735.6 over 295 frames.
a_1_3_11_6_08 I LOCAL YOU FAMILY COUPLE IT THE SMALL 
LOG (lattice-best-path[5.5.925~1-ded7b]:main():lattice-best-path.cc:99) For utterance a_1_400_97_403_16, best cost 55.281 + 1860.48 = 1915.76 over 217 frames.
a_1_400_97_403_16 SECRET ESSENTIALLY CALLS ONE 
LOG (lattice-best-path[5.5.925~1-ded7b]:main():lattice-best-path.cc:99) For utterance a_1_403_81_408_78, best cost 75.9933 + 4011.27 = 4087.26 over 495 frames.
a_1_403_81_408_78 WE CAN CONNECTED CAN FILE THE TOOLS 
LOG (lattice-best-path[5.5.925~1-ded7b]:main():lattice-best-path.cc:99) For utterance a_1_409_66_419_30, best cost 168.214 + 7751.65 = 7919.87 over 962 frames.
a_1_409_66_419_30 AND WERE WILL USE CREATE OPTION WHICH TELLS MAKE TO RUN SEVERAL COMPRESSION DON'T CENTRAL 
LOG (lattice-best-path[5.5.925~1-ded7b]:main():lattice-best-path.cc:99) For utterance a_1_40_83_46_72, best cost 118.93 + 4839.73 = 4958.66 over 587 frames.
a_1_40_83_46_72 IN THE IN EXTREME USE I'LL ALL KEITH WILL CONFIDENCE TUTORIAL 
LOG (lattice-best-path[5.5.925~1-ded7b]:main():lattice-best-path.cc:99) For utterance a_1_420_28_426_62, best cost 111.097 + 5112.9 = 5224 over 632 frames.
a_1_420_28_426_62 IT IS NEEDED FOR FORRESTER INSTALLATION AND FOSTER PROCESSING 
LOG (lattice-best-path[5.5.925~1-ded7b]:main():lattice-best-path.cc:99) For utterance a_1_426_89_440_27, best cost 184.115 + 10442.5 = 10626.6 over 1336 frames.
a_1_426_89_440_27 HIS WE HAVE IT'S WE HAVE FORTY SPEAKERS THIS ARE WE CAN AN MAKE WITH FORESEEABLE JUMPS 
LOG (lattice-best-path[5.5.925~1-ded7b]:main():lattice-best-path.cc:99) For utterance a_1_471_46_476_70, best cost 80.046 + 4224.56 = 4304.6 over 522 frames.
a_1_471_46_476_70 ALL KING AS WE IS EVEN AND WELL 
LOG (lattice-best-path[5.5.925~1-ded7b]:main():lattice-best-path.cc:99) For utterance a_1_477_89_480_55, best cost 46.1244 + 2172.71 = 2218.84 over 264 frames.
a_1_477_89_480_55 TOOLS INSTALLATION SKIN 
LOG (lattice-best-path[5.5.925~1-ded7b]:main():lattice-best-path.cc:99) For utterance a_1_480_56_483_47, best cost 59.8691 + 2398 = 2457.87 over 289 frames.
a_1_480_56_483_47 NOW ASK OPEN HE THING 
LOG (lattice-best-path[5.5.925~1-ded7b]:main():lattice-best-path.cc:99) For utterance a_1_483_48_485_74, best cost 69.8735 + 1968.23 = 2038.1 over 224 frames.
a_1_483_48_485_74 THEORIES IS THIS FOR SOURCE CODE 
LOG (lattice-best-path[5.5.925~1-ded7b]:main():lattice-best-path.cc:99) For utterance a_1_485_99_488_85, best cost 64.6777 + 2294.87 = 2359.54 over 284 frames.
a_1_485_99_488_85 IS THE ACTUAL COATED CROWTHER 
LOG (lattice-best-path[5.5.925~1-ded7b]:main():lattice-best-path.cc:99) For utterance a_1_491_86_495_38, best cost 47.0155 + 2922.52 = 2969.54 over 350 frames.
a_1_491_86_495_38 AND IT INSTALLATION THREE 
LOG (lattice-best-path[5.5.925~1-ded7b]:main():lattice-best-path.cc:99) For utterance a_1_497_01_504_46, best cost 85.1791 + 5807 = 5892.18 over 743 frames.
a_1_497_01_504_46 AND QUESTION FRACTION SUFFER AND FIGURE SCRIPT 
LOG (lattice-best-path[5.5.925~1-ded7b]:main():lattice-best-path.cc:99) For utterance a_1_50_04_61_06, best cost 166.828 + 8967.42 = 9134.24 over 1100 frames.
a_1_50_04_61_06 AUTHENTIC INTRODUCTION BUT RELEASED ENVIRONMENT RECORD NEXT FOR INSTALLATION YOU SUCH FACULTY 
LOG (lattice-best-path[5.5.925~1-ded7b]:main():lattice-best-path.cc:99) For utterance a_1_515_64_525_58, best cost 191.031 + 8020.98 = 8212.01 over 992 frames.
a_1_515_64_525_58 AND EVAPORATES AROUND FRONT POWERED AT I'M AS WE HAVE PATTERN TO FABRIC ALL TO TO SWEDEN IS IT 
LOG (lattice-best-path[5.5.925~1-ded7b]:main():lattice-best-path.cc:99) For utterance a_1_540_66_545_01, best cost 71.507 + 3415.71 = 3487.21 over 433 frames.
a_1_540_66_545_01 NOW WE SEE PERMANENT COULDN'T RACE 
LOG (lattice-best-path[5.5.925~1-ded7b]:main():lattice-best-path.cc:99) For utterance a_1_545_02_553_17, best cost 148.222 + 6581.62 = 6729.85 over 813 frames.
a_1_545_02_553_17 WHICH SHOULD SILK ONE BECAUSE IT'S A MINUTE TENURE NETWORKS SO FOR SO IT 
LOG (lattice-best-path[5.5.925~1-ded7b]:main():lattice-best-path.cc:99) For utterance a_1_555_76_560_72, best cost 123.775 + 4118.5 = 4242.27 over 494 frames.
a_1_555_76_560_72 HER TO TO IT WE WILL COCA FIGURE SCRIPT WITH HELP OPTION 
LOG (lattice-best-path[5.5.925~1-ded7b]:main():lattice-best-path.cc:99) For utterance a_1_564_61_568_28, best cost 56.5908 + 2953.93 = 3010.52 over 365 frames.
a_1_564_61_568_28 BUILD WAS QUALITY FOCUS 
LOG (lattice-best-path[5.5.925~1-ded7b]:main():lattice-best-path.cc:99) For utterance a_1_568_46_572_69, best cost 57.399 + 3372.92 = 3430.32 over 421 frames.
a_1_568_46_572_69 WHAT CHANGED OPTION TO KNOW 
LOG (lattice-best-path[5.5.925~1-ded7b]:main():lattice-best-path.cc:99) For utterance a_1_587_19_597_74, best cost 166.338 + 8490.66 = 8657 over 1053 frames.
a_1_587_19_597_74 COPY HAVE TO SUCCESSFULLY CAN REWARD WE CAN COMPILE CAN THEM IN THIS TO MAKE COMMANDS 
LOG (lattice-best-path[5.5.925~1-ded7b]:main():lattice-best-path.cc:99) For utterance a_1_601_31_607_60, best cost 105.461 + 5220.1 = 5325.56 over 627 frames.
a_1_601_31_607_60 AND WE SPECIFY GET FOR PEOPLE JUMPS FOR THE CONDITION 
LOG (lattice-best-path[5.5.925~1-ded7b]:main():lattice-best-path.cc:99) For utterance a_1_62_14_72_77, best cost 185.5 + 8932.44 = 9117.94 over 1061 frames.
a_1_62_14_72_77 ALL USE DINOSAUR TO INSTANT USE CAN THEREFORE WE SHUT OR ABOUT THE TRANSPORTATION BE REGULAR 
LOG (lattice-best-path[5.5.925~1-ded7b]:main():lattice-best-path.cc:99) For utterance a_1_638_18_641_05, best cost 39.1455 + 2273.99 = 2313.13 over 285 frames.
a_1_638_18_641_05 OKAY TO DOESN'T 
LOG (lattice-best-path[5.5.925~1-ded7b]:main():lattice-best-path.cc:99) For utterance a_1_641_06_643_95, best cost 56.326 + 2424.57 = 2480.89 over 287 frames.
a_1_641_06_643_95 IT MAINSTREAM AND WILL GAME 
LOG (lattice-best-path[5.5.925~1-ded7b]:main():lattice-best-path.cc:99) For utterance a_1_643_96_648_87, best cost 93.327 + 4104.32 = 4197.64 over 489 frames.
a_1_643_96_648_87 WE HAVE CAN SUCCESSFULLY BONO AND AND CANNOT OTHER 
LOG (lattice-best-path[5.5.925~1-ded7b]:main():lattice-best-path.cc:99) For utterance a_1_648_88_651_77, best cost 49.7657 + 2359.8 = 2409.56 over 287 frames.
a_1_648_88_651_77 NOW TRIP FOR IT'S 
LOG (lattice-best-path[5.5.925~1-ded7b]:main():lattice-best-path.cc:99) For utterance a_1_651_86_659_83, best cost 125.864 + 6452.47 = 6578.33 over 795 frames.
a_1_651_86_659_83 AND WE CAN GO TO AND EXPORT OF CAN TO TUTORIAL CAN DIRECTORIES 
LOG (lattice-best-path[5.5.925~1-ded7b]:main():lattice-best-path.cc:99) For utterance a_1_659_84_662_30, best cost 43.7947 + 1940.45 = 1984.24 over 244 frames.
a_1_659_84_662_30 SEE THE NEXT VIDEO 
LOG (lattice-best-path[5.5.925~1-ded7b]:main():lattice-best-path.cc:99) For utterance a_1_6_98_11_87, best cost 144.003 + 4271.8 = 4415.8 over 487 frames.
a_1_6_98_11_87 WIRELESS COTTON AVERAGE WHAT'S I TO FACULTY COUNTRY BASH DESIRABLE TALK 
LOG (lattice-best-path[5.5.925~1-ded7b]:main():lattice-best-path.cc:99) For utterance a_1_72_78_77_55, best cost 118.807 + 4117.83 = 4236.64 over 475 frames.
a_1_72_78_77_55 TO CONNECT OFFICER WE USE TO NOW PREPARATION AND TO STAGE COMMAND 
LOG (lattice-best-path[5.5.925~1-ded7b]:main():lattice-best-path.cc:99) For utterance a_1_80_11_86_02, best cost 81.8 + 4725.76 = 4807.56 over 589 frames.
a_1_80_11_86_02 DESPITE IS SAY ACTUALLY WERE TIME AS AGAIN 
LOG (lattice-best-path[5.5.925~1-ded7b]:main():lattice-best-path.cc:99) For utterance a_1_86_03_93_49, best cost 121.398 + 6131.61 = 6253.01 over 744 frames.
a_1_86_03_93_49 THEN THE NAME OF THIS EVERY IT'S PHOENIX I MASS YOU SHOULD CALLED 
LOG (lattice-best-path[5.5.925~1-ded7b]:main():lattice-best-path.cc:99) For utterance b_2_0_03_4_44, best cost 83.4227 + 3793.55 = 3876.97 over 439 frames.
b_2_0_03_4_44 IS ZERO WILL TO PRETTY ABOUT CAN TO DIRECTORIES 
LOG (lattice-best-path[5.5.925~1-ded7b]:main():lattice-best-path.cc:99) For utterance b_2_105_03_114_90, best cost 170.866 + 8074.36 = 8245.22 over 985 frames.
b_2_105_03_114_90 AND ANOTHER ONE IS REALLY SPEECH WHICH SOURCE AS THE ARE MADE EXAMPLE AUDIO EASIER STATISTICALLY 
LOG (lattice-best-path[5.5.925~1-ded7b]:main():lattice-best-path.cc:99) For utterance b_2_115_20_127_49, best cost 202.584 + 9727.42 = 9930 over 1227 frames.
b_2_115_20_127_49 TUNNEL TALK ABOUT IS PITCH RECIPE THE NEXT MODEL BECOME TAKE LAUGHLIN ALL STRING JOURNAL AS BE 
LOG (lattice-best-path[5.5.925~1-ded7b]:main():lattice-best-path.cc:99) For utterance b_2_129_48_136_95, best cost 124.563 + 6149.49 = 6274.05 over 745 frames.
b_2_129_48_136_95 SO IS YOU TO SEE THE WRIST AS FIVE DIRECTORY WHICH OF THE RECIPE 
LOG (lattice-best-path[5.5.925~1-ded7b]:main():lattice-best-path.cc:99) For utterance b_2_136_96_148_79, best cost 189.09 + 9412.11 = 9601.2 over 1181 frames.
b_2_136_96_148_79 TINY DOESN'T IN ANYTHING MOST LIKELY IF YOU FOR ANY OTHER WAS PEOPLE ADOBE ALL SCIENTISTS FIVE 
LOG (lattice-best-path[5.5.925~1-ded7b]:main():lattice-best-path.cc:99) For utterance b_2_151_10_159_65, best cost 111.952 + 6487.57 = 6599.52 over 853 frames.
b_2_151_10_159_65 SOMERSET IS OF EXAMPLE TO DREAM HAVE SEVERAL DIRECTORIES 
LOG (lattice-best-path[5.5.925~1-ded7b]:main():lattice-best-path.cc:99) For utterance b_2_159_66_169_80, best cost 176.1 + 7965.8 = 8141.9 over 1012 frames.
b_2_159_66_169_80 TO CAN SEE THAT LIKE RESPOND TO DIFFERENT REGIONS OTHER CITY ALL DIFFERENT RUSSIANS OF RECIPE 
LOG (lattice-best-path[5.5.925~1-ded7b]:main():lattice-best-path.cc:99) For utterance b_2_171_54_176_67, best cost 79.8968 + 4122.69 = 4202.59 over 511 frames.
b_2_171_54_176_67 I THINK THAT IS ENOUGH INFORMATION ABOUT EXAMPLES 
LOG (lattice-best-path[5.5.925~1-ded7b]:main():lattice-best-path.cc:99) For utterance b_2_178_55_185_67, best cost 109.54 + 5679.96 = 5789.5 over 710 frames.
b_2_178_55_185_67 CAN GO TO THE SOURCE CODE TAKE LOOK AND THIS CONTENTS 
LOG (lattice-best-path[5.5.925~1-ded7b]:main():lattice-best-path.cc:99) For utterance b_2_185_96_200_94, best cost 225.765 + 11521.4 = 11747.2 over 1496 frames.
b_2_185_96_200_94 SO WE ZERO REALLY CONSIDER SCRIPT WHICH CARETAKERS THEM QUALITY TO BE ARE KNOWN UNCERTAIN SYSTEM OWN ARTIST FOR EXAMPLE 
LOG (lattice-best-path[5.5.925~1-ded7b]:main():lattice-best-path.cc:99) For utterance b_2_200_95_218_31, best cost 207.268 + 13366.1 = 13573.4 over 1734 frames.
b_2_200_95_218_31 IT ALSO HIGHEST DOCUMENTATION DIRECTORY ANIME AND MAINLY MORE DIRECTORY IS WHICH CAN BE DECIDED TO TO WORLD'S 
LOG (lattice-best-path[5.5.925~1-ded7b]:main():lattice-best-path.cc:99) For utterance b_2_218_32_234_63, best cost 231.745 + 12727 = 12958.7 over 1629 frames.
b_2_218_32_234_63 ONE OF THE MATTER EVERY DIRECTORIES FOR EXAMPLE A EACH AGAIN IS THE I VERY WITH AND IS FOR HIDDEN OF MODEL I'M FUNCTIONS 
LOG (lattice-best-path[5.5.925~1-ded7b]:main():lattice-best-path.cc:99) For utterance b_2_21_49_25_06, best cost 68.138 + 2968.16 = 3036.3 over 355 frames.
b_2_21_49_25_06 SEE SEE WITH ACTUALLY CAUSES CALLED 
LOG (lattice-best-path[5.5.925~1-ded7b]:main():lattice-best-path.cc:99) For utterance b_2_236_00_247_45, best cost 218.53 + 9336.68 = 9555.21 over 1143 frames.
b_2_236_00_247_45 AND WE THERE IS OUT OF CONDITIONS THIS LINK OUT EACH AND AND IS ALL FILE WHICH IS BY REAL ID FILE INTENSE 
LOG (lattice-best-path[5.5.925~1-ded7b]:main():lattice-best-path.cc:99) For utterance b_2_247_46_264_98, best cost 293.428 + 13974.2 = 14267.6 over 1750 frames.
b_2_247_46_264_98 TEST ALL SENSE FOR SHARED OBJECTS IT'S IT RESPECTS ALL THE DEFINITIONS AND ALL DIGITS FROM THIS CITIZENS AND HACKERS FILES AS A BINARY ARE FILE 
LOG (lattice-best-path[5.5.925~1-ded7b]:main():lattice-best-path.cc:99) For utterance b_2_25_07_35_00, best cost 124.037 + 7784.42 = 7908.45 over 991 frames.
b_2_25_07_35_00 AND TOOLS WITH AND SHOW TOOLS AND COMMANDS IT ONE THERE'S THIS 
LOG (lattice-best-path[5.5.925~1-ded7b]:main():lattice-best-path.cc:99) For utterance b_2_266_21_273_05, best cost 99.8037 + 5378.63 = 5478.43 over 682 frames.
b_2_266_21_273_05 IN WROTE USE THIS BY TO WIRELESS WE NEED PROBLEMS 
LOG (lattice-best-path[5.5.925~1-ded7b]:main():lattice-best-path.cc:99) For utterance b_2_273_06_285_50, best cost 188.622 + 9960.38 = 10149 over 1242 frames.
b_2_273_06_285_50 NEURONS ARE ALSO CALL BY RAYS IN INNOCENT THE ARE STORED IN BEEN DIRECTORIES IT OTHER 
LOG (lattice-best-path[5.5.925~1-ded7b]:main():lattice-best-path.cc:99) For utterance b_2_285_51_300_59, best cost 227.101 + 11756.8 = 11983.9 over 1506 frames.
b_2_285_51_300_59 FOR EXAMPLE WE CAN WE WE USE DEMANDING ONCE WHICH EARTHWORMS ALL BINARY IS WORKING WITH CALL CENTURY MODEL 
LOG (lattice-best-path[5.5.925~1-ded7b]:main():lattice-best-path.cc:99) For utterance b_2_306_90_317_17, best cost 180.081 + 8120.2 = 8300.28 over 1025 frames.
b_2_306_90_317_17 SO WE THEORY CAN SEE SEE SEE FILES WHICH ARE CITIZENS CODE OR CITIZENS SOURCE CODE FILES 
LOG (lattice-best-path[5.5.925~1-ded7b]:main():lattice-best-path.cc:99) For utterance b_2_317_18_324_52, best cost 102.575 + 5538.28 = 5640.86 over 732 frames.
b_2_317_18_324_52 SOME INERTIA BE SOME WHICH FILES TO TENDENCY THEN 
LOG (lattice-best-path[5.5.925~1-ded7b]:main():lattice-best-path.cc:99) For utterance b_2_325_28_334_10, best cost 139.062 + 7110.55 = 7249.62 over 880 frames.
b_2_325_28_334_10 OK THINK EACH FILE SO USE THE LINE REASONS AND WHEN DEMAND DIRECTORY 
LOG (lattice-best-path[5.5.925~1-ded7b]:main():lattice-best-path.cc:99) For utterance b_2_336_29_338_85, best cost 26.8479 + 1865.76 = 1892.61 over 254 frames.
b_2_336_29_338_85 I THIS ONE 
LOG (lattice-best-path[5.5.925~1-ded7b]:main():lattice-best-path.cc:99) For utterance b_2_339_20_353_95, best cost 242.934 + 11664.8 = 11907.8 over 1473 frames.
b_2_339_20_353_95 AND THIS YOU LEAVE MAKE FILE WHICH DESCRIBES A THE ADDIS WHICH CAN DEVICES BASED THE FILES THIS DIRECTORY AND HOW NATION BE USED 
LOG (lattice-best-path[5.5.925~1-ded7b]:main():lattice-best-path.cc:99) For utterance b_2_358_53_365_51, best cost 131.795 + 5540.06 = 5671.85 over 696 frames.
b_2_358_53_365_51 THE DOT TAKE FILES ARE SOME DIDN'T KOREA NEED TO MOBILE THAN 
LOG (lattice-best-path[5.5.925~1-ded7b]:main():lattice-best-path.cc:99) For utterance b_2_365_52_370_79, best cost 121.055 + 4417.39 = 4538.44 over 525 frames.
b_2_365_52_370_79 BUT OR IS ALSO SOMETHING TO MORE IT'S OF PUT LEGITIMATE COMPILER 
LOG (lattice-best-path[5.5.925~1-ded7b]:main():lattice-best-path.cc:99) For utterance b_2_370_80_378_44, best cost 107.056 + 6021.17 = 6128.23 over 762 frames.
b_2_370_80_378_44 MOSTLY WANT WE REALLY WORKING WITH USE IT BY FILES 
LOG (lattice-best-path[5.5.925~1-ded7b]:main():lattice-best-path.cc:99) For utterance b_2_379_78_383_53, best cost 66.0647 + 2935.06 = 3001.13 over 373 frames.
b_2_379_78_383_53 SOMETHING EXTREME AND DECODE SINGLE 
LOG (lattice-best-path[5.5.925~1-ded7b]:main():lattice-best-path.cc:99) For utterance b_2_385_03_394_02, best cost 187.47 + 7317.03 = 7504.5 over 897 frames.
b_2_385_03_394_02 WE KNOW THAT TALKS WITH CASSINI SHE MODEL BECAUSE IS TO THEORY MY ONE LOADED ISN'T ALL TO 
LOG (lattice-best-path[5.5.925~1-ded7b]:main():lattice-best-path.cc:99) For utterance b_2_394_03_397_81, best cost 72.5256 + 3029.27 = 3101.79 over 376 frames.
b_2_394_03_397_81 IT IS ALSO TO THE TO QUEEN PRESENCE 
LOG (lattice-best-path[5.5.925~1-ded7b]:main():lattice-best-path.cc:99) For utterance b_2_397_82_423_89, best cost 352.572 + 20166 = 20518.6 over 2605 frames.
b_2_397_82_423_89 AND OTHER US IS JUST OTHER ADDITIONAL INFORMATION ABOUT HOW EXACTLY OFFER IT IS IT DOLLAR WHATSOEVER THEM IN AND INFORMATION BECOME IT UNITED WONDERING THIS I RESEARCH FOR BINARY 
LOG (lattice-best-path[5.5.925~1-ded7b]:main():lattice-best-path.cc:99) For utterance b_2_40_13_47_96, best cost 114.062 + 6221.39 = 6335.45 over 781 frames.
b_2_40_13_47_96 THE YOU MORE THE RIGHT ALL SITE YOU ONE OPINION THIS COURSE 
LOG (lattice-best-path[5.5.925~1-ded7b]:main():lattice-best-path.cc:99) For utterance b_2_423_90_446_33, best cost 373.496 + 18119.1 = 18492.6 over 2241 frames.
b_2_423_90_446_33 WHY SET ACTUALLY WHITE IS ACTUALLY IMPORTANT TO KNOW RESPOND IS BECAUSE WHEN YOU DEVELOPED THEN YOU SCRIPT FOR COPY MOST I UNITED USE EXISTING BY IS TWO INDIRECT WITH COUNTY FILES AND INTERRUPTED 
LOG (lattice-best-path[5.5.925~1-ded7b]:main():lattice-best-path.cc:99) For utterance b_2_446_34_458_29, best cost 209.549 + 9524.95 = 9734.49 over 1193 frames.
b_2_446_34_458_29 CHECK FIFTH WANDER US ANALYSIS YOU NEED TO GO TO THIS IN DIRECTORIES AND SEE THIS ANYTHING WOULD YOU IN USE 
LOG (lattice-best-path[5.5.925~1-ded7b]:main():lattice-best-path.cc:99) For utterance b_2_459_55_472_46, best cost 228.174 + 10458.8 = 10687 over 1289 frames.
b_2_459_55_472_46 IF YOU THINK THAT SOME ARM ARE WE DOES WOULD IT IN CAN RUN THIS ARE WITHOUT ANY I'M TRANSPARENCY THE HELD 
LOG (lattice-best-path[5.5.925~1-ded7b]:main():lattice-best-path.cc:99) For utterance b_2_473_82_488_02, best cost 194.273 + 10981 = 11175.3 over 1418 frames.
b_2_473_82_488_02 TOTALLY WOULD ACTUALLY DOES DECODE FEATURES IS GYMNASIUM MODEL AND AND IT TOTALLY HOW TO WEREN'T 
LOG (lattice-best-path[5.5.925~1-ded7b]:main():lattice-best-path.cc:99) For utterance b_2_488_35_499_75, best cost 154.221 + 8735.81 = 8890.03 over 1138 frames.
b_2_488_35_499_75 SO USE SEE THAT HE THIS CASE YOU CAN SPECIFY SOLUTIONS FIGURE AND FAMILIAR 
LOG (lattice-best-path[5.5.925~1-ded7b]:main():lattice-best-path.cc:99) For utterance b_2_48_81_57_00, best cost 96.2739 + 6436.09 = 6532.36 over 817 frames.
b_2_48_81_57_00 AND THIS CHECK WOULD BECAUSE IN THE EXAMPLES DIRECTORY 
LOG (lattice-best-path[5.5.925~1-ded7b]:main():lattice-best-path.cc:99) For utterance b_2_499_76_505_12, best cost 88.5815 + 4477.99 = 4566.57 over 534 frames.
b_2_499_76_505_12 YOU GET SPECIFY THE MODEL UNIVERSITY FROM AND 
LOG (lattice-best-path[5.5.925~1-ded7b]:main():lattice-best-path.cc:99) For utterance b_2_4_47_8_89, best cost 82.1135 + 3704.35 = 3786.47 over 440 frames.
b_2_4_47_8_89 AS CONSIDER SELECT REASON THE TO POLITICALLY 
LOG (lattice-best-path[5.5.925~1-ded7b]:main():lattice-best-path.cc:99) For utterance b_2_506_42_516_32, best cost 142.211 + 7474.49 = 7616.7 over 988 frames.
b_2_506_42_516_32 I'M AND SEVERAL I'M JUST ONLY ONE A SPECIFY ARE A SPECIFY 
LOG (lattice-best-path[5.5.925~1-ded7b]:main():lattice-best-path.cc:99) For utterance b_2_516_33_534_34, best cost 254.812 + 14204.1 = 14458.9 over 1799 frames.
b_2_516_33_534_34 UTTERANCE FORMER IN SPECIFY IS THE TO TO SOME STRING WHICH WOULD DESCRIBED HOW TREE INFORMATION COUNTRY THEY INPUT INFORMATION FOR THIS ARM 
LOG (lattice-best-path[5.5.925~1-ded7b]:main():lattice-best-path.cc:99) For utterance b_2_534_35_546_40, best cost 242.889 + 9729.84 = 9972.73 over 1203 frames.
b_2_534_35_546_40 SUDDENLY SPECIFY IS MY TO SPECIFY ARE LIST THIS AN STRING IS STRIKES WIRED HOW TO RIGHT OTHER ARNOLD OVER SPOKEN 
LOG (lattice-best-path[5.5.925~1-ded7b]:main():lattice-best-path.cc:99) For utterance b_2_546_41_555_60, best cost 198.525 + 7502.38 = 7700.9 over 917 frames.
b_2_546_41_555_60 THIS CASE IT CAN BE WORST WHY IS IS FIRE WHICH DISCUSS WHERE TO RIGHT MEDICAL NETWORKS FROM THE FEATURES 
LOG (lattice-best-path[5.5.925~1-ded7b]:main():lattice-best-path.cc:99) For utterance b_2_555_61_567_88, best cost 202.129 + 9375.59 = 9577.72 over 1225 frames.
b_2_555_61_567_88 AND DOSE TO A LINES THE SPECIFY ARE WHERE LINES TO BE WRITTEN WERE TO TO SPECIFY WERE THAT TO BRITAIN 
LOG (lattice-best-path[5.5.925~1-ded7b]:main():lattice-best-path.cc:99) For utterance b_2_567_90_583_31, best cost 246.196 + 12487 = 12733.2 over 1539 frames.
b_2_567_90_583_31 THIS QUICKEST DENOTE NON ESSENTIAL MOM REQUIREMENT SO IT YOU BOXES FILE ALLIANCE A MATTERS THE THAT ONE BE WRITTEN 
LOG (lattice-best-path[5.5.925~1-ded7b]:main():lattice-best-path.cc:99) For utterance b_2_583_32_592_59, best cost 150.437 + 7400.64 = 7551.08 over 925 frames.
b_2_583_32_592_59 DIDN'T SPECIFY WORDS SPECIFY ARE THAT OR WILL FILE BECAUSE THIS COUNTRIES REQUIRED 
LOG (lattice-best-path[5.5.925~1-ded7b]:main():lattice-best-path.cc:99) For utterance b_2_595_06_605_03, best cost 145.413 + 7912.24 = 8057.65 over 995 frames.
b_2_595_06_605_03 AND YOU TO SEE SIMILAR STRUCTURE NAME DOLLARS WHEN WE OTHER IN AN DIRECTORIES 
LOG (lattice-best-path[5.5.925~1-ded7b]:main():lattice-best-path.cc:99) For utterance b_2_59_50_64_29, best cost 57.5917 + 3661.35 = 3718.94 over 477 frames.
b_2_59_50_64_29 FOR NOT OF A THE DIRECTORIES 
LOG (lattice-best-path[5.5.925~1-ded7b]:main():lattice-best-path.cc:99) For utterance b_2_614_15_632_14, best cost 288.734 + 14314.6 = 14603.3 over 1797 frames.
b_2_614_15_632_14 AN THIS BEEN DIRECTORY DOESN'T CHRIS CONTENT RECOVERY BUT IT CONTAINS IDEAS PHONE FORMS SUCH IS CAN TUTORIAL RATE DEFINE THE DIMENSIONAL A TEXT AND SO 
LOG (lattice-best-path[5.5.925~1-ded7b]:main():lattice-best-path.cc:99) For utterance b_2_637_81_642_27, best cost 46.6507 + 3451.2 = 3497.85 over 444 frames.
b_2_637_81_642_27 CREATE THINK THAT'S IT 
LOG (lattice-best-path[5.5.925~1-ded7b]:main():lattice-best-path.cc:99) For utterance b_2_643_37_649_65, best cost 140.365 + 5084.5 = 5224.87 over 626 frames.
b_2_643_37_649_65 THE NEXT EASY WILL START TO WORK ALL NOW WERE FOR SPEECH RECOGNITION SYSTEM 
LOG (lattice-best-path[5.5.925~1-ded7b]:main():lattice-best-path.cc:99) For utterance b_2_649_80_652_86, best cost 43.9204 + 2320.48 = 2364.4 over 304 frames.
b_2_649_80_652_86 SEEING THE NEXT WILL 
LOG (lattice-best-path[5.5.925~1-ded7b]:main():lattice-best-path.cc:99) For utterance b_2_65_58_69_11, best cost 58.5291 + 2773.53 = 2832.06 over 351 frames.
b_2_65_58_69_11 THIS DIRECTORY SOCK LAST IS 
LOG (lattice-best-path[5.5.925~1-ded7b]:main():lattice-best-path.cc:99) For utterance b_2_69_20_83_11, best cost 235.339 + 11073.9 = 11309.3 over 1389 frames.
b_2_69_20_83_11 EACH OF THEM CONTAINS THE DESCRIPTION OF THE VERSUS TO BUILD IS ARE SYSTEM USING ONE CORPUS OR SEVERAL CORPORAL TOGETHER 
LOG (lattice-scale[5.5.925~1-ded7b]:main():lattice-scale.cc:107) Done 119 lattices.
LOG (lattice-best-path[5.5.925~1-ded7b]:main():lattice-best-path.cc:99) For utterance b_2_83_12_105_02, best cost 390.534 + 17668.4 = 18058.9 over 2188 frames.
b_2_83_12_105_02 THE MOST IMPORTANT OF THE WORLD AND OF WE AS J WHICH DESCRIBES THAT ALL STRANGER ALWAYS ARE SYSTEM OR REITERATES OF THE MOST REGIONAL COUPLES WHICH IS AWAY COPY OTHER WHICH WORK BECAUSE THAT FOR SPEECH RECOGNITION 
LOG (lattice-add-penalty[5.5.925~1-ded7b]:main():lattice-add-penalty.cc:62) Done adding word insertion penalty to 119 lattices.
LOG (lattice-best-path[5.5.925~1-ded7b]:main():lattice-best-path.cc:99) For utterance b_2_8_90_21_48, best cost 193.773 + 10204.7 = 10398.5 over 1256 frames.
b_2_8_90_21_48 MOST IMPORTANT OF THEM ARE COMPLEX WITH EXAMPLE SCRIPTS FOREBODING OF I IS ASSISTANCE IS UNDERSCORE POWER 
LOG (lattice-best-path[5.5.925~1-ded7b]:main():lattice-best-path.cc:124) Overall cost per frame is 8.20889 = 0.166904 [graph] + 8.04199 [acoustic] over 94747 frames.
LOG (lattice-best-path[5.5.925~1-ded7b]:main():lattice-best-path.cc:128) Done 119 lattices, failed for 0
# Accounting: time=2 threads=1
# Ended (code 0) at Tue Jun 29 16:39:19 CEST 2021, elapsed time 2 seconds
