# lattice-scale --inv-acoustic-scale=12 "ark:gunzip -c exp/mono/decode/lat.*.gz|" ark:- | lattice-add-penalty --word-ins-penalty=1.0 ark:- ark:- | lattice-best-path --word-symbol-table=exp/mono/graph/words.txt ark:- ark,t:exp/mono/decode/scoring/12.1.0.tra 
# Started at Tue Jun 29 16:39:19 CEST 2021
#
lattice-scale --inv-acoustic-scale=12 'ark:gunzip -c exp/mono/decode/lat.*.gz|' ark:- 
lattice-add-penalty --word-ins-penalty=1.0 ark:- ark:- 
lattice-best-path --word-symbol-table=exp/mono/graph/words.txt ark:- ark,t:exp/mono/decode/scoring/12.1.0.tra 
LOG (lattice-best-path[5.5.925~1-ded7b]:main():lattice-best-path.cc:99) For utterance a_1_0_00_3_10, best cost 46.3039 + 2366.94 = 2413.24 over 308 frames.
a_1_0_00_3_10 EVERYONE MY MUSCLE 
LOG (lattice-best-path[5.5.925~1-ded7b]:main():lattice-best-path.cc:99) For utterance a_1_100_57_108_91, best cost 137.662 + 6102.19 = 6239.85 over 832 frames.
a_1_100_57_108_91 A THE DIRECTORY YOU SHOULD SHE SHE ARE DIRECTORY TO CAN APART DIRECTORY 
LOG (lattice-best-path[5.5.925~1-ded7b]:main():lattice-best-path.cc:99) For utterance a_1_11_88_15_85, best cost 80.6764 + 3076.72 = 3157.4 over 395 frames.
a_1_11_88_15_85 ALTHOUGH I SCIENTISTS CLICK RECOMMENDATION 
LOG (lattice-best-path[5.5.925~1-ded7b]:main():lattice-best-path.cc:99) For utterance a_1_120_08_126_30, best cost 121.862 + 4858.66 = 4980.52 over 620 frames.
a_1_120_08_126_30 DON'T I EXACTLY THE SAME OPERATE RIGHT IT MEDITATION TO STILL 
LOG (lattice-best-path[5.5.925~1-ded7b]:main():lattice-best-path.cc:99) For utterance a_1_130_61_132_11, best cost 4.2722 + 918.544 = 922.816 over 148 frames.
a_1_130_61_132_11 
LOG (lattice-best-path[5.5.925~1-ded7b]:main():lattice-best-path.cc:99) For utterance a_1_132_12_134_00, best cost 51.1766 + 1501.66 = 1552.83 over 186 frames.
a_1_132_12_134_00 NOW WE LITTLE LOCALLY 
LOG (lattice-best-path[5.5.925~1-ded7b]:main():lattice-best-path.cc:99) For utterance a_1_142_25_147_84, best cost 96.2504 + 4131.33 = 4227.58 over 557 frames.
a_1_142_25_147_84 A IS OPEN SOURCE AND THIS ALL SUDDENLY UP 
LOG (lattice-best-path[5.5.925~1-ded7b]:main():lattice-best-path.cc:99) For utterance a_1_147_85_154_10, best cost 144.469 + 4789.87 = 4934.34 over 623 frames.
a_1_147_85_154_10 WE JUST RETURN IT CLONE TO IT A COPY OF THE WHOLE CONSENSUS CALLED 
LOG (lattice-best-path[5.5.925~1-ded7b]:main():lattice-best-path.cc:99) For utterance a_1_18_07_24_79, best cost 148.991 + 5294.81 = 5443.8 over 670 frames.
a_1_18_07_24_79 POLITICAL IT FOR SPEECH RECOGNITION TO SENTENCE FOR SPEECH CREATION RESEARCHERS PROFESSIONALS 
LOG (lattice-best-path[5.5.925~1-ded7b]:main():lattice-best-path.cc:99) For utterance a_1_224_41_227_54, best cost 43.8699 + 2356.43 = 2400.3 over 311 frames.
a_1_224_41_227_54 ALL CRITICAL FINISHED 
LOG (lattice-best-path[5.5.925~1-ded7b]:main():lattice-best-path.cc:99) For utterance a_1_228_65_235_92, best cost 81.6231 + 5146.5 = 5228.13 over 725 frames.
a_1_228_65_235_92 NOW WE HAVE TO TO DIRECTORY COLDER IT 
LOG (lattice-best-path[5.5.925~1-ded7b]:main():lattice-best-path.cc:99) For utterance a_1_237_94_245_41, best cost 101.773 + 5415.47 = 5517.24 over 745 frames.
a_1_237_94_245_41 YOU CASSINI THE FILES THERE TOTAL OF COUNTRY 
LOG (lattice-best-path[5.5.925~1-ded7b]:main():lattice-best-path.cc:99) For utterance a_1_246_63_250_17, best cost 52.233 + 2655.18 = 2707.41 over 352 frames.
a_1_246_63_250_17 COCONUT INSTALLATION STEP 
LOG (lattice-best-path[5.5.925~1-ded7b]:main():lattice-best-path.cc:99) For utterance a_1_24_80_32_22, best cost 170.684 + 5995.99 = 6166.67 over 740 frames.
a_1_24_80_32_22 PERCENT INTEGRITY SLIGHTLY TERRESTRIAL RESEARCH HOW WHERE A TO STILL REPOSITORY THEY INDUSTRY 
LOG (lattice-best-path[5.5.925~1-ded7b]:main():lattice-best-path.cc:99) For utterance a_1_251_67_255_43, best cost 55.1335 + 2747.07 = 2802.2 over 374 frames.
a_1_251_67_255_43 THE TOTAL ARE LUCKY 
LOG (lattice-best-path[5.5.925~1-ded7b]:main():lattice-best-path.cc:99) For utterance a_1_255_79_259_74, best cost 87.8768 + 3122.95 = 3210.83 over 393 frames.
a_1_255_79_259_74 THAT UTTERANCE RECONSTRUCTED IN THE INSTALLED FILE 
LOG (lattice-best-path[5.5.925~1-ded7b]:main():lattice-best-path.cc:99) For utterance a_1_259_82_261_02, best cost 24.8564 + 907.565 = 932.421 over 118 frames.
a_1_259_82_261_02 CHECKED 
LOG (lattice-best-path[5.5.925~1-ded7b]:main():lattice-best-path.cc:99) For utterance a_1_264_37_273_53, best cost 179.787 + 6980.96 = 7160.74 over 914 frames.
a_1_264_37_273_53 DOESN'T AGO TO COAST PHONES ATTRACTION THERE'RE THE GO TO SEE SEE AND ALL RESULTS 
LOG (lattice-best-path[5.5.925~1-ded7b]:main():lattice-best-path.cc:99) For utterance a_1_274_88_279_23, best cost 32.9149 + 3139.21 = 3172.13 over 433 frames.
a_1_274_88_279_23 THIS COMPONENTS 
LOG (lattice-best-path[5.5.925~1-ded7b]:main():lattice-best-path.cc:99) For utterance a_1_279_96_290_47, best cost 183.564 + 8124.34 = 8307.9 over 1049 frames.
a_1_279_96_290_47 IT IS LIKE CONTAINED SCRIPTS CONSOLIDATION LETTER PARTICLES WE DIFFICULTY OR TO CONTESTS 
LOG (lattice-best-path[5.5.925~1-ded7b]:main():lattice-best-path.cc:99) For utterance a_1_290_97_292_22, best cost 44.1674 + 1011.17 = 1055.34 over 123 frames.
a_1_290_97_292_22 PORTABLE THAN LATER 
LOG (lattice-best-path[5.5.925~1-ded7b]:main():lattice-best-path.cc:99) For utterance a_1_306_34_313_46, best cost 129.105 + 5467.75 = 5596.85 over 710 frames.
a_1_306_34_313_46 SO FIRST INTERNET WEEKEND WESTERN THE SCRIPT PROJECT INDEPENDENCE THIS 
LOG (lattice-best-path[5.5.925~1-ded7b]:main():lattice-best-path.cc:99) For utterance a_1_319_69_324_25, best cost 83.9296 + 3462.05 = 3545.98 over 454 frames.
a_1_319_69_324_25 INTERESTED COUPLE FOR NEEDS WE CAN QUANTUM 
LOG (lattice-best-path[5.5.925~1-ded7b]:main():lattice-best-path.cc:99) For utterance a_1_32_28_39_15, best cost 167.269 + 5513.44 = 5680.71 over 685 frames.
a_1_32_28_39_15 REALLY WILL REALLY COUNTRY AND WOULD WORK UTTERANCE INNOVATION THEY ARE MOST LIKE REALLY DISCOVERY 
LOG (lattice-best-path[5.5.925~1-ded7b]:main():lattice-best-path.cc:99) For utterance a_1_346_07_355_21, best cost 150.369 + 6699.71 = 6850.07 over 912 frames.
a_1_346_07_355_21 DARKENED ONE MAKE IT ONE STILLNESS ARE TOOLS IT ONE OF COMPRESSION 
LOG (lattice-best-path[5.5.925~1-ded7b]:main():lattice-best-path.cc:99) For utterance a_1_355_22_362_53, best cost 153.298 + 5351.47 = 5504.77 over 729 frames.
a_1_355_22_362_53 IT I'M AS WE HAVE AT COMPILER CASH BY TO FOCUS CALLED SEE CASH 
LOG (lattice-best-path[5.5.925~1-ded7b]:main():lattice-best-path.cc:99) For utterance a_1_364_38_380_40, best cost 259.398 + 11714.7 = 11974.1 over 1600 frames.
a_1_364_38_380_40 AND IT ONLY PATTERN TO DISABLED BECAUSE IN COUNTRY WE WELCOME BILAL TO FILES AND WILL QUICKLY ABOUT OF SPLIT SPACE FOR CASH 
LOG (lattice-best-path[5.5.925~1-ded7b]:main():lattice-best-path.cc:99) For utterance a_1_392_69_400_08, best cost 124.487 + 5409.7 = 5534.19 over 737 frames.
a_1_392_69_400_08 WE DISABLED THEM COMPILER CRUSHED IDEA EXTORTING TABLE 
LOG (lattice-best-path[5.5.925~1-ded7b]:main():lattice-best-path.cc:99) For utterance a_1_3_11_6_08, best cost 82.3767 + 2435.82 = 2518.2 over 295 frames.
a_1_3_11_6_08 I LOCAL YOU FAMILIES COUPLE IT THE SMALL 
LOG (lattice-best-path[5.5.925~1-ded7b]:main():lattice-best-path.cc:99) For utterance a_1_400_97_403_16, best cost 57.281 + 1705.44 = 1762.72 over 217 frames.
a_1_400_97_403_16 SECRET ESSENTIALLY CALLS ONE 
LOG (lattice-best-path[5.5.925~1-ded7b]:main():lattice-best-path.cc:99) For utterance a_1_403_81_408_78, best cost 79.4933 + 3677 = 3756.49 over 495 frames.
a_1_403_81_408_78 WE CAN CONNECTED CAN FILE THE TOOLS 
LOG (lattice-best-path[5.5.925~1-ded7b]:main():lattice-best-path.cc:99) For utterance a_1_409_66_419_30, best cost 175.108 + 7106.24 = 7281.35 over 962 frames.
a_1_409_66_419_30 AND FOR WILL USE CREATE OPTION WHICH TELLS MAKE TO RUN SEVERAL COMPRESSION DON'T CENTRAL 
LOG (lattice-best-path[5.5.925~1-ded7b]:main():lattice-best-path.cc:99) For utterance a_1_40_83_46_72, best cost 110.264 + 4449.46 = 4559.73 over 587 frames.
a_1_40_83_46_72 IN IN EXTREME USE I'LL KEITH WILL CONFIDENCE TUTORIAL 
LOG (lattice-best-path[5.5.925~1-ded7b]:main():lattice-best-path.cc:99) For utterance a_1_420_28_426_62, best cost 113.094 + 4689.29 = 4802.38 over 632 frames.
a_1_420_28_426_62 IT IS NEEDED FOR FOSTER INSTALLATION AND FOSTER PROCESSING 
LOG (lattice-best-path[5.5.925~1-ded7b]:main():lattice-best-path.cc:99) For utterance a_1_426_89_440_27, best cost 191.138 + 9573.32 = 9764.46 over 1336 frames.
a_1_426_89_440_27 HIS WE HAVE HISTORY HAVE FORTY SPEAKERS THIS ARE WE CAN AN MAKE WITH FORESEEABLE JUMPS 
LOG (lattice-best-path[5.5.925~1-ded7b]:main():lattice-best-path.cc:99) For utterance a_1_471_46_476_70, best cost 84.046 + 3872.51 = 3956.56 over 522 frames.
a_1_471_46_476_70 ALL KING AS WE IS EVEN AND WELL 
LOG (lattice-best-path[5.5.925~1-ded7b]:main():lattice-best-path.cc:99) For utterance a_1_477_89_480_55, best cost 39.9033 + 1999.36 = 2039.26 over 264 frames.
a_1_477_89_480_55 TOOLS INSTALLATIONS 
LOG (lattice-best-path[5.5.925~1-ded7b]:main():lattice-best-path.cc:99) For utterance a_1_480_56_483_47, best cost 62.3691 + 2198.16 = 2260.53 over 289 frames.
a_1_480_56_483_47 NOW ASK OPEN HE THING 
LOG (lattice-best-path[5.5.925~1-ded7b]:main():lattice-best-path.cc:99) For utterance a_1_483_48_485_74, best cost 69.7699 + 1806.93 = 1876.7 over 224 frames.
a_1_483_48_485_74 THREE RESISTANCE FOR SOURCE CODE 
LOG (lattice-best-path[5.5.925~1-ded7b]:main():lattice-best-path.cc:99) For utterance a_1_485_99_488_85, best cost 52.7171 + 2117.32 = 2170.03 over 284 frames.
a_1_485_99_488_85 ESSENTIAL COATED CALLED 
LOG (lattice-best-path[5.5.925~1-ded7b]:main():lattice-best-path.cc:99) For utterance a_1_491_86_495_38, best cost 49.0155 + 2678.98 = 2728 over 350 frames.
a_1_491_86_495_38 AND IT INSTALLATION THREE 
LOG (lattice-best-path[5.5.925~1-ded7b]:main():lattice-best-path.cc:99) For utterance a_1_497_01_504_46, best cost 88.6791 + 5323.08 = 5411.76 over 743 frames.
a_1_497_01_504_46 AND QUESTION FRACTION SUFFER AND FIGURE SCRIPT 
LOG (lattice-best-path[5.5.925~1-ded7b]:main():lattice-best-path.cc:99) For utterance a_1_50_04_61_06, best cost 168.407 + 8223.96 = 8392.36 over 1100 frames.
a_1_50_04_61_06 AUTHENTIC INTRODUCTION BUT RELEASED ENVIRONMENT REQUIREMENTS FOR INSTALLATION YOU SUCH FACULTY 
LOG (lattice-best-path[5.5.925~1-ded7b]:main():lattice-best-path.cc:99) For utterance a_1_515_64_525_58, best cost 179.569 + 7371.67 = 7551.24 over 992 frames.
a_1_515_64_525_58 AND EVAPORATES AROUND FRONT AROUND ANTENNAS HAVE IDENTIFY BREAK ALL TO TO SWEDEN IS IT 
LOG (lattice-best-path[5.5.925~1-ded7b]:main():lattice-best-path.cc:99) For utterance a_1_540_66_545_01, best cost 67.3049 + 3137.71 = 3205.02 over 433 frames.
a_1_540_66_545_01 NOW WE SEE PERMANENT CLITORIS 
LOG (lattice-best-path[5.5.925~1-ded7b]:main():lattice-best-path.cc:99) For utterance a_1_545_02_553_17, best cost 153.653 + 6034.63 = 6188.28 over 813 frames.
a_1_545_02_553_17 WHICH SHOULD SILK ONE BECAUSE IT A MINUTE TENURE NETWORKS SO FOR SO IT 
LOG (lattice-best-path[5.5.925~1-ded7b]:main():lattice-best-path.cc:99) For utterance a_1_555_76_560_72, best cost 111.773 + 3790.9 = 3902.68 over 494 frames.
a_1_555_76_560_72 CERTITUDE WE WILL COCA FIGURES CRITICAL OPTION 
LOG (lattice-best-path[5.5.925~1-ded7b]:main():lattice-best-path.cc:99) For utterance a_1_564_61_568_28, best cost 58.5908 + 2707.77 = 2766.36 over 365 frames.
a_1_564_61_568_28 BUILD WAS QUALITY FOCUS 
LOG (lattice-best-path[5.5.925~1-ded7b]:main():lattice-best-path.cc:99) For utterance a_1_568_46_572_69, best cost 58.3773 + 3093.33 = 3151.71 over 421 frames.
a_1_568_46_572_69 WE CHANGED OPTION TO KNOW 
LOG (lattice-best-path[5.5.925~1-ded7b]:main():lattice-best-path.cc:99) For utterance a_1_587_19_597_74, best cost 174.338 + 7783.11 = 7957.44 over 1053 frames.
a_1_587_19_597_74 COPY HAVE TO SUCCESSFULLY CAN REWARD WE CAN COMPILE CAN THEM IN THIS TO MAKE COMMANDS 
LOG (lattice-best-path[5.5.925~1-ded7b]:main():lattice-best-path.cc:99) For utterance a_1_601_31_607_60, best cost 109.9 + 4785.33 = 4895.23 over 627 frames.
a_1_601_31_607_60 AND WE SPECIFY GET FOR PEOPLE JUMPS FOR TECHNICIAN 
LOG (lattice-best-path[5.5.925~1-ded7b]:main():lattice-best-path.cc:99) For utterance a_1_62_14_72_77, best cost 188.913 + 8192.32 = 8381.23 over 1061 frames.
a_1_62_14_72_77 ALL USE DINOSAUR TO INSTANT USE CAN THEREFORE WORSHIP FOR ABOUT THE TRANSPORTATION BE REGULAR 
LOG (lattice-best-path[5.5.925~1-ded7b]:main():lattice-best-path.cc:99) For utterance a_1_638_18_641_05, best cost 40.6455 + 2084.49 = 2125.13 over 285 frames.
a_1_638_18_641_05 OKAY TO DOESN'T 
LOG (lattice-best-path[5.5.925~1-ded7b]:main():lattice-best-path.cc:99) For utterance a_1_641_06_643_95, best cost 58.826 + 2222.52 = 2281.34 over 287 frames.
a_1_641_06_643_95 IT MAINSTREAM AND WILL GAME 
LOG (lattice-best-path[5.5.925~1-ded7b]:main():lattice-best-path.cc:99) For utterance a_1_643_96_648_87, best cost 93.6425 + 3765.68 = 3859.33 over 489 frames.
a_1_643_96_648_87 WE HAVE CAN SUCCESSFULLY BONO AND AND COMMODITY 
LOG (lattice-best-path[5.5.925~1-ded7b]:main():lattice-best-path.cc:99) For utterance a_1_648_88_651_77, best cost 51.7657 + 2163.15 = 2214.91 over 287 frames.
a_1_648_88_651_77 NOW TRIP FOR IT'S 
LOG (lattice-best-path[5.5.925~1-ded7b]:main():lattice-best-path.cc:99) For utterance a_1_651_86_659_83, best cost 129.648 + 5917.16 = 6046.8 over 795 frames.
a_1_651_86_659_83 AND WE CAN GO TO AND EXPORT OF COPY TUTORIAL CAN DIRECTORIES 
LOG (lattice-best-path[5.5.925~1-ded7b]:main():lattice-best-path.cc:99) For utterance a_1_659_84_662_30, best cost 45.7947 + 1778.75 = 1824.54 over 244 frames.
a_1_659_84_662_30 SEE THE NEXT VIDEO 
LOG (lattice-best-path[5.5.925~1-ded7b]:main():lattice-best-path.cc:99) For utterance a_1_6_98_11_87, best cost 140.172 + 3923.94 = 4064.11 over 487 frames.
a_1_6_98_11_87 WIRELESS COTTON AVERAGE WHAT'S ADVOCACY COUNTRY BASH DESIRABLE TALK 
LOG (lattice-best-path[5.5.925~1-ded7b]:main():lattice-best-path.cc:99) For utterance a_1_72_78_77_55, best cost 124.807 + 3774.68 = 3899.48 over 475 frames.
a_1_72_78_77_55 TO CONNECT OFFICER WE USE TO NOW PREPARATION AND TO STAGE COMMAND 
LOG (lattice-best-path[5.5.925~1-ded7b]:main():lattice-best-path.cc:99) For utterance a_1_80_11_86_02, best cost 85.8 + 4331.95 = 4417.75 over 589 frames.
a_1_80_11_86_02 DESPITE IS SAY ACTUALLY WERE TIME AS AGAIN 
LOG (lattice-best-path[5.5.925~1-ded7b]:main():lattice-best-path.cc:99) For utterance a_1_86_03_93_49, best cost 111.104 + 5636.55 = 5747.65 over 744 frames.
a_1_86_03_93_49 THAN DAVIS EVERY IT'S PHOENIX I MASS YOU SHOULD 
LOG (lattice-best-path[5.5.925~1-ded7b]:main():lattice-best-path.cc:99) For utterance b_2_0_03_4_44, best cost 76.8189 + 3488.25 = 3565.07 over 439 frames.
b_2_0_03_4_44 IS ZERO WILL COMPLETELY ABOUT TO DIRECTORIES 
LOG (lattice-best-path[5.5.925~1-ded7b]:main():lattice-best-path.cc:99) For utterance b_2_105_03_114_90, best cost 168.328 + 7411.08 = 7579.41 over 985 frames.
b_2_105_03_114_90 AND ANOTHER ONE IS REALLY SPEECH WHICH SOURCE AS OTHER MADE EXAMPLE AUDIO YEARS PHYSICAL 
LOG (lattice-best-path[5.5.925~1-ded7b]:main():lattice-best-path.cc:99) For utterance b_2_115_20_127_49, best cost 195.918 + 8930.66 = 9126.58 over 1227 frames.
b_2_115_20_127_49 TUNNEL TALK ABOUT IS WHICH RECIPE THE NEXT MODEL BECOME TAKE LAUGHLIN ALSO JOURNAL AS BE 
LOG (lattice-best-path[5.5.925~1-ded7b]:main():lattice-best-path.cc:99) For utterance b_2_129_48_136_95, best cost 131.563 + 5637.03 = 5768.59 over 745 frames.
b_2_129_48_136_95 SO IS YOU TO SEE THE WRIST AS FIVE DIRECTORY WHICH OF THE RECIPE 
LOG (lattice-best-path[5.5.925~1-ded7b]:main():lattice-best-path.cc:99) For utterance b_2_136_96_148_79, best cost 188.704 + 8636.08 = 8824.79 over 1181 frames.
b_2_136_96_148_79 TINY DOESN'T IN ANYTHING MOST LIKELY IF YOU FOR ANY OTHER WAS PEOPLE IT LITTLE SCIENTISTS FIVE 
LOG (lattice-best-path[5.5.925~1-ded7b]:main():lattice-best-path.cc:99) For utterance b_2_151_10_159_65, best cost 111.338 + 5951.32 = 6062.66 over 853 frames.
b_2_151_10_159_65 SOMERSET IS EXAMPLE TO DREAM HAVE SEVERAL DIRECTORIES 
LOG (lattice-best-path[5.5.925~1-ded7b]:main():lattice-best-path.cc:99) For utterance b_2_159_66_169_80, best cost 184.1 + 7301.98 = 7486.08 over 1012 frames.
b_2_159_66_169_80 TO CAN SEE THAT LIKE RESPOND TO DIFFERENT REGIONS OTHER CITY ALL DIFFERENT RUSSIANS OF RECIPE 
LOG (lattice-best-path[5.5.925~1-ded7b]:main():lattice-best-path.cc:99) For utterance b_2_171_54_176_67, best cost 83.8968 + 3779.14 = 3863.03 over 511 frames.
b_2_171_54_176_67 I THINK THAT IS ENOUGH INFORMATION ABOUT EXAMPLES 
LOG (lattice-best-path[5.5.925~1-ded7b]:main():lattice-best-path.cc:99) For utterance b_2_178_55_185_67, best cost 115.04 + 5206.63 = 5321.67 over 710 frames.
b_2_178_55_185_67 CAN GO TO THE SOURCE CODE TAKE LOOK AND THIS CONTENTS 
LOG (lattice-best-path[5.5.925~1-ded7b]:main():lattice-best-path.cc:99) For utterance b_2_185_96_200_94, best cost 216.016 + 10578.8 = 10794.9 over 1496 frames.
b_2_185_96_200_94 SOCIO REALLY CONSIDER SCRIPT WHICH CARETAKERS THEM QUALITY TIBURON ON UNCERTAIN SYSTEM ARTIST FOR EXAMPLE 
LOG (lattice-best-path[5.5.925~1-ded7b]:main():lattice-best-path.cc:99) For utterance b_2_200_95_218_31, best cost 207.384 + 12260.1 = 12467.5 over 1734 frames.
b_2_200_95_218_31 IT ALSO HIGHEST DOCUMENTATION DIRECTORY AM AND MAINLY MORE DIRECTORIES WHICH CAN BE DECIDED TO TO WORLD'S 
LOG (lattice-best-path[5.5.925~1-ded7b]:main():lattice-best-path.cc:99) For utterance b_2_218_32_234_63, best cost 243.745 + 11666.4 = 11910.1 over 1629 frames.
b_2_218_32_234_63 ONE OF THE MATTER EVERY DIRECTORIES FOR EXAMPLE A EACH AGAIN IS THE I VERY WITH AND IS FOR HIDDEN OF MODEL I'M FUNCTIONS 
LOG (lattice-best-path[5.5.925~1-ded7b]:main():lattice-best-path.cc:99) For utterance b_2_21_49_25_06, best cost 71.138 + 2720.81 = 2791.95 over 355 frames.
b_2_21_49_25_06 SEE SEE WITH ACTUALLY CAUSES CALLED 
LOG (lattice-best-path[5.5.925~1-ded7b]:main():lattice-best-path.cc:99) For utterance b_2_236_00_247_45, best cost 229.781 + 8558.8 = 8788.58 over 1143 frames.
b_2_236_00_247_45 AND WE THERE IS OUT OF CONDITIONS THIS LINK OUT EACH ABANDONED IS ALL FILE WHICH IS BY VERY EVERY FILE INTENSE 
LOG (lattice-best-path[5.5.925~1-ded7b]:main():lattice-best-path.cc:99) For utterance b_2_247_46_264_98, best cost 294.953 + 12821 = 13115.9 over 1750 frames.
b_2_247_46_264_98 TEST ALL SENSE FOR SHARED OBJECTS IT'S IT RESPECTS ALL THE DEFINITIONS AND ALL DIGITS FROM THIS CITIZENS HACKERS FILES AS BINARY ARE FILE 
LOG (lattice-best-path[5.5.925~1-ded7b]:main():lattice-best-path.cc:99) For utterance b_2_25_07_35_00, best cost 130.037 + 7135.71 = 7265.75 over 991 frames.
b_2_25_07_35_00 AND TOOLS WITH AND SHOW TOOLS AND COMMANDS IT ONE THERE'S THIS 
LOG (lattice-best-path[5.5.925~1-ded7b]:main():lattice-best-path.cc:99) For utterance b_2_266_21_273_05, best cost 104.804 + 4930.41 = 5035.21 over 682 frames.
b_2_266_21_273_05 IN WROTE USE THIS BY TO WIRELESS WE NEED PROBLEMS 
LOG (lattice-best-path[5.5.925~1-ded7b]:main():lattice-best-path.cc:99) For utterance b_2_273_06_285_50, best cost 195.862 + 9130.6 = 9326.46 over 1242 frames.
b_2_273_06_285_50 NEURONS ARE ALSO CALL BY RAYS IN INNOCENT THE ARE STORED IN BEEN DIRECTORIES ITALY 
LOG (lattice-best-path[5.5.925~1-ded7b]:main():lattice-best-path.cc:99) For utterance b_2_285_51_300_59, best cost 230.931 + 10781.9 = 11012.9 over 1506 frames.
b_2_285_51_300_59 FOR EXAMPLE WE CAN WILL USE DEMANDING ONCE WHICH EARTHWORMS ALL BINARY IS WORKING WISCONSIN EACH MODEL 
LOG (lattice-best-path[5.5.925~1-ded7b]:main():lattice-best-path.cc:99) For utterance b_2_306_90_317_17, best cost 188.581 + 7443.52 = 7632.1 over 1025 frames.
b_2_306_90_317_17 SO WE THEORY CAN SEE SEE SEE FILES WHICH ARE CITIZENS CODE OR CITIZENS SOURCE CODE FILES 
LOG (lattice-best-path[5.5.925~1-ded7b]:main():lattice-best-path.cc:99) For utterance b_2_317_18_324_52, best cost 107.075 + 5076.76 = 5183.83 over 732 frames.
b_2_317_18_324_52 SOME INERTIA BE SOME WHICH FILES TO TENDENCY THEN 
LOG (lattice-best-path[5.5.925~1-ded7b]:main():lattice-best-path.cc:99) For utterance b_2_325_28_334_10, best cost 137.094 + 6526.38 = 6663.47 over 880 frames.
b_2_325_28_334_10 OK THINK EACH FILE SO USE THE LICENSE AND WHEN DEMAND DIRECTORY 
LOG (lattice-best-path[5.5.925~1-ded7b]:main():lattice-best-path.cc:99) For utterance b_2_336_29_338_85, best cost 28.3479 + 1710.28 = 1738.63 over 254 frames.
b_2_336_29_338_85 I THIS ONE 
LOG (lattice-best-path[5.5.925~1-ded7b]:main():lattice-best-path.cc:99) For utterance b_2_339_20_353_95, best cost 253.856 + 10693.8 = 10947.7 over 1473 frames.
b_2_339_20_353_95 AND IS YOU LEAVE MAKE FILE WHICH DESCRIBES A THE ADDIS WHICH CAN DEVICES BASED THE FILES THIS DIRECTORY AND HOW NATION BE USED 
LOG (lattice-best-path[5.5.925~1-ded7b]:main():lattice-best-path.cc:99) For utterance b_2_358_53_365_51, best cost 136.706 + 5079.39 = 5216.1 over 696 frames.
b_2_358_53_365_51 THE DOT TAKE FILES OTHER SOME DIDN'T KOREA NEED TO MOBILE THAN 
LOG (lattice-best-path[5.5.925~1-ded7b]:main():lattice-best-path.cc:99) For utterance b_2_365_52_370_79, best cost 118.094 + 4056.56 = 4174.65 over 525 frames.
b_2_365_52_370_79 EDITORIALS SOMETHING TO MORE IT'S OF PUT LEGITIMATE COMPILER 
LOG (lattice-best-path[5.5.925~1-ded7b]:main():lattice-best-path.cc:99) For utterance b_2_370_80_378_44, best cost 103.789 + 5526.7 = 5630.49 over 762 frames.
b_2_370_80_378_44 MOSTLY WANT WE REALLY WORKING WITH USE BY FILES 
LOG (lattice-best-path[5.5.925~1-ded7b]:main():lattice-best-path.cc:99) For utterance b_2_379_78_383_53, best cost 68.5647 + 2690.48 = 2759.04 over 373 frames.
b_2_379_78_383_53 SOMETHING EXTREME AND DECODE SINGLE 
LOG (lattice-best-path[5.5.925~1-ded7b]:main():lattice-best-path.cc:99) For utterance b_2_385_03_394_02, best cost 183.578 + 6719.96 = 6903.54 over 897 frames.
b_2_385_03_394_02 WE KNOW THAT TALKS WITH CASSINI SHE MODEL CONSISTENTLY MY ONE LOADED ISN'T ALL TO 
LOG (lattice-best-path[5.5.925~1-ded7b]:main():lattice-best-path.cc:99) For utterance b_2_394_03_397_81, best cost 71.6606 + 2781 = 2852.66 over 376 frames.
b_2_394_03_397_81 IT IS ALSO TO THE DECLINE PRESENCE 
LOG (lattice-best-path[5.5.925~1-ded7b]:main():lattice-best-path.cc:99) For utterance b_2_397_82_423_89, best cost 358.584 + 18493.4 = 18852 over 2605 frames.
b_2_397_82_423_89 AND OTHERS IS JUST OTHER ADDITIONAL INFORMATION ABOUT HOW EXACTLY OFFER IT IS IT WATER WHATSOEVER THEM IN AND INFORMATION BECOME IT UNITED WONDERING THIS I RESEARCH FOR BINARY 
LOG (lattice-best-path[5.5.925~1-ded7b]:main():lattice-best-path.cc:99) For utterance b_2_40_13_47_96, best cost 117.93 + 5704.92 = 5822.85 over 781 frames.
b_2_40_13_47_96 THE YOU MORE THE RIGHT ALL SITE YOU ONE DIDN'T THIS COURSE 
LOG (lattice-best-path[5.5.925~1-ded7b]:main():lattice-best-path.cc:99) For utterance b_2_423_90_446_33, best cost 383.135 + 16616.2 = 16999.4 over 2241 frames.
b_2_423_90_446_33 WHY SET ACTUALLY WHITE IS ACTUALLY IMPORTANT TO KNOW RESPOND IS BECAUSE WHEN YOU DEVELOPED THEN YOU SCRIPT FOR COPY MOST I UNITED USE EXISTING BY IS TWO INDIRECT WITH COUNTY FILES AND DIRECTORY 
LOG (lattice-best-path[5.5.925~1-ded7b]:main():lattice-best-path.cc:99) For utterance b_2_446_34_458_29, best cost 201.122 + 8748 = 8949.12 over 1193 frames.
b_2_446_34_458_29 CHECK FIFTH WANDER FACILITIES UNIT GO TESTING DIRECTORIES AND SEE THIS ANYTHING WOULD YOU IN USE 
LOG (lattice-best-path[5.5.925~1-ded7b]:main():lattice-best-path.cc:99) For utterance b_2_459_55_472_46, best cost 228.685 + 9596.57 = 9825.25 over 1289 frames.
b_2_459_55_472_46 IF YOU THINK THAT SOME ARM WE BIZARRE IT IN CAN RUN THIS ARE WITHOUT ANY I'M TRANSPARENCY THE HELD 
LOG (lattice-best-path[5.5.925~1-ded7b]:main():lattice-best-path.cc:99) For utterance b_2_473_82_488_02, best cost 196.091 + 10071.2 = 10267.3 over 1418 frames.
b_2_473_82_488_02 TOTALLY WOULD ACTUALLY DOES DECODE FEATURES INGENIOUS MODEL AND AND IT TOTALLY HOW TO WEREN'T 
LOG (lattice-best-path[5.5.925~1-ded7b]:main():lattice-best-path.cc:99) For utterance b_2_488_35_499_75, best cost 161.221 + 8007.83 = 8169.05 over 1138 frames.
b_2_488_35_499_75 SO USE SEE THAT HE THIS CASE YOU CAN SPECIFY SOLUTIONS FIGURE AND FAMILIAR 
LOG (lattice-best-path[5.5.925~1-ded7b]:main():lattice-best-path.cc:99) For utterance b_2_48_81_57_00, best cost 100.774 + 5899.75 = 6000.52 over 817 frames.
b_2_48_81_57_00 AND THIS CHECK WOULD BECAUSE IN THE EXAMPLES DIRECTORY 
LOG (lattice-best-path[5.5.925~1-ded7b]:main():lattice-best-path.cc:99) For utterance b_2_499_76_505_12, best cost 92.5815 + 4104.82 = 4197.4 over 534 frames.
b_2_499_76_505_12 YOU GET SPECIFY THE MODEL UNIVERSITY FROM AND 
LOG (lattice-best-path[5.5.925~1-ded7b]:main():lattice-best-path.cc:99) For utterance b_2_4_47_8_89, best cost 80.7245 + 3399.73 = 3480.45 over 440 frames.
b_2_4_47_8_89 AS CONSIDER SELECT REASONABLE POLITICALLY 
LOG (lattice-best-path[5.5.925~1-ded7b]:main():lattice-best-path.cc:99) For utterance b_2_506_42_516_32, best cost 141.223 + 6858.34 = 6999.56 over 988 frames.
b_2_506_42_516_32 THEM AND SEVERAL I'M JUST ONLY ONE A SPECIFY A SPECIFY 
LOG (lattice-best-path[5.5.925~1-ded7b]:main():lattice-best-path.cc:99) For utterance b_2_516_33_534_34, best cost 266.312 + 13020.4 = 13286.8 over 1799 frames.
b_2_516_33_534_34 UTTERANCE FORMER IN SPECIFY IS THE TO TO SOME STRING WHICH WOULD DESCRIBED HOW TREE INFORMATION COUNTRY THEY INPUT INFORMATION FOR THIS ARM 
LOG (lattice-best-path[5.5.925~1-ded7b]:main():lattice-best-path.cc:99) For utterance b_2_534_35_546_40, best cost 233.624 + 8937.35 = 9170.98 over 1203 frames.
b_2_534_35_546_40 SUDDENLY SPECIFY IS RIGHTS THIS FIRE LIST THE SOMETHING IS STRIKES WIRED HOW FOR EITHER ARNOLD OVER SPOKEN 
LOG (lattice-best-path[5.5.925~1-ded7b]:main():lattice-best-path.cc:99) For utterance b_2_546_41_555_60, best cost 199.086 + 6885.5 = 7084.58 over 917 frames.
b_2_546_41_555_60 THIS CASE IT CAN BE WORST VIRUSES FIRE WHISKERS WHERE TO RIGHT MEDICAL NETWORKS FROM THE FEATURES 
LOG (lattice-best-path[5.5.925~1-ded7b]:main():lattice-best-path.cc:99) For utterance b_2_555_61_567_88, best cost 203.602 + 8602.92 = 8806.52 over 1225 frames.
b_2_555_61_567_88 AND DOSE TO A LINES THE SPECIFY ARE WHERE LINES TO BE WRITTEN WERE WHAT SPECIFY WERE THAT BRITAIN 
LOG (lattice-best-path[5.5.925~1-ded7b]:main():lattice-best-path.cc:99) For utterance b_2_567_90_583_31, best cost 256.196 + 11446.4 = 11702.6 over 1539 frames.
b_2_567_90_583_31 THIS QUICKEST DENOTE NON ESSENTIAL MOM REQUIREMENT SO IT YOU BOXES FILE ALLIANCE A MATTERS THE THAT ONE BE WRITTEN 
LOG (lattice-best-path[5.5.925~1-ded7b]:main():lattice-best-path.cc:99) For utterance b_2_583_32_592_59, best cost 145.454 + 6793.83 = 6939.28 over 925 frames.
b_2_583_32_592_59 DIDN'T SPECIFY WORDS SPECIFY ARE THE PROFILE BECAUSE THIS COUNTRIES REQUIRED 
LOG (lattice-best-path[5.5.925~1-ded7b]:main():lattice-best-path.cc:99) For utterance b_2_595_06_605_03, best cost 144.909 + 7259.15 = 7404.06 over 995 frames.
b_2_595_06_605_03 AND IDIOCY SIMILAR STRUCTURE NAME DOLLARS MANY OTHER IN AN DIRECTORIES 
LOG (lattice-best-path[5.5.925~1-ded7b]:main():lattice-best-path.cc:99) For utterance b_2_59_50_64_29, best cost 60.5917 + 3356.24 = 3416.83 over 477 frames.
b_2_59_50_64_29 FOR NOT OF A THE DIRECTORIES 
LOG (lattice-best-path[5.5.925~1-ded7b]:main():lattice-best-path.cc:99) For utterance b_2_614_15_632_14, best cost 300.726 + 13122.4 = 13423.1 over 1797 frames.
b_2_614_15_632_14 AN THIS BEEN DIRECTORY DOESN'T CHRIS CONTENT RECOVERY BUT IT CONTAINS IDEAS PHONE FORMS SUCH SKIN TUTORIAL RATE DEFINE THE DIMENSIONAL A TEXT AND SO 
LOG (lattice-best-path[5.5.925~1-ded7b]:main():lattice-best-path.cc:99) For utterance b_2_637_81_642_27, best cost 48.6507 + 3163.6 = 3212.25 over 444 frames.
b_2_637_81_642_27 CREATE THINK THAT'S IT 
LOG (lattice-best-path[5.5.925~1-ded7b]:main():lattice-best-path.cc:99) For utterance b_2_643_37_649_65, best cost 147.365 + 4660.79 = 4808.16 over 626 frames.
b_2_643_37_649_65 THE NEXT EASY WILL START TO WORK ALL NOW WERE FOR SPEECH RECOGNITION SYSTEM 
LOG (lattice-best-path[5.5.925~1-ded7b]:main():lattice-best-path.cc:99) For utterance b_2_649_80_652_86, best cost 45.9204 + 2127.1 = 2173.02 over 304 frames.
b_2_649_80_652_86 SEEING THE NEXT WILL 
LOG (lattice-best-path[5.5.925~1-ded7b]:main():lattice-best-path.cc:99) For utterance b_2_65_58_69_11, best cost 61.0291 + 2542.4 = 2603.43 over 351 frames.
b_2_65_58_69_11 THIS DIRECTORY SOCK LAST IS 
LOG (lattice-best-path[5.5.925~1-ded7b]:main():lattice-best-path.cc:99) For utterance b_2_69_20_83_11, best cost 245.839 + 10151.1 = 10396.9 over 1389 frames.
b_2_69_20_83_11 EACH OF THEM CONTAINS THE DESCRIPTION OF THE VERSUS TO BUILD IS ARE SYSTEM USING ONE CORPUS OR SEVERAL CORPORAL TOGETHER 
LOG (lattice-best-path[5.5.925~1-ded7b]:main():lattice-best-path.cc:99) For utterance b_2_83_12_105_02, best cost 386.004 + 16217 = 16603 over 2188 frames.
b_2_83_12_105_02 THE MOST IMPORTANT OF THE WORLD AND OF WE AS J WHICH DESCRIBES THAT ALL STRANGER LASER SYSTEM OR REITERATES OF THE MOST JOURNAL COUPLES WHICH IS AWAY POPULAR WHICH WORK BECAUSE THAT FOR SITUATION 
LOG (lattice-scale[5.5.925~1-ded7b]:main():lattice-scale.cc:107) Done 119 lattices.
LOG (lattice-add-penalty[5.5.925~1-ded7b]:main():lattice-add-penalty.cc:62) Done adding word insertion penalty to 119 lattices.
LOG (lattice-best-path[5.5.925~1-ded7b]:main():lattice-best-path.cc:99) For utterance b_2_8_90_21_48, best cost 202.273 + 9354.31 = 9556.58 over 1256 frames.
b_2_8_90_21_48 MOST IMPORTANT OF THEM ARE COMPLEX WITH EXAMPLE SCRIPTS FOREBODING OF I IS ASSISTANCE IS UNDERSCORE POWER 
LOG (lattice-best-path[5.5.925~1-ded7b]:main():lattice-best-path.cc:124) Overall cost per frame is 7.5458 = 0.168382 [graph] + 7.37741 [acoustic] over 94747 frames.
LOG (lattice-best-path[5.5.925~1-ded7b]:main():lattice-best-path.cc:128) Done 119 lattices, failed for 0
# Accounting: time=2 threads=1
# Ended (code 0) at Tue Jun 29 16:39:21 CEST 2021, elapsed time 2 seconds
