# gunzip -c exp/tri1/decode/depth_tmp.*.gz | steps/diagnostic/analyze_lattice_depth_stats.py exp/tri1/graph exp/tri1/decode/ali_frame_tmp.gz 
# Started at Tue Jul 13 13:24:17 CEST 2021
#
The total amount of data analyzed assuming 100 frames per second is 0.3 hours
Overall, lattice depth (10,50,90-percentile)=(1,7,39) and mean=16.0
Nonsilence phones as a group account for 66.9% of frames, with lattice depth (10,50,90-percentile)=(2,9,41) and mean=16.9
Phone SIL accounts for 33.1% of frames, with lattice depth (10,50,90-percentile)=(1,6,33) and mean=14.3
Phone Z_E accounts for 3.0% of frames, with lattice depth (10,50,90-percentile)=(1,7,35) and mean=14.1
Phone T_E accounts for 2.3% of frames, with lattice depth (10,50,90-percentile)=(2,12,52) and mean=21.0
Phone S_E accounts for 2.3% of frames, with lattice depth (10,50,90-percentile)=(2,6,29) and mean=13.7
Phone N_E accounts for 2.2% of frames, with lattice depth (10,50,90-percentile)=(2,12,51) and mean=21.4
Phone S_B accounts for 2.1% of frames, with lattice depth (10,50,90-percentile)=(2,9,38) and mean=17.3
Phone L_E accounts for 2.1% of frames, with lattice depth (10,50,90-percentile)=(1,7,30) and mean=13.1
Phone D_E accounts for 1.9% of frames, with lattice depth (10,50,90-percentile)=(2,10,54) and mean=19.1
Phone W_B accounts for 1.9% of frames, with lattice depth (10,50,90-percentile)=(1,7,42) and mean=16.2
Phone IY1_E accounts for 1.7% of frames, with lattice depth (10,50,90-percentile)=(3,7,33) and mean=13.8
Phone DH_B accounts for 1.7% of frames, with lattice depth (10,50,90-percentile)=(2,11,67) and mean=23.2
Phone IY0_E accounts for 1.6% of frames, with lattice depth (10,50,90-percentile)=(2,9,40) and mean=16.3
Phone N_I accounts for 1.4% of frames, with lattice depth (10,50,90-percentile)=(1,7,39) and mean=15.2
Phone T_B accounts for 1.3% of frames, with lattice depth (10,50,90-percentile)=(2,13,51) and mean=20.5
Phone AH0_I accounts for 1.3% of frames, with lattice depth (10,50,90-percentile)=(1,7,41) and mean=14.2
Phone EH1_I accounts for 1.2% of frames, with lattice depth (10,50,90-percentile)=(2,11,73) and mean=23.9
Phone K_B accounts for 1.1% of frames, with lattice depth (10,50,90-percentile)=(2,8,35) and mean=13.8
Phone IH0_B accounts for 1.1% of frames, with lattice depth (10,50,90-percentile)=(2,10,46) and mean=18.8
Phone IH1_I accounts for 1.1% of frames, with lattice depth (10,50,90-percentile)=(1,7,38) and mean=15.6
Phone K_I accounts for 1.0% of frames, with lattice depth (10,50,90-percentile)=(1,9,33) and mean=16.1
Phone AH0_E accounts for 1.0% of frames, with lattice depth (10,50,90-percentile)=(3,18,69) and mean=27.9
Phone AY1_I accounts for 1.0% of frames, with lattice depth (10,50,90-percentile)=(1,6,34) and mean=12.6
Phone T_I accounts for 1.0% of frames, with lattice depth (10,50,90-percentile)=(2,9,50) and mean=18.5
Phone UW1_E accounts for 1.0% of frames, with lattice depth (10,50,90-percentile)=(4,14,38) and mean=17.8
Phone R_E accounts for 1.0% of frames, with lattice depth (10,50,90-percentile)=(2,14,87) and mean=26.6
Phone S_I accounts for 1.0% of frames, with lattice depth (10,50,90-percentile)=(1,6,31) and mean=12.4
Phone AH1_I accounts for 0.9% of frames, with lattice depth (10,50,90-percentile)=(1,8,45) and mean=17.0
Phone ER0_S accounts for 0.9% of frames, with lattice depth (10,50,90-percentile)=(4,17,127) and mean=33.8
Phone IH1_B accounts for 0.9% of frames, with lattice depth (10,50,90-percentile)=(3,9,49) and mean=16.7
Phone R_I accounts for 0.9% of frames, with lattice depth (10,50,90-percentile)=(2,9,49) and mean=18.1
Phone M_E accounts for 0.9% of frames, with lattice depth (10,50,90-percentile)=(1,6,24) and mean=10.3
Phone V_E accounts for 0.8% of frames, with lattice depth (10,50,90-percentile)=(1,3,24) and mean=11.1
Phone L_I accounts for 0.8% of frames, with lattice depth (10,50,90-percentile)=(1,4,18) and mean=7.6
Phone F_B accounts for 0.8% of frames, with lattice depth (10,50,90-percentile)=(2,7,29) and mean=13.0
Phone D_B accounts for 0.7% of frames, with lattice depth (10,50,90-percentile)=(4,13,53) and mean=21.4
Phone Y_B accounts for 0.7% of frames, with lattice depth (10,50,90-percentile)=(3,10,34) and mean=13.8
Phone AE1_B accounts for 0.7% of frames, with lattice depth (10,50,90-percentile)=(1,3,22) and mean=9.8
Phone AA1_I accounts for 0.6% of frames, with lattice depth (10,50,90-percentile)=(2,10,53) and mean=20.9
Phone OW1_I accounts for 0.6% of frames, with lattice depth (10,50,90-percentile)=(2,5,33) and mean=11.5
Phone P_I accounts for 0.6% of frames, with lattice depth (10,50,90-percentile)=(1,4,35) and mean=11.8
Phone EY1_I accounts for 0.6% of frames, with lattice depth (10,50,90-percentile)=(1,9,38) and mean=14.4
Phone OW1_E accounts for 0.6% of frames, with lattice depth (10,50,90-percentile)=(1,7,25) and mean=11.0
Phone AO1_B accounts for 0.6% of frames, with lattice depth (10,50,90-percentile)=(1,11,39) and mean=18.9
Phone CH_E accounts for 0.6% of frames, with lattice depth (10,50,90-percentile)=(1,3,18) and mean=7.3
Phone AO1_I accounts for 0.6% of frames, with lattice depth (10,50,90-percentile)=(2,5,18) and mean=8.4
Phone IY1_I accounts for 0.6% of frames, with lattice depth (10,50,90-percentile)=(2,9,50) and mean=16.5
Phone ER0_E accounts for 0.5% of frames, with lattice depth (10,50,90-percentile)=(4,9,78) and mean=25.5
# Accounting: time=0 threads=1
# Ended (code 0) at Tue Jul 13 13:24:17 CEST 2021, elapsed time 0 seconds
