# gmm-latgen-faster --max-active=7000 --beam=13.0 --lattice-beam=6.0 --acoustic-scale=0.083333 --allow-partial=true --word-symbol-table=exp/tri1/graph/words.txt exp/tri1/final.mdl exp/tri1/graph/HCLG.fst "ark,s,cs:apply-cmvn  --utt2spk=ark:data/dev_teamlab/split1/1/utt2spk scp:data/dev_teamlab/split1/1/cmvn.scp scp:data/dev_teamlab/split1/1/feats.scp ark:- | add-deltas  ark:- ark:- |" "ark:|gzip -c > exp/tri1/decode/lat.1.gz" 
# Started at Tue Jul 13 13:23:20 CEST 2021
#
gmm-latgen-faster --max-active=7000 --beam=13.0 --lattice-beam=6.0 --acoustic-scale=0.083333 --allow-partial=true --word-symbol-table=exp/tri1/graph/words.txt exp/tri1/final.mdl exp/tri1/graph/HCLG.fst 'ark,s,cs:apply-cmvn  --utt2spk=ark:data/dev_teamlab/split1/1/utt2spk scp:data/dev_teamlab/split1/1/cmvn.scp scp:data/dev_teamlab/split1/1/feats.scp ark:- | add-deltas  ark:- ark:- |' 'ark:|gzip -c > exp/tri1/decode/lat.1.gz' 
add-deltas ark:- ark:- 
apply-cmvn --utt2spk=ark:data/dev_teamlab/split1/1/utt2spk scp:data/dev_teamlab/split1/1/cmvn.scp scp:data/dev_teamlab/split1/1/feats.scp ark:- 
a_1_0_00_3_10 EVERY ONE MAPPING TO ALL 
LOG (gmm-latgen-faster[5.5.925~1-ded7b]:DecodeUtteranceLatticeFaster():decoder-wrappers.cc:375) Log-like per frame for utterance a_1_0_00_3_10 is -8.01093 over 308 frames.
a_1_100_57_108_91 OR THE WILL SEARCH YOU SHOULD CHANGE EITHER DIRECTORY TRUE CAN ONE PER AND IT DIRECTORY 
LOG (gmm-latgen-faster[5.5.925~1-ded7b]:DecodeUtteranceLatticeFaster():decoder-wrappers.cc:375) Log-like per frame for utterance a_1_100_57_108_91 is -7.61064 over 832 frames.
a_1_11_88_15_85 ALRIGHT DIRECT THESE DICT DECODE INTENTION LINK 
LOG (gmm-latgen-faster[5.5.925~1-ded7b]:DecodeUtteranceLatticeFaster():decoder-wrappers.cc:375) Log-like per frame for utterance a_1_11_88_15_85 is -8.16891 over 395 frames.
a_1_120_08_126_30 DON'T I TAKES ID THE SAME OPERATE WRITE IT MIGHT DIRECTORY TO SHOULD USE TO ALL 
LOG (gmm-latgen-faster[5.5.925~1-ded7b]:DecodeUtteranceLatticeFaster():decoder-wrappers.cc:375) Log-like per frame for utterance a_1_120_08_126_30 is -8.1764 over 620 frames.
a_1_130_61_132_11 
LOG (gmm-latgen-faster[5.5.925~1-ded7b]:DecodeUtteranceLatticeFaster():decoder-wrappers.cc:375) Log-like per frame for utterance a_1_130_61_132_11 is -6.38985 over 148 frames.
a_1_132_12_134_00 NOW WE NEED TO NORMAL CONF 
LOG (gmm-latgen-faster[5.5.925~1-ded7b]:DecodeUtteranceLatticeFaster():decoder-wrappers.cc:375) Log-like per frame for utterance a_1_132_12_134_00 is -8.48794 over 186 frames.
a_1_142_25_147_84 TO BASED ALL PER SOURCE AND IT SOURCE TO TO GOOD STOP 
LOG (gmm-latgen-faster[5.5.925~1-ded7b]:DecodeUtteranceLatticeFaster():decoder-wrappers.cc:375) Log-like per frame for utterance a_1_142_25_147_84 is -7.73503 over 557 frames.
a_1_147_85_154_10 WE JUST NEED TO RUN GET CLONE TO GIT IT COPY OF THE AHA LOCAL TO SOURCE CALLED 
LOG (gmm-latgen-faster[5.5.925~1-ded7b]:DecodeUtteranceLatticeFaster():decoder-wrappers.cc:375) Log-like per frame for utterance a_1_147_85_154_10 is -8.05114 over 623 frames.
a_1_18_07_24_79 CUT IS A TO IT FOR SPEECH RECOGNITION IT IS AND AND FOR SPEECH RECOGNITION TO SERVERS AND BASH MOST 
LOG (gmm-latgen-faster[5.5.925~1-ded7b]:DecodeUtteranceLatticeFaster():decoder-wrappers.cc:375) Log-like per frame for utterance a_1_18_07_24_79 is -8.2409 over 670 frames.
a_1_224_41_227_54 OKAY IT LINK OF FINISHED 
LOG (gmm-latgen-faster[5.5.925~1-ded7b]:DecodeUtteranceLatticeFaster():decoder-wrappers.cc:375) Log-like per frame for utterance a_1_224_41_227_54 is -7.85471 over 311 frames.
a_1_228_65_235_92 NOW WE HAVE CUT DIRECTORY BECAUSE ALL THIRD EH 
LOG (gmm-latgen-faster[5.5.925~1-ded7b]:DecodeUtteranceLatticeFaster():decoder-wrappers.cc:375) Log-like per frame for utterance a_1_228_65_235_92 is -7.33022 over 725 frames.
a_1_237_94_245_41 YOU CAN SEE THE FILE THINK THERE THE TOTAL LOCAL THREE 
LOG (gmm-latgen-faster[5.5.925~1-ded7b]:DecodeUtteranceLatticeFaster():decoder-wrappers.cc:375) Log-like per frame for utterance a_1_237_94_245_41 is -7.54925 over 745 frames.
a_1_246_63_250_17 NO CAN GO TO INSTALLATION STEP 
LOG (gmm-latgen-faster[5.5.925~1-ded7b]:DecodeUtteranceLatticeFaster():decoder-wrappers.cc:375) Log-like per frame for utterance a_1_246_63_250_17 is -7.76247 over 352 frames.
a_1_24_80_32_22 ROUGHLY TO GET INSIDE PREVIOUS THREE WHAT FOR THE SUCH HOW WHY VERY TO STILL VARIABLE FOR IN THE IN TEST G 
LOG (gmm-latgen-faster[5.5.925~1-ded7b]:DecodeUtteranceLatticeFaster():decoder-wrappers.cc:375) Log-like per frame for utterance a_1_24_80_32_22 is -8.49595 over 740 frames.
a_1_251_67_255_43 IT THE TOTAL I WILL ARE OKAY 
LOG (gmm-latgen-faster[5.5.925~1-ded7b]:DecodeUtteranceLatticeFaster():decoder-wrappers.cc:375) Log-like per frame for utterance a_1_251_67_255_43 is -7.65269 over 374 frames.
a_1_255_79_259_74 DOT ALL STRUCTURE SERVER TO TO IN THE INSTALLED FILE 
LOG (gmm-latgen-faster[5.5.925~1-ded7b]:DecodeUtteranceLatticeFaster():decoder-wrappers.cc:375) Log-like per frame for utterance a_1_255_79_259_74 is -8.30071 over 393 frames.
a_1_259_82_261_02 LET'S CHECK IT 
LOG (gmm-latgen-faster[5.5.925~1-ded7b]:DecodeUtteranceLatticeFaster():decoder-wrappers.cc:375) Log-like per frame for utterance a_1_259_82_261_02 is -8.01663 over 118 frames.
a_1_264_37_273_53 TELLS DOES TO GO TO TO US PHONES OF STRUCTURE THERE ARE THE GO TO SEE SEE AND PHONES ALL AND STRUCTURE THEN 
LOG (gmm-latgen-faster[5.5.925~1-ded7b]:DecodeUtteranceLatticeFaster():decoder-wrappers.cc:375) Log-like per frame for utterance a_1_264_37_273_53 is -7.94741 over 914 frames.
a_1_274_88_279_23 LET'S CLONE TO LOOP LET'S 
LOG (gmm-latgen-faster[5.5.925~1-ded7b]:DecodeUtteranceLatticeFaster():decoder-wrappers.cc:375) Log-like per frame for utterance a_1_274_88_279_23 is -7.45852 over 433 frames.
a_1_279_96_290_47 IT IS A DIRECTORY CONTAINS SCRIPTS TO IN STAR ALL ADDITIONAL THIRD PART TO TELLS NEED IT FOR COPY OR THE CUT AS IS 
LOG (gmm-latgen-faster[5.5.925~1-ded7b]:DecodeUtteranceLatticeFaster():decoder-wrappers.cc:375) Log-like per frame for utterance a_1_279_96_290_47 is -8.02422 over 1049 frames.
a_1_290_97_292_22 TOTAL THE MADE ARE 
LOG (gmm-latgen-faster[5.5.925~1-ded7b]:DecodeUtteranceLatticeFaster():decoder-wrappers.cc:375) Log-like per frame for utterance a_1_290_97_292_22 is -8.85281 over 123 frames.
a_1_306_34_313_46 SO ALL FIRST THING KEPT WHEN TO TO WE STORE IN THIS SCRIPT TO CHECK TO TO AND LET'S IT'S 
LOG (gmm-latgen-faster[5.5.925~1-ded7b]:DecodeUtteranceLatticeFaster():decoder-wrappers.cc:375) Log-like per frame for utterance a_1_306_34_313_46 is -7.98779 over 710 frames.
a_1_319_69_324_25 LISTED CUT OF FOR PRINTS WE CAN 
LOG (gmm-latgen-faster[5.5.925~1-ded7b]:DecodeUtteranceLatticeFaster():decoder-wrappers.cc:375) Log-like per frame for utterance a_1_319_69_324_25 is -7.95937 over 454 frames.
a_1_32_28_39_15 IF D WE G WE COMMON YEAH AND WOULD WORK ONE SPEECH TRADITION THERE MOST ID FILL DATA USE COPY 
LOG (gmm-latgen-faster[5.5.925~1-ded7b]:DecodeUtteranceLatticeFaster():decoder-wrappers.cc:375) Log-like per frame for utterance a_1_32_28_39_15 is -8.44727 over 685 frames.
a_1_346_07_355_21 NOW WE CAN RUN MAKE IT ONE STAR ALL NOT STREET TOOLS IT ONE OF CAN TO EACH 
LOG (gmm-latgen-faster[5.5.925~1-ded7b]:DecodeUtteranceLatticeFaster():decoder-wrappers.cc:375) Log-like per frame for utterance a_1_346_07_355_21 is -7.6209 over 912 frames.
a_1_355_22_362_53 IT I'M AS WE HAVE I PER CAN DIRECTORY SHOULD ID FOR LOOK IT'S CODE SEE PER SHOULD 
LOG (gmm-latgen-faster[5.5.925~1-ded7b]:DecodeUtteranceLatticeFaster():decoder-wrappers.cc:375) Log-like per frame for utterance a_1_355_22_362_53 is -7.70507 over 729 frames.
a_1_364_38_380_40 AND IT WOULD BE PROPER TO JUST ABLE IT SPEAKER US IN CUT D WE YOU WILL CAN FILE WELL TO FILES AND WILL QUICKLY AN OUT OF SPLIT IS SPACE FOR BASH 
LOG (gmm-latgen-faster[5.5.925~1-ded7b]:DecodeUtteranceLatticeFaster():decoder-wrappers.cc:375) Log-like per frame for utterance a_1_364_38_380_40 is -7.59402 over 1600 frames.
a_1_392_69_400_08 WILL THIS TO ABLE THERE CAN BY BACK ARE SHOULD BY EXIT FOR TO VARIABLE 
LOG (gmm-latgen-faster[5.5.925~1-ded7b]:DecodeUtteranceLatticeFaster():decoder-wrappers.cc:375) Log-like per frame for utterance a_1_392_69_400_08 is -7.65475 over 737 frames.
a_1_3_11_6_08 I WILL DID YOU FROM I WHAT CAPITAL DID THIS MODE ONE 
LOG (gmm-latgen-faster[5.5.925~1-ded7b]:DecodeUtteranceLatticeFaster():decoder-wrappers.cc:375) Log-like per frame for utterance a_1_3_11_6_08 is -8.69814 over 295 frames.
a_1_400_97_403_16 SEE CORRECT IS SAVE TO WE GO ALSO ONE 
LOG (gmm-latgen-faster[5.5.925~1-ded7b]:DecodeUtteranceLatticeFaster():decoder-wrappers.cc:375) Log-like per frame for utterance a_1_400_97_403_16 is -8.27171 over 217 frames.
a_1_403_81_408_78 NOW WE CAN AND MADE TO GOOD CUT FILE THE A TO IT'S 
LOG (gmm-latgen-faster[5.5.925~1-ded7b]:DecodeUtteranceLatticeFaster():decoder-wrappers.cc:375) Log-like per frame for utterance a_1_403_81_408_78 is -7.70672 over 495 frames.
a_1_409_66_419_30 AND WE WELL USE TRAIN OPTION WHICH TELLS MAKE TO RUN SERVER ALL CAN TO SHOULD DOT INTO WALL 
LOG (gmm-latgen-faster[5.5.925~1-ded7b]:DecodeUtteranceLatticeFaster():decoder-wrappers.cc:375) Log-like per frame for utterance a_1_409_66_419_30 is -7.70263 over 962 frames.
a_1_40_83_46_72 IN THE NEXT LINK USE I WILL ALL SHIFT ALL CUT BEFORE TIMES TUTORIAL 
LOG (gmm-latgen-faster[5.5.925~1-ded7b]:DecodeUtteranceLatticeFaster():decoder-wrappers.cc:375) Log-like per frame for utterance a_1_40_83_46_72 is -7.88493 over 587 frames.
a_1_420_28_426_62 IT IS YOU DID FOR FOR INSTALLATION AND FILES FOR BUT SYSTEM 
LOG (gmm-latgen-faster[5.5.925~1-ded7b]:DecodeUtteranceLatticeFaster():decoder-wrappers.cc:375) Log-like per frame for utterance a_1_420_28_426_62 is -7.71398 over 632 frames.
a_1_426_89_440_27 SINCE WE TO HAVE IT'S WE HAVE FOR G SPEAKERS OF THIS SERVER WE CAN RUN MAKE WITH FOR TO ID FILE JUMP SEE 
LOG (gmm-latgen-faster[5.5.925~1-ded7b]:DecodeUtteranceLatticeFaster():decoder-wrappers.cc:375) Log-like per frame for utterance a_1_426_89_440_27 is -7.43536 over 1336 frames.
a_1_471_46_476_70 NOW LOOK IF END WE SEE EVERYTHING END WELL 
LOG (gmm-latgen-faster[5.5.925~1-ded7b]:DecodeUtteranceLatticeFaster():decoder-wrappers.cc:375) Log-like per frame for utterance a_1_471_46_476_70 is -7.74592 over 522 frames.
a_1_477_89_480_55 TOOLS AND DURATION IS CAN 
LOG (gmm-latgen-faster[5.5.925~1-ded7b]:DecodeUtteranceLatticeFaster():decoder-wrappers.cc:375) Log-like per frame for utterance a_1_477_89_480_55 is -7.88828 over 264 frames.
a_1_480_56_483_47 NOW LET'S CODE AN SEE 
LOG (gmm-latgen-faster[5.5.925~1-ded7b]:DecodeUtteranceLatticeFaster():decoder-wrappers.cc:375) Log-like per frame for utterance a_1_480_56_483_47 is -7.92653 over 289 frames.
a_1_483_48_485_74 EITHER SEE STANDS FOR SOURCE CODE 
LOG (gmm-latgen-faster[5.5.925~1-ded7b]:DecodeUtteranceLatticeFaster():decoder-wrappers.cc:375) Log-like per frame for utterance a_1_483_48_485_74 is -8.4812 over 224 frames.
a_1_485_99_488_85 DOES THE ACTUAL CODE OF COOL THE 
LOG (gmm-latgen-faster[5.5.925~1-ded7b]:DecodeUtteranceLatticeFaster():decoder-wrappers.cc:375) Log-like per frame for utterance a_1_485_99_488_85 is -7.7305 over 284 frames.
a_1_491_86_495_38 READ IT INSTALLATION FROM SHOULD 
LOG (gmm-latgen-faster[5.5.925~1-ded7b]:DecodeUtteranceLatticeFaster():decoder-wrappers.cc:375) Log-like per frame for utterance a_1_491_86_495_38 is -7.91359 over 350 frames.
a_1_497_01_504_46 IT DURATION STAR SHOULD OTHER CURRENT YOUR SCRIPT 
LOG (gmm-latgen-faster[5.5.925~1-ded7b]:DecodeUtteranceLatticeFaster():decoder-wrappers.cc:375) Log-like per frame for utterance a_1_497_01_504_46 is -7.42746 over 743 frames.
a_1_50_04_61_06 OFTEN PRINT REDIRECTION TUTORIAL LISTS IN DIRECTORY CURRENT IT'S FOR INSTALLATION USE WHICH OF CUT SEE 
LOG (gmm-latgen-faster[5.5.925~1-ded7b]:DecodeUtteranceLatticeFaster():decoder-wrappers.cc:375) Log-like per frame for utterance a_1_50_04_61_06 is -7.7584 over 1100 frames.
a_1_515_64_525_58 AND HERE EVERY SERVER NOT FOUND AROUND EH TIME AS WE HAVE AFTER TO FIVE READ CALLED OUT US WE TO USE IT 
LOG (gmm-latgen-faster[5.5.925~1-ded7b]:DecodeUtteranceLatticeFaster():decoder-wrappers.cc:375) Log-like per frame for utterance a_1_515_64_525_58 is -7.75001 over 992 frames.
a_1_540_66_545_01 NOW WE SEE IT CLONE WITH COPY OVER IS 
LOG (gmm-latgen-faster[5.5.925~1-ded7b]:DecodeUtteranceLatticeFaster():decoder-wrappers.cc:375) Log-like per frame for utterance a_1_540_66_545_01 is -7.50421 over 433 frames.
a_1_545_02_553_17 WE ACTUALLY SHOULD IS TO WILL COMMON BECAUSE IT'S ONLY NEEDED TO TRAINING AND WORKS SO FOR IT'S NOT NEED 
LOG (gmm-latgen-faster[5.5.925~1-ded7b]:DecodeUtteranceLatticeFaster():decoder-wrappers.cc:375) Log-like per frame for utterance a_1_545_02_553_17 is -7.69685 over 813 frames.
a_1_555_76_560_72 ARE TO TO IT WE IN WILL CODE COPY SCRIPT WITH FILE OPTION 
LOG (gmm-latgen-faster[5.5.925~1-ded7b]:DecodeUtteranceLatticeFaster():decoder-wrappers.cc:375) Log-like per frame for utterance a_1_555_76_560_72 is -7.99921 over 494 frames.
a_1_564_61_568_28 WE WOULD WAS COMMON IF ALL TO IT'S 
LOG (gmm-latgen-faster[5.5.925~1-ded7b]:DecodeUtteranceLatticeFaster():decoder-wrappers.cc:375) Log-like per frame for utterance a_1_564_61_568_28 is -7.78096 over 365 frames.
a_1_568_46_572_69 WILL CHANGE LET'S OPTION TO KNOW 
LOG (gmm-latgen-faster[5.5.925~1-ded7b]:DecodeUtteranceLatticeFaster():decoder-wrappers.cc:375) Log-like per frame for utterance a_1_568_46_572_69 is -7.61867 over 421 frames.
a_1_587_19_597_74 TO HAVE TO SUCCESSFULLY CONF IN PART NOW LOOK IN COMPARE LOCAL IT TO THIS TO MAKE COMMANDS 
LOG (gmm-latgen-faster[5.5.925~1-ded7b]:DecodeUtteranceLatticeFaster():decoder-wrappers.cc:375) Log-like per frame for utterance a_1_587_19_597_74 is -7.67818 over 1053 frames.
a_1_601_31_607_60 AND WE SPECIFY DIDN'T FOR TO PER ALL JUMP SED FOR THE RECOGNITION 
LOG (gmm-latgen-faster[5.5.925~1-ded7b]:DecodeUtteranceLatticeFaster():decoder-wrappers.cc:375) Log-like per frame for utterance a_1_601_31_607_60 is -7.95169 over 627 frames.
a_1_62_14_72_77 WILL USE I'M AS SERVER TO IN STOP USE CUT D THERE FOR WHICH RECORDING DOT THE REQUIREMENT FOR THREE SHOULD BE ID THERE 
LOG (gmm-latgen-faster[5.5.925~1-ded7b]:DecodeUtteranceLatticeFaster():decoder-wrappers.cc:375) Log-like per frame for utterance a_1_62_14_72_77 is -8.02699 over 1061 frames.
a_1_638_18_641_05 ALL CASE IT'S AS ONE 
LOG (gmm-latgen-faster[5.5.925~1-ded7b]:DecodeUtteranceLatticeFaster():decoder-wrappers.cc:375) Log-like per frame for utterance a_1_638_18_641_05 is -7.60688 over 285 frames.
a_1_641_06_643_95 IT MEANS EVERYTHING ONE IT WELL AGAIN 
LOG (gmm-latgen-faster[5.5.925~1-ded7b]:DecodeUtteranceLatticeFaster():decoder-wrappers.cc:375) Log-like per frame for utterance a_1_641_06_643_95 is -8.08036 over 287 frames.
a_1_643_96_648_87 WE HAVE CAN SUCCESSFULLY DOT OWN AND AND CAN CURRENT DOT THE 
LOG (gmm-latgen-faster[5.5.925~1-ded7b]:DecodeUtteranceLatticeFaster():decoder-wrappers.cc:375) Log-like per frame for utterance a_1_643_96_648_87 is -8.04739 over 489 frames.
a_1_648_88_651_77 NOW IT STREET FOR YES 
LOG (gmm-latgen-faster[5.5.925~1-ded7b]:DecodeUtteranceLatticeFaster():decoder-wrappers.cc:375) Log-like per frame for utterance a_1_648_88_651_77 is -7.80055 over 287 frames.
a_1_651_86_659_83 AND WE CAN GO TO TO TEXT PART OF CUT IN TUTORIAL HOW TO DIRECTORIES DIRECTORY 
LOG (gmm-latgen-faster[5.5.925~1-ded7b]:DecodeUtteranceLatticeFaster():decoder-wrappers.cc:375) Log-like per frame for utterance a_1_651_86_659_83 is -7.69344 over 795 frames.
a_1_659_84_662_30 STILL THE NEXT VIDEO 
LOG (gmm-latgen-faster[5.5.925~1-ded7b]:DecodeUtteranceLatticeFaster():decoder-wrappers.cc:375) Log-like per frame for utterance a_1_659_84_662_30 is -7.50798 over 244 frames.
a_1_6_98_11_87 DIRECTORIES GO TO LIKELY SHOULD LET'S I TO COPY HUNDRED THE SHARED SOME NOT LOOK 
LOG (gmm-latgen-faster[5.5.925~1-ded7b]:DecodeUtteranceLatticeFaster():decoder-wrappers.cc:375) Log-like per frame for utterance a_1_6_98_11_87 is -8.50727 over 487 frames.
a_1_72_78_77_55 TO CONNECT ALL THE SERVER USE STILL NOW PREPARATION AND IS TO EACH COMMAND 
LOG (gmm-latgen-faster[5.5.925~1-ded7b]:DecodeUtteranceLatticeFaster():decoder-wrappers.cc:375) Log-like per frame for utterance a_1_72_78_77_55 is -8.37303 over 475 frames.
a_1_80_11_86_02 LIST I THIS IS I ACTUALLY WERE I'M AS AGAIN 
LOG (gmm-latgen-faster[5.5.925~1-ded7b]:DecodeUtteranceLatticeFaster():decoder-wrappers.cc:375) Log-like per frame for utterance a_1_80_11_86_02 is -7.65167 over 589 frames.
a_1_86_03_93_49 THEN THE NAME OF THE SERVER IT'S PHOENIX TIMES YOU ACTUALLY 
LOG (gmm-latgen-faster[5.5.925~1-ded7b]:DecodeUtteranceLatticeFaster():decoder-wrappers.cc:375) Log-like per frame for utterance a_1_86_03_93_49 is -7.84338 over 744 frames.
b_2_0_03_4_44 IN THIS VIDEO WILL TO MAINLY NOT TO DIRECTORY IT'S 
LOG (gmm-latgen-faster[5.5.925~1-ded7b]:DecodeUtteranceLatticeFaster():decoder-wrappers.cc:375) Log-like per frame for utterance b_2_0_03_4_44 is -8.24909 over 439 frames.
b_2_105_03_114_90 AND ANOTHER ONE IS MINI EVERY SPEECH WHICH SERVERS TELLS THE MADE EXAMPLE OF BORING PROCEED IS LOCAL OTHER 
LOG (gmm-latgen-faster[5.5.925~1-ded7b]:DecodeUtteranceLatticeFaster():decoder-wrappers.cc:375) Log-like per frame for utterance b_2_105_03_114_90 is -7.75575 over 985 frames.
b_2_115_20_127_49 DONE WILL TO LOCAL OUT MINI SPEECH AS TO THE NEXT MODEL WE CAN DATA NEW GO IN ALL STREET JOURNAL RECIPE 
LOG (gmm-latgen-faster[5.5.925~1-ded7b]:DecodeUtteranceLatticeFaster():decoder-wrappers.cc:375) Log-like per frame for utterance b_2_115_20_127_49 is -7.52411 over 1227 frames.
b_2_129_48_136_95 SO IS YOU CAN SAY THE REASON AS FIVE DIRECTORY EACH OF THE RECIPE 
LOG (gmm-latgen-faster[5.5.925~1-ded7b]:DecodeUtteranceLatticeFaster():decoder-wrappers.cc:375) Log-like per frame for utterance b_2_129_48_136_95 is -7.85894 over 745 frames.
b_2_136_96_148_79 TIME TO DOESN'T IN ANYTHING MOST LIKELY IT IF YOU LOOP FOR TRAINING OTHER RECIPE AND IT ALL BE ALSO AND TEST FIVE 
LOG (gmm-latgen-faster[5.5.925~1-ded7b]:DecodeUtteranceLatticeFaster():decoder-wrappers.cc:375) Log-like per frame for utterance b_2_136_96_148_79 is -7.5631 over 1181 frames.
b_2_151_10_159_65 SOME RECIPE IS TO EXAMPLE TO ID WILL HAVE SEND ALL DIRECTORIES 
LOG (gmm-latgen-faster[5.5.925~1-ded7b]:DecodeUtteranceLatticeFaster():decoder-wrappers.cc:375) Log-like per frame for utterance b_2_151_10_159_65 is -7.17875 over 853 frames.
b_2_159_66_169_80 TO CAN IT SEE THAT TAKE AS DON'T TO DIFFERENT READ IT'S OF THE REST ONE DIFFERENT OPTION SO VARIOUS IT 
LOG (gmm-latgen-faster[5.5.925~1-ded7b]:DecodeUtteranceLatticeFaster():decoder-wrappers.cc:375) Log-like per frame for utterance b_2_159_66_169_80 is -7.48642 over 1012 frames.
b_2_171_54_176_67 I THINK THAT IS ENOUGH AND FROM ACTUAL DOT EXAMPLE IS 
LOG (gmm-latgen-faster[5.5.925~1-ded7b]:DecodeUtteranceLatticeFaster():decoder-wrappers.cc:375) Log-like per frame for utterance b_2_171_54_176_67 is -7.6985 over 511 frames.
b_2_178_55_185_67 IT CAN GO TO THE SOURCE CALLED AND A CAN LOOK AND WE IT'S CONTENTS 
LOG (gmm-latgen-faster[5.5.925~1-ded7b]:DecodeUtteranceLatticeFaster():decoder-wrappers.cc:375) Log-like per frame for utterance b_2_178_55_185_67 is -7.49511 over 710 frames.
b_2_185_96_200_94 SO WE SEE ALREADY THE CAN SPEAKERS SCRIPT WHICH TO TO IS THE HOW D TO BE ARE ON WE SERVER TO SYSTEM ON ARE SYSTEM FOR EXAMPLE 
LOG (gmm-latgen-faster[5.5.925~1-ded7b]:DecodeUtteranceLatticeFaster():decoder-wrappers.cc:375) Log-like per frame for utterance b_2_185_96_200_94 is -7.26157 over 1496 frames.
b_2_200_95_218_31 IT ALSO HAS SED DOCUMENTATION DIRECTORY D AND I'M AND MANY MORE DIRECTORIES WHICH CAN BE ID EVALUATE TO TO TO LOOKS 
LOG (gmm-latgen-faster[5.5.925~1-ded7b]:DecodeUtteranceLatticeFaster():decoder-wrappers.cc:375) Log-like per frame for utterance b_2_200_95_218_31 is -7.27227 over 1734 frames.
b_2_218_32_234_63 ONE OF THEM OVER LIKELY DIRECTORIES TO EXAMPLE OTHER EACH AGAIN IS THE LIKELY WITH DIRECTORIES FOR DIDN'T OF MODEL I'M FROM SHOULD IT'S 
LOG (gmm-latgen-faster[5.5.925~1-ded7b]:DecodeUtteranceLatticeFaster():decoder-wrappers.cc:375) Log-like per frame for utterance b_2_218_32_234_63 is -7.40519 over 1629 frames.
b_2_21_49_25_06 SEE SEE WITH ACTUALLY LOCAL TO SOURCE CALLED 
LOG (gmm-latgen-faster[5.5.925~1-ded7b]:DecodeUtteranceLatticeFaster():decoder-wrappers.cc:375) Log-like per frame for utterance b_2_21_49_25_06 is -7.88945 over 355 frames.
b_2_236_00_247_45 END THE THESE OUT OF CAN TRADITION IS THIS LINK OUT WHICH WHEN MIDDLE TO SO FILE WHICH IS BY WE LIKELY FILE IN LINKS 
LOG (gmm-latgen-faster[5.5.925~1-ded7b]:DecodeUtteranceLatticeFaster():decoder-wrappers.cc:375) Log-like per frame for utterance b_2_236_00_247_45 is -7.84544 over 1143 frames.
b_2_247_46_264_98 AS ALL STANDS FOR SHARED ONLY IT'S IT'S ID JUST BREAKS ALL THE END FROM SHOULD IT'S AND ONLY IT'S FROM THIS SEE DOES WHAT SET HAVE INVERSE FILES AS A BY END FILE 
LOG (gmm-latgen-faster[5.5.925~1-ded7b]:DecodeUtteranceLatticeFaster():decoder-wrappers.cc:375) Log-like per frame for utterance b_2_247_46_264_98 is -7.60295 over 1750 frames.
b_2_25_07_35_00 AND TOOLS WITH ADDITIONAL TOOLS AND COMMON IN SEE NEED IT TO ONE THE RECIPE IS 
LOG (gmm-latgen-faster[5.5.925~1-ded7b]:DecodeUtteranceLatticeFaster():decoder-wrappers.cc:375) Log-like per frame for utterance b_2_25_07_35_00 is -7.42862 over 991 frames.
b_2_266_21_273_05 IN ARE AND USE THIS BACK IT I VARIOUS WE IN NEED FROM ITEMS 
LOG (gmm-latgen-faster[5.5.925~1-ded7b]:DecodeUtteranceLatticeFaster():decoder-wrappers.cc:375) Log-like per frame for utterance b_2_266_21_273_05 is -7.52306 over 682 frames.
b_2_273_06_285_50 DOT STAR ALSO CALLED DIRECTORIES IN LINKS AND THE TO ARE TO STORED IN BE AN DIRECTORIES IN COPY 
LOG (gmm-latgen-faster[5.5.925~1-ded7b]:DecodeUtteranceLatticeFaster():decoder-wrappers.cc:375) Log-like per frame for utterance b_2_273_06_285_50 is -7.63475 over 1242 frames.
b_2_285_51_300_59 FOR EXAMPLE WE CAN WE WILL USE D NAME BE IN ONE AS WHICH ARE COMMENTS OR LIKELY IS WORKING WITH TELLS AND ACTUALLY MODEL 
LOG (gmm-latgen-faster[5.5.925~1-ded7b]:DecodeUtteranceLatticeFaster():decoder-wrappers.cc:375) Log-like per frame for utterance b_2_285_51_300_59 is -7.406 over 1506 frames.
b_2_306_90_317_17 SO EASIER YOU CAN SEE SEE SEE FILES WHICH PROCEED DOES RUNS CODE OR SEE TELLS FILES TO SOURCE CODE FILES 
LOG (gmm-latgen-faster[5.5.925~1-ded7b]:DecodeUtteranceLatticeFaster():decoder-wrappers.cc:375) Log-like per frame for utterance b_2_306_90_317_17 is -7.51645 over 1025 frames.
b_2_317_18_324_52 SOME THE SHOULD BE SOME TO FILES TO DIDN'T SEE THEN 
LOG (gmm-latgen-faster[5.5.925~1-ded7b]:DecodeUtteranceLatticeFaster():decoder-wrappers.cc:375) Log-like per frame for utterance b_2_317_18_324_52 is -7.17947 over 732 frames.
b_2_325_28_334_10 ALL OKAY I THINK WHICH FILES ONLY USE TO THE LIKELY IS TO IS AND WHEN G AGAIN DIRECTORY 
LOG (gmm-latgen-faster[5.5.925~1-ded7b]:DecodeUtteranceLatticeFaster():decoder-wrappers.cc:375) Log-like per frame for utterance b_2_325_28_334_10 is -7.68377 over 880 frames.
b_2_336_29_338_85 I THIS ONE 
LOG (gmm-latgen-faster[5.5.925~1-ded7b]:DecodeUtteranceLatticeFaster():decoder-wrappers.cc:375) Log-like per frame for utterance b_2_336_29_338_85 is -6.85859 over 254 frames.
b_2_339_20_353_95 AND THESE USUALLY MAKE FILE WHICH DESCRIBED US I THAT AWK CHECKS WHICH CAN BIT CORRECT USED PASTE THE FILES THESE DIRECTORY AND HOW THE SHOULD BE PER USE SED 
LOG (gmm-latgen-faster[5.5.925~1-ded7b]:DecodeUtteranceLatticeFaster():decoder-wrappers.cc:375) Log-like per frame for utterance b_2_339_20_353_95 is -7.52089 over 1473 frames.
b_2_358_53_365_51 THE DON'T WE FILES OTHER SINCE AND IN OR DIDN'T NEED TO KNOW OF THAN 
LOG (gmm-latgen-faster[5.5.925~1-ded7b]:DecodeUtteranceLatticeFaster():decoder-wrappers.cc:375) Log-like per frame for utterance b_2_358_53_365_51 is -7.57497 over 696 frames.
b_2_365_52_370_79 DOT OR IS ALSO SOME STRING TO MORE IT'S ALL TOTAL DIFFERENT CAN DIRECTORY 
LOG (gmm-latgen-faster[5.5.925~1-ded7b]:DecodeUtteranceLatticeFaster():decoder-wrappers.cc:375) Log-like per frame for utterance b_2_365_52_370_79 is -8.08223 over 525 frames.
b_2_370_80_378_44 MOST WE WOULD WE WILL BE YOU WORKING WITH IT'S BY THE FILES 
LOG (gmm-latgen-faster[5.5.925~1-ded7b]:DecodeUtteranceLatticeFaster():decoder-wrappers.cc:375) Log-like per frame for utterance b_2_370_80_378_44 is -7.45677 over 762 frames.
b_2_379_78_383_53 SOME THING ACTUALLY MANY DECODE SEND ALL 
LOG (gmm-latgen-faster[5.5.925~1-ded7b]:DecodeUtteranceLatticeFaster():decoder-wrappers.cc:375) Log-like per frame for utterance b_2_379_78_383_53 is -7.48863 over 373 frames.
b_2_385_03_394_02 WE KNOW THAT WORKS WITH DOES IN ACTUALLY MODEL BECAUSE IS TESTING G OF WE KNOW WOULD IT IS ALL TO NEW 
LOG (gmm-latgen-faster[5.5.925~1-ded7b]:DecodeUtteranceLatticeFaster():decoder-wrappers.cc:375) Log-like per frame for utterance b_2_385_03_394_02 is -7.79043 over 897 frames.
b_2_394_03_397_81 IT IS ALSO DO THE DECODING PARTS IS 
LOG (gmm-latgen-faster[5.5.925~1-ded7b]:DecodeUtteranceLatticeFaster():decoder-wrappers.cc:375) Log-like per frame for utterance b_2_394_03_397_81 is -7.6563 over 376 frames.
b_2_397_82_423_89 AND EITHER TEST IS JUST THE ADDITIONAL INSTALLATION WILL IT HOW WE DIRECT IT WERE IT IS IT OVER WHAT IS ALL ARE I'M THREE AND FROM ACTUALLY CAN NEED YOU MIGHT NEED ONE I IN THE IS ID OR SEARCH IF OF BY EVERY 
LOG (gmm-latgen-faster[5.5.925~1-ded7b]:DecodeUtteranceLatticeFaster():decoder-wrappers.cc:375) Log-like per frame for utterance b_2_397_82_423_89 is -7.33297 over 2605 frames.
b_2_40_13_47_96 THE ROUGHLY MORE THEM BY THAT ALL SED LIKELY YOU WE NOT NEED BETTER THIS CORPUS 
LOG (gmm-latgen-faster[5.5.925~1-ded7b]:DecodeUtteranceLatticeFaster():decoder-wrappers.cc:375) Log-like per frame for utterance b_2_40_13_47_96 is -7.59417 over 781 frames.
b_2_423_90_446_33 WHY A SET ACTUALLY A PER QUITE IS ACTUALLY IMPORTANT SO KNOW WE IS DOT WE SPEAKER AS WE NEW TO THE THAT F IN THE NEED YOU SCRIPTS FOR CALLED ID MOST LIKELY YOU IT NEED TO USE EXISTING BY VERY SET TWO IN DIRECT WITH TO OUT WE FILES AND IN OR THAT WE 
LOG (gmm-latgen-faster[5.5.925~1-ded7b]:DecodeUtteranceLatticeFaster():decoder-wrappers.cc:375) Log-like per frame for utterance b_2_423_90_446_33 is -7.71146 over 2241 frames.
b_2_446_34_458_29 CHECK IF THREE WHAT TO ARE US EVERY TO SEE WOULD NEED TO GO TO THE IS BE DIRECTORIES AND SEE TO THIS ANYTHING WOULD YOU WALL IN USE 
LOG (gmm-latgen-faster[5.5.925~1-ded7b]:DecodeUtteranceLatticeFaster():decoder-wrappers.cc:375) Log-like per frame for utterance b_2_446_34_458_29 is -7.58981 over 1193 frames.
b_2_459_55_472_46 IF USUALLY THINK THAT SOME PROBLEM ONLY DOES WOULD YET IN CAN AROUND THIS PROBLEM WITHOUT ANY AN TO WE MEANS AND SEE THE FILE 
LOG (gmm-latgen-faster[5.5.925~1-ded7b]:DecodeUtteranceLatticeFaster():decoder-wrappers.cc:375) Log-like per frame for utterance b_2_459_55_472_46 is -7.75021 over 1289 frames.
b_2_473_82_488_02 IT TOTAL WE WOULD ACTUALLY LINES DECODE FEATURES IS G NUMBER IS MODEL THEN AND IT TOTAL YOU HOW TO RUN AND 
LOG (gmm-latgen-faster[5.5.925~1-ded7b]:DecodeUtteranceLatticeFaster():decoder-wrappers.cc:375) Log-like per frame for utterance b_2_473_82_488_02 is -7.34131 over 1418 frames.
b_2_488_35_499_75 SO USED SAY THAT SEE IN THIS CASE YOU CAN SPECIFY ZERO OPTION IT'S AND YOU ARE AND FROM HERE 
LOG (gmm-latgen-faster[5.5.925~1-ded7b]:DecodeUtteranceLatticeFaster():decoder-wrappers.cc:375) Log-like per frame for utterance b_2_488_35_499_75 is -7.24602 over 1138 frames.
b_2_48_81_57_00 ONE LET'S CHECK WOULD NICOLAS IN THE EXAMPLE DIRECTORY 
LOG (gmm-latgen-faster[5.5.925~1-ded7b]:DecodeUtteranceLatticeFaster():decoder-wrappers.cc:375) Log-like per frame for utterance b_2_48_81_57_00 is -7.43896 over 817 frames.
b_2_499_76_505_12 IN ANY TO SPECIFY THAT MODEL IN F LIST SEE IF FROM AND 
LOG (gmm-latgen-faster[5.5.925~1-ded7b]:DecodeUtteranceLatticeFaster():decoder-wrappers.cc:375) Log-like per frame for utterance b_2_499_76_505_12 is -8.02164 over 534 frames.
b_2_4_47_8_89 AS YOU CAN SEE THERE AS I WILL DIRECTORY SET THE DOT OF LOCAL D 
LOG (gmm-latgen-faster[5.5.925~1-ded7b]:DecodeUtteranceLatticeFaster():decoder-wrappers.cc:375) Log-like per frame for utterance b_2_4_47_8_89 is -7.99844 over 440 frames.
b_2_506_42_516_32 AND SERVER WILL ACTUALLY SORRY ONE ARE SPECIFY ARE I SPECIFY 
LOG (gmm-latgen-faster[5.5.925~1-ded7b]:DecodeUtteranceLatticeFaster():decoder-wrappers.cc:375) Log-like per frame for utterance b_2_506_42_516_32 is -7.20671 over 988 frames.
b_2_516_33_534_34 RUNS FOR ARE BRING SPECIFY IN IS THAT IT IT'S SOME STRING WHICH WOULD DESCRIBED HOW TO READ INSTALLATION HOW TO EITHER INPUT RECOGNITION FOR THIS PROBLEM 
LOG (gmm-latgen-faster[5.5.925~1-ded7b]:DecodeUtteranceLatticeFaster():decoder-wrappers.cc:375) Log-like per frame for utterance b_2_516_33_534_34 is -7.49104 over 1799 frames.
b_2_534_35_546_40 DONE WE SPECIFY USE WRITE IT SPECIFY ARE IN SED THE SOME STRING WHICH DESCRIBED SELECT HOW TO WRITE THE OUTPUT OF AS COMMON 
LOG (gmm-latgen-faster[5.5.925~1-ded7b]:DecodeUtteranceLatticeFaster():decoder-wrappers.cc:375) Log-like per frame for utterance b_2_534_35_546_40 is -7.75507 over 1203 frames.
b_2_546_41_555_60 IN THIS CASE IT CODE BE WORDS MADE IN SPECIFY THE WHICH IS TEST WHERE TO ALRIGHT THE I DECODE WORDS FROM THE FEATURES 
LOG (gmm-latgen-faster[5.5.925~1-ded7b]:DecodeUtteranceLatticeFaster():decoder-wrappers.cc:375) Log-like per frame for utterance b_2_546_41_555_60 is -7.80491 over 917 frames.
b_2_555_61_567_88 AND ALSO NEW LINES AND SPECIFY ARE ARE WHERE LINES TO BE WAY TEN WERE THAT IS SPECIFY VARIABLE BE WE TEN 
LOG (gmm-latgen-faster[5.5.925~1-ded7b]:DecodeUtteranceLatticeFaster():decoder-wrappers.cc:375) Log-like per frame for utterance b_2_555_61_567_88 is -7.28302 over 1225 frames.
b_2_567_90_583_31 THIS QUITE DIRECT YES IT IT MODE IN ONLY STRANGE OWN OWN THREE QUITE DIRECTORY SO IF YOU DON'T SPECIFY IT I LINES ALRIGHT AS THE THE WILL WILL NOT BE WE TEN 
LOG (gmm-latgen-faster[5.5.925~1-ded7b]:DecodeUtteranceLatticeFaster():decoder-wrappers.cc:375) Log-like per frame for utterance b_2_567_90_583_31 is -7.72171 over 1539 frames.
b_2_583_32_592_59 IF DIDN'T SPECIFY YOU WORDS SPECIFY ARE EH THE TO WILL FIELD BECAUSE THIS DIRECTORIES TO QUITE 
LOG (gmm-latgen-faster[5.5.925~1-ded7b]:DecodeUtteranceLatticeFaster():decoder-wrappers.cc:375) Log-like per frame for utterance b_2_583_32_592_59 is -7.61094 over 925 frames.
b_2_595_06_605_03 AND YOU CAN SEE SEE WELL ARE STRUCTURE MEAN WILL ITEMS WHEN MADE OTHER IN DIRECTORY IS 
LOG (gmm-latgen-faster[5.5.925~1-ded7b]:DecodeUtteranceLatticeFaster():decoder-wrappers.cc:375) Log-like per frame for utterance b_2_595_06_605_03 is -7.54761 over 995 frames.
b_2_59_50_64_29 THE ARE NOT OF OTHER DIRECTORIES 
LOG (gmm-latgen-faster[5.5.925~1-ded7b]:DecodeUtteranceLatticeFaster():decoder-wrappers.cc:375) Log-like per frame for utterance b_2_59_50_64_29 is -7.21981 over 477 frames.
b_2_614_15_632_14 AND THIS BE IN DIRECT IT DOESN'T REASON TO ANY PART IN TO I THREE BUT IT CONTAINS MINI USE AN PROBLEM IS SUCH IS CAN TO TO VERY IT D FIND THE MENTIONED WHAT TEXT AND SO ON 
LOG (gmm-latgen-faster[5.5.925~1-ded7b]:DecodeUtteranceLatticeFaster():decoder-wrappers.cc:375) Log-like per frame for utterance b_2_614_15_632_14 is -7.57116 over 1797 frames.
b_2_637_81_642_27 OKAY D THINK THAT SED IT 
LOG (gmm-latgen-faster[5.5.925~1-ded7b]:DecodeUtteranceLatticeFaster():decoder-wrappers.cc:375) Log-like per frame for utterance b_2_637_81_642_27 is -7.35717 over 444 frames.
b_2_643_37_649_65 THE NEXT VIDEO WILL START TO WORK OR NOW WERE FIRST SPEECH RECOGNITION SYSTEM 
LOG (gmm-latgen-faster[5.5.925~1-ded7b]:DecodeUtteranceLatticeFaster():decoder-wrappers.cc:375) Log-like per frame for utterance b_2_643_37_649_65 is -7.71401 over 626 frames.
b_2_649_80_652_86 SEE NEED THE NEXT VIDEO 
LOG (gmm-latgen-faster[5.5.925~1-ded7b]:DecodeUtteranceLatticeFaster():decoder-wrappers.cc:375) Log-like per frame for utterance b_2_649_80_652_86 is -7.20555 over 304 frames.
b_2_65_58_69_11 THIS DIRECTORY SOME CALLED RECIPE IS 
LOG (gmm-latgen-faster[5.5.925~1-ded7b]:DecodeUtteranceLatticeFaster():decoder-wrappers.cc:375) Log-like per frame for utterance b_2_65_58_69_11 is -7.48815 over 351 frames.
LOG (apply-cmvn[5.5.925~1-ded7b]:main():apply-cmvn.cc:162) Applied cepstral mean normalization to 119 utterances, errors on 0
b_2_69_20_83_11 EACH OF THEN CONTAINS AN THE DESCRIPTION ALL OF THE PER AS US TO BE WILL IT I IS ARE SYSTEM USING ONE CORPUS OR SERVER LOOK OR PROPER TO GET THE 
LOG (gmm-latgen-faster[5.5.925~1-ded7b]:DecodeUtteranceLatticeFaster():decoder-wrappers.cc:375) Log-like per frame for utterance b_2_69_20_83_11 is -7.5611 over 1389 frames.
b_2_83_12_105_02 AND MOST SO IMPORTANT OF THE ONE ARE THE DONE WILL WITH AS G WHICH DESCRIBED IS THE ALL STREET JOURNAL PASTE ARE SYSTEM OR VERY START PASTE OF THE ALL STRING JOURNAL CORPUS WHICH IS WAY COPY ARE WE CHECK DATA SET FOR SPEECH RECOGNITION 
LOG (gmm-latgen-faster[5.5.925~1-ded7b]:DecodeUtteranceLatticeFaster():decoder-wrappers.cc:375) Log-like per frame for utterance b_2_83_12_105_02 is -7.66518 over 2188 frames.
b_2_8_90_21_48 MOST IMPORTANT OF THEN ARE ARE TO DIRECT WE TO EXAMPLE SCRIPTS FOR DON'T IT OF I IS I SYSTEMS USING VARIOUS COPY ARE 
LOG (gmm-latgen-faster[5.5.925~1-ded7b]:DecodeUtteranceLatticeFaster():decoder-wrappers.cc:375) Log-like per frame for utterance b_2_8_90_21_48 is -7.69827 over 1256 frames.
LOG (gmm-latgen-faster[5.5.925~1-ded7b]:main():gmm-latgen-faster.cc:176) Time taken 54.9287s: real-time factor assuming 100 frames/sec is 0.0579741
LOG (gmm-latgen-faster[5.5.925~1-ded7b]:main():gmm-latgen-faster.cc:179) Done 119 utterances, failed for 0
LOG (gmm-latgen-faster[5.5.925~1-ded7b]:main():gmm-latgen-faster.cc:181) Overall log-likelihood per frame is -7.65397 over 94747 frames.
# Accounting: time=56 threads=1
# Ended (code 0) at Tue Jul 13 13:24:16 CEST 2021, elapsed time 56 seconds
