# lattice-depth-per-frame "ark:gunzip -c exp/tri1/decode/lat.1.gz|" "ark,t:|gzip -c > exp/tri1/decode/depth_tmp.1.gz" ark:- | lattice-best-path --acoustic-scale=0.1 ark:- ark:/dev/null "ark,t:|gzip -c >exp/tri1/decode/ali_tmp.1.gz" 
# Started at Sun Jul  4 03:14:56 CEST 2021
#
lattice-depth-per-frame 'ark:gunzip -c exp/tri1/decode/lat.1.gz|' 'ark,t:|gzip -c > exp/tri1/decode/depth_tmp.1.gz' ark:- 
lattice-best-path --acoustic-scale=0.1 ark:- ark:/dev/null 'ark,t:|gzip -c >exp/tri1/decode/ali_tmp.1.gz' 
LOG (lattice-best-path[5.5.931~1-0c51c]:main():lattice-best-path.cc:99) For utterance a_1_0_00_3_10, best cost 51.5858 + 2888.02 = 2939.61 over 308 frames.
LOG (lattice-best-path[5.5.931~1-0c51c]:main():lattice-best-path.cc:99) For utterance a_1_100_57_108_91, best cost 145.707 + 7414.57 = 7560.28 over 832 frames.
LOG (lattice-best-path[5.5.931~1-0c51c]:main():lattice-best-path.cc:99) For utterance a_1_11_88_15_85, best cost 95.8623 + 3733.35 = 3829.21 over 395 frames.
LOG (lattice-best-path[5.5.931~1-0c51c]:main():lattice-best-path.cc:99) For utterance a_1_120_08_126_30, best cost 151.882 + 5896.52 = 6048.4 over 620 frames.
LOG (lattice-best-path[5.5.931~1-0c51c]:main():lattice-best-path.cc:99) For utterance a_1_130_61_132_11, best cost 4.09592 + 1129.79 = 1133.88 over 148 frames.
LOG (lattice-best-path[5.5.931~1-0c51c]:main():lattice-best-path.cc:99) For utterance a_1_132_12_134_00, best cost 54.8884 + 1821.95 = 1876.84 over 186 frames.
LOG (lattice-best-path[5.5.931~1-0c51c]:main():lattice-best-path.cc:99) For utterance a_1_142_25_147_84, best cost 102.395 + 5033.81 = 5136.2 over 557 frames.
LOG (lattice-best-path[5.5.931~1-0c51c]:main():lattice-best-path.cc:99) For utterance a_1_147_85_154_10, best cost 170.293 + 5817.02 = 5987.31 over 623 frames.
LOG (lattice-best-path[5.5.931~1-0c51c]:main():lattice-best-path.cc:99) For utterance a_1_18_07_24_79, best cost 161.875 + 6427.94 = 6589.82 over 670 frames.
LOG (lattice-best-path[5.5.931~1-0c51c]:main():lattice-best-path.cc:99) For utterance a_1_224_41_227_54, best cost 43.7839 + 2878.66 = 2922.45 over 311 frames.
LOG (lattice-best-path[5.5.931~1-0c51c]:main():lattice-best-path.cc:99) For utterance a_1_228_65_235_92, best cost 90.6724 + 6272.89 = 6363.56 over 725 frames.
LOG (lattice-best-path[5.5.931~1-0c51c]:main():lattice-best-path.cc:99) For utterance a_1_237_94_245_41, best cost 116.717 + 6598.32 = 6715.03 over 745 frames.
LOG (lattice-best-path[5.5.931~1-0c51c]:main():lattice-best-path.cc:99) For utterance a_1_246_63_250_17, best cost 61.699 + 3206.74 = 3268.44 over 352 frames.
LOG (lattice-best-path[5.5.931~1-0c51c]:main():lattice-best-path.cc:99) For utterance a_1_24_80_32_22, best cost 190.276 + 7299.01 = 7489.29 over 740 frames.
LOG (lattice-best-path[5.5.931~1-0c51c]:main():lattice-best-path.cc:99) For utterance a_1_251_67_255_43, best cost 69.6759 + 3342.38 = 3412.06 over 374 frames.
LOG (lattice-best-path[5.5.931~1-0c51c]:main():lattice-best-path.cc:99) For utterance a_1_255_79_259_74, best cost 114.251 + 3776.14 = 3890.39 over 393 frames.
LOG (lattice-best-path[5.5.931~1-0c51c]:main():lattice-best-path.cc:99) For utterance a_1_259_82_261_02, best cost 33.3119 + 1095.66 = 1128.97 over 118 frames.
LOG (lattice-best-path[5.5.931~1-0c51c]:main():lattice-best-path.cc:99) For utterance a_1_264_37_273_53, best cost 205.634 + 8463.96 = 8669.6 over 914 frames.
LOG (lattice-best-path[5.5.931~1-0c51c]:main():lattice-best-path.cc:99) For utterance a_1_274_88_279_23, best cost 55.0986 + 3809.99 = 3865.08 over 433 frames.
LOG (lattice-best-path[5.5.931~1-0c51c]:main():lattice-best-path.cc:99) For utterance a_1_279_96_290_47, best cost 219.767 + 9842.55 = 10062.3 over 1049 frames.
LOG (lattice-best-path[5.5.931~1-0c51c]:main():lattice-best-path.cc:99) For utterance a_1_290_97_292_22, best cost 37.8937 + 1250.66 = 1288.55 over 123 frames.
LOG (lattice-best-path[5.5.931~1-0c51c]:main():lattice-best-path.cc:99) For utterance a_1_306_34_313_46, best cost 164.147 + 6608.33 = 6772.48 over 710 frames.
LOG (lattice-best-path[5.5.931~1-0c51c]:main():lattice-best-path.cc:99) For utterance a_1_319_69_324_25, best cost 82.252 + 4237.41 = 4319.67 over 454 frames.
LOG (lattice-best-path[5.5.931~1-0c51c]:main():lattice-best-path.cc:99) For utterance a_1_32_28_39_15, best cost 210.687 + 6688.97 = 6899.66 over 685 frames.
LOG (lattice-best-path[5.5.931~1-0c51c]:main():lattice-best-path.cc:99) For utterance a_1_346_07_355_21, best cost 163.246 + 8138.86 = 8302.11 over 912 frames.
LOG (lattice-best-path[5.5.931~1-0c51c]:main():lattice-best-path.cc:99) For utterance a_1_355_22_362_53, best cost 154.294 + 6524.12 = 6678.42 over 729 frames.
LOG (lattice-best-path[5.5.931~1-0c51c]:main():lattice-best-path.cc:99) For utterance a_1_364_38_380_40, best cost 298.9 + 14224.7 = 14523.6 over 1600 frames.
LOG (lattice-best-path[5.5.931~1-0c51c]:main():lattice-best-path.cc:99) For utterance a_1_392_69_400_08, best cost 141.954 + 6590.21 = 6732.16 over 737 frames.
LOG (lattice-best-path[5.5.931~1-0c51c]:main():lattice-best-path.cc:99) For utterance a_1_3_11_6_08, best cost 99.1149 + 2955.1 = 3054.22 over 295 frames.
LOG (lattice-best-path[5.5.931~1-0c51c]:main():lattice-best-path.cc:99) For utterance a_1_400_97_403_16, best cost 69.1253 + 2064.83 = 2133.95 over 217 frames.
LOG (lattice-best-path[5.5.931~1-0c51c]:main():lattice-best-path.cc:99) For utterance a_1_403_81_408_78, best cost 111.515 + 4443.82 = 4555.34 over 495 frames.
LOG (lattice-best-path[5.5.931~1-0c51c]:main():lattice-best-path.cc:99) For utterance a_1_409_66_419_30, best cost 178.26 + 8665.26 = 8843.52 over 962 frames.
LOG (lattice-best-path[5.5.931~1-0c51c]:main():lattice-best-path.cc:99) For utterance a_1_40_83_46_72, best cost 140.268 + 5384.48 = 5524.75 over 587 frames.
LOG (lattice-best-path[5.5.931~1-0c51c]:main():lattice-best-path.cc:99) For utterance a_1_420_28_426_62, best cost 111.991 + 5706.6 = 5818.59 over 632 frames.
LOG (lattice-best-path[5.5.931~1-0c51c]:main():lattice-best-path.cc:99) For utterance a_1_426_89_440_27, best cost 220.228 + 11638.7 = 11858.9 over 1336 frames.
LOG (lattice-best-path[5.5.931~1-0c51c]:main():lattice-best-path.cc:99) For utterance a_1_471_46_476_70, best cost 83.6044 + 4751.48 = 4835.08 over 522 frames.
LOG (lattice-best-path[5.5.931~1-0c51c]:main():lattice-best-path.cc:99) For utterance a_1_477_89_480_55, best cost 53.8675 + 2431.51 = 2485.38 over 264 frames.
LOG (lattice-best-path[5.5.931~1-0c51c]:main():lattice-best-path.cc:99) For utterance a_1_480_56_483_47, best cost 58.5784 + 2680.96 = 2739.54 over 289 frames.
LOG (lattice-best-path[5.5.931~1-0c51c]:main():lattice-best-path.cc:99) For utterance a_1_483_48_485_74, best cost 75.7346 + 2192.83 = 2268.57 over 224 frames.
LOG (lattice-best-path[5.5.931~1-0c51c]:main():lattice-best-path.cc:99) For utterance a_1_485_99_488_85, best cost 65.9712 + 2555.79 = 2621.76 over 284 frames.
LOG (lattice-best-path[5.5.931~1-0c51c]:main():lattice-best-path.cc:99) For utterance a_1_491_86_495_38, best cost 62.3344 + 3250.95 = 3313.29 over 350 frames.
LOG (lattice-best-path[5.5.931~1-0c51c]:main():lattice-best-path.cc:99) For utterance a_1_497_01_504_46, best cost 95.5513 + 6495.98 = 6591.53 over 743 frames.
LOG (lattice-best-path[5.5.931~1-0c51c]:main():lattice-best-path.cc:99) For utterance a_1_50_04_61_06, best cost 185.728 + 9998.18 = 10183.9 over 1100 frames.
LOG (lattice-best-path[5.5.931~1-0c51c]:main():lattice-best-path.cc:99) For utterance a_1_515_64_525_58, best cost 203.422 + 8975.99 = 9179.41 over 992 frames.
LOG (lattice-best-path[5.5.931~1-0c51c]:main():lattice-best-path.cc:99) For utterance a_1_540_66_545_01, best cost 85.6787 + 3798.14 = 3883.82 over 433 frames.
LOG (lattice-best-path[5.5.931~1-0c51c]:main():lattice-best-path.cc:99) For utterance a_1_545_02_553_17, best cost 174.027 + 7305.23 = 7479.25 over 813 frames.
LOG (lattice-best-path[5.5.931~1-0c51c]:main():lattice-best-path.cc:99) For utterance a_1_555_76_560_72, best cost 128.83 + 4591.92 = 4720.75 over 494 frames.
LOG (lattice-best-path[5.5.931~1-0c51c]:main():lattice-best-path.cc:99) For utterance a_1_564_61_568_28, best cost 76.9675 + 3308.6 = 3385.57 over 365 frames.
LOG (lattice-best-path[5.5.931~1-0c51c]:main():lattice-best-path.cc:99) For utterance a_1_568_46_572_69, best cost 67.4958 + 3768.9 = 3836.39 over 421 frames.
LOG (lattice-best-path[5.5.931~1-0c51c]:main():lattice-best-path.cc:99) For utterance a_1_587_19_597_74, best cost 166.094 + 9502.11 = 9668.21 over 1053 frames.
LOG (lattice-best-path[5.5.931~1-0c51c]:main():lattice-best-path.cc:99) For utterance a_1_601_31_607_60, best cost 117.01 + 5832.39 = 5949.4 over 627 frames.
LOG (lattice-best-path[5.5.931~1-0c51c]:main():lattice-best-path.cc:99) For utterance a_1_62_14_72_77, best cost 229.634 + 9941.5 = 10171.1 over 1061 frames.
LOG (lattice-best-path[5.5.931~1-0c51c]:main():lattice-best-path.cc:99) For utterance a_1_638_18_641_05, best cost 46.5412 + 2548.7 = 2595.24 over 285 frames.
LOG (lattice-best-path[5.5.931~1-0c51c]:main():lattice-best-path.cc:99) For utterance a_1_641_06_643_95, best cost 69.9206 + 2699.46 = 2769.38 over 287 frames.
LOG (lattice-best-path[5.5.931~1-0c51c]:main():lattice-best-path.cc:99) For utterance a_1_643_96_648_87, best cost 121.782 + 4566.31 = 4688.09 over 489 frames.
LOG (lattice-best-path[5.5.931~1-0c51c]:main():lattice-best-path.cc:99) For utterance a_1_648_88_651_77, best cost 53.379 + 2626.99 = 2680.37 over 287 frames.
LOG (lattice-best-path[5.5.931~1-0c51c]:main():lattice-best-path.cc:99) For utterance a_1_651_86_659_83, best cost 142.717 + 7177.44 = 7320.16 over 795 frames.
LOG (lattice-best-path[5.5.931~1-0c51c]:main():lattice-best-path.cc:99) For utterance a_1_659_84_662_30, best cost 51.0011 + 2136.61 = 2187.61 over 244 frames.
LOG (lattice-best-path[5.5.931~1-0c51c]:main():lattice-best-path.cc:99) For utterance a_1_6_98_11_87, best cost 154.96 + 4776.02 = 4930.98 over 487 frames.
LOG (lattice-best-path[5.5.931~1-0c51c]:main():lattice-best-path.cc:99) For utterance a_1_72_78_77_55, best cost 130.875 + 4619.64 = 4750.52 over 475 frames.
LOG (lattice-best-path[5.5.931~1-0c51c]:main():lattice-best-path.cc:99) For utterance a_1_80_11_86_02, best cost 91.6462 + 5296.6 = 5388.24 over 589 frames.
LOG (lattice-best-path[5.5.931~1-0c51c]:main():lattice-best-path.cc:99) For utterance a_1_86_03_93_49, best cost 122.101 + 6856.11 = 6978.21 over 744 frames.
LOG (lattice-best-path[5.5.931~1-0c51c]:main():lattice-best-path.cc:99) For utterance b_2_0_03_4_44, best cost 93.9659 + 4233.14 = 4327.11 over 439 frames.
LOG (lattice-best-path[5.5.931~1-0c51c]:main():lattice-best-path.cc:99) For utterance b_2_105_03_114_90, best cost 183.942 + 8943.19 = 9127.13 over 985 frames.
LOG (lattice-best-path[5.5.931~1-0c51c]:main():lattice-best-path.cc:99) For utterance b_2_115_20_127_49, best cost 223.331 + 10807.7 = 11031 over 1227 frames.
LOG (lattice-best-path[5.5.931~1-0c51c]:main():lattice-best-path.cc:99) For utterance b_2_129_48_136_95, best cost 135.584 + 6866.31 = 7001.89 over 745 frames.
LOG (lattice-best-path[5.5.931~1-0c51c]:main():lattice-best-path.cc:99) For utterance b_2_136_96_148_79, best cost 209.899 + 10476.8 = 10686.7 over 1181 frames.
LOG (lattice-best-path[5.5.931~1-0c51c]:main():lattice-best-path.cc:99) For utterance b_2_151_10_159_65, best cost 111.36 + 7194.51 = 7305.87 over 853 frames.
LOG (lattice-best-path[5.5.931~1-0c51c]:main():lattice-best-path.cc:99) For utterance b_2_159_66_169_80, best cost 188.571 + 8845.52 = 9034.09 over 1012 frames.
LOG (lattice-best-path[5.5.931~1-0c51c]:main():lattice-best-path.cc:99) For utterance b_2_171_54_176_67, best cost 79.3305 + 4603.18 = 4682.51 over 511 frames.
LOG (lattice-best-path[5.5.931~1-0c51c]:main():lattice-best-path.cc:99) For utterance b_2_178_55_185_67, best cost 126.548 + 6234.61 = 6361.16 over 710 frames.
LOG (lattice-best-path[5.5.931~1-0c51c]:main():lattice-best-path.cc:99) For utterance b_2_185_96_200_94, best cost 243.351 + 12732.5 = 12975.9 over 1496 frames.
LOG (lattice-best-path[5.5.931~1-0c51c]:main():lattice-best-path.cc:99) For utterance b_2_200_95_218_31, best cost 226.068 + 14863.4 = 15089.4 over 1734 frames.
LOG (lattice-best-path[5.5.931~1-0c51c]:main():lattice-best-path.cc:99) For utterance b_2_218_32_234_63, best cost 263.356 + 14134.2 = 14397.6 over 1629 frames.
LOG (lattice-best-path[5.5.931~1-0c51c]:main():lattice-best-path.cc:99) For utterance b_2_21_49_25_06, best cost 74.9888 + 3276.16 = 3351.15 over 355 frames.
LOG (lattice-best-path[5.5.931~1-0c51c]:main():lattice-best-path.cc:99) For utterance b_2_236_00_247_45, best cost 243.474 + 10476.9 = 10720.4 over 1143 frames.
LOG (lattice-best-path[5.5.931~1-0c51c]:main():lattice-best-path.cc:99) For utterance b_2_247_46_264_98, best cost 315.108 + 15583.7 = 15898.8 over 1750 frames.
LOG (lattice-best-path[5.5.931~1-0c51c]:main():lattice-best-path.cc:99) For utterance b_2_25_07_35_00, best cost 148.522 + 8666.6 = 8815.12 over 991 frames.
LOG (lattice-best-path[5.5.931~1-0c51c]:main():lattice-best-path.cc:99) For utterance b_2_266_21_273_05, best cost 116.123 + 6002.22 = 6118.35 over 682 frames.
LOG (lattice-best-path[5.5.931~1-0c51c]:main():lattice-best-path.cc:99) For utterance b_2_273_06_285_50, best cost 241.125 + 11079.2 = 11320.4 over 1242 frames.
LOG (lattice-best-path[5.5.931~1-0c51c]:main():lattice-best-path.cc:99) For utterance b_2_285_51_300_59, best cost 257.458 + 13067.5 = 13325 over 1506 frames.
LOG (lattice-best-path[5.5.931~1-0c51c]:main():lattice-best-path.cc:99) For utterance b_2_306_90_317_17, best cost 192.035 + 9016.5 = 9208.54 over 1025 frames.
LOG (lattice-best-path[5.5.931~1-0c51c]:main():lattice-best-path.cc:99) For utterance b_2_317_18_324_52, best cost 105.444 + 6173.16 = 6278.6 over 732 frames.
LOG (lattice-best-path[5.5.931~1-0c51c]:main():lattice-best-path.cc:99) For utterance b_2_325_28_334_10, best cost 157.313 + 7924.81 = 8082.12 over 880 frames.
LOG (lattice-best-path[5.5.931~1-0c51c]:main():lattice-best-path.cc:99) For utterance b_2_336_29_338_85, best cost 25.296 + 2060.53 = 2085.83 over 254 frames.
LOG (lattice-best-path[5.5.931~1-0c51c]:main():lattice-best-path.cc:99) For utterance b_2_339_20_353_95, best cost 266.174 + 12977.5 = 13243.6 over 1473 frames.
LOG (lattice-best-path[5.5.931~1-0c51c]:main():lattice-best-path.cc:99) For utterance b_2_358_53_365_51, best cost 137.66 + 6157.81 = 6295.47 over 696 frames.
LOG (lattice-best-path[5.5.931~1-0c51c]:main():lattice-best-path.cc:99) For utterance b_2_365_52_370_79, best cost 127.617 + 4925.34 = 5052.96 over 525 frames.
LOG (lattice-best-path[5.5.931~1-0c51c]:main():lattice-best-path.cc:99) For utterance b_2_370_80_378_44, best cost 120.419 + 6669.82 = 6790.23 over 762 frames.
LOG (lattice-best-path[5.5.931~1-0c51c]:main():lattice-best-path.cc:99) For utterance b_2_379_78_383_53, best cost 64.9225 + 3259.28 = 3324.21 over 373 frames.
LOG (lattice-best-path[5.5.931~1-0c51c]:main():lattice-best-path.cc:99) For utterance b_2_385_03_394_02, best cost 199.224 + 8138.93 = 8338.15 over 897 frames.
LOG (lattice-best-path[5.5.931~1-0c51c]:main():lattice-best-path.cc:99) For utterance b_2_394_03_397_81, best cost 73.3721 + 3366.29 = 3439.66 over 376 frames.
LOG (lattice-best-path[5.5.931~1-0c51c]:main():lattice-best-path.cc:99) For utterance b_2_397_82_423_89, best cost 397.313 + 22395.5 = 22792.8 over 2605 frames.
LOG (lattice-best-path[5.5.931~1-0c51c]:main():lattice-best-path.cc:99) For utterance b_2_40_13_47_96, best cost 138.486 + 6923.47 = 7061.96 over 781 frames.
LOG (lattice-best-path[5.5.931~1-0c51c]:main():lattice-best-path.cc:99) For utterance b_2_423_90_446_33, best cost 476.967 + 20157.8 = 20634.8 over 2241 frames.
LOG (lattice-best-path[5.5.931~1-0c51c]:main():lattice-best-path.cc:99) For utterance b_2_446_34_458_29, best cost 236.977 + 10565.6 = 10802.6 over 1193 frames.
LOG (lattice-best-path[5.5.931~1-0c51c]:main():lattice-best-path.cc:99) For utterance b_2_459_55_472_46, best cost 237.003 + 11694.2 = 11931.2 over 1289 frames.
LOG (lattice-best-path[5.5.931~1-0c51c]:main():lattice-best-path.cc:99) For utterance b_2_473_82_488_02, best cost 219.316 + 12232 = 12451.3 over 1418 frames.
LOG (lattice-best-path[5.5.931~1-0c51c]:main():lattice-best-path.cc:99) For utterance b_2_488_35_499_75, best cost 177.283 + 9675.84 = 9853.12 over 1138 frames.
LOG (lattice-best-path[5.5.931~1-0c51c]:main():lattice-best-path.cc:99) For utterance b_2_48_81_57_00, best cost 112.905 + 7150.93 = 7263.83 over 817 frames.
LOG (lattice-best-path[5.5.931~1-0c51c]:main():lattice-best-path.cc:99) For utterance b_2_499_76_505_12, best cost 128.616 + 4985.88 = 5114.5 over 534 frames.
LOG (lattice-best-path[5.5.931~1-0c51c]:main():lattice-best-path.cc:99) For utterance b_2_4_47_8_89, best cost 112.86 + 4082.74 = 4195.6 over 440 frames.
LOG (lattice-best-path[5.5.931~1-0c51c]:main():lattice-best-path.cc:99) For utterance b_2_506_42_516_32, best cost 142.321 + 8364.79 = 8507.11 over 988 frames.
LOG (lattice-best-path[5.5.931~1-0c51c]:main():lattice-best-path.cc:99) For utterance b_2_516_33_534_34, best cost 303.1 + 15789.6 = 16092.7 over 1799 frames.
LOG (lattice-best-path[5.5.931~1-0c51c]:main():lattice-best-path.cc:99) For utterance b_2_534_35_546_40, best cost 260.324 + 10882.2 = 11142.5 over 1203 frames.
LOG (lattice-best-path[5.5.931~1-0c51c]:main():lattice-best-path.cc:99) For utterance b_2_546_41_555_60, best cost 218.11 + 8320.66 = 8538.77 over 917 frames.
LOG (lattice-best-path[5.5.931~1-0c51c]:main():lattice-best-path.cc:99) For utterance b_2_555_61_567_88, best cost 232.318 + 10423.4 = 10655.8 over 1225 frames.
LOG (lattice-best-path[5.5.931~1-0c51c]:main():lattice-best-path.cc:99) For utterance b_2_567_90_583_31, best cost 327.982 + 13847.2 = 14175.1 over 1539 frames.
LOG (lattice-best-path[5.5.931~1-0c51c]:main():lattice-best-path.cc:99) For utterance b_2_583_32_592_59, best cost 179.901 + 8232.62 = 8412.52 over 925 frames.
LOG (lattice-best-path[5.5.931~1-0c51c]:main():lattice-best-path.cc:99) For utterance b_2_595_06_605_03, best cost 168.33 + 8800.73 = 8969.06 over 995 frames.
LOG (lattice-best-path[5.5.931~1-0c51c]:main():lattice-best-path.cc:99) For utterance b_2_59_50_64_29, best cost 57.5694 + 4064.68 = 4122.25 over 477 frames.
LOG (lattice-best-path[5.5.931~1-0c51c]:main():lattice-best-path.cc:99) For utterance b_2_614_15_632_14, best cost 339.881 + 15888.2 = 16228.1 over 1797 frames.
LOG (lattice-best-path[5.5.931~1-0c51c]:main():lattice-best-path.cc:99) For utterance b_2_637_81_642_27, best cost 58.0812 + 3850.3 = 3908.39 over 444 frames.
LOG (lattice-best-path[5.5.931~1-0c51c]:main():lattice-best-path.cc:99) For utterance b_2_643_37_649_65, best cost 133.744 + 5641.9 = 5775.64 over 626 frames.
LOG (lattice-best-path[5.5.931~1-0c51c]:main():lattice-best-path.cc:99) For utterance b_2_649_80_652_86, best cost 44.1529 + 2572.87 = 2617.02 over 304 frames.
LOG (lattice-best-path[5.5.931~1-0c51c]:main():lattice-best-path.cc:99) For utterance b_2_65_58_69_11, best cost 61.8552 + 3082.89 = 3144.75 over 351 frames.
LOG (lattice-best-path[5.5.931~1-0c51c]:main():lattice-best-path.cc:99) For utterance b_2_69_20_83_11, best cost 250.224 + 12281.9 = 12532.1 over 1389 frames.
LOG (lattice-best-path[5.5.931~1-0c51c]:main():lattice-best-path.cc:99) For utterance b_2_83_12_105_02, best cost 421.146 + 19633.9 = 20055.1 over 2188 frames.
LOG (lattice-depth-per-frame[5.5.931~1-0c51c]:main():lattice-depth-per-frame.cc:82) Done 119 lattices.
LOG (lattice-best-path[5.5.931~1-0c51c]:main():lattice-best-path.cc:99) For utterance b_2_8_90_21_48, best cost 222.886 + 11332.5 = 11555.4 over 1256 frames.
LOG (lattice-best-path[5.5.931~1-0c51c]:main():lattice-best-path.cc:124) Overall cost per frame is 9.14055 = 0.188397 [graph] + 8.95215 [acoustic] over 94747 frames.
LOG (lattice-best-path[5.5.931~1-0c51c]:main():lattice-best-path.cc:128) Done 119 lattices, failed for 0
# Accounting: time=1 threads=1
# Ended (code 0) at Sun Jul  4 03:14:57 CEST 2021, elapsed time 1 seconds
