# build-tree --verbose=1 --max-leaves=2000 --cluster-thresh=-1 exp/tri1/treeacc data/lang/phones/roots.int exp/tri1/questions.qst data/lang/topo exp/tri1/tree 
# Started at Sun Jul  4 03:10:29 CEST 2021
#
build-tree --verbose=1 --max-leaves=2000 --cluster-thresh=-1 exp/tri1/treeacc data/lang/phones/roots.int exp/tri1/questions.qst data/lang/topo exp/tri1/tree 
LOG (build-tree[5.5.931~1-0c51c]:main():build-tree.cc:104) Number of separate statistics is 11185
LOG (build-tree[5.5.931~1-0c51c]:BuildTree():build-tree.cc:161) BuildTree: before building trees, map has 41 leaves.
LOG (build-tree[5.5.931~1-0c51c]:SplitDecisionTree():build-tree-utils.cc:577) DoDecisionTreeSplit: split 571 times, #leaves now 612
LOG (build-tree[5.5.931~1-0c51c]:BuildTree():build-tree.cc:187) Setting clustering threshold to smallest split 300.809
VLOG[1] (build-tree[5.5.931~1-0c51c]:BuildTree():build-tree.cc:196) After decision tree split, num-leaves = 612, like-impr = 4.68195 per frame over 170652 frames.
VLOG[1] (build-tree[5.5.931~1-0c51c]:BuildTree():build-tree.cc:200) Including just phones that were split, improvement is 4.68195 per frame over 170652 frames.
LOG (build-tree[5.5.931~1-0c51c]:BuildTree():build-tree.cc:215) BuildTree: removed 115 leaves.
VLOG[1] (build-tree[5.5.931~1-0c51c]:ClusterEventMapToNClustersRestrictedByMap():build-tree-utils.cc:914) Number of non-empty clusters in map = 41
VLOG[1] (build-tree[5.5.931~1-0c51c]:ClusterEventMapToNClustersRestrictedByMap():build-tree-utils.cc:915) Number of non-empty clusters = 497
LOG (build-tree[5.5.931~1-0c51c]:BuildTree():build-tree.cc:231) BuildTree: Rounded num leaves to multiple of 8 by removing 1 leaves.
VLOG[1] (build-tree[5.5.931~1-0c51c]:BuildTree():build-tree.cc:256) Objf change due to clustering -0.143831 per frame.
VLOG[1] (build-tree[5.5.931~1-0c51c]:BuildTree():build-tree.cc:259) Normalizing over only split phones, this is: -0.143831 per frame.
VLOG[1] (build-tree[5.5.931~1-0c51c]:BuildTree():build-tree.cc:262) Num-leaves is now 496
VLOG[1] (build-tree[5.5.931~1-0c51c]:main():build-tree.cc:143) For pdf-id 8, low count 80
VLOG[1] (build-tree[5.5.931~1-0c51c]:main():build-tree.cc:143) For pdf-id 16, low count 55
VLOG[1] (build-tree[5.5.931~1-0c51c]:main():build-tree.cc:143) For pdf-id 19, low count 85
VLOG[1] (build-tree[5.5.931~1-0c51c]:main():build-tree.cc:143) For pdf-id 21, low count 30
VLOG[1] (build-tree[5.5.931~1-0c51c]:main():build-tree.cc:143) For pdf-id 26, low count 97
VLOG[1] (build-tree[5.5.931~1-0c51c]:main():build-tree.cc:143) For pdf-id 27, low count 6
VLOG[1] (build-tree[5.5.931~1-0c51c]:main():build-tree.cc:143) For pdf-id 29, low count 86
VLOG[1] (build-tree[5.5.931~1-0c51c]:main():build-tree.cc:143) For pdf-id 31, low count 70
VLOG[1] (build-tree[5.5.931~1-0c51c]:main():build-tree.cc:143) For pdf-id 33, low count 58
VLOG[1] (build-tree[5.5.931~1-0c51c]:main():build-tree.cc:143) For pdf-id 34, low count 42
VLOG[1] (build-tree[5.5.931~1-0c51c]:main():build-tree.cc:143) For pdf-id 36, low count 58
VLOG[1] (build-tree[5.5.931~1-0c51c]:main():build-tree.cc:143) For pdf-id 38, low count 91
VLOG[1] (build-tree[5.5.931~1-0c51c]:main():build-tree.cc:143) For pdf-id 47, low count 85
VLOG[1] (build-tree[5.5.931~1-0c51c]:main():build-tree.cc:143) For pdf-id 49, low count 35
VLOG[1] (build-tree[5.5.931~1-0c51c]:main():build-tree.cc:143) For pdf-id 54, low count 99
VLOG[1] (build-tree[5.5.931~1-0c51c]:main():build-tree.cc:143) For pdf-id 55, low count 73
VLOG[1] (build-tree[5.5.931~1-0c51c]:main():build-tree.cc:143) For pdf-id 57, low count 82
VLOG[1] (build-tree[5.5.931~1-0c51c]:main():build-tree.cc:143) For pdf-id 60, low count 92
VLOG[1] (build-tree[5.5.931~1-0c51c]:main():build-tree.cc:143) For pdf-id 65, low count 26
VLOG[1] (build-tree[5.5.931~1-0c51c]:main():build-tree.cc:143) For pdf-id 68, low count 58
VLOG[1] (build-tree[5.5.931~1-0c51c]:main():build-tree.cc:143) For pdf-id 69, low count 42
VLOG[1] (build-tree[5.5.931~1-0c51c]:main():build-tree.cc:143) For pdf-id 71, low count 62
VLOG[1] (build-tree[5.5.931~1-0c51c]:main():build-tree.cc:143) For pdf-id 73, low count 95
VLOG[1] (build-tree[5.5.931~1-0c51c]:main():build-tree.cc:143) For pdf-id 81, low count 17
VLOG[1] (build-tree[5.5.931~1-0c51c]:main():build-tree.cc:143) For pdf-id 85, low count 83
VLOG[1] (build-tree[5.5.931~1-0c51c]:main():build-tree.cc:143) For pdf-id 87, low count 82
VLOG[1] (build-tree[5.5.931~1-0c51c]:main():build-tree.cc:143) For pdf-id 91, low count 45
VLOG[1] (build-tree[5.5.931~1-0c51c]:main():build-tree.cc:143) For pdf-id 96, low count 54
VLOG[1] (build-tree[5.5.931~1-0c51c]:main():build-tree.cc:143) For pdf-id 108, low count 96
VLOG[1] (build-tree[5.5.931~1-0c51c]:main():build-tree.cc:143) For pdf-id 109, low count 94
VLOG[1] (build-tree[5.5.931~1-0c51c]:main():build-tree.cc:143) For pdf-id 111, low count 78
VLOG[1] (build-tree[5.5.931~1-0c51c]:main():build-tree.cc:143) For pdf-id 116, low count 40
VLOG[1] (build-tree[5.5.931~1-0c51c]:main():build-tree.cc:143) For pdf-id 117, low count 74
VLOG[1] (build-tree[5.5.931~1-0c51c]:main():build-tree.cc:143) For pdf-id 120, low count 90
VLOG[1] (build-tree[5.5.931~1-0c51c]:main():build-tree.cc:143) For pdf-id 127, low count 86
VLOG[1] (build-tree[5.5.931~1-0c51c]:main():build-tree.cc:143) For pdf-id 132, low count 73
VLOG[1] (build-tree[5.5.931~1-0c51c]:main():build-tree.cc:143) For pdf-id 134, low count 45
VLOG[1] (build-tree[5.5.931~1-0c51c]:main():build-tree.cc:143) For pdf-id 139, low count 64
VLOG[1] (build-tree[5.5.931~1-0c51c]:main():build-tree.cc:143) For pdf-id 141, low count 41
VLOG[1] (build-tree[5.5.931~1-0c51c]:main():build-tree.cc:143) For pdf-id 142, low count 60
VLOG[1] (build-tree[5.5.931~1-0c51c]:main():build-tree.cc:143) For pdf-id 152, low count 53
VLOG[1] (build-tree[5.5.931~1-0c51c]:main():build-tree.cc:143) For pdf-id 153, low count 91
VLOG[1] (build-tree[5.5.931~1-0c51c]:main():build-tree.cc:143) For pdf-id 154, low count 60
VLOG[1] (build-tree[5.5.931~1-0c51c]:main():build-tree.cc:143) For pdf-id 161, low count 91
VLOG[1] (build-tree[5.5.931~1-0c51c]:main():build-tree.cc:143) For pdf-id 166, low count 90
VLOG[1] (build-tree[5.5.931~1-0c51c]:main():build-tree.cc:143) For pdf-id 169, low count 90
VLOG[1] (build-tree[5.5.931~1-0c51c]:main():build-tree.cc:143) For pdf-id 175, low count 89
VLOG[1] (build-tree[5.5.931~1-0c51c]:main():build-tree.cc:143) For pdf-id 181, low count 72
VLOG[1] (build-tree[5.5.931~1-0c51c]:main():build-tree.cc:143) For pdf-id 184, low count 46
VLOG[1] (build-tree[5.5.931~1-0c51c]:main():build-tree.cc:143) For pdf-id 186, low count 52
VLOG[1] (build-tree[5.5.931~1-0c51c]:main():build-tree.cc:143) For pdf-id 187, low count 61
VLOG[1] (build-tree[5.5.931~1-0c51c]:main():build-tree.cc:143) For pdf-id 188, low count 36
VLOG[1] (build-tree[5.5.931~1-0c51c]:main():build-tree.cc:143) For pdf-id 191, low count 88
VLOG[1] (build-tree[5.5.931~1-0c51c]:main():build-tree.cc:143) For pdf-id 196, low count 75
VLOG[1] (build-tree[5.5.931~1-0c51c]:main():build-tree.cc:143) For pdf-id 198, low count 67
VLOG[1] (build-tree[5.5.931~1-0c51c]:main():build-tree.cc:143) For pdf-id 204, low count 24
VLOG[1] (build-tree[5.5.931~1-0c51c]:main():build-tree.cc:143) For pdf-id 205, low count 52
VLOG[1] (build-tree[5.5.931~1-0c51c]:main():build-tree.cc:143) For pdf-id 216, low count 56
VLOG[1] (build-tree[5.5.931~1-0c51c]:main():build-tree.cc:143) For pdf-id 223, low count 37
VLOG[1] (build-tree[5.5.931~1-0c51c]:main():build-tree.cc:143) For pdf-id 224, low count 89
VLOG[1] (build-tree[5.5.931~1-0c51c]:main():build-tree.cc:143) For pdf-id 229, low count 70
VLOG[1] (build-tree[5.5.931~1-0c51c]:main():build-tree.cc:143) For pdf-id 232, low count 44
VLOG[1] (build-tree[5.5.931~1-0c51c]:main():build-tree.cc:143) For pdf-id 240, low count 50
VLOG[1] (build-tree[5.5.931~1-0c51c]:main():build-tree.cc:143) For pdf-id 242, low count 23
VLOG[1] (build-tree[5.5.931~1-0c51c]:main():build-tree.cc:143) For pdf-id 244, low count 38
VLOG[1] (build-tree[5.5.931~1-0c51c]:main():build-tree.cc:143) For pdf-id 249, low count 96
VLOG[1] (build-tree[5.5.931~1-0c51c]:main():build-tree.cc:143) For pdf-id 258, low count 30
VLOG[1] (build-tree[5.5.931~1-0c51c]:main():build-tree.cc:143) For pdf-id 261, low count 79
VLOG[1] (build-tree[5.5.931~1-0c51c]:main():build-tree.cc:143) For pdf-id 262, low count 30
VLOG[1] (build-tree[5.5.931~1-0c51c]:main():build-tree.cc:143) For pdf-id 264, low count 67
VLOG[1] (build-tree[5.5.931~1-0c51c]:main():build-tree.cc:143) For pdf-id 269, low count 75
VLOG[1] (build-tree[5.5.931~1-0c51c]:main():build-tree.cc:143) For pdf-id 272, low count 63
VLOG[1] (build-tree[5.5.931~1-0c51c]:main():build-tree.cc:143) For pdf-id 274, low count 88
VLOG[1] (build-tree[5.5.931~1-0c51c]:main():build-tree.cc:143) For pdf-id 275, low count 26
VLOG[1] (build-tree[5.5.931~1-0c51c]:main():build-tree.cc:143) For pdf-id 280, low count 59
VLOG[1] (build-tree[5.5.931~1-0c51c]:main():build-tree.cc:143) For pdf-id 281, low count 91
VLOG[1] (build-tree[5.5.931~1-0c51c]:main():build-tree.cc:143) For pdf-id 287, low count 67
VLOG[1] (build-tree[5.5.931~1-0c51c]:main():build-tree.cc:143) For pdf-id 295, low count 78
VLOG[1] (build-tree[5.5.931~1-0c51c]:main():build-tree.cc:143) For pdf-id 296, low count 57
VLOG[1] (build-tree[5.5.931~1-0c51c]:main():build-tree.cc:143) For pdf-id 298, low count 96
VLOG[1] (build-tree[5.5.931~1-0c51c]:main():build-tree.cc:143) For pdf-id 302, low count 66
VLOG[1] (build-tree[5.5.931~1-0c51c]:main():build-tree.cc:143) For pdf-id 306, low count 91
VLOG[1] (build-tree[5.5.931~1-0c51c]:main():build-tree.cc:143) For pdf-id 312, low count 93
VLOG[1] (build-tree[5.5.931~1-0c51c]:main():build-tree.cc:143) For pdf-id 321, low count 50
VLOG[1] (build-tree[5.5.931~1-0c51c]:main():build-tree.cc:143) For pdf-id 326, low count 50
VLOG[1] (build-tree[5.5.931~1-0c51c]:main():build-tree.cc:143) For pdf-id 330, low count 90
VLOG[1] (build-tree[5.5.931~1-0c51c]:main():build-tree.cc:143) For pdf-id 332, low count 34
VLOG[1] (build-tree[5.5.931~1-0c51c]:main():build-tree.cc:143) For pdf-id 339, low count 85
VLOG[1] (build-tree[5.5.931~1-0c51c]:main():build-tree.cc:143) For pdf-id 340, low count 27
VLOG[1] (build-tree[5.5.931~1-0c51c]:main():build-tree.cc:143) For pdf-id 351, low count 30
VLOG[1] (build-tree[5.5.931~1-0c51c]:main():build-tree.cc:143) For pdf-id 368, low count 71
VLOG[1] (build-tree[5.5.931~1-0c51c]:main():build-tree.cc:143) For pdf-id 375, low count 76
VLOG[1] (build-tree[5.5.931~1-0c51c]:main():build-tree.cc:143) For pdf-id 379, low count 68
VLOG[1] (build-tree[5.5.931~1-0c51c]:main():build-tree.cc:143) For pdf-id 397, low count 76
VLOG[1] (build-tree[5.5.931~1-0c51c]:main():build-tree.cc:143) For pdf-id 399, low count 70
VLOG[1] (build-tree[5.5.931~1-0c51c]:main():build-tree.cc:143) For pdf-id 402, low count 44
VLOG[1] (build-tree[5.5.931~1-0c51c]:main():build-tree.cc:143) For pdf-id 404, low count 24
VLOG[1] (build-tree[5.5.931~1-0c51c]:main():build-tree.cc:143) For pdf-id 409, low count 81
VLOG[1] (build-tree[5.5.931~1-0c51c]:main():build-tree.cc:143) For pdf-id 411, low count 49
VLOG[1] (build-tree[5.5.931~1-0c51c]:main():build-tree.cc:143) For pdf-id 412, low count 63
VLOG[1] (build-tree[5.5.931~1-0c51c]:main():build-tree.cc:143) For pdf-id 416, low count 71
VLOG[1] (build-tree[5.5.931~1-0c51c]:main():build-tree.cc:143) For pdf-id 420, low count 49
VLOG[1] (build-tree[5.5.931~1-0c51c]:main():build-tree.cc:143) For pdf-id 427, low count 72
VLOG[1] (build-tree[5.5.931~1-0c51c]:main():build-tree.cc:143) For pdf-id 428, low count 36
VLOG[1] (build-tree[5.5.931~1-0c51c]:main():build-tree.cc:143) For pdf-id 432, low count 67
VLOG[1] (build-tree[5.5.931~1-0c51c]:main():build-tree.cc:143) For pdf-id 439, low count 59
VLOG[1] (build-tree[5.5.931~1-0c51c]:main():build-tree.cc:143) For pdf-id 452, low count 43
VLOG[1] (build-tree[5.5.931~1-0c51c]:main():build-tree.cc:143) For pdf-id 454, low count 87
VLOG[1] (build-tree[5.5.931~1-0c51c]:main():build-tree.cc:143) For pdf-id 471, low count 24
VLOG[1] (build-tree[5.5.931~1-0c51c]:main():build-tree.cc:143) For pdf-id 474, low count 94
VLOG[1] (build-tree[5.5.931~1-0c51c]:main():build-tree.cc:143) For pdf-id 475, low count 76
VLOG[1] (build-tree[5.5.931~1-0c51c]:main():build-tree.cc:143) For pdf-id 482, low count 80
VLOG[1] (build-tree[5.5.931~1-0c51c]:main():build-tree.cc:143) For pdf-id 491, low count 16
VLOG[1] (build-tree[5.5.931~1-0c51c]:main():build-tree.cc:143) For pdf-id 492, low count 15
VLOG[1] (build-tree[5.5.931~1-0c51c]:main():build-tree.cc:143) For pdf-id 494, low count 71
VLOG[1] (build-tree[5.5.931~1-0c51c]:main():build-tree.cc:143) For pdf-id 495, low count 24
WARNING (build-tree[5.5.931~1-0c51c]:main():build-tree.cc:185) Saw no stats for following phones: 2 3 4 5 6 7 8 9 11 12 13 14 15 16 18 20 22 24 26 27 28 29 30 31 32 34 38 40 42 43 44 45 46 52 54 56 58 59 60 61 62 64 66 68 70 72 74 75 76 77 78 79 80 81 82 86 87 88 89 90 91 92 93 94 96 98 103 106 108 110 114 118 122 123 124 125 126 128 130 132 135 136 138 139 140 141 142 147 150 151 152 153 154 155 156 157 158 159 160 162 167 168 170 174 176 178 180 181 182 183 184 185 186 190 192 194 196 198 199 200 201 202 203 206 210 211 212 214 218 222 226 230 234 235 238 239 240 241 242 243 246 253 254 255 256 257 258 259 260 261 262 263 264 266 267 268 269 270 274 278 282 286 290 294 295 296 297 298 299 300 301 302 303 304 306 307 308 310 311 312 313 314 315 316 318 319 322 323 324 326 330 332 334 336 338 342 343 344 346 
LOG (build-tree[5.5.931~1-0c51c]:main():build-tree.cc:189) Wrote tree
# Accounting: time=1 threads=1
# Ended (code 0) at Sun Jul  4 03:10:30 CEST 2021, elapsed time 1 seconds
