# gmm-est --mix-up=5600 --power=0.25 --write-occs=exp/tri1/12.occs exp/tri1/11.mdl "gmm-sum-accs - exp/tri1/11.*.acc |" exp/tri1/12.mdl 
# Started at Sun Jul  4 03:10:48 CEST 2021
#
gmm-est --mix-up=5600 --power=0.25 --write-occs=exp/tri1/12.occs exp/tri1/11.mdl 'gmm-sum-accs - exp/tri1/11.*.acc |' exp/tri1/12.mdl 
gmm-sum-accs - exp/tri1/11.1.acc 
LOG (gmm-sum-accs[5.5.931~1-0c51c]:main():gmm-sum-accs.cc:63) Summed 1 stats, total count 169848, avg like/frame -83.4926
LOG (gmm-sum-accs[5.5.931~1-0c51c]:main():gmm-sum-accs.cc:66) Total count of stats is 169848
LOG (gmm-sum-accs[5.5.931~1-0c51c]:main():gmm-sum-accs.cc:67) Written stats to -
LOG (gmm-est[5.5.931~1-0c51c]:MleUpdate():transition-model.cc:528) TransitionModel::Update, objf change is 0 per frame over 169848 frames. 
LOG (gmm-est[5.5.931~1-0c51c]:MleUpdate():transition-model.cc:531) 84 probabilities floored, 3147 out of 4240 transition-states skipped due to insuffient data (it is normal to have some skipped.)
LOG (gmm-est[5.5.931~1-0c51c]:main():gmm-est.cc:102) Transition model update: Overall 0 log-like improvement per frame over 169848 frames.
WARNING (gmm-est[5.5.931~1-0c51c]:MleDiagGmmUpdate():mle-diag-gmm.cc:365) Gaussian has too little data but not removing it because it is the last Gaussian: i = 0, occ = 9, weight = 1
WARNING (gmm-est[5.5.931~1-0c51c]:MleDiagGmmUpdate():mle-diag-gmm.cc:359) Too little data - removing Gaussian (weight 0.028562, occupation count 8.939794, vector size 39)
WARNING (gmm-est[5.5.931~1-0c51c]:MleDiagGmmUpdate():mle-diag-gmm.cc:359) Too little data - removing Gaussian (weight 0.133296, occupation count 9.997202, vector size 39)
WARNING (gmm-est[5.5.931~1-0c51c]:MleDiagGmmUpdate():mle-diag-gmm.cc:359) Too little data - removing Gaussian (weight 0.035792, occupation count 9.091058, vector size 39)
WARNING (gmm-est[5.5.931~1-0c51c]:MleDiagGmmUpdate():mle-diag-gmm.cc:359) Too little data - removing Gaussian (weight 0.030311, occupation count 9.941888, vector size 39)
WARNING (gmm-est[5.5.931~1-0c51c]:MleDiagGmmUpdate():mle-diag-gmm.cc:359) Too little data - removing Gaussian (weight 0.066199, occupation count 9.598824, vector size 39)
WARNING (gmm-est[5.5.931~1-0c51c]:MleDiagGmmUpdate():mle-diag-gmm.cc:359) Too little data - removing Gaussian (weight 0.033766, occupation count 9.285632, vector size 39)
WARNING (gmm-est[5.5.931~1-0c51c]:MleDiagGmmUpdate():mle-diag-gmm.cc:359) Too little data - removing Gaussian (weight 0.056985, occupation count 9.060588, vector size 39)
WARNING (gmm-est[5.5.931~1-0c51c]:MleDiagGmmUpdate():mle-diag-gmm.cc:359) Too little data - removing Gaussian (weight 0.038337, occupation count 9.162549, vector size 39)
WARNING (gmm-est[5.5.931~1-0c51c]:MleDiagGmmUpdate():mle-diag-gmm.cc:359) Too little data - removing Gaussian (weight 0.032752, occupation count 9.923891, vector size 39)
LOG (gmm-est[5.5.931~1-0c51c]:MleAmDiagGmmUpdate():mle-am-diag-gmm.cc:225) 0 variance elements floored in 0 Gaussians, out of 5266
LOG (gmm-est[5.5.931~1-0c51c]:MleAmDiagGmmUpdate():mle-am-diag-gmm.cc:229) Removed 9 Gaussians due to counts < --min-gaussian-occupancy=10 and --remove-low-count-gaussians=true
LOG (gmm-est[5.5.931~1-0c51c]:main():gmm-est.cc:113) GMM update: Overall 0.179104 objective function improvement per frame over 169848 frames
LOG (gmm-est[5.5.931~1-0c51c]:main():gmm-est.cc:116) GMM update: Overall avg like per frame = -83.4926 over 169848 frames.
LOG (gmm-est[5.5.931~1-0c51c]:SplitByCount():am-diag-gmm.cc:116) Split 496 states with target = 5600, power = 0.25, perturb_factor = 0.01 and min_count = 20, split #Gauss from 5266 to 5631
LOG (gmm-est[5.5.931~1-0c51c]:main():gmm-est.cc:146) Written model to exp/tri1/12.mdl
# Accounting: time=0 threads=1
# Ended (code 0) at Sun Jul  4 03:10:48 CEST 2021, elapsed time 0 seconds
