# gmm-est --mix-up=8840 --power=0.25 --write-occs=exp/tri1/21.occs exp/tri1/20.mdl "gmm-sum-accs - exp/tri1/20.*.acc |" exp/tri1/21.mdl 
# Started at Tue Jul 13 13:20:46 CEST 2021
#
gmm-est --mix-up=8840 --power=0.25 --write-occs=exp/tri1/21.occs exp/tri1/20.mdl 'gmm-sum-accs - exp/tri1/20.*.acc |' exp/tri1/21.mdl 
gmm-sum-accs - exp/tri1/20.1.acc 
LOG (gmm-sum-accs[5.5.925~1-ded7b]:main():gmm-sum-accs.cc:63) Summed 1 stats, total count 169848, avg like/frame -81.2942
LOG (gmm-sum-accs[5.5.925~1-ded7b]:main():gmm-sum-accs.cc:66) Total count of stats is 169848
LOG (gmm-sum-accs[5.5.925~1-ded7b]:main():gmm-sum-accs.cc:67) Written stats to -
LOG (gmm-est[5.5.925~1-ded7b]:MleUpdate():transition-model.cc:528) TransitionModel::Update, objf change is 0.000123994 per frame over 169848 frames. 
LOG (gmm-est[5.5.925~1-ded7b]:MleUpdate():transition-model.cc:531) 84 probabilities floored, 3146 out of 4240 transition-states skipped due to insuffient data (it is normal to have some skipped.)
LOG (gmm-est[5.5.925~1-ded7b]:main():gmm-est.cc:102) Transition model update: Overall 0.000123994 log-like improvement per frame over 169848 frames.
WARNING (gmm-est[5.5.925~1-ded7b]:MleDiagGmmUpdate():mle-diag-gmm.cc:365) Gaussian has too little data but not removing it because it is the last Gaussian: i = 0, occ = 9, weight = 1
WARNING (gmm-est[5.5.925~1-ded7b]:MleDiagGmmUpdate():mle-diag-gmm.cc:359) Too little data - removing Gaussian (weight 0.000894, occupation count 9.294843, vector size 39)
WARNING (gmm-est[5.5.925~1-ded7b]:MleDiagGmmUpdate():mle-diag-gmm.cc:359) Too little data - removing Gaussian (weight 0.000721, occupation count 7.498280, vector size 39)
WARNING (gmm-est[5.5.925~1-ded7b]:MleDiagGmmUpdate():mle-diag-gmm.cc:359) Too little data - removing Gaussian (weight 0.000931, occupation count 9.681534, vector size 39)
WARNING (gmm-est[5.5.925~1-ded7b]:MleDiagGmmUpdate():mle-diag-gmm.cc:359) Too little data - removing Gaussian (weight 0.002672, occupation count 9.950227, vector size 39)
WARNING (gmm-est[5.5.925~1-ded7b]:MleDiagGmmUpdate():mle-diag-gmm.cc:359) Too little data - removing Gaussian (weight 0.023399, occupation count 9.102295, vector size 39)
WARNING (gmm-est[5.5.925~1-ded7b]:MleDiagGmmUpdate():mle-diag-gmm.cc:359) Too little data - removing Gaussian (weight 0.054935, occupation count 9.998243, vector size 39)
LOG (gmm-est[5.5.925~1-ded7b]:MleAmDiagGmmUpdate():mle-am-diag-gmm.cc:225) 0 variance elements floored in 0 Gaussians, out of 8263
LOG (gmm-est[5.5.925~1-ded7b]:MleAmDiagGmmUpdate():mle-am-diag-gmm.cc:229) Removed 6 Gaussians due to counts < --min-gaussian-occupancy=10 and --remove-low-count-gaussians=true
LOG (gmm-est[5.5.925~1-ded7b]:main():gmm-est.cc:113) GMM update: Overall 0.157872 objective function improvement per frame over 169848 frames
LOG (gmm-est[5.5.925~1-ded7b]:main():gmm-est.cc:116) GMM update: Overall avg like per frame = -81.2942 over 169848 frames.
WARNING (gmm-est[5.5.925~1-ded7b]:GetSplitTargets():model-common.cc:134) Could not split up to 8840 due to min-count = 20 (or no counts at all)

LOG (gmm-est[5.5.925~1-ded7b]:SplitByCount():am-diag-gmm.cc:116) Split 496 states with target = 8840, power = 0.25, perturb_factor = 0.01 and min_count = 20, split #Gauss from 8263 to 8300
LOG (gmm-est[5.5.925~1-ded7b]:main():gmm-est.cc:146) Written model to exp/tri1/21.mdl
# Accounting: time=0 threads=1
# Ended (code 0) at Tue Jul 13 13:20:46 CEST 2021, elapsed time 0 seconds
