# gmm-est --mix-up=2720 --power=0.25 --write-occs=exp/tri1/4.occs exp/tri1/3.mdl "gmm-sum-accs - exp/tri1/3.*.acc |" exp/tri1/4.mdl 
# Started at Tue Jul 13 13:19:20 CEST 2021
#
gmm-est --mix-up=2720 --power=0.25 --write-occs=exp/tri1/4.occs exp/tri1/3.mdl 'gmm-sum-accs - exp/tri1/3.*.acc |' exp/tri1/4.mdl 
gmm-sum-accs - exp/tri1/3.1.acc 
LOG (gmm-sum-accs[5.5.925~1-ded7b]:main():gmm-sum-accs.cc:63) Summed 1 stats, total count 170652, avg like/frame -89.1038
LOG (gmm-sum-accs[5.5.925~1-ded7b]:main():gmm-sum-accs.cc:66) Total count of stats is 170652
LOG (gmm-sum-accs[5.5.925~1-ded7b]:main():gmm-sum-accs.cc:67) Written stats to -
LOG (gmm-est[5.5.925~1-ded7b]:MleUpdate():transition-model.cc:528) TransitionModel::Update, objf change is 0 per frame over 170652 frames. 
LOG (gmm-est[5.5.925~1-ded7b]:MleUpdate():transition-model.cc:531) 40 probabilities floored, 3144 out of 4240 transition-states skipped due to insuffient data (it is normal to have some skipped.)
LOG (gmm-est[5.5.925~1-ded7b]:main():gmm-est.cc:102) Transition model update: Overall 0 log-like improvement per frame over 170652 frames.
WARNING (gmm-est[5.5.925~1-ded7b]:MleDiagGmmUpdate():mle-diag-gmm.cc:365) Gaussian has too little data but not removing it because it is the last Gaussian: i = 0, occ = 6, weight = 1
WARNING (gmm-est[5.5.925~1-ded7b]:MleDiagGmmUpdate():mle-diag-gmm.cc:359) Too little data - removing Gaussian (weight 0.069386, occupation count 5.759060, vector size 39)
WARNING (gmm-est[5.5.925~1-ded7b]:MleDiagGmmUpdate():mle-diag-gmm.cc:359) Too little data - removing Gaussian (weight 0.084804, occupation count 7.293136, vector size 39)
WARNING (gmm-est[5.5.925~1-ded7b]:MleDiagGmmUpdate():mle-diag-gmm.cc:359) Too little data - removing Gaussian (weight 0.098403, occupation count 8.856291, vector size 39)
WARNING (gmm-est[5.5.925~1-ded7b]:MleDiagGmmUpdate():mle-diag-gmm.cc:359) Too little data - removing Gaussian (weight 0.103417, occupation count 9.204125, vector size 39)
WARNING (gmm-est[5.5.925~1-ded7b]:MleDiagGmmUpdate():mle-diag-gmm.cc:359) Too little data - removing Gaussian (weight 0.095770, occupation count 8.523498, vector size 39)
WARNING (gmm-est[5.5.925~1-ded7b]:MleDiagGmmUpdate():mle-diag-gmm.cc:359) Too little data - removing Gaussian (weight 0.093170, occupation count 8.292167, vector size 39)
WARNING (gmm-est[5.5.925~1-ded7b]:MleDiagGmmUpdate():mle-diag-gmm.cc:359) Too little data - removing Gaussian (weight 0.067296, occupation count 9.286806, vector size 39)
WARNING (gmm-est[5.5.925~1-ded7b]:MleDiagGmmUpdate():mle-diag-gmm.cc:359) Too little data - removing Gaussian (weight 0.090331, occupation count 8.671809, vector size 39)
WARNING (gmm-est[5.5.925~1-ded7b]:MleDiagGmmUpdate():mle-diag-gmm.cc:359) Too little data - removing Gaussian (weight 0.095671, occupation count 9.184443, vector size 39)
WARNING (gmm-est[5.5.925~1-ded7b]:MleDiagGmmUpdate():mle-diag-gmm.cc:359) Too little data - removing Gaussian (weight 0.069505, occupation count 7.019992, vector size 39)
WARNING (gmm-est[5.5.925~1-ded7b]:MleDiagGmmUpdate():mle-diag-gmm.cc:359) Too little data - removing Gaussian (weight 0.133046, occupation count 8.381927, vector size 39)
WARNING (gmm-est[5.5.925~1-ded7b]:MleDiagGmmUpdate():mle-diag-gmm.cc:359) Too little data - removing Gaussian (weight 0.077611, occupation count 8.071497, vector size 39)
WARNING (gmm-est[5.5.925~1-ded7b]:MleDiagGmmUpdate():mle-diag-gmm.cc:359) Too little data - removing Gaussian (weight 0.115542, occupation count 8.781187, vector size 39)
WARNING (gmm-est[5.5.925~1-ded7b]:MleDiagGmmUpdate():mle-diag-gmm.cc:359) Too little data - removing Gaussian (weight 0.081302, occupation count 5.772476, vector size 39)
WARNING (gmm-est[5.5.925~1-ded7b]:MleDiagGmmUpdate():mle-diag-gmm.cc:359) Too little data - removing Gaussian (weight 0.028278, occupation count 5.401053, vector size 39)
LOG (gmm-est[5.5.925~1-ded7b]:MleAmDiagGmmUpdate():mle-am-diag-gmm.cc:225) 0 variance elements floored in 0 Gaussians, out of 2345
LOG (gmm-est[5.5.925~1-ded7b]:MleAmDiagGmmUpdate():mle-am-diag-gmm.cc:229) Removed 15 Gaussians due to counts < --min-gaussian-occupancy=10 and --remove-low-count-gaussians=true
LOG (gmm-est[5.5.925~1-ded7b]:main():gmm-est.cc:113) GMM update: Overall 1.32774 objective function improvement per frame over 170652 frames
LOG (gmm-est[5.5.925~1-ded7b]:main():gmm-est.cc:116) GMM update: Overall avg like per frame = -89.1038 over 170652 frames.
LOG (gmm-est[5.5.925~1-ded7b]:SplitByCount():am-diag-gmm.cc:116) Split 496 states with target = 2720, power = 0.25, perturb_factor = 0.01 and min_count = 20, split #Gauss from 2345 to 2720
LOG (gmm-est[5.5.925~1-ded7b]:main():gmm-est.cc:146) Written model to exp/tri1/4.mdl
# Accounting: time=0 threads=1
# Ended (code 0) at Tue Jul 13 13:19:20 CEST 2021, elapsed time 0 seconds
