# gmm-est --mix-up=3440 --power=0.25 --write-occs=exp/tri1/6.occs exp/tri1/5.mdl "gmm-sum-accs - exp/tri1/5.*.acc |" exp/tri1/6.mdl 
# Started at Sun Jul  4 03:10:38 CEST 2021
#
gmm-est --mix-up=3440 --power=0.25 --write-occs=exp/tri1/6.occs exp/tri1/5.mdl 'gmm-sum-accs - exp/tri1/5.*.acc |' exp/tri1/6.mdl 
gmm-sum-accs - exp/tri1/5.1.acc 
LOG (gmm-sum-accs[5.5.931~1-0c51c]:main():gmm-sum-accs.cc:63) Summed 1 stats, total count 170652, avg like/frame -86.0973
LOG (gmm-sum-accs[5.5.931~1-0c51c]:main():gmm-sum-accs.cc:66) Total count of stats is 170652
LOG (gmm-sum-accs[5.5.931~1-0c51c]:main():gmm-sum-accs.cc:67) Written stats to -
LOG (gmm-est[5.5.931~1-0c51c]:MleUpdate():transition-model.cc:528) TransitionModel::Update, objf change is 0 per frame over 170652 frames. 
LOG (gmm-est[5.5.931~1-0c51c]:MleUpdate():transition-model.cc:531) 40 probabilities floored, 3144 out of 4240 transition-states skipped due to insuffient data (it is normal to have some skipped.)
LOG (gmm-est[5.5.931~1-0c51c]:main():gmm-est.cc:102) Transition model update: Overall 0 log-like improvement per frame over 170652 frames.
WARNING (gmm-est[5.5.931~1-0c51c]:MleDiagGmmUpdate():mle-diag-gmm.cc:365) Gaussian has too little data but not removing it because it is the last Gaussian: i = 0, occ = 6, weight = 1
WARNING (gmm-est[5.5.931~1-0c51c]:MleDiagGmmUpdate():mle-diag-gmm.cc:359) Too little data - removing Gaussian (weight 0.092009, occupation count 8.648825, vector size 39)
WARNING (gmm-est[5.5.931~1-0c51c]:MleDiagGmmUpdate():mle-diag-gmm.cc:359) Too little data - removing Gaussian (weight 0.066884, occupation count 9.029280, vector size 39)
LOG (gmm-est[5.5.931~1-0c51c]:MleAmDiagGmmUpdate():mle-am-diag-gmm.cc:225) 0 variance elements floored in 0 Gaussians, out of 3078
LOG (gmm-est[5.5.931~1-0c51c]:MleAmDiagGmmUpdate():mle-am-diag-gmm.cc:229) Removed 2 Gaussians due to counts < --min-gaussian-occupancy=10 and --remove-low-count-gaussians=true
LOG (gmm-est[5.5.931~1-0c51c]:main():gmm-est.cc:113) GMM update: Overall 0.316406 objective function improvement per frame over 170652 frames
LOG (gmm-est[5.5.931~1-0c51c]:main():gmm-est.cc:116) GMM update: Overall avg like per frame = -86.0973 over 170652 frames.
LOG (gmm-est[5.5.931~1-0c51c]:SplitByCount():am-diag-gmm.cc:116) Split 496 states with target = 3440, power = 0.25, perturb_factor = 0.01 and min_count = 20, split #Gauss from 3078 to 3440
LOG (gmm-est[5.5.931~1-0c51c]:main():gmm-est.cc:146) Written model to exp/tri1/6.mdl
# Accounting: time=0 threads=1
# Ended (code 0) at Sun Jul  4 03:10:38 CEST 2021, elapsed time 0 seconds
