# gmm-est --mix-up=5960 --power=0.25 --write-occs=exp/tri1/13.occs exp/tri1/12.mdl "gmm-sum-accs - exp/tri1/12.*.acc |" exp/tri1/13.mdl 
# Started at Tue Jul 13 13:19:34 CEST 2021
#
gmm-est --mix-up=5960 --power=0.25 --write-occs=exp/tri1/13.occs exp/tri1/12.mdl 'gmm-sum-accs - exp/tri1/12.*.acc |' exp/tri1/13.mdl 
gmm-sum-accs - exp/tri1/12.1.acc 
LOG (gmm-sum-accs[5.5.925~1-ded7b]:main():gmm-sum-accs.cc:63) Summed 1 stats, total count 169848, avg like/frame -83.1947
LOG (gmm-sum-accs[5.5.925~1-ded7b]:main():gmm-sum-accs.cc:66) Total count of stats is 169848
LOG (gmm-sum-accs[5.5.925~1-ded7b]:main():gmm-sum-accs.cc:67) Written stats to -
LOG (gmm-est[5.5.925~1-ded7b]:MleUpdate():transition-model.cc:528) TransitionModel::Update, objf change is 0 per frame over 169848 frames. 
LOG (gmm-est[5.5.925~1-ded7b]:MleUpdate():transition-model.cc:531) 84 probabilities floored, 3147 out of 4240 transition-states skipped due to insuffient data (it is normal to have some skipped.)
LOG (gmm-est[5.5.925~1-ded7b]:main():gmm-est.cc:102) Transition model update: Overall 0 log-like improvement per frame over 169848 frames.
WARNING (gmm-est[5.5.925~1-ded7b]:MleDiagGmmUpdate():mle-diag-gmm.cc:365) Gaussian has too little data but not removing it because it is the last Gaussian: i = 0, occ = 9, weight = 1
WARNING (gmm-est[5.5.925~1-ded7b]:MleDiagGmmUpdate():mle-diag-gmm.cc:359) Too little data - removing Gaussian (weight 0.156345, occupation count 9.693387, vector size 39)
WARNING (gmm-est[5.5.925~1-ded7b]:MleDiagGmmUpdate():mle-diag-gmm.cc:359) Too little data - removing Gaussian (weight 0.031650, occupation count 8.608722, vector size 39)
WARNING (gmm-est[5.5.925~1-ded7b]:MleDiagGmmUpdate():mle-diag-gmm.cc:359) Too little data - removing Gaussian (weight 0.036970, occupation count 9.168455, vector size 39)
WARNING (gmm-est[5.5.925~1-ded7b]:MleDiagGmmUpdate():mle-diag-gmm.cc:359) Too little data - removing Gaussian (weight 0.063016, occupation count 9.893550, vector size 39)
WARNING (gmm-est[5.5.925~1-ded7b]:MleDiagGmmUpdate():mle-diag-gmm.cc:359) Too little data - removing Gaussian (weight 0.047809, occupation count 9.514009, vector size 39)
WARNING (gmm-est[5.5.925~1-ded7b]:MleDiagGmmUpdate():mle-diag-gmm.cc:359) Too little data - removing Gaussian (weight 0.049019, occupation count 9.999846, vector size 39)
WARNING (gmm-est[5.5.925~1-ded7b]:MleDiagGmmUpdate():mle-diag-gmm.cc:359) Too little data - removing Gaussian (weight 0.035210, occupation count 9.119375, vector size 39)
WARNING (gmm-est[5.5.925~1-ded7b]:MleDiagGmmUpdate():mle-diag-gmm.cc:359) Too little data - removing Gaussian (weight 0.022282, occupation count 9.804270, vector size 39)
LOG (gmm-est[5.5.925~1-ded7b]:MleAmDiagGmmUpdate():mle-am-diag-gmm.cc:225) 0 variance elements floored in 0 Gaussians, out of 5623
LOG (gmm-est[5.5.925~1-ded7b]:MleAmDiagGmmUpdate():mle-am-diag-gmm.cc:229) Removed 8 Gaussians due to counts < --min-gaussian-occupancy=10 and --remove-low-count-gaussians=true
LOG (gmm-est[5.5.925~1-ded7b]:main():gmm-est.cc:113) GMM update: Overall 0.166151 objective function improvement per frame over 169848 frames
LOG (gmm-est[5.5.925~1-ded7b]:main():gmm-est.cc:116) GMM update: Overall avg like per frame = -83.1947 over 169848 frames.
LOG (gmm-est[5.5.925~1-ded7b]:SplitByCount():am-diag-gmm.cc:116) Split 496 states with target = 5960, power = 0.25, perturb_factor = 0.01 and min_count = 20, split #Gauss from 5623 to 5990
LOG (gmm-est[5.5.925~1-ded7b]:main():gmm-est.cc:146) Written model to exp/tri1/13.mdl
# Accounting: time=1 threads=1
# Ended (code 0) at Tue Jul 13 13:19:35 CEST 2021, elapsed time 1 seconds
