# gmm-est --write-occs=exp/mono/15.occs --mix-up=504 --power=0.25 exp/mono/14.mdl "gmm-sum-accs - exp/mono/14.*.acc|" exp/mono/15.mdl 
# Started at Tue Jun 29 16:35:00 CEST 2021
#
gmm-est --write-occs=exp/mono/15.occs --mix-up=504 --power=0.25 exp/mono/14.mdl 'gmm-sum-accs - exp/mono/14.*.acc|' exp/mono/15.mdl 
gmm-sum-accs - exp/mono/14.1.acc 
LOG (gmm-sum-accs[5.5.925~1-ded7b]:main():gmm-sum-accs.cc:63) Summed 1 stats, total count 171469, avg like/frame -88.5582
LOG (gmm-sum-accs[5.5.925~1-ded7b]:main():gmm-sum-accs.cc:66) Total count of stats is 171469
LOG (gmm-sum-accs[5.5.925~1-ded7b]:main():gmm-sum-accs.cc:67) Written stats to -
LOG (gmm-est[5.5.925~1-ded7b]:MleUpdate():transition-model.cc:528) TransitionModel::Update, objf change is 0.000930792 per frame over 171469 frames. 
LOG (gmm-est[5.5.925~1-ded7b]:MleUpdate():transition-model.cc:531) 30 probabilities floored, 654 out of 1058 transition-states skipped due to insuffient data (it is normal to have some skipped.)
LOG (gmm-est[5.5.925~1-ded7b]:main():gmm-est.cc:102) Transition model update: Overall 0.000930792 log-like improvement per frame over 171469 frames.
WARNING (gmm-est[5.5.925~1-ded7b]:MleDiagGmmUpdate():mle-diag-gmm.cc:365) Gaussian has too little data but not removing it because it is the last Gaussian: i = 0, occ = 2, weight = 1
WARNING (gmm-est[5.5.925~1-ded7b]:MleDiagGmmUpdate():mle-diag-gmm.cc:365) Gaussian has too little data but not removing it because it is the last Gaussian: i = 0, occ = 2, weight = 1
WARNING (gmm-est[5.5.925~1-ded7b]:MleDiagGmmUpdate():mle-diag-gmm.cc:365) Gaussian has too little data but not removing it because it is the last Gaussian: i = 0, occ = 2, weight = 1
LOG (gmm-est[5.5.925~1-ded7b]:MleAmDiagGmmUpdate():mle-am-diag-gmm.cc:225) 0 variance elements floored in 0 Gaussians, out of 475
LOG (gmm-est[5.5.925~1-ded7b]:MleAmDiagGmmUpdate():mle-am-diag-gmm.cc:229) Removed 0 Gaussians due to counts < --min-gaussian-occupancy=10 and --remove-low-count-gaussians=true
LOG (gmm-est[5.5.925~1-ded7b]:main():gmm-est.cc:113) GMM update: Overall 0.123219 objective function improvement per frame over 171469 frames
LOG (gmm-est[5.5.925~1-ded7b]:main():gmm-est.cc:116) GMM update: Overall avg like per frame = -88.5582 over 171469 frames.
LOG (gmm-est[5.5.925~1-ded7b]:SplitByCount():am-diag-gmm.cc:116) Split 127 states with target = 504, power = 0.25, perturb_factor = 0.01 and min_count = 20, split #Gauss from 475 to 504
LOG (gmm-est[5.5.925~1-ded7b]:main():gmm-est.cc:146) Written model to exp/mono/15.mdl
# Accounting: time=0 threads=1
# Ended (code 0) at Tue Jun 29 16:35:00 CEST 2021, elapsed time 0 seconds
