# gmm-est --write-occs=exp/mono/7.occs --mix-up=272 --power=0.25 exp/mono/6.mdl "gmm-sum-accs - exp/mono/6.*.acc|" exp/mono/7.mdl 
# Started at Tue Jun 29 16:34:37 CEST 2021
#
gmm-est --write-occs=exp/mono/7.occs --mix-up=272 --power=0.25 exp/mono/6.mdl 'gmm-sum-accs - exp/mono/6.*.acc|' exp/mono/7.mdl 
gmm-sum-accs - exp/mono/6.1.acc 
LOG (gmm-sum-accs[5.5.925~1-ded7b]:main():gmm-sum-accs.cc:63) Summed 1 stats, total count 173379, avg like/frame -91.5457
LOG (gmm-sum-accs[5.5.925~1-ded7b]:main():gmm-sum-accs.cc:66) Total count of stats is 173379
LOG (gmm-sum-accs[5.5.925~1-ded7b]:main():gmm-sum-accs.cc:67) Written stats to -
LOG (gmm-est[5.5.925~1-ded7b]:MleUpdate():transition-model.cc:528) TransitionModel::Update, objf change is 0.00332901 per frame over 173379 frames. 
LOG (gmm-est[5.5.925~1-ded7b]:MleUpdate():transition-model.cc:531) 27 probabilities floored, 647 out of 1058 transition-states skipped due to insuffient data (it is normal to have some skipped.)
LOG (gmm-est[5.5.925~1-ded7b]:main():gmm-est.cc:102) Transition model update: Overall 0.00332901 log-like improvement per frame over 173379 frames.
WARNING (gmm-est[5.5.925~1-ded7b]:MleDiagGmmUpdate():mle-diag-gmm.cc:365) Gaussian has too little data but not removing it because it is the last Gaussian: i = 0, occ = 9, weight = 1
WARNING (gmm-est[5.5.925~1-ded7b]:MleDiagGmmUpdate():mle-diag-gmm.cc:365) Gaussian has too little data but not removing it because it is the last Gaussian: i = 0, occ = 8, weight = 1
WARNING (gmm-est[5.5.925~1-ded7b]:MleDiagGmmUpdate():mle-diag-gmm.cc:365) Gaussian has too little data but not removing it because it is the last Gaussian: i = 0, occ = 5, weight = 1
LOG (gmm-est[5.5.925~1-ded7b]:MleAmDiagGmmUpdate():mle-am-diag-gmm.cc:225) 0 variance elements floored in 0 Gaussians, out of 243
LOG (gmm-est[5.5.925~1-ded7b]:MleAmDiagGmmUpdate():mle-am-diag-gmm.cc:229) Removed 0 Gaussians due to counts < --min-gaussian-occupancy=10 and --remove-low-count-gaussians=true
LOG (gmm-est[5.5.925~1-ded7b]:main():gmm-est.cc:113) GMM update: Overall 0.401494 objective function improvement per frame over 173379 frames
LOG (gmm-est[5.5.925~1-ded7b]:main():gmm-est.cc:116) GMM update: Overall avg like per frame = -91.5457 over 173379 frames.
LOG (gmm-est[5.5.925~1-ded7b]:SplitByCount():am-diag-gmm.cc:116) Split 127 states with target = 272, power = 0.25, perturb_factor = 0.01 and min_count = 20, split #Gauss from 243 to 272
LOG (gmm-est[5.5.925~1-ded7b]:main():gmm-est.cc:146) Written model to exp/mono/7.mdl
# Accounting: time=0 threads=1
# Ended (code 0) at Tue Jun 29 16:34:37 CEST 2021, elapsed time 0 seconds
